Log file open, 07/19/22 15:37:58
LogWindows: Failed to load 'aqProf.dll' (GetLastError=126)
LogWindows: File 'aqProf.dll' does not exist
LogWindows: Failed to load 'VtuneApi.dll' (GetLastError=126)
LogWindows: File 'VtuneApi.dll' does not exist
LogWindows: Failed to load 'VtuneApi32e.dll' (GetLastError=126)
LogWindows: File 'VtuneApi32e.dll' does not exist
LogConsoleResponse: Display: Failed to find resolution value strings in scalability ini. Falling back to default.
LogConsoleResponse: Display: Failed to find resolution value strings in scalability ini. Falling back to default.
LogInit: Display: Running engine for game: ProjectRun
LogPlatformFile: Not using cached read wrapper
LogTaskGraph: Started task graph with 5 named threads and 59 total threads with 3 sets of task threads.
LogStats: Stats thread started at 0.197562
LogICUInternationalization: ICU TimeZone Detection - Raw Offset: +9:00, Platform Override: ''
LogInit: Display: Loading text-based GConfig....
LogPluginManager: Mounting plugin MeshPainting
LogPluginManager: Mounting plugin XGEController
LogPluginManager: Mounting plugin Paper2D
LogPluginManager: Mounting plugin AISupport
LogPluginManager: Mounting plugin EnvironmentQueryEditor
LogPluginManager: Mounting plugin LiveLink
LogPluginManager: Mounting plugin CameraShakePreviewer
LogPluginManager: Mounting plugin OodleData
LogPluginManager: Mounting plugin OodleNetwork
LogPluginManager: Mounting plugin GameplayCameras
LogPluginManager: Mounting plugin LightPropagationVolume
LogPluginManager: Mounting plugin CLionSourceCodeAccess
LogPluginManager: Mounting plugin CodeLiteSourceCodeAccess
LogPluginManager: Mounting plugin GitSourceControl
LogPluginManager: Mounting plugin KDevelopSourceCodeAccess
LogPluginManager: Mounting plugin AnimationSharing
LogPluginManager: Mounting plugin NullSourceCodeAccess
LogPluginManager: Mounting plugin PerforceSourceControl
LogPluginManager: Mounting plugin PixWinPlugin
LogPluginManager: Mounting plugin PluginUtils
LogPluginManager: Mounting plugin PlasticSourceControl
LogPluginManager: Mounting plugin PropertyAccessNode
LogPluginManager: Mounting plugin RiderSourceCodeAccess
LogPluginManager: Mounting plugin TextureFormatOodle
LogPluginManager: Mounting plugin SubversionSourceControl
LogPluginManager: Mounting plugin UObjectPlugin
LogPluginManager: Mounting plugin VisualStudioSourceCodeAccess
LogPluginManager: Mounting plugin AssetManagerEditor
LogPluginManager: Mounting plugin XCodeSourceCodeAccess
LogPluginManager: Mounting plugin CryptoKeys
LogPluginManager: Mounting plugin VisualStudioCodeSourceCodeAccess
LogPluginManager: Mounting plugin DataValidation
LogPluginManager: Mounting plugin CurveEditorTools
LogPluginManager: Mounting plugin GameplayTagsEditor
LogPluginManager: Mounting plugin GeometryMode
LogPluginManager: Mounting plugin MacGraphicsSwitching
LogPluginManager: Mounting plugin MaterialAnalyzer
LogPluginManager: Mounting plugin SpeedTreeImporter
LogPluginManager: Mounting plugin FacialAnimation
LogPluginManager: Mounting plugin PluginBrowser
LogPluginManager: Mounting plugin Niagara
LogPluginManager: Mounting plugin AlembicImporter
LogPluginManager: Mounting plugin AutomationUtils
LogPluginManager: Mounting plugin BackChannel
LogPluginManager: Mounting plugin ChaosClothEditor
LogPluginManager: Mounting plugin ChaosEditor
LogPluginManager: Mounting plugin MobileLauncherProfileWizard
LogPluginManager: Mounting plugin ChaosCloth
LogPluginManager: Mounting plugin ChaosNiagara
LogPluginManager: Mounting plugin ChaosSolverPlugin
LogPluginManager: Mounting plugin CharacterAI
LogPluginManager: Mounting plugin GeometryCollectionPlugin
LogPluginManager: Mounting plugin GeometryProcessing
LogPluginManager: Mounting plugin GeometryCache
LogPluginManager: Mounting plugin OpenImageDenoise
LogPluginManager: Mounting plugin PlanarCut
LogPluginManager: Mounting plugin PlatformCrypto
LogPluginManager: Mounting plugin ProxyLODPlugin
LogPluginManager: Mounting plugin PythonScriptPlugin
LogPluginManager: Mounting plugin MagicLeap
LogPluginManager: Mounting plugin SkeletalReduction
LogPluginManager: Mounting plugin MagicLeapMedia
LogPluginManager: Mounting plugin MotoSynth
LogPluginManager: Mounting plugin LuminPlatformFeatures
LogPluginManager: Mounting plugin MagicLeapLightEstimation
LogPluginManager: Mounting plugin MLSDK
LogPluginManager: Mounting plugin AndroidMedia
LogPluginManager: Mounting plugin AvfMedia
LogPluginManager: Mounting plugin MagicLeapPassableWorld
LogPluginManager: Mounting plugin ImgMedia
LogPluginManager: Mounting plugin MediaCompositing
LogPluginManager: Mounting plugin MediaPlayerEditor
LogPluginManager: Mounting plugin WebMMedia
LogPluginManager: Mounting plugin WmfMedia
LogPluginManager: Mounting plugin DatasmithContent
LogPluginManager: Mounting plugin VariantManagerContent
LogPluginManager: Mounting plugin TcpMessaging
LogPluginManager: Mounting plugin UdpMessaging
LogPluginManager: Mounting plugin ActorSequence
LogPluginManager: Mounting plugin LevelSequenceEditor
LogPluginManager: Mounting plugin MatineeToLevelSequence
LogPluginManager: Mounting plugin TemplateSequence
LogPluginManager: Mounting plugin OnlineSubsystem
LogPluginManager: Mounting plugin OnlineSubsystemNull
LogPluginManager: Mounting plugin OnlineSubsystemSteam
LogPluginManager: Mounting plugin OnlineSubsystemUtils
LogPluginManager: Mounting plugin ActorLayerUtilities
LogPluginManager: Mounting plugin AndroidPermission
LogPluginManager: Mounting plugin LauncherChunkInstaller
LogPluginManager: Mounting plugin AndroidMoviePlayer
LogPluginManager: Mounting plugin AndroidDeviceProfileSelector
LogPluginManager: Mounting plugin AppleImageUtils
LogPluginManager: Mounting plugin AppleMoviePlayer
LogPluginManager: Mounting plugin ArchVisCharacter
LogPluginManager: Mounting plugin AssetTags
LogPluginManager: Mounting plugin AudioCapture
LogPluginManager: Mounting plugin CableComponent
LogPluginManager: Mounting plugin CustomMeshComponent
LogPluginManager: Mounting plugin AudioSynesthesia
LogPluginManager: Mounting plugin ChunkDownloader
LogPluginManager: Mounting plugin GooglePAD
LogPluginManager: Mounting plugin IOSDeviceProfileSelector
LogPluginManager: Mounting plugin EditableMesh
LogPluginManager: Mounting plugin ExampleDeviceProfileSelector
LogPluginManager: Mounting plugin LinuxDeviceProfileSelector
LogPluginManager: Mounting plugin GoogleCloudMessaging
LogPluginManager: Mounting plugin ScreenshotTools
LogPluginManager: Mounting plugin LocationServicesBPLibrary
LogPluginManager: Mounting plugin MobilePatchingUtils
LogPluginManager: Mounting plugin OpenXREyeTracker
LogPluginManager: Mounting plugin OpenXR
LogPluginManager: Mounting plugin PhysXVehicles
LogPluginManager: Mounting plugin PostSplashScreen
LogPluginManager: Mounting plugin OpenXRHandTracking
LogPluginManager: Mounting plugin PropertyAccessEditor
LogPluginManager: Mounting plugin SignificanceManager
LogPluginManager: Mounting plugin SoundFields
LogPluginManager: Mounting plugin ProceduralMeshComponent
LogPluginManager: Mounting plugin Synthesis
LogPluginManager: Mounting plugin RuntimePhysXCooking
LogPluginManager: Mounting plugin WebMMoviePlayer
LogPluginManager: Mounting plugin WindowsMoviePlayer
LogPluginManager: Mounting plugin Takes
LogPluginManager: Mounting plugin ContentBrowserAssetDataSource
LogPluginManager: Mounting plugin ContentBrowserClassDataSource
LogPluginManager: Mounting plugin ContentBrowserFileDataSource
LogPluginManager: Mounting plugin OnlineSubsystemGooglePlay
LogPluginManager: Mounting plugin OnlineSubsystemIOS
LogPluginManager: Mounting plugin OculusVR
LogPluginManager: Mounting plugin SteamShared
LogPluginManager: Mounting plugin SteamVR
LogPluginManager: Mounting plugin AdvancedSessions
LogPluginManager: Mounting plugin AdvancedSteamSessions
PixWinPlugin: PIX capture plugin failed to initialize! Check that the process is launched from PIX.
LogInit: Using libcurl 7.55.1-DEV
LogInit:  - built for x86_64-pc-win32
LogInit:  - supports SSL with OpenSSL/1.1.1
LogInit:  - supports HTTP deflate (compression) using libz 1.2.8
LogInit:  - other features:
LogInit:      CURL_VERSION_SSL
LogInit:      CURL_VERSION_LIBZ
LogInit:      CURL_VERSION_IPV6
LogInit:      CURL_VERSION_ASYNCHDNS
LogInit:      CURL_VERSION_LARGEFILE
LogInit:      CURL_VERSION_IDN
LogInit:  CurlRequestOptions (configurable via config and command line):
LogInit:  - bVerifyPeer = true  - Libcurl will verify peer certificate
LogInit:  - bUseHttpProxy = false  - Libcurl will NOT use HTTP proxy
LogInit:  - bDontReuseConnections = false  - Libcurl will reuse connections
LogInit:  - MaxHostConnections = 16  - Libcurl will limit the number of connections to a host
LogInit:  - LocalHostAddr = Default
LogInit:  - BufferSize = 65536
LogOnline: OSS: Creating online subsystem instance for: NULL
LogInit: WinSock: version 1.1 (2.2), MaxSocks=32767, MaxUdp=65467
LogOnline: OSS: TryLoadSubsystemAndSetDefault: Loaded subsystem for module [NULL]
LogOculusPluginWrapper: OculusPlugin initialized successfully
LogHMD: Failed initializing OVRPlugin 1.59.0
LogInit: Build: ++UE4+Release-4.27-CL-18319896
LogInit: Engine Version: 4.27.2-18319896+++UE4+Release-4.27
LogInit: Compatible Engine Version: 4.27.0-17155196+++UE4+Release-4.27
LogInit: Net CL: 17155196
LogInit: OS: Windows 10 (Release 2009) (), CPU: 12th Gen Intel(R) Core(TM) i7-12700H, GPU: NVIDIA GeForce RTX 3070 Ti Laptop GPU
LogInit: Compiled (64-bit): Nov 30 2021 07:12:08
LogInit: Compiled with Visual C++: 19.24.28315.00
LogInit: Build Configuration: Development
LogInit: Branch Name: ++UE4+Release-4.27
LogInit: Command Line:  127.0.0.1:17777 -game -PIEVIACONSOLE -Multiprocess GameUserSettingsINI=C:/study/ProjectRun/Saved/Config/Windows/PIEGameUserSettings1.ini -MultiprocessSaveConfig -forcepassthrough -messaging -SessionName="Play in Standalone Game" -windowed -WinX=214 -WinY=381 SAVEWINPOS=1 -ResX=640 -ResY=480
LogInit: Base Directory: C:/Program Files/Epic Games/UE_4.27/Engine/Binaries/Win64/
LogInit: Allocator: TBB
LogInit: Installed Engine Build: 1
LogDevObjectVersion: Number of dev versions registered: 29
LogDevObjectVersion:   Dev-Blueprints (B0D832E4-1F89-4F0D-ACCF-7EB736FD4AA2): 10
LogDevObjectVersion:   Dev-Build (E1C64328-A22C-4D53-A36C-8E866417BD8C): 0
LogDevObjectVersion:   Dev-Core (375EC13C-06E4-48FB-B500-84F0262A717E): 4
LogDevObjectVersion:   Dev-Editor (E4B068ED-F494-42E9-A231-DA0B2E46BB41): 40
LogDevObjectVersion:   Dev-Framework (CFFC743F-43B0-4480-9391-14DF171D2073): 37
LogDevObjectVersion:   Dev-Mobile (B02B49B5-BB20-44E9-A304-32B752E40360): 3
LogDevObjectVersion:   Dev-Networking (A4E4105C-59A1-49B5-A7C5-40C4547EDFEE): 0
LogDevObjectVersion:   Dev-Online (39C831C9-5AE6-47DC-9A44-9C173E1C8E7C): 0
LogDevObjectVersion:   Dev-Physics (78F01B33-EBEA-4F98-B9B4-84EACCB95AA2): 14
LogDevObjectVersion:   Dev-Platform (6631380F-2D4D-43E0-8009-CF276956A95A): 0
LogDevObjectVersion:   Dev-Rendering (12F88B9F-8875-4AFC-A67C-D90C383ABD29): 45
LogDevObjectVersion:   Dev-Sequencer (7B5AE74C-D270-4C10-A958-57980B212A5A): 13
LogDevObjectVersion:   Dev-VR (D7296918-1DD6-4BDD-9DE2-64A83CC13884): 3
LogDevObjectVersion:   Dev-LoadTimes (C2A15278-BFE7-4AFE-6C17-90FF531DF755): 1
LogDevObjectVersion:   Private-Geometry (6EACA3D4-40EC-4CC1-B786-8BED09428FC5): 3
LogDevObjectVersion:   Dev-AnimPhys (29E575DD-E0A3-4627-9D10-D276232CDCEA): 17
LogDevObjectVersion:   Dev-Anim (AF43A65D-7FD3-4947-9873-3E8ED9C1BB05): 15
LogDevObjectVersion:   Dev-ReflectionCapture (6B266CEC-1EC7-4B8F-A30B-E4D90942FC07): 1
LogDevObjectVersion:   Dev-Automation (0DF73D61-A23F-47EA-B727-89E90C41499A): 1
LogDevObjectVersion:   FortniteMain (601D1886-AC64-4F84-AA16-D3DE0DEAC7D6): 47
LogDevObjectVersion:   FortniteRelease (E7086368-6B23-4C58-8439-1B7016265E91): 1
LogDevObjectVersion:   Dev-Enterprise (9DFFBCD6-494F-0158-E221-12823C92A888): 10
LogDevObjectVersion:   Dev-Niagara (F2AED0AC-9AFE-416F-8664-AA7FFA26D6FC): 1
LogDevObjectVersion:   Dev-Destruction (174F1F0B-B4C6-45A5-B13F-2EE8D0FB917D): 10
LogDevObjectVersion:   Dev-Physics-Ext (35F94A83-E258-406C-A318-09F59610247C): 41
LogDevObjectVersion:   Dev-PhysicsMaterial-Chaos (B68FC16E-8B1B-42E2-B453-215C058844FE): 1
LogDevObjectVersion:   Dev-CineCamera (B2E18506-4273-CFC2-A54E-F4BB758BBA07): 1
LogDevObjectVersion:   Dev-VirtualProduction (64F58936-FD1B-42BA-BA96-7289D5D0FA4E): 1
LogDevObjectVersion:   Dev-MediaFramework (6F0ED827-A609-4895-9C91-998D90180EA4): 2
LogInit: Presizing for max 25165824 objects, including 0 objects not considered by GC, pre-allocating 0 bytes for permanent pool.
LogConfig: Applying CVar settings from Section [/Script/Engine.StreamingSettings] File [C:/study/ProjectRun/Saved/Config/Windows/Engine.ini]
LogConfig: Setting CVar [[s.MinBulkDataSizeForAsyncLoading:131072]]
LogConfig: Setting CVar [[s.AsyncLoadingThreadEnabled:0]]
LogConfig: Setting CVar [[s.EventDrivenLoaderEnabled:1]]
LogConfig: Setting CVar [[s.WarnIfTimeLimitExceeded:0]]
LogConfig: Setting CVar [[s.TimeLimitExceededMultiplier:1.5]]
LogConfig: Setting CVar [[s.TimeLimitExceededMinTime:0.005]]
LogConfig: Setting CVar [[s.UseBackgroundLevelStreaming:1]]
LogConfig: Setting CVar [[s.PriorityAsyncLoadingExtraTime:15.0]]
LogConfig: Setting CVar [[s.LevelStreamingActorsUpdateTimeLimit:5.0]]
LogConfig: Setting CVar [[s.PriorityLevelStreamingActorsUpdateExtraTime:5.0]]
LogConfig: Setting CVar [[s.LevelStreamingComponentsRegistrationGranularity:10]]
LogConfig: Setting CVar [[s.UnregisterComponentsTimeLimit:1.0]]
LogConfig: Setting CVar [[s.LevelStreamingComponentsUnregistrationGranularity:5]]
LogConfig: Setting CVar [[s.FlushStreamingOnExit:1]]
LogInit: Object subsystem initialized
LogConfig: Setting CVar [[con.DebugEarlyDefault:1]]
LogConfig: Setting CVar [[r.setres:1280x720]]
[2022.07.19-06.37.58:618][  0]LogConfig: Setting CVar [[con.DebugEarlyDefault:1]]
[2022.07.19-06.37.58:618][  0]LogConfig: Setting CVar [[r.setres:1280x720]]
[2022.07.19-06.37.58:618][  0]LogConfig: Applying CVar settings from Section [/Script/Engine.RendererSettings] File [C:/study/ProjectRun/Saved/Config/Windows/Engine.ini]
[2022.07.19-06.37.58:618][  0]LogConfig: Setting CVar [[r.GPUCrashDebugging:0]]
[2022.07.19-06.37.58:618][  0]LogConfig: Applying CVar settings from Section [/Script/Engine.RendererOverrideSettings] File [C:/study/ProjectRun/Saved/Config/Windows/Engine.ini]
[2022.07.19-06.37.58:618][  0]LogConfig: Applying CVar settings from Section [/Script/Engine.StreamingSettings] File [C:/study/ProjectRun/Saved/Config/Windows/Engine.ini]
[2022.07.19-06.37.58:618][  0]LogConfig: Setting CVar [[s.MinBulkDataSizeForAsyncLoading:131072]]
[2022.07.19-06.37.58:618][  0]LogConfig: Setting CVar [[s.AsyncLoadingThreadEnabled:0]]
[2022.07.19-06.37.58:618][  0]LogConfig: Setting CVar [[s.EventDrivenLoaderEnabled:1]]
[2022.07.19-06.37.58:618][  0]LogConfig: Setting CVar [[s.WarnIfTimeLimitExceeded:0]]
[2022.07.19-06.37.58:618][  0]LogConfig: Setting CVar [[s.TimeLimitExceededMultiplier:1.5]]
[2022.07.19-06.37.58:618][  0]LogConfig: Setting CVar [[s.TimeLimitExceededMinTime:0.005]]
[2022.07.19-06.37.58:618][  0]LogConfig: Setting CVar [[s.UseBackgroundLevelStreaming:1]]
[2022.07.19-06.37.58:618][  0]LogConfig: Setting CVar [[s.PriorityAsyncLoadingExtraTime:15.0]]
[2022.07.19-06.37.58:618][  0]LogConfig: Setting CVar [[s.LevelStreamingActorsUpdateTimeLimit:5.0]]
[2022.07.19-06.37.58:618][  0]LogConfig: Setting CVar [[s.PriorityLevelStreamingActorsUpdateExtraTime:5.0]]
[2022.07.19-06.37.58:618][  0]LogConfig: Setting CVar [[s.LevelStreamingComponentsRegistrationGranularity:10]]
[2022.07.19-06.37.58:618][  0]LogConfig: Setting CVar [[s.UnregisterComponentsTimeLimit:1.0]]
[2022.07.19-06.37.58:618][  0]LogConfig: Setting CVar [[s.LevelStreamingComponentsUnregistrationGranularity:5]]
[2022.07.19-06.37.58:618][  0]LogConfig: Setting CVar [[s.FlushStreamingOnExit:1]]
[2022.07.19-06.37.58:618][  0]LogConfig: Applying CVar settings from Section [/Script/Engine.GarbageCollectionSettings] File [C:/study/ProjectRun/Saved/Config/Windows/Engine.ini]
[2022.07.19-06.37.58:618][  0]LogConfig: Setting CVar [[gc.MaxObjectsNotConsideredByGC:1]]
[2022.07.19-06.37.58:618][  0]LogConfig: Setting CVar [[gc.SizeOfPermanentObjectPool:0]]
[2022.07.19-06.37.58:618][  0]LogConfig: Setting CVar [[gc.FlushStreamingOnGC:0]]
[2022.07.19-06.37.58:618][  0]LogConfig: Setting CVar [[gc.NumRetriesBeforeForcingGC:10]]
[2022.07.19-06.37.58:618][  0]LogConfig: Setting CVar [[gc.AllowParallelGC:1]]
[2022.07.19-06.37.58:618][  0]LogConfig: Setting CVar [[gc.TimeBetweenPurgingPendingKillObjects:61.1]]
[2022.07.19-06.37.58:618][  0]LogConfig: Setting CVar [[gc.MaxObjectsInEditor:25165824]]
[2022.07.19-06.37.58:618][  0]LogConfig: Setting CVar [[gc.IncrementalBeginDestroyEnabled:1]]
[2022.07.19-06.37.58:618][  0]LogConfig: Setting CVar [[gc.CreateGCClusters:1]]
[2022.07.19-06.37.58:618][  0]LogConfig: Setting CVar [[gc.MinGCClusterSize:5]]
[2022.07.19-06.37.58:618][  0]LogConfig: Setting CVar [[gc.ActorClusteringEnabled:0]]
[2022.07.19-06.37.58:618][  0]LogConfig: Setting CVar [[gc.BlueprintClusteringEnabled:0]]
[2022.07.19-06.37.58:618][  0]LogConfig: Setting CVar [[gc.UseDisregardForGCOnDedicatedServers:0]]
[2022.07.19-06.37.58:618][  0]LogConfig: Setting CVar [[gc.MultithreadedDestructionEnabled:1]]
[2022.07.19-06.37.58:618][  0]LogConfig: Applying CVar settings from Section [/Script/Engine.NetworkSettings] File [C:/study/ProjectRun/Saved/Config/Windows/Engine.ini]
[2022.07.19-06.37.58:618][  0]LogConfig: Applying CVar settings from Section [/Script/UnrealEd.CookerSettings] File [C:/study/ProjectRun/Saved/Config/Windows/Engine.ini]
[2022.07.19-06.37.58:626][  0]LogConfig: Applying CVar settings from Section [ViewDistanceQuality@3] File [C:/study/ProjectRun/Saved/Config/Windows/Scalability.ini]
[2022.07.19-06.37.58:626][  0]LogConfig: Setting CVar [[r.SkeletalMeshLODBias:0]]
[2022.07.19-06.37.58:626][  0]LogConfig: Setting CVar [[r.ViewDistanceScale:1.0]]
[2022.07.19-06.37.58:626][  0]LogConfig: Applying CVar settings from Section [AntiAliasingQuality@3] File [C:/study/ProjectRun/Saved/Config/Windows/Scalability.ini]
[2022.07.19-06.37.58:626][  0]LogConfig: Setting CVar [[r.PostProcessAAQuality:4]]
[2022.07.19-06.37.58:626][  0]LogConfig: Applying CVar settings from Section [ShadowQuality@3] File [C:/study/ProjectRun/Saved/Config/Windows/Scalability.ini]
[2022.07.19-06.37.58:626][  0]LogConfig: Setting CVar [[r.LightFunctionQuality:1]]
[2022.07.19-06.37.58:626][  0]LogConfig: Setting CVar [[r.ShadowQuality:5]]
[2022.07.19-06.37.58:626][  0]LogConfig: Setting CVar [[r.Shadow.CSM.MaxCascades:10]]
[2022.07.19-06.37.58:626][  0]LogConfig: Setting CVar [[r.Shadow.MaxResolution:2048]]
[2022.07.19-06.37.58:626][  0]LogConfig: Setting CVar [[r.Shadow.MaxCSMResolution:2048]]
[2022.07.19-06.37.58:626][  0]LogConfig: Setting CVar [[r.Shadow.RadiusThreshold:0.01]]
[2022.07.19-06.37.58:626][  0]LogConfig: Setting CVar [[r.Shadow.DistanceScale:1.0]]
[2022.07.19-06.37.58:626][  0]LogConfig: Setting CVar [[r.Shadow.CSM.TransitionScale:1.0]]
[2022.07.19-06.37.58:626][  0]LogConfig: Setting CVar [[r.Shadow.PreShadowResolutionFactor:1.0]]
[2022.07.19-06.37.58:626][  0]LogConfig: Setting CVar [[r.DistanceFieldShadowing:1]]
[2022.07.19-06.37.58:626][  0]LogConfig: Setting CVar [[r.DistanceFieldAO:1]]
[2022.07.19-06.37.58:626][  0]LogConfig: Setting CVar [[r.AOQuality:2]]
[2022.07.19-06.37.58:626][  0]LogConfig: Setting CVar [[r.VolumetricFog:1]]
[2022.07.19-06.37.58:626][  0]LogConfig: Setting CVar [[r.VolumetricFog.GridPixelSize:8]]
[2022.07.19-06.37.58:626][  0]LogConfig: Setting CVar [[r.VolumetricFog.GridSizeZ:128]]
[2022.07.19-06.37.58:626][  0]LogConfig: Setting CVar [[r.VolumetricFog.HistoryMissSupersampleCount:4]]
[2022.07.19-06.37.58:626][  0]LogConfig: Setting CVar [[r.LightMaxDrawDistanceScale:1]]
[2022.07.19-06.37.58:626][  0]LogConfig: Setting CVar [[r.CapsuleShadows:1]]
[2022.07.19-06.37.58:626][  0]LogConfig: Applying CVar settings from Section [PostProcessQuality@3] File [C:/study/ProjectRun/Saved/Config/Windows/Scalability.ini]
[2022.07.19-06.37.58:626][  0]LogConfig: Setting CVar [[r.MotionBlurQuality:4]]
[2022.07.19-06.37.58:626][  0]LogConfig: Setting CVar [[r.AmbientOcclusionMipLevelFactor:0.4]]
[2022.07.19-06.37.58:626][  0]LogConfig: Setting CVar [[r.AmbientOcclusionMaxQuality:100]]
[2022.07.19-06.37.58:626][  0]LogConfig: Setting CVar [[r.AmbientOcclusionLevels:-1]]
[2022.07.19-06.37.58:626][  0]LogConfig: Setting CVar [[r.AmbientOcclusionRadiusScale:1.0]]
[2022.07.19-06.37.58:626][  0]LogConfig: Setting CVar [[r.DepthOfFieldQuality:2]]
[2022.07.19-06.37.58:626][  0]LogConfig: Setting CVar [[r.RenderTargetPoolMin:400]]
[2022.07.19-06.37.58:626][  0]LogConfig: Setting CVar [[r.LensFlareQuality:2]]
[2022.07.19-06.37.58:626][  0]LogConfig: Setting CVar [[r.SceneColorFringeQuality:1]]
[2022.07.19-06.37.58:626][  0]LogConfig: Setting CVar [[r.EyeAdaptationQuality:2]]
[2022.07.19-06.37.58:626][  0]LogConfig: Setting CVar [[r.BloomQuality:5]]
[2022.07.19-06.37.58:626][  0]LogConfig: Setting CVar [[r.FastBlurThreshold:100]]
[2022.07.19-06.37.58:626][  0]LogConfig: Setting CVar [[r.Upscale.Quality:3]]
[2022.07.19-06.37.58:626][  0]LogConfig: Setting CVar [[r.Tonemapper.GrainQuantization:1]]
[2022.07.19-06.37.58:626][  0]LogConfig: Setting CVar [[r.LightShaftQuality:1]]
[2022.07.19-06.37.58:626][  0]LogConfig: Setting CVar [[r.Filter.SizeScale:1]]
[2022.07.19-06.37.58:626][  0]LogConfig: Setting CVar [[r.Tonemapper.Quality:5]]
[2022.07.19-06.37.58:626][  0]LogConfig: Setting CVar [[r.DOF.Gather.AccumulatorQuality:1        ; higher gathering accumulator quality]]
[2022.07.19-06.37.58:626][  0]LogConfig: Setting CVar [[r.DOF.Gather.PostfilterMethod:1          ; Median3x3 postfilering method]]
[2022.07.19-06.37.58:626][  0]LogConfig: Setting CVar [[r.DOF.Gather.EnableBokehSettings:0       ; no bokeh simulation when gathering]]
[2022.07.19-06.37.58:626][  0]LogConfig: Setting CVar [[r.DOF.Gather.RingCount:4                 ; medium number of samples when gathering]]
[2022.07.19-06.37.58:626][  0]LogConfig: Setting CVar [[r.DOF.Scatter.ForegroundCompositing:1    ; additive foreground scattering]]
[2022.07.19-06.37.58:626][  0]LogConfig: Setting CVar [[r.DOF.Scatter.BackgroundCompositing:2    ; additive background scattering]]
[2022.07.19-06.37.58:626][  0]LogConfig: Setting CVar [[r.DOF.Scatter.EnableBokehSettings:1      ; bokeh simulation when scattering]]
[2022.07.19-06.37.58:626][  0]LogConfig: Setting CVar [[r.DOF.Scatter.MaxSpriteRatio:0.1         ; only a maximum of 10% of scattered bokeh]]
[2022.07.19-06.37.58:626][  0]LogConfig: Setting CVar [[r.DOF.Recombine.Quality:1                ; cheap slight out of focus]]
[2022.07.19-06.37.58:626][  0]LogConfig: Setting CVar [[r.DOF.Recombine.EnableBokehSettings:0    ; no bokeh simulation on slight out of focus]]
[2022.07.19-06.37.58:626][  0]LogConfig: Setting CVar [[r.DOF.TemporalAAQuality:1                ; more stable temporal accumulation]]
[2022.07.19-06.37.58:626][  0]LogConfig: Setting CVar [[r.DOF.Kernel.MaxForegroundRadius:0.025]]
[2022.07.19-06.37.58:626][  0]LogConfig: Setting CVar [[r.DOF.Kernel.MaxBackgroundRadius:0.025]]
[2022.07.19-06.37.58:626][  0]LogConfig: Applying CVar settings from Section [TextureQuality@3] File [C:/study/ProjectRun/Saved/Config/Windows/Scalability.ini]
[2022.07.19-06.37.58:626][  0]LogConfig: Setting CVar [[r.Streaming.MipBias:0]]
[2022.07.19-06.37.58:626][  0]LogConfig: Setting CVar [[r.Streaming.AmortizeCPUToGPUCopy:0]]
[2022.07.19-06.37.58:626][  0]LogConfig: Setting CVar [[r.Streaming.MaxNumTexturesToStreamPerFrame:0]]
[2022.07.19-06.37.58:626][  0]LogConfig: Setting CVar [[r.Streaming.Boost:1]]
[2022.07.19-06.37.58:626][  0]LogConfig: Setting CVar [[r.MaxAnisotropy:8]]
[2022.07.19-06.37.58:626][  0]LogConfig: Setting CVar [[r.VT.MaxAnisotropy:8]]
[2022.07.19-06.37.58:626][  0]LogConfig: Setting CVar [[r.Streaming.LimitPoolSizeToVRAM:0]]
[2022.07.19-06.37.58:626][  0]LogConfig: Setting CVar [[r.Streaming.PoolSize:1000]]
[2022.07.19-06.37.58:626][  0]LogConfig: Setting CVar [[r.Streaming.MaxEffectiveScreenSize:0]]
[2022.07.19-06.37.58:626][  0]LogConfig: Applying CVar settings from Section [EffectsQuality@3] File [C:/study/ProjectRun/Saved/Config/Windows/Scalability.ini]
[2022.07.19-06.37.58:626][  0]LogConfig: Setting CVar [[r.TranslucencyLightingVolumeDim:64]]
[2022.07.19-06.37.58:626][  0]LogConfig: Setting CVar [[r.RefractionQuality:2]]
[2022.07.19-06.37.58:626][  0]LogConfig: Setting CVar [[r.SSR.Quality:3]]
[2022.07.19-06.37.58:626][  0]LogConfig: Setting CVar [[r.SSR.HalfResSceneColor:0]]
[2022.07.19-06.37.58:626][  0]LogConfig: Setting CVar [[r.SceneColorFormat:4]]
[2022.07.19-06.37.58:626][  0]LogConfig: Setting CVar [[r.DetailMode:2]]
[2022.07.19-06.37.58:626][  0]LogConfig: Setting CVar [[r.TranslucencyVolumeBlur:1]]
[2022.07.19-06.37.58:626][  0]LogConfig: Setting CVar [[r.MaterialQualityLevel:1 ; High quality]]
[2022.07.19-06.37.58:626][  0]LogConfig: Setting CVar [[r.AnisotropicMaterials:1]]
[2022.07.19-06.37.58:626][  0]LogConfig: Setting CVar [[r.SSS.Scale:1]]
[2022.07.19-06.37.58:626][  0]LogConfig: Setting CVar [[r.SSS.SampleSet:2]]
[2022.07.19-06.37.58:626][  0]LogConfig: Setting CVar [[r.SSS.Quality:1]]
[2022.07.19-06.37.58:626][  0]LogConfig: Setting CVar [[r.SSS.HalfRes:0]]
[2022.07.19-06.37.58:626][  0]LogConfig: Setting CVar [[r.SSGI.Quality:3]]
[2022.07.19-06.37.58:626][  0]LogConfig: Setting CVar [[r.EmitterSpawnRateScale:1.0]]
[2022.07.19-06.37.58:626][  0]LogConfig: Setting CVar [[r.ParticleLightQuality:2]]
[2022.07.19-06.37.58:626][  0]LogConfig: Setting CVar [[r.SkyAtmosphere.AerialPerspectiveLUT.FastApplyOnOpaque:1 ; Always have FastSkyLUT 1 in this case to avoid wrong sky]]
[2022.07.19-06.37.58:626][  0]LogConfig: Setting CVar [[r.SkyAtmosphere.AerialPerspectiveLUT.SampleCountMaxPerSlice:4]]
[2022.07.19-06.37.58:626][  0]LogConfig: Setting CVar [[r.SkyAtmosphere.AerialPerspectiveLUT.DepthResolution:16.0]]
[2022.07.19-06.37.58:626][  0]LogConfig: Setting CVar [[r.SkyAtmosphere.FastSkyLUT:1]]
[2022.07.19-06.37.58:626][  0]LogConfig: Setting CVar [[r.SkyAtmosphere.FastSkyLUT.SampleCountMin:4.0]]
[2022.07.19-06.37.58:626][  0]LogConfig: Setting CVar [[r.SkyAtmosphere.FastSkyLUT.SampleCountMax:128.0]]
[2022.07.19-06.37.58:626][  0]LogConfig: Setting CVar [[r.SkyAtmosphere.SampleCountMin:4.0]]
[2022.07.19-06.37.58:626][  0]LogConfig: Setting CVar [[r.SkyAtmosphere.SampleCountMax:128.0]]
[2022.07.19-06.37.58:626][  0]LogConfig: Setting CVar [[r.SkyAtmosphere.TransmittanceLUT.UseSmallFormat:0]]
[2022.07.19-06.37.58:626][  0]LogConfig: Setting CVar [[r.SkyAtmosphere.TransmittanceLUT.SampleCount:10.0]]
[2022.07.19-06.37.58:626][  0]LogConfig: Setting CVar [[r.SkyAtmosphere.MultiScatteringLUT.SampleCount:15.0]]
[2022.07.19-06.37.58:626][  0]LogConfig: Setting CVar [[r.SkyLight.RealTimeReflectionCapture:1]]
[2022.07.19-06.37.58:626][  0]LogConfig: Applying CVar settings from Section [FoliageQuality@3] File [C:/study/ProjectRun/Saved/Config/Windows/Scalability.ini]
[2022.07.19-06.37.58:626][  0]LogConfig: Setting CVar [[foliage.DensityScale:1.0]]
[2022.07.19-06.37.58:626][  0]LogConfig: Setting CVar [[grass.DensityScale:1.0]]
[2022.07.19-06.37.58:626][  0]LogConfig: Applying CVar settings from Section [ShadingQuality@3] File [C:/study/ProjectRun/Saved/Config/Windows/Scalability.ini]
[2022.07.19-06.37.58:626][  0]LogConfig: Setting CVar [[r.HairStrands.SkyLighting.IntegrationType:2]]
[2022.07.19-06.37.58:626][  0]LogConfig: Setting CVar [[r.HairStrands.SkyAO.SampleCount:4]]
[2022.07.19-06.37.58:626][  0]LogConfig: Setting CVar [[r.HairStrands.Visibility.MSAA.SamplePerPixel:4]]
[2022.07.19-06.37.58:626][  0]LogInit: Selected Device Profile: [Windows]
[2022.07.19-06.37.58:626][  0]LogInit: Applying CVar settings loaded from the selected device profile: [Windows]
[2022.07.19-06.37.58:626][  0]LogHAL: Display: Platform has ~ 16 GB [16831680512 / 17179869184 / 16], which maps to Larger [LargestMinGB=32, LargerMinGB=12, DefaultMinGB=8, SmallerMinGB=6, SmallestMinGB=0)
[2022.07.19-06.37.58:626][  0]LogInit: Going up to parent DeviceProfile []
[2022.07.19-06.37.58:626][  0]LogConfig: Applying CVar settings from Section [ViewDistanceQuality@3] File [C:/study/ProjectRun/Saved/Config/Windows/Scalability.ini]
[2022.07.19-06.37.58:626][  0]LogConfig: Setting CVar [[r.SkeletalMeshLODBias:0]]
[2022.07.19-06.37.58:626][  0]LogConfig: Setting CVar [[r.ViewDistanceScale:1.0]]
[2022.07.19-06.37.58:626][  0]LogConfig: Applying CVar settings from Section [AntiAliasingQuality@3] File [C:/study/ProjectRun/Saved/Config/Windows/Scalability.ini]
[2022.07.19-06.37.58:627][  0]LogConfig: Setting CVar [[r.PostProcessAAQuality:4]]
[2022.07.19-06.37.58:627][  0]LogConfig: Applying CVar settings from Section [ShadowQuality@3] File [C:/study/ProjectRun/Saved/Config/Windows/Scalability.ini]
[2022.07.19-06.37.58:627][  0]LogConfig: Setting CVar [[r.LightFunctionQuality:1]]
[2022.07.19-06.37.58:627][  0]LogConfig: Setting CVar [[r.ShadowQuality:5]]
[2022.07.19-06.37.58:627][  0]LogConfig: Setting CVar [[r.Shadow.CSM.MaxCascades:10]]
[2022.07.19-06.37.58:627][  0]LogConfig: Setting CVar [[r.Shadow.MaxResolution:2048]]
[2022.07.19-06.37.58:627][  0]LogConfig: Setting CVar [[r.Shadow.MaxCSMResolution:2048]]
[2022.07.19-06.37.58:627][  0]LogConfig: Setting CVar [[r.Shadow.RadiusThreshold:0.01]]
[2022.07.19-06.37.58:627][  0]LogConfig: Setting CVar [[r.Shadow.DistanceScale:1.0]]
[2022.07.19-06.37.58:627][  0]LogConfig: Setting CVar [[r.Shadow.CSM.TransitionScale:1.0]]
[2022.07.19-06.37.58:627][  0]LogConfig: Setting CVar [[r.Shadow.PreShadowResolutionFactor:1.0]]
[2022.07.19-06.37.58:627][  0]LogConfig: Setting CVar [[r.DistanceFieldShadowing:1]]
[2022.07.19-06.37.58:627][  0]LogConfig: Setting CVar [[r.DistanceFieldAO:1]]
[2022.07.19-06.37.58:627][  0]LogConfig: Setting CVar [[r.AOQuality:2]]
[2022.07.19-06.37.58:627][  0]LogConfig: Setting CVar [[r.VolumetricFog:1]]
[2022.07.19-06.37.58:627][  0]LogConfig: Setting CVar [[r.VolumetricFog.GridPixelSize:8]]
[2022.07.19-06.37.58:627][  0]LogConfig: Setting CVar [[r.VolumetricFog.GridSizeZ:128]]
[2022.07.19-06.37.58:627][  0]LogConfig: Setting CVar [[r.VolumetricFog.HistoryMissSupersampleCount:4]]
[2022.07.19-06.37.58:627][  0]LogConfig: Setting CVar [[r.LightMaxDrawDistanceScale:1]]
[2022.07.19-06.37.58:627][  0]LogConfig: Setting CVar [[r.CapsuleShadows:1]]
[2022.07.19-06.37.58:627][  0]LogConfig: Applying CVar settings from Section [PostProcessQuality@3] File [C:/study/ProjectRun/Saved/Config/Windows/Scalability.ini]
[2022.07.19-06.37.58:627][  0]LogConfig: Setting CVar [[r.MotionBlurQuality:4]]
[2022.07.19-06.37.58:627][  0]LogConfig: Setting CVar [[r.AmbientOcclusionMipLevelFactor:0.4]]
[2022.07.19-06.37.58:627][  0]LogConfig: Setting CVar [[r.AmbientOcclusionMaxQuality:100]]
[2022.07.19-06.37.58:627][  0]LogConfig: Setting CVar [[r.AmbientOcclusionLevels:-1]]
[2022.07.19-06.37.58:627][  0]LogConfig: Setting CVar [[r.AmbientOcclusionRadiusScale:1.0]]
[2022.07.19-06.37.58:627][  0]LogConfig: Setting CVar [[r.DepthOfFieldQuality:2]]
[2022.07.19-06.37.58:627][  0]LogConfig: Setting CVar [[r.RenderTargetPoolMin:400]]
[2022.07.19-06.37.58:627][  0]LogConfig: Setting CVar [[r.LensFlareQuality:2]]
[2022.07.19-06.37.58:627][  0]LogConfig: Setting CVar [[r.SceneColorFringeQuality:1]]
[2022.07.19-06.37.58:627][  0]LogConfig: Setting CVar [[r.EyeAdaptationQuality:2]]
[2022.07.19-06.37.58:627][  0]LogConfig: Setting CVar [[r.BloomQuality:5]]
[2022.07.19-06.37.58:627][  0]LogConfig: Setting CVar [[r.FastBlurThreshold:100]]
[2022.07.19-06.37.58:627][  0]LogConfig: Setting CVar [[r.Upscale.Quality:3]]
[2022.07.19-06.37.58:627][  0]LogConfig: Setting CVar [[r.Tonemapper.GrainQuantization:1]]
[2022.07.19-06.37.58:627][  0]LogConfig: Setting CVar [[r.LightShaftQuality:1]]
[2022.07.19-06.37.58:627][  0]LogConfig: Setting CVar [[r.Filter.SizeScale:1]]
[2022.07.19-06.37.58:627][  0]LogConfig: Setting CVar [[r.Tonemapper.Quality:5]]
[2022.07.19-06.37.58:627][  0]LogConfig: Setting CVar [[r.DOF.Gather.AccumulatorQuality:1        ; higher gathering accumulator quality]]
[2022.07.19-06.37.58:627][  0]LogConfig: Setting CVar [[r.DOF.Gather.PostfilterMethod:1          ; Median3x3 postfilering method]]
[2022.07.19-06.37.58:627][  0]LogConfig: Setting CVar [[r.DOF.Gather.EnableBokehSettings:0       ; no bokeh simulation when gathering]]
[2022.07.19-06.37.58:627][  0]LogConfig: Setting CVar [[r.DOF.Gather.RingCount:4                 ; medium number of samples when gathering]]
[2022.07.19-06.37.58:627][  0]LogConfig: Setting CVar [[r.DOF.Scatter.ForegroundCompositing:1    ; additive foreground scattering]]
[2022.07.19-06.37.58:627][  0]LogConfig: Setting CVar [[r.DOF.Scatter.BackgroundCompositing:2    ; additive background scattering]]
[2022.07.19-06.37.58:627][  0]LogConfig: Setting CVar [[r.DOF.Scatter.EnableBokehSettings:1      ; bokeh simulation when scattering]]
[2022.07.19-06.37.58:627][  0]LogConfig: Setting CVar [[r.DOF.Scatter.MaxSpriteRatio:0.1         ; only a maximum of 10% of scattered bokeh]]
[2022.07.19-06.37.58:627][  0]LogConfig: Setting CVar [[r.DOF.Recombine.Quality:1                ; cheap slight out of focus]]
[2022.07.19-06.37.58:627][  0]LogConfig: Setting CVar [[r.DOF.Recombine.EnableBokehSettings:0    ; no bokeh simulation on slight out of focus]]
[2022.07.19-06.37.58:627][  0]LogConfig: Setting CVar [[r.DOF.TemporalAAQuality:1                ; more stable temporal accumulation]]
[2022.07.19-06.37.58:627][  0]LogConfig: Setting CVar [[r.DOF.Kernel.MaxForegroundRadius:0.025]]
[2022.07.19-06.37.58:627][  0]LogConfig: Setting CVar [[r.DOF.Kernel.MaxBackgroundRadius:0.025]]
[2022.07.19-06.37.58:627][  0]LogConfig: Applying CVar settings from Section [TextureQuality@3] File [C:/study/ProjectRun/Saved/Config/Windows/Scalability.ini]
[2022.07.19-06.37.58:627][  0]LogConfig: Setting CVar [[r.Streaming.MipBias:0]]
[2022.07.19-06.37.58:627][  0]LogConfig: Setting CVar [[r.Streaming.AmortizeCPUToGPUCopy:0]]
[2022.07.19-06.37.58:627][  0]LogConfig: Setting CVar [[r.Streaming.MaxNumTexturesToStreamPerFrame:0]]
[2022.07.19-06.37.58:627][  0]LogConfig: Setting CVar [[r.Streaming.Boost:1]]
[2022.07.19-06.37.58:627][  0]LogConfig: Setting CVar [[r.MaxAnisotropy:8]]
[2022.07.19-06.37.58:627][  0]LogConfig: Setting CVar [[r.VT.MaxAnisotropy:8]]
[2022.07.19-06.37.58:627][  0]LogConfig: Setting CVar [[r.Streaming.LimitPoolSizeToVRAM:0]]
[2022.07.19-06.37.58:627][  0]LogConfig: Setting CVar [[r.Streaming.PoolSize:1000]]
[2022.07.19-06.37.58:627][  0]LogConfig: Setting CVar [[r.Streaming.MaxEffectiveScreenSize:0]]
[2022.07.19-06.37.58:627][  0]LogConfig: Applying CVar settings from Section [EffectsQuality@3] File [C:/study/ProjectRun/Saved/Config/Windows/Scalability.ini]
[2022.07.19-06.37.58:627][  0]LogConfig: Setting CVar [[r.TranslucencyLightingVolumeDim:64]]
[2022.07.19-06.37.58:627][  0]LogConfig: Setting CVar [[r.RefractionQuality:2]]
[2022.07.19-06.37.58:627][  0]LogConfig: Setting CVar [[r.SSR.Quality:3]]
[2022.07.19-06.37.58:627][  0]LogConfig: Setting CVar [[r.SSR.HalfResSceneColor:0]]
[2022.07.19-06.37.58:627][  0]LogConfig: Setting CVar [[r.SceneColorFormat:4]]
[2022.07.19-06.37.58:627][  0]LogConfig: Setting CVar [[r.DetailMode:2]]
[2022.07.19-06.37.58:627][  0]LogConfig: Setting CVar [[r.TranslucencyVolumeBlur:1]]
[2022.07.19-06.37.58:627][  0]LogConfig: Setting CVar [[r.MaterialQualityLevel:1 ; High quality]]
[2022.07.19-06.37.58:627][  0]LogConfig: Setting CVar [[r.AnisotropicMaterials:1]]
[2022.07.19-06.37.58:627][  0]LogConfig: Setting CVar [[r.SSS.Scale:1]]
[2022.07.19-06.37.58:627][  0]LogConfig: Setting CVar [[r.SSS.SampleSet:2]]
[2022.07.19-06.37.58:627][  0]LogConfig: Setting CVar [[r.SSS.Quality:1]]
[2022.07.19-06.37.58:627][  0]LogConfig: Setting CVar [[r.SSS.HalfRes:0]]
[2022.07.19-06.37.58:627][  0]LogConfig: Setting CVar [[r.SSGI.Quality:3]]
[2022.07.19-06.37.58:627][  0]LogConfig: Setting CVar [[r.EmitterSpawnRateScale:1.0]]
[2022.07.19-06.37.58:627][  0]LogConfig: Setting CVar [[r.ParticleLightQuality:2]]
[2022.07.19-06.37.58:627][  0]LogConfig: Setting CVar [[r.SkyAtmosphere.AerialPerspectiveLUT.FastApplyOnOpaque:1 ; Always have FastSkyLUT 1 in this case to avoid wrong sky]]
[2022.07.19-06.37.58:627][  0]LogConfig: Setting CVar [[r.SkyAtmosphere.AerialPerspectiveLUT.SampleCountMaxPerSlice:4]]
[2022.07.19-06.37.58:627][  0]LogConfig: Setting CVar [[r.SkyAtmosphere.AerialPerspectiveLUT.DepthResolution:16.0]]
[2022.07.19-06.37.58:627][  0]LogConfig: Setting CVar [[r.SkyAtmosphere.FastSkyLUT:1]]
[2022.07.19-06.37.58:627][  0]LogConfig: Setting CVar [[r.SkyAtmosphere.FastSkyLUT.SampleCountMin:4.0]]
[2022.07.19-06.37.58:627][  0]LogConfig: Setting CVar [[r.SkyAtmosphere.FastSkyLUT.SampleCountMax:128.0]]
[2022.07.19-06.37.58:627][  0]LogConfig: Setting CVar [[r.SkyAtmosphere.SampleCountMin:4.0]]
[2022.07.19-06.37.58:627][  0]LogConfig: Setting CVar [[r.SkyAtmosphere.SampleCountMax:128.0]]
[2022.07.19-06.37.58:627][  0]LogConfig: Setting CVar [[r.SkyAtmosphere.TransmittanceLUT.UseSmallFormat:0]]
[2022.07.19-06.37.58:627][  0]LogConfig: Setting CVar [[r.SkyAtmosphere.TransmittanceLUT.SampleCount:10.0]]
[2022.07.19-06.37.58:627][  0]LogConfig: Setting CVar [[r.SkyAtmosphere.MultiScatteringLUT.SampleCount:15.0]]
[2022.07.19-06.37.58:627][  0]LogConfig: Setting CVar [[r.SkyLight.RealTimeReflectionCapture:1]]
[2022.07.19-06.37.58:627][  0]LogConfig: Applying CVar settings from Section [FoliageQuality@3] File [C:/study/ProjectRun/Saved/Config/Windows/Scalability.ini]
[2022.07.19-06.37.58:627][  0]LogConfig: Setting CVar [[foliage.DensityScale:1.0]]
[2022.07.19-06.37.58:627][  0]LogConfig: Setting CVar [[grass.DensityScale:1.0]]
[2022.07.19-06.37.58:627][  0]LogConfig: Applying CVar settings from Section [ShadingQuality@3] File [C:/study/ProjectRun/Saved/Config/Windows/Scalability.ini]
[2022.07.19-06.37.58:627][  0]LogConfig: Setting CVar [[r.HairStrands.SkyLighting.IntegrationType:2]]
[2022.07.19-06.37.58:627][  0]LogConfig: Setting CVar [[r.HairStrands.SkyAO.SampleCount:4]]
[2022.07.19-06.37.58:627][  0]LogConfig: Setting CVar [[r.HairStrands.Visibility.MSAA.SamplePerPixel:4]]
[2022.07.19-06.37.58:627][  0]LogConfig: Applying CVar settings from Section [Startup] File [../../../Engine/Config/ConsoleVariables.ini]
[2022.07.19-06.37.58:627][  0]LogConfig: Setting CVar [[net.UseAdaptiveNetUpdateFrequency:0]]
[2022.07.19-06.37.58:627][  0]LogConfig: Setting CVar [[p.chaos.AllowCreatePhysxBodies:1]]
[2022.07.19-06.37.58:627][  0]LogConfig: Setting CVar [[fx.SkipVectorVMBackendOptimizations:1]]
[2022.07.19-06.37.58:627][  0]LogConfig: Applying CVar settings from Section [ConsoleVariables] File [C:/study/ProjectRun/Saved/Config/Windows/Engine.ini]
[2022.07.19-06.37.58:627][  0]LogConfig: Applying CVar settings from Section [ConsoleVariables] File [C:/study/ProjectRun/Saved/Config/Windows/Editor.ini]
[2022.07.19-06.37.58:627][  0]LogInit: Computer: LEEMINSEOK
[2022.07.19-06.37.58:627][  0]LogInit: User: sycym
[2022.07.19-06.37.58:627][  0]LogInit: CPU Page size=4096, Cores=14
[2022.07.19-06.37.58:627][  0]LogInit: High frequency timer resolution =10.000000 MHz
[2022.07.19-06.37.58:627][  0]LogMemory: Memory total: Physical=15.7GB (16GB approx)
[2022.07.19-06.37.58:627][  0]LogMemory: Platform Memory Stats for Windows
[2022.07.19-06.37.58:627][  0]LogMemory: Process Physical Memory: 147.70 MB used, 147.70 MB peak
[2022.07.19-06.37.58:627][  0]LogMemory: Process Virtual Memory: 132.89 MB used, 132.89 MB peak
[2022.07.19-06.37.58:627][  0]LogMemory: Physical Memory: 8601.00 MB used,  7450.94 MB free, 16051.94 MB total
[2022.07.19-06.37.58:627][  0]LogMemory: Virtual Memory: 134205856.00 MB used,  11869.70 MB free, 134217728.00 MB total
[2022.07.19-06.37.58:633][  0]LogWindows: WindowsPlatformFeatures enabled
[2022.07.19-06.37.58:675][  0]LogInit: Physics initialised using underlying interface: PhysX
[2022.07.19-06.37.58:676][  0]LogInit: Using OS detected language (ko-KR).
[2022.07.19-06.37.58:676][  0]LogInit: Using OS detected locale (ko-KR).
[2022.07.19-06.37.58:679][  0]LogTextLocalizationManager: No specific localization for 'ko-KR' exists, so the 'ko' localization will be used.
[2022.07.19-06.37.58:788][  0]LogWindowsTextInputMethodSystem: Display: IME system deactivated.
[2022.07.19-06.37.58:871][  0]LogSlate: New Slate User Created.  User Index 0, Is Virtual User: 0
[2022.07.19-06.37.58:871][  0]LogSlate: Slate User Registered.  User Index 0, Is Virtual User: 0
[2022.07.19-06.37.58:883][  0]LogD3D11RHI: Loaded GFSDK_Aftermath_Lib.x64.dll
[2022.07.19-06.37.58:886][  0]LogHMD: Failed to initialize OpenVR with code 110
[2022.07.19-06.37.58:886][  0]LogD3D11RHI: D3D11 min allowed feature level: 11_0
[2022.07.19-06.37.58:886][  0]LogD3D11RHI: D3D11 max allowed feature level: 11_0
[2022.07.19-06.37.58:886][  0]LogD3D11RHI: D3D11 adapters:
[2022.07.19-06.37.58:967][  0]LogD3D11RHI:    0. 'NVIDIA GeForce RTX 3070 Ti Laptop GPU' (Feature Level 11_0)
[2022.07.19-06.37.58:967][  0]LogD3D11RHI:       8043/0/8025 MB DedicatedVideo/DedicatedSystem/SharedSystem, Outputs:1, VendorId:0x10de
[2022.07.19-06.37.59:000][  0]LogD3D11RHI:    1. 'Intel(R) Iris(R) Xe Graphics' (Feature Level 11_0)
[2022.07.19-06.37.59:000][  0]LogD3D11RHI:       128/0/8025 MB DedicatedVideo/DedicatedSystem/SharedSystem, Outputs:0, VendorId:0x8086
[2022.07.19-06.37.59:003][  0]LogD3D11RHI:    2. 'Microsoft Basic Render Driver' (Feature Level 11_0)
[2022.07.19-06.37.59:003][  0]LogD3D11RHI:       0/0/8025 MB DedicatedVideo/DedicatedSystem/SharedSystem, Outputs:0, VendorId:0x1414
[2022.07.19-06.37.59:003][  0]LogD3D11RHI: Chosen D3D11 Adapter:
[2022.07.19-06.37.59:003][  0]LogD3D11RHI:     Description : NVIDIA GeForce RTX 3070 Ti Laptop GPU
[2022.07.19-06.37.59:003][  0]LogD3D11RHI:     VendorId    : 10de
[2022.07.19-06.37.59:003][  0]LogD3D11RHI:     DeviceId    : 24e0
[2022.07.19-06.37.59:003][  0]LogD3D11RHI:     SubSysId    : 8a14103c
[2022.07.19-06.37.59:003][  0]LogD3D11RHI:     Revision    : 00a1
[2022.07.19-06.37.59:003][  0]LogD3D11RHI:     DedicatedVideoMemory : 8433696768 bytes
[2022.07.19-06.37.59:003][  0]LogD3D11RHI:     DedicatedSystemMemory : 0 bytes
[2022.07.19-06.37.59:003][  0]LogD3D11RHI:     SharedSystemMemory : 8415840256 bytes
[2022.07.19-06.37.59:003][  0]LogD3D11RHI:     AdapterLuid : 0 69658
[2022.07.19-06.37.59:009][  0]LogD3D11RHI: Creating new Direct3DDevice
[2022.07.19-06.37.59:009][  0]LogD3D11RHI:     GPU DeviceId: 0x24e0 (for the marketing name, search the web for "GPU Device Id")
[2022.07.19-06.37.59:009][  0]LogWindows: EnumDisplayDevices:
[2022.07.19-06.37.59:009][  0]LogWindows:    0. 'Intel(R) Iris(R) Xe Graphics' (P:0 D:0)
[2022.07.19-06.37.59:009][  0]LogWindows:    1. 'Intel(R) Iris(R) Xe Graphics' (P:0 D:0)
[2022.07.19-06.37.59:009][  0]LogWindows:    2. 'Intel(R) Iris(R) Xe Graphics' (P:0 D:0)
[2022.07.19-06.37.59:009][  0]LogWindows:    3. 'Intel(R) Iris(R) Xe Graphics' (P:0 D:0)
[2022.07.19-06.37.59:009][  0]LogWindows:    4. 'NVIDIA GeForce RTX 3070 Ti Laptop GPU' (P:1 D:1)
[2022.07.19-06.37.59:009][  0]LogWindows:    5. 'NVIDIA GeForce RTX 3070 Ti Laptop GPU' (P:0 D:0)
[2022.07.19-06.37.59:009][  0]LogWindows:    6. 'NVIDIA GeForce RTX 3070 Ti Laptop GPU' (P:0 D:0)
[2022.07.19-06.37.59:010][  0]LogWindows:    7. 'NVIDIA GeForce RTX 3070 Ti Laptop GPU' (P:0 D:0)
[2022.07.19-06.37.59:010][  0]LogWindows: DebugString: PrimaryIsNotTheChoosenAdapter PrimaryIsNotTheChoosenAdapter PrimaryIsNotTheChoosenAdapter PrimaryIsNotTheChoosenAdapter FoundDriverCount:4 
[2022.07.19-06.37.59:010][  0]LogD3D11RHI:     Adapter Name: NVIDIA GeForce RTX 3070 Ti Laptop GPU
[2022.07.19-06.37.59:010][  0]LogD3D11RHI:   Driver Version: 512.78 (internal:30.0.15.1278, unified:512.78)
[2022.07.19-06.37.59:010][  0]LogD3D11RHI:      Driver Date: 5-5-2022
[2022.07.19-06.37.59:010][  0]LogRHI: Texture pool is 5630 MB (70% of 8043 MB)
[2022.07.19-06.37.59:010][  0]LogD3D11RHI: Creating D3DDevice using adapter:
[2022.07.19-06.37.59:010][  0]LogD3D11RHI:     Description : NVIDIA GeForce RTX 3070 Ti Laptop GPU
[2022.07.19-06.37.59:010][  0]LogD3D11RHI:     VendorId    : 10de
[2022.07.19-06.37.59:010][  0]LogD3D11RHI:     DeviceId    : 24e0
[2022.07.19-06.37.59:010][  0]LogD3D11RHI:     SubSysId    : 8a14103c
[2022.07.19-06.37.59:010][  0]LogD3D11RHI:     Revision    : 00a1
[2022.07.19-06.37.59:010][  0]LogD3D11RHI:     DedicatedVideoMemory : 8433696768 bytes
[2022.07.19-06.37.59:010][  0]LogD3D11RHI:     DedicatedSystemMemory : 0 bytes
[2022.07.19-06.37.59:010][  0]LogD3D11RHI:     SharedSystemMemory : 8415840256 bytes
[2022.07.19-06.37.59:010][  0]LogD3D11RHI:     AdapterLuid : 0 69658
[2022.07.19-06.37.59:057][  0]LogD3D11RHI: RHI has support for 64 bit atomics
[2022.07.19-06.37.59:057][  0]LogD3D11RHI: Async texture creation enabled
[2022.07.19-06.37.59:057][  0]LogD3D11RHI: Array index from any shader is supported
[2022.07.19-06.37.59:074][  0]LogD3D11RHI: GPU Timing Frequency: 1000.000000 (Debug: 2 1)
[2022.07.19-06.37.59:095][  0]LogRHI: GeForceNow SDK initialized: 1
[2022.07.19-06.37.59:308][  0]LogTargetPlatformManager: Display: Loaded TargetPlatform 'WindowsNoEditor'
[2022.07.19-06.37.59:313][  0]LogTargetPlatformManager: Display: Loaded TargetPlatform 'Windows'
[2022.07.19-06.37.59:318][  0]LogTargetPlatformManager: Display: Loaded TargetPlatform 'WindowsClient'
[2022.07.19-06.37.59:322][  0]LogTargetPlatformManager: Display: Loaded TargetPlatform 'WindowsServer'
[2022.07.19-06.37.59:322][  0]LogTargetPlatformManager: Display: Building Assets For Windows
[2022.07.19-06.37.59:333][  0]LogAudioDebug: Display: Lib vorbis DLL was dynamically loaded.
[2022.07.19-06.37.59:371][  0]LogTextureFormatOodle: Display: Oodle Texture 2.9.0 init RDO Off
[2022.07.19-06.37.59:409][  0]LogRendererCore: Ray tracing is disabled. Reason: r.RayTracing=0.
[2022.07.19-06.37.59:409][  0]LogShaderCompilers: Guid format shader working directory is 12 characters bigger than the processId version (../../../../../../study/ProjectRun/Intermediate/Shaders/WorkingDirectory/8624/).
[2022.07.19-06.37.59:409][  0]LogShaderCompilers: Cleaned the shader compiler working directory 'C:/Users/sycym/AppData/Local/Temp/UnrealShaderWorkingDir/D71F75CD4F27C5559C82759A6EE4719A/'.
[2022.07.19-06.37.59:410][  0]LogShaderCompilers: Display: Using XGE Controller for Shader Compilation.
[2022.07.19-06.37.59:961][  0]LogDerivedDataCache: Display: Max Cache Size: 512 MB
[2022.07.19-06.38.00:005][  0]LogDerivedDataCache: Loaded boot cache 0.04s 94MB C:/Users/sycym/AppData/Local/UnrealEngine/4.27/DerivedDataCache/Boot.ddc.
[2022.07.19-06.38.00:005][  0]LogDerivedDataCache: Display: Loaded Boot cache: C:/Users/sycym/AppData/Local/UnrealEngine/4.27/DerivedDataCache/Boot.ddc
[2022.07.19-06.38.00:005][  0]LogDerivedDataCache: FDerivedDataBackendGraph:  Pak pak cache file ../../../../../../study/ProjectRun/DerivedDataCache/DDC.ddp not found, will not use a pak cache.
[2022.07.19-06.38.00:005][  0]LogDerivedDataCache: Unable to find inner node Pak for hierarchical cache Hierarchy.
[2022.07.19-06.38.00:005][  0]LogDerivedDataCache: FDerivedDataBackendGraph:  CompressedPak pak cache file ../../../../../../study/ProjectRun/DerivedDataCache/Compressed.ddp not found, will not use a pak cache.
[2022.07.19-06.38.00:005][  0]LogDerivedDataCache: Unable to find inner node CompressedPak for hierarchical cache Hierarchy.
[2022.07.19-06.38.00:018][  0]LogDerivedDataCache: Display: Pak cache opened for reading ../../../Engine/DerivedDataCache/Compressed.ddp.
[2022.07.19-06.38.00:018][  0]LogDerivedDataCache: FDerivedDataBackendGraph:  EnterprisePak pak cache file ../../../Enterprise/DerivedDataCache/Compressed.ddp not found, will not use a pak cache.
[2022.07.19-06.38.00:018][  0]LogDerivedDataCache: Unable to find inner node EnterprisePak for hierarchical cache Hierarchy.
[2022.07.19-06.38.00:032][  0]LogDerivedDataCache: Speed tests for C:/Users/sycym/AppData/Local/UnrealEngine/Common/DerivedDataCache took 0.01 seconds
[2022.07.19-06.38.00:032][  0]LogDerivedDataCache: Display: Performance to C:/Users/sycym/AppData/Local/UnrealEngine/Common/DerivedDataCache: Latency=0.02ms. RandomReadSpeed=1838.78MBs, RandomWriteSpeed=79.12MBs. Assigned SpeedClass 'Local'
[2022.07.19-06.38.00:032][  0]LogDerivedDataCache: Using Local data cache path C:/Users/sycym/AppData/Local/UnrealEngine/Common/DerivedDataCache: Writable
[2022.07.19-06.38.00:032][  0]LogDerivedDataCache: Shared data cache path not found in *engine.ini, will not use an Shared cache.
[2022.07.19-06.38.00:032][  0]LogDerivedDataCache: Unable to find inner node Shared for hierarchical cache Hierarchy.
[2022.07.19-06.38.00:055][  0]LogSlate: Using FreeType 2.10.0
[2022.07.19-06.38.00:055][  0]LogSlate: SlateFontServices - WITH_FREETYPE: 1, WITH_HARFBUZZ: 1
[2022.07.19-06.38.00:128][  0]LogInit: Using OS detected language (ko-KR).
[2022.07.19-06.38.00:128][  0]LogInit: Using OS detected locale (ko-KR).
[2022.07.19-06.38.00:128][  0]LogTextLocalizationManager: No localization for 'ko-KR' exists, so 'en' will be used for the language.
[2022.07.19-06.38.00:128][  0]LogTextLocalizationManager: No localization for 'ko-KR' exists, so 'en' will be used for the locale.
[2022.07.19-06.38.00:128][  0]LogSlate: FontCache flush requested. Reason: Culture for localization was changed
[2022.07.19-06.38.00:128][  0]LogSlate: FontCache flush requested. Reason: Culture for localization was changed
[2022.07.19-06.38.00:131][  0]LogAssetRegistry: FAssetRegistry took 0.0012 seconds to start up
[2022.07.19-06.38.00:231][  0]LogTextLocalizationManager: Compacting localization data took   0.00ms
[2022.07.19-06.38.00:231][  0]LogPackageLocalizationCache: Processed 27 localized package path(s) for 1 prioritized culture(s) in 0.000662 seconds
[2022.07.19-06.38.00:271][  0]LogInit: Selected Device Profile: [Windows]
[2022.07.19-06.38.00:271][  0]LogInit: Active device profile: [0000015C6AFDD400][0000015C6375B740 49] Windows
[2022.07.19-06.38.00:271][  0]LogInit: Profiles: [0000015C6AFDD400][0000015C6375B740 49] Windows, [0000015C6AF63F00][0000015C637638C0 49] WindowsNoEditor, [0000015C6AF73100][0000015C63767A40 49] WindowsServer, [0000015C6AF62D00][0000015C64271BC0 49] WindowsClient, [0000015C6AF70800][0000015C642741C0 49] IOS, [0000015C6AF63A00][0000015C64278340 49] iPadAir, [0000015C6AF73900][0000015C6427C4C0 49] iPadAir2, [0000015C6AF1C800][0000015C64284780 49] IPadPro, [0000015C6AF1C900][0000015C642807C0 49] iPadAir3, [0000015C6AF61300][0000015C64288940 49] iPadAir4, [0000015C6AF1D800][0000015C6428CAC0 49] iPadMini2, [0000015C6AF63100][0000015C64290C40 49] iPadMini3, [0000015C6AF1CC00][0000015C64294DC0 49] iPadMini4, [0000015C6AF60900][0000015C64298F40 49] iPadMini5, [0000015C6AFDE700][0000015C642A1200 49] iPhone6, [0000015C6AFDE600][0000015C6429D240 49] iPodTouch6, [0000015C6AF73C00][0000015C6375F4C0 49] iPhone7, [0000015C6AF70100][0000015C642A5500 49] iPodTouch7, [0000015C6AF1D900][0000015C642A9640 49] iPhone5S, [0000015C6AF73000][0000015C642AD780 49] iPhone6Plus, [0000015C6AF1F700][0000015C642B18C0 49] iPhone6S, [0000015C6AF72300][0000015C642B9A40 49] iPhone6SPlus, [0000015C6AF1E400][0000015C64CC5BC0 49] iPhone7Plus, [0000015C6AF71F00][0000015C64CC81C0 49] iPhoneSE, [0000015C6AF1CB00][0000015C64CCC340 49] iPhone8, [0000015C6AFDD200][0000015C64CD04C0 49] iPhone8Plus, [0000015C6AF1EC00][0000015C64CD4640 49] iPhoneX, [0000015C6AFDD800][0000015C64CD87C0 49] iPhoneXS, [0000015C6AF1CA00][0000015C64CDC940 49] iPhoneXSMax, [0000015C6AFDD000][0000015C64CE0AC0 49] iPhoneXR, [0000015C6AF1F300][0000015C64CE4C40 49] iPhone11, [0000015C6AFDCA00][0000015C64CE8DC0 49] iPhone11Pro, [0000015C6AF1CD00][0000015C64CECF40 49] iPhone11ProMax, [0000015C6AFDDB00][0000015C64CF10C0 49] iPhoneSE2, [0000015C6AF1C400][0000015C64CF5240 49] iPhone12Mini, [0000015C6AFDD100][0000015C64CF93C0 49] iPhone12, [0000015C6AF1F200][0000015C64CFD540 49] iPhone12Pro, [0000015C6AFDCB00][0000015C64D016C0 49] iPhone12ProMax, [0000015C6AF1FE00][0000015C642B5800 49] iPadPro105, [0000015C6AFDDD00][0000015C64D05940 49] iPadPro129, [0000015C6AF1C300][0000015C64D09A80 49] iPadPro97, [0000015C6AFDC800][0000015C64D11C00 49] iPadPro2_129, [0000015C6AF1F500][0000015C64D14200 49] iPad5, [0000015C6AFDDF00][0000015C64D18380 49] iPad6, [0000015C6AF1E000][0000015C64D1C500 49] iPad7, [0000015C6AFDDE00][0000015C64D20680 49] iPad8, [0000015C6AF1C100][0000015C64D24800 49] iPadPro11, [0000015C6AFDE300][0000015C64D28980 49] iPadPro2_11, [0000015C6AF1DD00][0000015C64D2CB00 49] iPadPro3_129, [0000015C6AFDC200][0000015C64D30C80 49] iPadPro4_129, [0000015C6AF1FC00][0000015C64D34E00 49] AppleTV, [0000015C6AFDEC00][0000015C64D38F80 49] AppleTV4K, [0000015C6AF1F600][0000015C64D3D100 49] TVOS, [0000015C6AFDEB00][0000015C64D41280 49] Mac, [0000015C6AF1E700][0000015C64D45400 49] MacClient, [0000015C6AFDEA00][0000015C64D49580 49] MacNoEditor, [0000015C6AF1C700][0000015C64D4D700 49] MacServer, [0000015C6AFDDA00][0000015C64D51880 49] Linux, [0000015C6AF1CF00][0000015C64D0D9C0 49] LinuxAArch64, [0000015C6AFDE200][0000015C64D55B00 49] LinuxNoEditor, [0000015C6AF1E100][0000015C64D580C0 49] LinuxAArch64NoEditor, [0000015C6AFDCF00][0000015C64D60240 49] LinuxClient, [0000015C6AF1FA00][0000015C64D643C0 49] LinuxAArch64Client, [0000015C6AFDF000][0000015C64D68540 49] LinuxServer, [0000015C6AF60300][0000015C64D6C6C0 49] LinuxAArch64Server, [0000015C6AF71400][0000015C64D70840 49] Android, [0000015C6AF61E00][0000015C64D749C0 49] Android_Low, [0000015C6AF72900][0000015C64D78B40 49] Android_Mid, [0000015C6AF61C00][0000015C64D7CCC0 49] Android_High, [0000015C6AF73F00][0000015C64D80E40 49] Android_Default, [0000015C6AF63400][0000015C64D84FC0 49] Android_Adreno4xx, [0000015C6AF73800][0000015C64D89140 49] Android_Adreno5xx_Low, [0000015C6AF62400][0000015C64D8D2C0 49] Android_Adreno5xx, [0000015C6AF73400][0000015C64D91440 49] Android_Adreno6xx, [0000015C6AF61D00][0000015C64D955C0 49] Android_Adreno6xx_Vulkan, [0000015C6AF70D00][0000015C64D99740 49] Android_Mali_T6xx, [0000015C6AF61700][0000015C64D9D8C0 49] Android_Mali_T7xx, [0000015C6AF70400][0000015C64DA1A40 49] Android_Mali_T8xx, [0000015C6AF60F00][0000015C64D5DB80 49] Android_Mali_G71, [0000015C6AF70B00][0000015C64DA4140 49] Android_Mali_G72, [0000015C6AF62800][0000015C64DA8280 49] Android_Mali_G72_Vulkan, [0000015C6AF73500][0000015C64DAC3C0 49] Android_Mali_G76, [0000015C6AF63600][0000015C64DB4540 49] Android_Mali_G76_Vulkan, [0000015C6AF70900][0000015C64DB86C0 49] Android_Mali_G77, [0000015C6AF61800][0000015C64DBC840 49] Android_Mali_G77_Vulkan, [0000015C6AF71600][0000015C646B29C0 49] Android_Mali_G78, [0000015C6AF61F00][0000015C646B6B40 49] Android_Mali_G78_Vulkan, [0000015C6AF71000][0000015C646BACC0 49] Android_Mali_G710, [0000015C6AF61900][0000015C646BEE40 49] Android_Mali_G710_Vulkan, [0000015C6AF71D00][0000015C646C2FC0 49] Android_Vulkan_SM5, [0000015C6AF62000][0000015C646C7140 49] Android_PowerVR_G6xxx, [0000015C6AF71B00][0000015C646CB2C0 49] Android_PowerVR_GT7xxx, [0000015C6AF63000][0000015C646CF440 49] Android_PowerVR_GE8xxx, [0000015C6AF72D00][0000015C646D35C0 49] Android_PowerVR_GM9xxx, [0000015C6AF62500][0000015C646D7740 49] Android_PowerVR_GM9xxx_Vulkan, [0000015C6AF72600][0000015C646DB8C0 49] Android_TegraK1, [0000015C6AF63C00][0000015C646DFA40 49] Android_Unknown_Vulkan, [0000015C6AF71500][0000015C646E3BC0 49] Lumin, [0000015C6AF62200][0000015C64DB0180 49] Lumin_Desktop, [0000015C6AF73300][0000015C646E62C0 49] HoloLens, 
[2022.07.19-06.38.00:308][  0]LogMeshReduction: Using QuadricMeshReduction for automatic static mesh reduction
[2022.07.19-06.38.00:308][  0]LogMeshReduction: Using SimplygonMeshReduction for automatic skeletal mesh reduction
[2022.07.19-06.38.00:308][  0]LogMeshReduction: Using ProxyLODMeshReduction for automatic mesh merging
[2022.07.19-06.38.00:308][  0]LogMeshReduction: No distributed automatic mesh merging module available
[2022.07.19-06.38.00:308][  0]LogMeshMerging: No distributed automatic mesh merging module available
[2022.07.19-06.38.00:381][  0]LogNetVersion: ProjectRun 1.0.0, NetCL: 17155196, EngineNetVer: 17, GameNetVer: 0 (Checksum: 340476433)
[2022.07.19-06.38.00:546][  0]LogTexture: Default maximum texture size for cubemaps generated from long-lat sources has been changed from 512 to unlimited. In order to preserve old behaiour for '/Engine/MapTemplates/Sky/DaylightAmbientCubemap.DaylightAmbientCubemap', its maximum texture size has been explicitly set to 512.
[2022.07.19-06.38.00:582][  0]LogHMD: PokeAHoleMaterial loaded successfully
[2022.07.19-06.38.00:676][  0]LogMoviePlayer: Initializing movie player
[2022.07.19-06.38.00:778][  0]LogNiagaraDebuggerClient: Niagara Debugger Client Initialized | Session: FD841714445C18A92B277CA6D6E5DDEA | Instance: 1EA1580B49F03B964B22A2AD059AFBF2 (LEEMINSEOK-8624).
[2022.07.19-06.38.00:795][  0]LogCollectionManager: Loaded 0 collections in 0.001506 seconds
[2022.07.19-06.38.00:798][  0]LogFileCache: Scanning file cache for directory 'C:/study/ProjectRun/Saved/Collections/' took 0.00s
[2022.07.19-06.38.00:798][  0]LogFileCache: Scanning file cache for directory 'C:/study/ProjectRun/Content/Developers/sycym/Collections/' took 0.00s
[2022.07.19-06.38.00:798][  0]LogCollectionManager: Fixed up redirectors for 0 collections in 0.000001 seconds (updated 0 objects)
[2022.07.19-06.38.00:817][  0]LogFileCache: Scanning file cache for directory 'C:/study/ProjectRun/Content/Collections/' took 0.00s
[2022.07.19-06.38.00:817][  0]LogPython: Using Python 3.7.7
[2022.07.19-06.38.01:155][  0]LogTcpMessaging: Initializing TcpMessaging bridge
[2022.07.19-06.38.01:159][  0]LogUdpMessaging: Initializing bridge on interface 0.0.0.0:0 to multicast group 230.0.0.1:6666.
[2022.07.19-06.38.01:159][  0]FUdpSocketBuilder: Failed to subscribe UdpMessageMulticastSocket to multicast group 230.0.0.1 on interface 0.0.0.0
[2022.07.19-06.38.01:159][  0]FUdpSocketBuilder: Failed to create and initialize socket UdpMessageMulticastSocket (last error: 0)
[2022.07.19-06.38.01:159][  0]LogUdpMessaging: Warning: StartTransport failed to create multicast socket on 0.0.0.0:0, joined to 230.0.0.1:6666 with TTL 1
[2022.07.19-06.38.01:202][  0]LogSteamShared: Display: Loading Steam SDK 1.51
[2022.07.19-06.38.01:204][  0]LogSteamShared: Steam SDK Loaded!
[2022.07.19-06.38.01:264][  0]SourceControl: Source control is disabled
[2022.07.19-06.38.01:264][  0]SourceControl: Source control is disabled
[2022.07.19-06.38.01:267][  0]SourceControl: Source control is disabled
[2022.07.19-06.38.01:276][  0]LogUProjectInfo: Found projects:
[2022.07.19-06.38.01:339][  0]LogOpenImageDenoise: OIDN starting up
[2022.07.19-06.38.01:376][  0]LogAndroidPermission: UAndroidPermissionCallbackProxy::GetInstance
[2022.07.19-06.38.01:394][  0]LogAudioCaptureCore: Display: No Audio Capture implementations found. Audio input will be silent.
[2022.07.19-06.38.01:394][  0]LogAudioCaptureCore: Display: No Audio Capture implementations found. Audio input will be silent.
[2022.07.19-06.38.01:446][  0]LogOcInput: OculusInput pre-init called
[2022.07.19-06.38.01:452][  0]LogUObjectArray: 22352 objects as part of root set at end of initial load.
[2022.07.19-06.38.01:452][  0]LogUObjectAllocator: 6048224 out of 0 bytes used by permanent object pool.
[2022.07.19-06.38.01:452][  0]LogUObjectArray: CloseDisregardForGC: 0/0 objects in disregard for GC pool
[2022.07.19-06.38.01:490][  0]LogClass: Display: BoolProperty FBPSteamGroupOfficer::bIsOwner is not initialized properly. Module:AdvancedSteamSessions File:Classes/SteamRequestGroupOfficersCallbackProxy.h
[2022.07.19-06.38.01:490][  0]LogClass: Display: IntProperty FBPSteamGroupInfo::numOnline is not initialized properly. Module:AdvancedSteamSessions File:Classes/AdvancedSteamFriendsLibrary.h
[2022.07.19-06.38.01:490][  0]LogClass: Display: IntProperty FBPSteamGroupInfo::numInGame is not initialized properly. Module:AdvancedSteamSessions File:Classes/AdvancedSteamFriendsLibrary.h
[2022.07.19-06.38.01:490][  0]LogClass: Display: IntProperty FBPSteamGroupInfo::numChatting is not initialized properly. Module:AdvancedSteamSessions File:Classes/AdvancedSteamFriendsLibrary.h
[2022.07.19-06.38.01:490][  0]LogClass: Display: 4 Uninitialized script struct members found including 0 object properties
[2022.07.19-06.38.01:490][  0]LogEngine: Initializing Engine...
[2022.07.19-06.38.01:492][  0]LogHMD: Failed to enumerate extensions. Please check that you have a valid OpenXR runtime installed.
[2022.07.19-06.38.01:492][  0]LogHMD: Failed to initialize OpenVR with code 110
[2022.07.19-06.38.01:492][  0]LogMagicLeap: Warning: VR disabled because ZI is not enabled.  To enable, in the editor, Edit -> Project Settings -> Plugins -> Magic Leap Plugin -> Enable Zero Iteration
[2022.07.19-06.38.01:494][  0]LogStats: UGameplayTagsManager::InitializeManager -  0.000 s
[2022.07.19-06.38.01:564][  0]LogInit: Initializing FReadOnlyCVARCache
[2022.07.19-06.38.01:564][  0]LogAudio: Display: Initializing Audio Device Manager...
[2022.07.19-06.38.01:568][  0]LogAudio: Display: Loading Default Audio Settings Objects...
[2022.07.19-06.38.01:568][  0]LogAudio: Display: No default SoundConcurrencyObject specified (or failed to load).
[2022.07.19-06.38.01:569][  0]LogAudio: Display: Audio Device Manager Initialized
[2022.07.19-06.38.01:569][  0]LogAudio: Display: Creating Audio Device:                 Id: 1, Scope: Shared, Realtime: True
[2022.07.19-06.38.01:569][  0]LogAudioMixer: Display: Audio Mixer Platform Settings:
[2022.07.19-06.38.01:569][  0]LogAudioMixer: Display: 	Sample Rate:						  48000
[2022.07.19-06.38.01:569][  0]LogAudioMixer: Display: 	Callback Buffer Frame Size Requested: 1024
[2022.07.19-06.38.01:569][  0]LogAudioMixer: Display: 	Callback Buffer Frame Size To Use:	  1024
[2022.07.19-06.38.01:569][  0]LogAudioMixer: Display: 	Number of buffers to queue:			  2
[2022.07.19-06.38.01:569][  0]LogAudioMixer: Display: 	Max Channels (voices):				  32
[2022.07.19-06.38.01:569][  0]LogAudioMixer: Display: 	Number of Async Source Workers:		  0
[2022.07.19-06.38.01:569][  0]LogAudio: Display: AudioDevice MaxSources: 32
[2022.07.19-06.38.01:569][  0]LogAudio: Display: Audio Spatialization Plugin: None (built-in).
[2022.07.19-06.38.01:569][  0]LogAudio: Display: Audio Reverb Plugin: None (built-in).
[2022.07.19-06.38.01:569][  0]LogAudio: Display: Audio Occlusion Plugin: None (built-in).
[2022.07.19-06.38.01:569][  0]LogAudioMixer: Display: Initializing audio mixer.
[2022.07.19-06.38.01:579][  0]LogAudioMixer: Display: 0: FrontLeft
[2022.07.19-06.38.01:579][  0]LogAudioMixer: Display: 1: FrontRight
[2022.07.19-06.38.01:681][  0]LogAudioMixer: Display: Using Audio Device Speaker(Realtek(R) Audio)
[2022.07.19-06.38.01:685][  0]LogAudioMixer: Display: Initializing Sound Submixes...
[2022.07.19-06.38.01:686][  0]LogAudioMixer: Display: Creating Master Submix 'MasterSubmixDefault'
[2022.07.19-06.38.01:686][  0]LogAudioMixer: Display: Creating Master Submix 'MasterReverbSubmixDefault'
[2022.07.19-06.38.01:687][  0]LogAudioMixer: Display: Creating Master Submix 'MasterEQSubmixDefault'
[2022.07.19-06.38.01:687][  0]LogAudioMixer: FMixerPlatformXAudio2::StartAudioStream() called
[2022.07.19-06.38.01:687][  0]LogAudioMixer: Display: Output buffers initialized: Frames=1024, Channels=2, Samples=2048
[2022.07.19-06.38.01:688][  0]LogAudioMixer: Display: Starting AudioMixerPlatformInterface::RunInternal()
[2022.07.19-06.38.01:688][  0]LogAudioMixer: Display: FMixerPlatformXAudio2::SubmitBuffer() called for the first time
[2022.07.19-06.38.01:688][  0]LogInit: FAudioDevice initialized.
[2022.07.19-06.38.01:689][  0]LogNetVersion: Set ProjectVersion to 1.0.0.0. Version Checksum will be recalculated on next use.
[2022.07.19-06.38.01:689][  0]LogInit: Texture streaming: Enabled
[2022.07.19-06.38.01:739][  0]LogAudio: Display: Audio Device (ID: 1) registered with world 'Untitled'.
[2022.07.19-06.38.01:739][  0]LogSlate: Updating window title bar state: overlay mode, drag disabled, window buttons hidden, title bar hidden
[2022.07.19-06.38.01:740][  0]LogInit: Display: Game Engine Initialized.
[2022.07.19-06.38.01:740][  0]LogNiagaraEditor: GEditor isn't valid! Particle reset commands will not work for Niagara components!
[2022.07.19-06.38.01:849][  0]LogInit: Display: Starting Game.
[2022.07.19-06.38.01:850][  0]LogNet: Browse: 127.0.0.1:17777/Game/ProjectRun/Level/Entry?Name=Player
[2022.07.19-06.38.01:850][  0]LogInit: WinSock: Socket queue. Rx: 32768 (config 32768) Tx: 32768 (config 32768)
[2022.07.19-06.38.01:850][  0]LogNet: Created socket for bind address: 0.0.0.0 on port 0
[2022.07.19-06.38.01:851][  0]PacketHandlerLog: Loaded PacketHandler component: Engine.EngineHandlerComponentFactory (StatelessConnectHandlerComponent)
[2022.07.19-06.38.01:851][  0]LogNet: Game client on port 17777, rate 100000
[2022.07.19-06.38.01:856][  0]LogUdpMessaging: Warning: UDP messaging encountered an error. Auto repair routine started for reinitialization
[2022.07.19-06.38.01:943][  0]LogInit: Display: Engine is initialized. Leaving FEngineLoop::Init()
[2022.07.19-06.38.01:943][  0]LogLoad: (Engine Initialization) Total time: 4.18 seconds
[2022.07.19-06.38.01:943][  0]LogLoad: (Engine Initialization) Total Blueprint compile time: 0.00 seconds
[2022.07.19-06.38.01:946][  0]LogContentStreaming: Texture pool size now 1000 MB
[2022.07.19-06.38.01:948][  0]LogSlate: InvalidateAllWidgets triggered.  All widgets were invalidated
[2022.07.19-06.38.03:070][221]FUdpSocketBuilder: Failed to subscribe UdpMessageMulticastSocket to multicast group 230.0.0.1 on interface 0.0.0.0
[2022.07.19-06.38.03:070][221]FUdpSocketBuilder: Failed to create and initialize socket UdpMessageMulticastSocket (last error: 0)
[2022.07.19-06.38.03:070][221]LogUdpMessaging: Warning: StartTransport failed to create multicast socket on 0.0.0.0:0, joined to 230.0.0.1:6666 with TTL 1
[2022.07.19-06.38.03:076][229]LogUdpMessaging: Warning: UDP messaging encountered an error. Auto repair routine started for reinitialization
[2022.07.19-06.38.03:145][592]LogHandshake: SendChallengeResponse. Timestamp: 5.814059, Cookie: 042156097137236248056085237109253108234254147065216090138246
[2022.07.19-06.38.03:483][674]LogNetVersion: ProjectRun 1.0.0.0, NetCL: 17155196, EngineNetVer: 17, GameNetVer: 0 (Checksum: 3029291048)
[2022.07.19-06.38.03:483][674]LogNet: UPendingNetGame::SendInitialJoin: Sending hello. [UNetConnection] RemoteAddr: 127.0.0.1:17777, Name: IpConnection_0, Driver: PendingNetDriver IpNetDriver_0, IsServer: NO, PC: NULL, Owner: NULL, UniqueId: INVALID
[2022.07.19-06.38.04:152][857]LogNet: Welcomed by server (Level: /Game/ProjectRun/Level/UEDPIE_0_Entry, Game: /Game/ProjectRun/GameMode/Entry/BP_EntryGameMode.BP_EntryGameMode_C)
[2022.07.19-06.38.04:152][857]LogLoad: LoadMap: 127.0.0.1:17777/Game/ProjectRun/Level/Entry?Name=Player?game=/Game/ProjectRun/GameMode/Entry/BP_EntryGameMode.BP_EntryGameMode_C
[2022.07.19-06.38.04:152][857]LogWorld: BeginTearingDown for /Temp/Untitled_0
[2022.07.19-06.38.04:152][857]LogWorld: UWorld::CleanupWorld for Untitled, bSessionEnded=true, bCleanupResources=true
[2022.07.19-06.38.04:152][857]LogSlate: InvalidateAllWidgets triggered.  All widgets were invalidated
[2022.07.19-06.38.04:156][857]LogAudio: Display: Audio Device unregistered from world 'None'.
[2022.07.19-06.38.04:158][857]LogUObjectHash: Compacting FUObjectHashTables data took   0.51ms
[2022.07.19-06.38.04:214][857]LogAudio: Display: Audio Device (ID: 1) registered with world 'Entry'.
[2022.07.19-06.38.04:215][857]LogWorld: Bringing World /Game/ProjectRun/Level/Entry.Entry up for play (max tick rate 0) at 2022.07.19-15.38.04
[2022.07.19-06.38.04:215][857]LogWorld: Bringing up level for play took: 0.000216
[2022.07.19-06.38.04:216][857]LogRenderer: Reallocating scene render targets to support 640x480 Format 10 NumSamples 1 (Frame:1).
[2022.07.19-06.38.04:216][857]LogSlate: Took 0.000133 seconds to synchronously load lazily loaded font '../../../Engine/Content/Slate/Fonts/Roboto-Regular.ttf' (155K)
[2022.07.19-06.38.04:216][857]LogLoad: Took 0.064037 seconds to LoadMap(/Game/ProjectRun/Level/Entry)
[2022.07.19-06.38.04:825][415]LogOnlineSession: Warning: OSS: No game present to join for session (GameSession)
[2022.07.19-06.38.04:825][415]LogOnlineSession: Warning: OSS: No game present to join for session (GameSession)
[2022.07.19-06.38.04:827][415]LogViewport: Display: Viewport MouseLockMode Changed, LockOnCapture -> DoNotLock
[2022.07.19-06.38.04:827][415]LogViewport: Display: Viewport MouseCaptureMode Changed, CapturePermanently_IncludingInitialMouseDown -> NoCapture
[2022.07.19-06.38.05:182][648]FUdpSocketBuilder: Failed to subscribe UdpMessageMulticastSocket to multicast group 230.0.0.1 on interface 0.0.0.0
[2022.07.19-06.38.05:182][648]FUdpSocketBuilder: Failed to create and initialize socket UdpMessageMulticastSocket (last error: 0)
[2022.07.19-06.38.05:182][648]LogUdpMessaging: Warning: StartTransport failed to create multicast socket on 0.0.0.0:0, joined to 230.0.0.1:6666 with TTL 1
[2022.07.19-06.38.05:185][649]LogUdpMessaging: Warning: UDP messaging encountered an error. Auto repair routine started for reinitialization
[2022.07.19-06.38.07:195][408]FUdpSocketBuilder: Failed to subscribe UdpMessageMulticastSocket to multicast group 230.0.0.1 on interface 0.0.0.0
[2022.07.19-06.38.07:195][408]FUdpSocketBuilder: Failed to create and initialize socket UdpMessageMulticastSocket (last error: 0)
[2022.07.19-06.38.07:195][408]LogUdpMessaging: Warning: StartTransport failed to create multicast socket on 0.0.0.0:0, joined to 230.0.0.1:6666 with TTL 1
[2022.07.19-06.38.07:202][412]LogUdpMessaging: Warning: UDP messaging encountered an error. Auto repair routine started for reinitialization
[2022.07.19-06.38.08:405][293]FUdpSocketBuilder: Failed to subscribe UdpMessageMulticastSocket to multicast group 230.0.0.1 on interface 0.0.0.0
[2022.07.19-06.38.08:405][293]FUdpSocketBuilder: Failed to create and initialize socket UdpMessageMulticastSocket (last error: 0)
[2022.07.19-06.38.08:405][293]LogUdpMessaging: Warning: StartTransport failed to create multicast socket on 0.0.0.0:0, joined to 230.0.0.1:6666 with TTL 1
[2022.07.19-06.38.08:411][295]LogUdpMessaging: Warning: UDP messaging encountered an error. Auto repair routine started for reinitialization
[2022.07.19-06.38.09:882][653]LogNet: Error: UEngine::BroadcastNetworkFailure: FailureType = FailureReceived, ErrorString = Host closed the connection., Driver = GameNetDriver IpNetDriver_0
[2022.07.19-06.38.09:882][653]LogNet: Warning: Network Failure: GameNetDriver[FailureReceived]: Host closed the connection.
[2022.07.19-06.38.09:882][653]LogNet: NetworkFailure: FailureReceived, Error: 'Host closed the connection.'
[2022.07.19-06.38.09:882][653]LogNet: UNetConnection::Close: [UNetConnection] RemoteAddr: 127.0.0.1:17777, Name: IpConnection_0, Driver: GameNetDriver IpNetDriver_0, IsServer: NO, PC: PlayerController_1, Owner: PlayerController_1, UniqueId: NULL:LeeMinSeok-7FC4E9D544FC571D5096D69F5A7352F2, Channels: 10, Time: 2022.07.19-06.38.09
[2022.07.19-06.38.09:882][653]LogNet: UChannel::Close: Sending CloseBunch. ChIndex == 0. Name: [UChannel] ChIndex: 0, Closing: 0 [UNetConnection] RemoteAddr: 127.0.0.1:17777, Name: IpConnection_0, Driver: GameNetDriver IpNetDriver_0, IsServer: NO, PC: PlayerController_1, Owner: PlayerController_1, UniqueId: NULL:LeeMinSeok-7FC4E9D544FC571D5096D69F5A7352F2
[2022.07.19-06.38.09:882][653]LogNet: Error: UEngine::BroadcastNetworkFailure: FailureType = ConnectionLost, ErrorString = Your connection to the host has been lost., Driver = GameNetDriver IpNetDriver_0
[2022.07.19-06.38.09:882][654]LogNet: Browse: /Game/ProjectRun/Level/Entry?closed
[2022.07.19-06.38.09:883][654]LogNet: Connection failed; returning to Entry
[2022.07.19-06.38.09:883][654]LogLoad: LoadMap: /Game/ProjectRun/Level/Entry?closed
[2022.07.19-06.38.09:883][654]LogWorld: BeginTearingDown for /Game/ProjectRun/Level/Entry
[2022.07.19-06.38.09:883][654]LogNet: World NetDriver shutdown IpNetDriver_0 [GameNetDriver]
[2022.07.19-06.38.09:883][654]LogNet: DestroyNamedNetDriver IpNetDriver_0 [GameNetDriver]
[2022.07.19-06.38.09:883][654]LogExit: GameNetDriver IpNetDriver_0 shut down
[2022.07.19-06.38.09:883][654]LogWorld: UWorld::CleanupWorld for Entry, bSessionEnded=true, bCleanupResources=true
[2022.07.19-06.38.09:883][654]LogSlate: InvalidateAllWidgets triggered.  All widgets were invalidated
[2022.07.19-06.38.09:919][654]LogAudio: Display: Waited 35.165199 ms for audio thread.
[2022.07.19-06.38.09:922][654]LogAudio: Display: Waited 38.992901 ms for audio thread.
[2022.07.19-06.38.09:933][654]LogAudio: Display: Audio Device unregistered from world 'None'.
[2022.07.19-06.38.09:935][654]LogUObjectHash: Compacting FUObjectHashTables data took   0.38ms
[2022.07.19-06.38.09:999][654]LogAudio: Display: Audio Device (ID: 1) registered with world 'Entry'.
[2022.07.19-06.38.10:006][654]LogAIModule: Creating AISystem for world Entry
[2022.07.19-06.38.10:006][654]LogLoad: Game class is 'BP_EntryGameMode_C'
[2022.07.19-06.38.10:007][654]LogWorld: Bringing World /Game/ProjectRun/Level/Entry.Entry up for play (max tick rate 0) at 2022.07.19-15.38.10
[2022.07.19-06.38.10:007][654]LogWorld: Bringing up level for play took: 0.000280
[2022.07.19-06.38.10:007][654]LogGameMode: FindPlayerStart: PATHS NOT DEFINED or NO PLAYERSTART with positive rating
[2022.07.19-06.38.10:009][654]LogLoad: Took 0.126092 seconds to LoadMap(/Game/ProjectRun/Level/Entry)
[2022.07.19-06.38.10:015][654]LogUObjectHash: Compacting FUObjectHashTables data took   0.59ms
[2022.07.19-06.38.10:517][ 24]FUdpSocketBuilder: Failed to subscribe UdpMessageMulticastSocket to multicast group 230.0.0.1 on interface 0.0.0.0
[2022.07.19-06.38.10:517][ 24]FUdpSocketBuilder: Failed to create and initialize socket UdpMessageMulticastSocket (last error: 0)
[2022.07.19-06.38.10:517][ 24]LogUdpMessaging: Warning: StartTransport failed to create multicast socket on 0.0.0.0:0, joined to 230.0.0.1:6666 with TTL 1
[2022.07.19-06.38.10:520][ 25]LogUdpMessaging: Warning: UDP messaging encountered an error. Auto repair routine started for reinitialization
[2022.07.19-06.38.12:530][874]FUdpSocketBuilder: Failed to subscribe UdpMessageMulticastSocket to multicast group 230.0.0.1 on interface 0.0.0.0
[2022.07.19-06.38.12:530][874]FUdpSocketBuilder: Failed to create and initialize socket UdpMessageMulticastSocket (last error: 0)
[2022.07.19-06.38.12:530][874]LogUdpMessaging: Warning: StartTransport failed to create multicast socket on 0.0.0.0:0, joined to 230.0.0.1:6666 with TTL 1
[2022.07.19-06.38.12:536][876]LogUdpMessaging: Warning: UDP messaging encountered an error. Auto repair routine started for reinitialization
[2022.07.19-06.38.14:647][856]FUdpSocketBuilder: Failed to subscribe UdpMessageMulticastSocket to multicast group 230.0.0.1 on interface 0.0.0.0
[2022.07.19-06.38.14:647][856]FUdpSocketBuilder: Failed to create and initialize socket UdpMessageMulticastSocket (last error: 0)
[2022.07.19-06.38.14:648][856]LogUdpMessaging: Warning: StartTransport failed to create multicast socket on 0.0.0.0:0, joined to 230.0.0.1:6666 with TTL 1
[2022.07.19-06.38.14:652][858]LogUdpMessaging: Warning: UDP messaging encountered an error. Auto repair routine started for reinitialization
[2022.07.19-06.38.15:757][873]FUdpSocketBuilder: Failed to subscribe UdpMessageMulticastSocket to multicast group 230.0.0.1 on interface 0.0.0.0
[2022.07.19-06.38.15:757][873]FUdpSocketBuilder: Failed to create and initialize socket UdpMessageMulticastSocket (last error: 0)
[2022.07.19-06.38.15:757][873]LogUdpMessaging: Warning: StartTransport failed to create multicast socket on 0.0.0.0:0, joined to 230.0.0.1:6666 with TTL 1
[2022.07.19-06.38.15:767][879]LogUdpMessaging: Warning: UDP messaging encountered an error. Auto repair routine started for reinitialization
[2022.07.19-06.38.16:967][873]FUdpSocketBuilder: Failed to subscribe UdpMessageMulticastSocket to multicast group 230.0.0.1 on interface 0.0.0.0
[2022.07.19-06.38.16:967][873]FUdpSocketBuilder: Failed to create and initialize socket UdpMessageMulticastSocket (last error: 0)
[2022.07.19-06.38.16:967][873]LogUdpMessaging: Warning: StartTransport failed to create multicast socket on 0.0.0.0:0, joined to 230.0.0.1:6666 with TTL 1
[2022.07.19-06.38.16:976][879]LogUdpMessaging: Warning: UDP messaging encountered an error. Auto repair routine started for reinitialization
[2022.07.19-06.38.18:177][849]FUdpSocketBuilder: Failed to subscribe UdpMessageMulticastSocket to multicast group 230.0.0.1 on interface 0.0.0.0
[2022.07.19-06.38.18:177][849]FUdpSocketBuilder: Failed to create and initialize socket UdpMessageMulticastSocket (last error: 0)
[2022.07.19-06.38.18:177][849]LogUdpMessaging: Warning: StartTransport failed to create multicast socket on 0.0.0.0:0, joined to 230.0.0.1:6666 with TTL 1
[2022.07.19-06.38.18:187][854]LogUdpMessaging: Warning: UDP messaging encountered an error. Auto repair routine started for reinitialization
[2022.07.19-06.38.19:250][945]LogBlueprintUserMessages: [SessionList_Widget_C_1] qwe
[2022.07.19-06.38.20:293][893]FUdpSocketBuilder: Failed to subscribe UdpMessageMulticastSocket to multicast group 230.0.0.1 on interface 0.0.0.0
[2022.07.19-06.38.20:293][893]FUdpSocketBuilder: Failed to create and initialize socket UdpMessageMulticastSocket (last error: 0)
[2022.07.19-06.38.20:293][893]LogUdpMessaging: Warning: StartTransport failed to create multicast socket on 0.0.0.0:0, joined to 230.0.0.1:6666 with TTL 1
[2022.07.19-06.38.20:297][895]LogUdpMessaging: Warning: UDP messaging encountered an error. Auto repair routine started for reinitialization
[2022.07.19-06.38.21:402][897]FUdpSocketBuilder: Failed to subscribe UdpMessageMulticastSocket to multicast group 230.0.0.1 on interface 0.0.0.0
[2022.07.19-06.38.21:402][897]FUdpSocketBuilder: Failed to create and initialize socket UdpMessageMulticastSocket (last error: 0)
[2022.07.19-06.38.21:402][897]LogUdpMessaging: Warning: StartTransport failed to create multicast socket on 0.0.0.0:0, joined to 230.0.0.1:6666 with TTL 1
[2022.07.19-06.38.21:406][897]LogUdpMessaging: Warning: UDP messaging encountered an error. Auto repair routine started for reinitialization
[2022.07.19-06.38.23:416][753]FUdpSocketBuilder: Failed to subscribe UdpMessageMulticastSocket to multicast group 230.0.0.1 on interface 0.0.0.0
[2022.07.19-06.38.23:416][753]FUdpSocketBuilder: Failed to create and initialize socket UdpMessageMulticastSocket (last error: 0)
[2022.07.19-06.38.23:416][753]LogUdpMessaging: Warning: StartTransport failed to create multicast socket on 0.0.0.0:0, joined to 230.0.0.1:6666 with TTL 1
[2022.07.19-06.38.23:428][757]LogUdpMessaging: Warning: UDP messaging encountered an error. Auto repair routine started for reinitialization
[2022.07.19-06.38.24:228][528]LogOnlineSession: OSS: Join session: traveling to 172.16.5.68:7777
[2022.07.19-06.38.24:228][528]LogNet: Browse: 172.16.5.68/Game/ProjectRun/Level/Entry
[2022.07.19-06.38.24:229][528]LogInit: WinSock: Socket queue. Rx: 32768 (config 32768) Tx: 32768 (config 32768)
[2022.07.19-06.38.24:229][528]LogNet: Created socket for bind address: 0.0.0.0 on port 0
[2022.07.19-06.38.24:229][528]PacketHandlerLog: Loaded PacketHandler component: Engine.EngineHandlerComponentFactory (StatelessConnectHandlerComponent)
[2022.07.19-06.38.24:229][528]LogNet: Game client on port 7777, rate 100000
[2022.07.19-06.38.25:287][566]LogHandshake: SendChallengeResponse. Timestamp: 15.421318, Cookie: 080147029226006151082099096068075119158190183182245046175185
[2022.07.19-06.38.25:631][711]FUdpSocketBuilder: Failed to subscribe UdpMessageMulticastSocket to multicast group 230.0.0.1 on interface 0.0.0.0
[2022.07.19-06.38.25:631][711]FUdpSocketBuilder: Failed to create and initialize socket UdpMessageMulticastSocket (last error: 0)
[2022.07.19-06.38.25:631][711]LogUdpMessaging: Warning: StartTransport failed to create multicast socket on 0.0.0.0:0, joined to 230.0.0.1:6666 with TTL 1
[2022.07.19-06.38.25:634][711]LogNet: UPendingNetGame::SendInitialJoin: Sending hello. [UNetConnection] RemoteAddr: 172.16.5.68:7777, Name: IpConnection_1, Driver: PendingNetDriver IpNetDriver_1, IsServer: NO, PC: NULL, Owner: NULL, UniqueId: INVALID
[2022.07.19-06.38.25:642][718]LogUdpMessaging: Warning: UDP messaging encountered an error. Auto repair routine started for reinitialization
[2022.07.19-06.38.26:293][360]LogNet: Welcomed by server (Level: /Game/ProjectRun/Level/UEDPIE_0_Lobby, Game: /Game/ProjectRun/GameMode/Lobby/BP_LobbyGameMode.BP_LobbyGameMode_C)
[2022.07.19-06.38.26:293][360]LogLoad: LoadMap: 172.16.5.68/Game/ProjectRun/Level/Lobby?game=/Game/ProjectRun/GameMode/Lobby/BP_LobbyGameMode.BP_LobbyGameMode_C
[2022.07.19-06.38.26:293][360]LogWorld: BeginTearingDown for /Game/ProjectRun/Level/Entry
[2022.07.19-06.38.26:294][360]LogWorld: UWorld::CleanupWorld for Entry, bSessionEnded=true, bCleanupResources=true
[2022.07.19-06.38.26:294][360]LogSlate: InvalidateAllWidgets triggered.  All widgets were invalidated
[2022.07.19-06.38.26:326][360]LogAudio: Display: Audio Device unregistered from world 'None'.
[2022.07.19-06.38.26:329][360]LogUObjectHash: Compacting FUObjectHashTables data took   0.39ms
[2022.07.19-06.38.26:352][360]LogAudio: Display: Audio Device (ID: 1) registered with world 'Lobby'.
[2022.07.19-06.38.26:353][360]LogWorld: Bringing World /Game/ProjectRun/Level/Lobby.Lobby up for play (max tick rate 0) at 2022.07.19-15.38.26
[2022.07.19-06.38.26:353][360]LogWorld: Bringing up level for play took: 0.000205
[2022.07.19-06.38.26:354][360]LogLoad: Took 0.060278 seconds to LoadMap(/Game/ProjectRun/Level/Lobby)
[2022.07.19-06.38.26:840][642]FUdpSocketBuilder: Failed to subscribe UdpMessageMulticastSocket to multicast group 230.0.0.1 on interface 0.0.0.0
[2022.07.19-06.38.26:840][642]FUdpSocketBuilder: Failed to create and initialize socket UdpMessageMulticastSocket (last error: 0)
[2022.07.19-06.38.26:840][642]LogUdpMessaging: Warning: StartTransport failed to create multicast socket on 0.0.0.0:0, joined to 230.0.0.1:6666 with TTL 1
[2022.07.19-06.38.26:847][646]LogUdpMessaging: Warning: UDP messaging encountered an error. Auto repair routine started for reinitialization
[2022.07.19-06.38.26:968][764]LogBlueprintUserMessages: [UserList_Widget_C_3] qwe
[2022.07.19-06.38.26:968][764]LogBlueprintUserMessages: [UserList_Widget_C_4] qwer
[2022.07.19-06.38.28:387][ 98]LogNet: Browse: 172.16.5.68/Game/ProjectRun/Level/RunningMap?game=/Game/ProjectRun/GameMode/Lobby/BP_LobbyGameMode.BP_LobbyGameMode_C?listen
[2022.07.19-06.38.28:387][ 98]LogNet: World NetDriver shutdown IpNetDriver_1 [GameNetDriver]
[2022.07.19-06.38.28:387][ 98]LogNet: DestroyNamedNetDriver IpNetDriver_1 [GameNetDriver]
[2022.07.19-06.38.28:387][ 98]LogNet: UNetConnection::Close: [UNetConnection] RemoteAddr: 172.16.5.68:7777, Name: IpConnection_1, Driver: GameNetDriver IpNetDriver_1, IsServer: NO, PC: BP_LobbyPlayerController_C_0, Owner: BP_LobbyPlayerController_C_0, UniqueId: NULL:LeeMinSeok-7FC4E9D544FC571D5096D69F5A7352F2, Channels: 10, Time: 2022.07.19-06.38.28
[2022.07.19-06.38.28:387][ 98]LogNet: UChannel::Close: Sending CloseBunch. ChIndex == 0. Name: [UChannel] ChIndex: 0, Closing: 0 [UNetConnection] RemoteAddr: 172.16.5.68:7777, Name: IpConnection_1, Driver: GameNetDriver IpNetDriver_1, IsServer: NO, PC: BP_LobbyPlayerController_C_0, Owner: BP_LobbyPlayerController_C_0, UniqueId: NULL:LeeMinSeok-7FC4E9D544FC571D5096D69F5A7352F2
[2022.07.19-06.38.28:387][ 98]LogExit: GameNetDriver IpNetDriver_1 shut down
[2022.07.19-06.38.28:387][ 98]LogInit: WinSock: Socket queue. Rx: 32768 (config 32768) Tx: 32768 (config 32768)
[2022.07.19-06.38.28:387][ 98]LogNet: Created socket for bind address: 0.0.0.0 on port 0
[2022.07.19-06.38.28:387][ 98]PacketHandlerLog: Loaded PacketHandler component: Engine.EngineHandlerComponentFactory (StatelessConnectHandlerComponent)
[2022.07.19-06.38.28:387][ 98]LogNet: Game client on port 7777, rate 100000
[2022.07.19-06.38.28:952][536]FUdpSocketBuilder: Failed to subscribe UdpMessageMulticastSocket to multicast group 230.0.0.1 on interface 0.0.0.0
[2022.07.19-06.38.28:952][536]FUdpSocketBuilder: Failed to create and initialize socket UdpMessageMulticastSocket (last error: 0)
[2022.07.19-06.38.28:952][536]LogUdpMessaging: Warning: StartTransport failed to create multicast socket on 0.0.0.0:0, joined to 230.0.0.1:6666 with TTL 1
[2022.07.19-06.38.28:964][543]LogUdpMessaging: Warning: UDP messaging encountered an error. Auto repair routine started for reinitialization
[2022.07.19-06.38.30:162][482]FUdpSocketBuilder: Failed to subscribe UdpMessageMulticastSocket to multicast group 230.0.0.1 on interface 0.0.0.0
[2022.07.19-06.38.30:162][482]FUdpSocketBuilder: Failed to create and initialize socket UdpMessageMulticastSocket (last error: 0)
[2022.07.19-06.38.30:162][482]LogUdpMessaging: Warning: StartTransport failed to create multicast socket on 0.0.0.0:0, joined to 230.0.0.1:6666 with TTL 1
[2022.07.19-06.38.30:175][489]LogUdpMessaging: Warning: UDP messaging encountered an error. Auto repair routine started for reinitialization
[2022.07.19-06.38.32:374][348]FUdpSocketBuilder: Failed to subscribe UdpMessageMulticastSocket to multicast group 230.0.0.1 on interface 0.0.0.0
[2022.07.19-06.38.32:374][348]FUdpSocketBuilder: Failed to create and initialize socket UdpMessageMulticastSocket (last error: 0)
[2022.07.19-06.38.32:374][348]LogUdpMessaging: Warning: StartTransport failed to create multicast socket on 0.0.0.0:0, joined to 230.0.0.1:6666 with TTL 1
[2022.07.19-06.38.32:378][350]LogUdpMessaging: Warning: UDP messaging encountered an error. Auto repair routine started for reinitialization
[2022.07.19-06.38.32:429][392]LogHandshake: SendChallengeResponse. Timestamp: 0.460619, Cookie: 227144091134001225219156247139231202000218231110183038119226
[2022.07.19-06.38.32:444][402]LogNet: UPendingNetGame::SendInitialJoin: Sending hello. [UNetConnection] RemoteAddr: 172.16.5.68:7777, Name: IpConnection_2, Driver: PendingNetDriver IpNetDriver_2, IsServer: NO, PC: NULL, Owner: NULL, UniqueId: INVALID
[2022.07.19-06.38.32:477][419]LogNet: Welcomed by server (Level: /Game/ProjectRun/Level/UEDPIE_0_RunningMap, Game: /Game/ProjectRun/GameMode/RunGame/BP_RunGameMode.BP_RunGameMode_C)
[2022.07.19-06.38.32:477][419]LogLoad: LoadMap: 172.16.5.68/Game/ProjectRun/Level/RunningMap?listen?game=/Game/ProjectRun/GameMode/RunGame/BP_RunGameMode.BP_RunGameMode_C
[2022.07.19-06.38.32:477][419]LogWorld: BeginTearingDown for /Game/ProjectRun/Level/Lobby
[2022.07.19-06.38.32:477][419]LogWorld: UWorld::CleanupWorld for Lobby, bSessionEnded=true, bCleanupResources=true
[2022.07.19-06.38.32:477][419]LogSlate: InvalidateAllWidgets triggered.  All widgets were invalidated
[2022.07.19-06.38.32:517][419]LogAudio: Display: Audio Device unregistered from world 'None'.
[2022.07.19-06.38.32:519][419]LogUObjectHash: Compacting FUObjectHashTables data took   0.38ms
[2022.07.19-06.38.32:687][419]LogAudio: Display: Audio Device (ID: 1) registered with world 'RunningMap'.
[2022.07.19-06.38.32:688][419]LogAIModule: Creating AISystem for world RunningMap
[2022.07.19-06.38.32:701][419]LogWorld: Bringing World /Game/ProjectRun/Level/RunningMap.RunningMap up for play (max tick rate 0) at 2022.07.19-15.38.32
[2022.07.19-06.38.32:701][419]LogWorld: Bringing up level for play took: 0.011996
[2022.07.19-06.38.32:702][419]LogLoad: Took 0.225306 seconds to LoadMap(/Game/ProjectRun/Level/RunningMap)
[2022.07.19-06.38.32:703][419]LogNavigation: Warning: NavData RegistrationFailed_DataPendingKill.
[2022.07.19-06.38.32:731][430]LogOnlineSession: OSS: Player LeeMinSeok-1586794849E1637DD93E7398075FFF29 already registered in session GameSession
[2022.07.19-06.38.32:731][430]LogViewport: Display: Viewport MouseLockMode Changed, DoNotLock -> LockOnCapture
[2022.07.19-06.38.32:731][430]LogViewport: Display: Viewport MouseCaptureMode Changed, NoCapture -> CapturePermanently
[2022.07.19-06.38.32:731][430]LogOnlineSession: OSS: Player LeeMinSeok-7FC4E9D544FC571D5096D69F5A7352F2 already registered in session GameSession
[2022.07.19-06.38.33:485][816]FUdpSocketBuilder: Failed to subscribe UdpMessageMulticastSocket to multicast group 230.0.0.1 on interface 0.0.0.0
[2022.07.19-06.38.33:485][816]FUdpSocketBuilder: Failed to create and initialize socket UdpMessageMulticastSocket (last error: 0)
[2022.07.19-06.38.33:485][816]LogUdpMessaging: Warning: StartTransport failed to create multicast socket on 0.0.0.0:0, joined to 230.0.0.1:6666 with TTL 1
[2022.07.19-06.38.33:495][820]LogUdpMessaging: Warning: UDP messaging encountered an error. Auto repair routine started for reinitialization
[2022.07.19-06.38.35:599][ 80]FUdpSocketBuilder: Failed to subscribe UdpMessageMulticastSocket to multicast group 230.0.0.1 on interface 0.0.0.0
[2022.07.19-06.38.35:599][ 80]FUdpSocketBuilder: Failed to create and initialize socket UdpMessageMulticastSocket (last error: 0)
[2022.07.19-06.38.35:599][ 80]LogUdpMessaging: Warning: StartTransport failed to create multicast socket on 0.0.0.0:0, joined to 230.0.0.1:6666 with TTL 1
[2022.07.19-06.38.35:605][ 81]LogUdpMessaging: Warning: UDP messaging encountered an error. Auto repair routine started for reinitialization
[2022.07.19-06.38.37:612][227]FUdpSocketBuilder: Failed to subscribe UdpMessageMulticastSocket to multicast group 230.0.0.1 on interface 0.0.0.0
[2022.07.19-06.38.37:612][227]FUdpSocketBuilder: Failed to create and initialize socket UdpMessageMulticastSocket (last error: 0)
[2022.07.19-06.38.37:612][227]LogUdpMessaging: Warning: StartTransport failed to create multicast socket on 0.0.0.0:0, joined to 230.0.0.1:6666 with TTL 1
[2022.07.19-06.38.37:625][232]LogUdpMessaging: Warning: UDP messaging encountered an error. Auto repair routine started for reinitialization
[2022.07.19-06.38.39:728][460]FUdpSocketBuilder: Failed to subscribe UdpMessageMulticastSocket to multicast group 230.0.0.1 on interface 0.0.0.0
[2022.07.19-06.38.39:728][460]FUdpSocketBuilder: Failed to create and initialize socket UdpMessageMulticastSocket (last error: 0)
[2022.07.19-06.38.39:728][460]LogUdpMessaging: Warning: StartTransport failed to create multicast socket on 0.0.0.0:0, joined to 230.0.0.1:6666 with TTL 1
[2022.07.19-06.38.39:740][465]LogUdpMessaging: Warning: UDP messaging encountered an error. Auto repair routine started for reinitialization
[2022.07.19-06.38.40:938][ 86]FUdpSocketBuilder: Failed to subscribe UdpMessageMulticastSocket to multicast group 230.0.0.1 on interface 0.0.0.0
[2022.07.19-06.38.40:938][ 86]FUdpSocketBuilder: Failed to create and initialize socket UdpMessageMulticastSocket (last error: 0)
[2022.07.19-06.38.40:938][ 86]LogUdpMessaging: Warning: StartTransport failed to create multicast socket on 0.0.0.0:0, joined to 230.0.0.1:6666 with TTL 1
[2022.07.19-06.38.40:950][ 91]LogUdpMessaging: Warning: UDP messaging encountered an error. Auto repair routine started for reinitialization
[2022.07.19-06.38.42:147][682]FUdpSocketBuilder: Failed to subscribe UdpMessageMulticastSocket to multicast group 230.0.0.1 on interface 0.0.0.0
[2022.07.19-06.38.42:147][682]FUdpSocketBuilder: Failed to create and initialize socket UdpMessageMulticastSocket (last error: 0)
[2022.07.19-06.38.42:147][682]LogUdpMessaging: Warning: StartTransport failed to create multicast socket on 0.0.0.0:0, joined to 230.0.0.1:6666 with TTL 1
[2022.07.19-06.38.42:153][683]LogUdpMessaging: Warning: UDP messaging encountered an error. Auto repair routine started for reinitialization
[2022.07.19-06.38.44:058][802]FUdpSocketBuilder: Failed to subscribe UdpMessageMulticastSocket to multicast group 230.0.0.1 on interface 0.0.0.0
[2022.07.19-06.38.44:058][802]FUdpSocketBuilder: Failed to create and initialize socket UdpMessageMulticastSocket (last error: 0)
[2022.07.19-06.38.44:058][802]LogUdpMessaging: Warning: StartTransport failed to create multicast socket on 0.0.0.0:0, joined to 230.0.0.1:6666 with TTL 1
[2022.07.19-06.38.44:063][803]LogUdpMessaging: Warning: UDP messaging encountered an error. Auto repair routine started for reinitialization
