Log file open, 07/23/22 15:47:29
LogWindows: Failed to load 'aqProf.dll' (GetLastError=126)
LogWindows: File 'aqProf.dll' does not exist
LogWindows: Failed to load 'VtuneApi.dll' (GetLastError=126)
LogWindows: File 'VtuneApi.dll' does not exist
LogWindows: Failed to load 'VtuneApi32e.dll' (GetLastError=126)
LogWindows: File 'VtuneApi32e.dll' does not exist
LogConsoleResponse: Display: Failed to find resolution value strings in scalability ini. Falling back to default.
LogConsoleResponse: Display: Failed to find resolution value strings in scalability ini. Falling back to default.
LogInit: Display: Running engine for game: ProjectRun
LogPlatformFile: Not using cached read wrapper
LogTaskGraph: Started task graph with 5 named threads and 59 total threads with 3 sets of task threads.
LogStats: Stats thread started at 0.213765
LogICUInternationalization: ICU TimeZone Detection - Raw Offset: +9:00, Platform Override: ''
LogInit: Display: Loading text-based GConfig....
LogPluginManager: Mounting plugin MeshPainting
LogPluginManager: Mounting plugin XGEController
LogPluginManager: Mounting plugin Paper2D
LogPluginManager: Mounting plugin AISupport
LogPluginManager: Mounting plugin EnvironmentQueryEditor
LogPluginManager: Mounting plugin LiveLink
LogPluginManager: Mounting plugin LightPropagationVolume
LogPluginManager: Mounting plugin CameraShakePreviewer
LogPluginManager: Mounting plugin GameplayCameras
LogPluginManager: Mounting plugin AnimationSharing
LogPluginManager: Mounting plugin CLionSourceCodeAccess
LogPluginManager: Mounting plugin CodeLiteSourceCodeAccess
LogPluginManager: Mounting plugin KDevelopSourceCodeAccess
LogPluginManager: Mounting plugin GitSourceControl
LogPluginManager: Mounting plugin NullSourceCodeAccess
LogPluginManager: Mounting plugin PixWinPlugin
LogPluginManager: Mounting plugin PropertyAccessNode
LogPluginManager: Mounting plugin PerforceSourceControl
LogPluginManager: Mounting plugin PluginUtils
LogPluginManager: Mounting plugin PlasticSourceControl
LogPluginManager: Mounting plugin SubversionSourceControl
LogPluginManager: Mounting plugin RiderSourceCodeAccess
LogPluginManager: Mounting plugin TextureFormatOodle
LogPluginManager: Mounting plugin VisualStudioSourceCodeAccess
LogPluginManager: Mounting plugin UObjectPlugin
LogPluginManager: Mounting plugin XCodeSourceCodeAccess
LogPluginManager: Mounting plugin VisualStudioCodeSourceCodeAccess
LogPluginManager: Mounting plugin DatasmithContent
LogPluginManager: Mounting plugin VariantManagerContent
LogPluginManager: Mounting plugin OodleData
LogPluginManager: Mounting plugin AssetManagerEditor
LogPluginManager: Mounting plugin DataValidation
LogPluginManager: Mounting plugin FacialAnimation
LogPluginManager: Mounting plugin CryptoKeys
LogPluginManager: Mounting plugin MacGraphicsSwitching
LogPluginManager: Mounting plugin GeometryMode
LogPluginManager: Mounting plugin MobileLauncherProfileWizard
LogPluginManager: Mounting plugin GameplayTagsEditor
LogPluginManager: Mounting plugin PluginBrowser
LogPluginManager: Mounting plugin MaterialAnalyzer
LogPluginManager: Mounting plugin SpeedTreeImporter
LogPluginManager: Mounting plugin ImgMedia
LogPluginManager: Mounting plugin AvfMedia
LogPluginManager: Mounting plugin CurveEditorTools
LogPluginManager: Mounting plugin AndroidMedia
LogPluginManager: Mounting plugin MediaPlayerEditor
LogPluginManager: Mounting plugin WmfMedia
LogPluginManager: Mounting plugin Niagara
LogPluginManager: Mounting plugin AlembicImporter
LogPluginManager: Mounting plugin WebMMedia
LogPluginManager: Mounting plugin MediaCompositing
LogPluginManager: Mounting plugin AutomationUtils
LogPluginManager: Mounting plugin UdpMessaging
LogPluginManager: Mounting plugin BackChannel
LogPluginManager: Mounting plugin ChaosEditor
LogPluginManager: Mounting plugin ChaosSolverPlugin
LogPluginManager: Mounting plugin ChaosClothEditor
LogPluginManager: Mounting plugin CharacterAI
LogPluginManager: Mounting plugin TcpMessaging
LogPluginManager: Mounting plugin ChaosCloth
LogPluginManager: Mounting plugin ChaosNiagara
LogPluginManager: Mounting plugin GeometryProcessing
LogPluginManager: Mounting plugin GeometryCache
LogPluginManager: Mounting plugin ActorSequence
LogPluginManager: Mounting plugin LevelSequenceEditor
LogPluginManager: Mounting plugin GeometryCollectionPlugin
LogPluginManager: Mounting plugin MotoSynth
LogPluginManager: Mounting plugin TemplateSequence
LogPluginManager: Mounting plugin MatineeToLevelSequence
LogPluginManager: Mounting plugin OpenImageDenoise
LogPluginManager: Mounting plugin PlatformCrypto
LogPluginManager: Mounting plugin ProxyLODPlugin
LogPluginManager: Mounting plugin PythonScriptPlugin
LogPluginManager: Mounting plugin SkeletalReduction
LogPluginManager: Mounting plugin PlanarCut
LogPluginManager: Mounting plugin OnlineSubsystemUtils
LogPluginManager: Mounting plugin OnlineSubsystemNull
LogPluginManager: Mounting plugin OnlineSubsystem
LogPluginManager: Mounting plugin OnlineSubsystemSteam
LogPluginManager: Mounting plugin LauncherChunkInstaller
LogPluginManager: Mounting plugin AndroidPermission
LogPluginManager: Mounting plugin AndroidMoviePlayer
LogPluginManager: Mounting plugin AndroidDeviceProfileSelector
LogPluginManager: Mounting plugin ScreenshotTools
LogPluginManager: Mounting plugin AppleImageUtils
LogPluginManager: Mounting plugin ActorLayerUtilities
LogPluginManager: Mounting plugin ArchVisCharacter
LogPluginManager: Mounting plugin AppleMoviePlayer
LogPluginManager: Mounting plugin AssetTags
LogPluginManager: Mounting plugin CustomMeshComponent
LogPluginManager: Mounting plugin AudioSynesthesia
LogPluginManager: Mounting plugin AudioCapture
LogPluginManager: Mounting plugin ChunkDownloader
LogPluginManager: Mounting plugin CableComponent
LogPluginManager: Mounting plugin EditableMesh
LogPluginManager: Mounting plugin ExampleDeviceProfileSelector
LogPluginManager: Mounting plugin Takes
LogPluginManager: Mounting plugin GoogleCloudMessaging
LogPluginManager: Mounting plugin GooglePAD
LogPluginManager: Mounting plugin IOSDeviceProfileSelector
LogPluginManager: Mounting plugin LocationServicesBPLibrary
LogPluginManager: Mounting plugin LinuxDeviceProfileSelector
LogPluginManager: Mounting plugin OpenXR
LogPluginManager: Mounting plugin OpenXRHandTracking
LogPluginManager: Mounting plugin OpenXREyeTracker
LogPluginManager: Mounting plugin MobilePatchingUtils
LogPluginManager: Mounting plugin RuntimePhysXCooking
LogPluginManager: Mounting plugin ProceduralMeshComponent
LogPluginManager: Mounting plugin PropertyAccessEditor
LogPluginManager: Mounting plugin SoundFields
LogPluginManager: Mounting plugin SignificanceManager
LogPluginManager: Mounting plugin PhysXVehicles
LogPluginManager: Mounting plugin Synthesis
LogPluginManager: Mounting plugin PostSplashScreen
LogPluginManager: Mounting plugin WindowsMoviePlayer
LogPluginManager: Mounting plugin LuminPlatformFeatures
LogPluginManager: Mounting plugin MagicLeapLightEstimation
LogPluginManager: Mounting plugin MagicLeapMedia
LogPluginManager: Mounting plugin MagicLeap
LogPluginManager: Mounting plugin OodleNetwork
LogPluginManager: Mounting plugin MLSDK
LogPluginManager: Mounting plugin WebMMoviePlayer
LogPluginManager: Mounting plugin MagicLeapPassableWorld
LogPluginManager: Mounting plugin ContentBrowserFileDataSource
LogPluginManager: Mounting plugin ContentBrowserClassDataSource
LogPluginManager: Mounting plugin ContentBrowserAssetDataSource
LogPluginManager: Mounting plugin OnlineSubsystemGooglePlay
LogPluginManager: Mounting plugin OnlineSubsystemIOS
LogPluginManager: Mounting plugin OculusVR
LogPluginManager: Mounting plugin SteamShared
LogPluginManager: Mounting plugin SteamVR
LogPluginManager: Mounting plugin RunCharacter
LogPluginManager: Mounting plugin AdvancedSessions
LogPluginManager: Mounting plugin AdvancedSteamSessions
PixWinPlugin: PIX capture plugin failed to initialize! Check that the process is launched from PIX.
LogInit: Using libcurl 7.55.1-DEV
LogInit:  - built for x86_64-pc-win32
LogInit:  - supports SSL with OpenSSL/1.1.1
LogInit:  - supports HTTP deflate (compression) using libz 1.2.8
LogInit:  - other features:
LogInit:      CURL_VERSION_SSL
LogInit:      CURL_VERSION_LIBZ
LogInit:      CURL_VERSION_IPV6
LogInit:      CURL_VERSION_ASYNCHDNS
LogInit:      CURL_VERSION_LARGEFILE
LogInit:      CURL_VERSION_IDN
LogInit:  CurlRequestOptions (configurable via config and command line):
LogInit:  - bVerifyPeer = true  - Libcurl will verify peer certificate
LogInit:  - bUseHttpProxy = false  - Libcurl will NOT use HTTP proxy
LogInit:  - bDontReuseConnections = false  - Libcurl will reuse connections
LogInit:  - MaxHostConnections = 16  - Libcurl will limit the number of connections to a host
LogInit:  - LocalHostAddr = Default
LogInit:  - BufferSize = 65536
LogOnline: OSS: Creating online subsystem instance for: NULL
LogInit: WinSock: version 1.1 (2.2), MaxSocks=32767, MaxUdp=65467
LogOnline: OSS: TryLoadSubsystemAndSetDefault: Loaded subsystem for module [NULL]
LogOculusPluginWrapper: OculusPlugin initialized successfully
LogHMD: Failed initializing OVRPlugin 1.59.0
LogInit: Build: ++UE4+Release-4.27-CL-18319896
LogInit: Engine Version: 4.27.2-18319896+++UE4+Release-4.27
LogInit: Compatible Engine Version: 4.27.0-17155196+++UE4+Release-4.27
LogInit: Net CL: 17155196
LogInit: OS: Windows 10 (Release 2009) (), CPU: 12th Gen Intel(R) Core(TM) i7-12700H, GPU: NVIDIA GeForce RTX 3070 Ti Laptop GPU
LogInit: Compiled (64-bit): Nov 30 2021 07:12:08
LogInit: Compiled with Visual C++: 19.24.28315.00
LogInit: Build Configuration: Development
LogInit: Branch Name: ++UE4+Release-4.27
LogInit: Command Line:  127.0.0.1:17777 -game -PIEVIACONSOLE -Multiprocess GameUserSettingsINI=C:/study/ProjectRunMergedAnim/Saved/Config/Windows/PIEGameUserSettings2.ini -MultiprocessSaveConfig -forcepassthrough -messaging -SessionName="Play in Standalone Game" -windowed -WinX=2076 -WinY=613 SAVEWINPOS=1 -ResX=640 -ResY=480
LogInit: Base Directory: C:/Program Files/Epic Games/UE_4.27/Engine/Binaries/Win64/
LogInit: Allocator: TBB
LogInit: Installed Engine Build: 1
LogDevObjectVersion: Number of dev versions registered: 29
LogDevObjectVersion:   Dev-Blueprints (B0D832E4-1F89-4F0D-ACCF-7EB736FD4AA2): 10
LogDevObjectVersion:   Dev-Build (E1C64328-A22C-4D53-A36C-8E866417BD8C): 0
LogDevObjectVersion:   Dev-Core (375EC13C-06E4-48FB-B500-84F0262A717E): 4
LogDevObjectVersion:   Dev-Editor (E4B068ED-F494-42E9-A231-DA0B2E46BB41): 40
LogDevObjectVersion:   Dev-Framework (CFFC743F-43B0-4480-9391-14DF171D2073): 37
LogDevObjectVersion:   Dev-Mobile (B02B49B5-BB20-44E9-A304-32B752E40360): 3
LogDevObjectVersion:   Dev-Networking (A4E4105C-59A1-49B5-A7C5-40C4547EDFEE): 0
LogDevObjectVersion:   Dev-Online (39C831C9-5AE6-47DC-9A44-9C173E1C8E7C): 0
LogDevObjectVersion:   Dev-Physics (78F01B33-EBEA-4F98-B9B4-84EACCB95AA2): 14
LogDevObjectVersion:   Dev-Platform (6631380F-2D4D-43E0-8009-CF276956A95A): 0
LogDevObjectVersion:   Dev-Rendering (12F88B9F-8875-4AFC-A67C-D90C383ABD29): 45
LogDevObjectVersion:   Dev-Sequencer (7B5AE74C-D270-4C10-A958-57980B212A5A): 13
LogDevObjectVersion:   Dev-VR (D7296918-1DD6-4BDD-9DE2-64A83CC13884): 3
LogDevObjectVersion:   Dev-LoadTimes (C2A15278-BFE7-4AFE-6C17-90FF531DF755): 1
LogDevObjectVersion:   Private-Geometry (6EACA3D4-40EC-4CC1-B786-8BED09428FC5): 3
LogDevObjectVersion:   Dev-AnimPhys (29E575DD-E0A3-4627-9D10-D276232CDCEA): 17
LogDevObjectVersion:   Dev-Anim (AF43A65D-7FD3-4947-9873-3E8ED9C1BB05): 15
LogDevObjectVersion:   Dev-ReflectionCapture (6B266CEC-1EC7-4B8F-A30B-E4D90942FC07): 1
LogDevObjectVersion:   Dev-Automation (0DF73D61-A23F-47EA-B727-89E90C41499A): 1
LogDevObjectVersion:   FortniteMain (601D1886-AC64-4F84-AA16-D3DE0DEAC7D6): 47
LogDevObjectVersion:   FortniteRelease (E7086368-6B23-4C58-8439-1B7016265E91): 1
LogDevObjectVersion:   Dev-Enterprise (9DFFBCD6-494F-0158-E221-12823C92A888): 10
LogDevObjectVersion:   Dev-Niagara (F2AED0AC-9AFE-416F-8664-AA7FFA26D6FC): 1
LogDevObjectVersion:   Dev-Destruction (174F1F0B-B4C6-45A5-B13F-2EE8D0FB917D): 10
LogDevObjectVersion:   Dev-Physics-Ext (35F94A83-E258-406C-A318-09F59610247C): 41
LogDevObjectVersion:   Dev-PhysicsMaterial-Chaos (B68FC16E-8B1B-42E2-B453-215C058844FE): 1
LogDevObjectVersion:   Dev-CineCamera (B2E18506-4273-CFC2-A54E-F4BB758BBA07): 1
LogDevObjectVersion:   Dev-VirtualProduction (64F58936-FD1B-42BA-BA96-7289D5D0FA4E): 1
LogDevObjectVersion:   Dev-MediaFramework (6F0ED827-A609-4895-9C91-998D90180EA4): 2
LogInit: Presizing for max 25165824 objects, including 0 objects not considered by GC, pre-allocating 0 bytes for permanent pool.
LogConfig: Applying CVar settings from Section [/Script/Engine.StreamingSettings] File [C:/study/ProjectRunMergedAnim/Saved/Config/Windows/Engine.ini]
LogConfig: Setting CVar [[s.MinBulkDataSizeForAsyncLoading:131072]]
LogConfig: Setting CVar [[s.AsyncLoadingThreadEnabled:0]]
LogConfig: Setting CVar [[s.EventDrivenLoaderEnabled:1]]
LogConfig: Setting CVar [[s.WarnIfTimeLimitExceeded:0]]
LogConfig: Setting CVar [[s.TimeLimitExceededMultiplier:1.5]]
LogConfig: Setting CVar [[s.TimeLimitExceededMinTime:0.005]]
LogConfig: Setting CVar [[s.UseBackgroundLevelStreaming:1]]
LogConfig: Setting CVar [[s.PriorityAsyncLoadingExtraTime:15.0]]
LogConfig: Setting CVar [[s.LevelStreamingActorsUpdateTimeLimit:5.0]]
LogConfig: Setting CVar [[s.PriorityLevelStreamingActorsUpdateExtraTime:5.0]]
LogConfig: Setting CVar [[s.LevelStreamingComponentsRegistrationGranularity:10]]
LogConfig: Setting CVar [[s.UnregisterComponentsTimeLimit:1.0]]
LogConfig: Setting CVar [[s.LevelStreamingComponentsUnregistrationGranularity:5]]
LogConfig: Setting CVar [[s.FlushStreamingOnExit:1]]
LogInit: Object subsystem initialized
LogConfig: Setting CVar [[con.DebugEarlyDefault:1]]
LogConfig: Setting CVar [[r.setres:1280x720]]
[2022.07.23-06.47.30:028][  0]LogConfig: Setting CVar [[con.DebugEarlyDefault:1]]
[2022.07.23-06.47.30:028][  0]LogConfig: Setting CVar [[r.setres:1280x720]]
[2022.07.23-06.47.30:028][  0]LogConfig: Applying CVar settings from Section [/Script/Engine.RendererSettings] File [C:/study/ProjectRunMergedAnim/Saved/Config/Windows/Engine.ini]
[2022.07.23-06.47.30:028][  0]LogConfig: Setting CVar [[r.GPUCrashDebugging:0]]
[2022.07.23-06.47.30:028][  0]LogConfig: Applying CVar settings from Section [/Script/Engine.RendererOverrideSettings] File [C:/study/ProjectRunMergedAnim/Saved/Config/Windows/Engine.ini]
[2022.07.23-06.47.30:028][  0]LogConfig: Applying CVar settings from Section [/Script/Engine.StreamingSettings] File [C:/study/ProjectRunMergedAnim/Saved/Config/Windows/Engine.ini]
[2022.07.23-06.47.30:028][  0]LogConfig: Setting CVar [[s.MinBulkDataSizeForAsyncLoading:131072]]
[2022.07.23-06.47.30:028][  0]LogConfig: Setting CVar [[s.AsyncLoadingThreadEnabled:0]]
[2022.07.23-06.47.30:028][  0]LogConfig: Setting CVar [[s.EventDrivenLoaderEnabled:1]]
[2022.07.23-06.47.30:028][  0]LogConfig: Setting CVar [[s.WarnIfTimeLimitExceeded:0]]
[2022.07.23-06.47.30:028][  0]LogConfig: Setting CVar [[s.TimeLimitExceededMultiplier:1.5]]
[2022.07.23-06.47.30:028][  0]LogConfig: Setting CVar [[s.TimeLimitExceededMinTime:0.005]]
[2022.07.23-06.47.30:028][  0]LogConfig: Setting CVar [[s.UseBackgroundLevelStreaming:1]]
[2022.07.23-06.47.30:028][  0]LogConfig: Setting CVar [[s.PriorityAsyncLoadingExtraTime:15.0]]
[2022.07.23-06.47.30:028][  0]LogConfig: Setting CVar [[s.LevelStreamingActorsUpdateTimeLimit:5.0]]
[2022.07.23-06.47.30:028][  0]LogConfig: Setting CVar [[s.PriorityLevelStreamingActorsUpdateExtraTime:5.0]]
[2022.07.23-06.47.30:028][  0]LogConfig: Setting CVar [[s.LevelStreamingComponentsRegistrationGranularity:10]]
[2022.07.23-06.47.30:028][  0]LogConfig: Setting CVar [[s.UnregisterComponentsTimeLimit:1.0]]
[2022.07.23-06.47.30:028][  0]LogConfig: Setting CVar [[s.LevelStreamingComponentsUnregistrationGranularity:5]]
[2022.07.23-06.47.30:028][  0]LogConfig: Setting CVar [[s.FlushStreamingOnExit:1]]
[2022.07.23-06.47.30:028][  0]LogConfig: Applying CVar settings from Section [/Script/Engine.GarbageCollectionSettings] File [C:/study/ProjectRunMergedAnim/Saved/Config/Windows/Engine.ini]
[2022.07.23-06.47.30:028][  0]LogConfig: Setting CVar [[gc.MaxObjectsNotConsideredByGC:1]]
[2022.07.23-06.47.30:028][  0]LogConfig: Setting CVar [[gc.SizeOfPermanentObjectPool:0]]
[2022.07.23-06.47.30:028][  0]LogConfig: Setting CVar [[gc.FlushStreamingOnGC:0]]
[2022.07.23-06.47.30:028][  0]LogConfig: Setting CVar [[gc.NumRetriesBeforeForcingGC:10]]
[2022.07.23-06.47.30:028][  0]LogConfig: Setting CVar [[gc.AllowParallelGC:1]]
[2022.07.23-06.47.30:028][  0]LogConfig: Setting CVar [[gc.TimeBetweenPurgingPendingKillObjects:61.1]]
[2022.07.23-06.47.30:028][  0]LogConfig: Setting CVar [[gc.MaxObjectsInEditor:25165824]]
[2022.07.23-06.47.30:028][  0]LogConfig: Setting CVar [[gc.IncrementalBeginDestroyEnabled:1]]
[2022.07.23-06.47.30:028][  0]LogConfig: Setting CVar [[gc.CreateGCClusters:1]]
[2022.07.23-06.47.30:028][  0]LogConfig: Setting CVar [[gc.MinGCClusterSize:5]]
[2022.07.23-06.47.30:028][  0]LogConfig: Setting CVar [[gc.ActorClusteringEnabled:0]]
[2022.07.23-06.47.30:028][  0]LogConfig: Setting CVar [[gc.BlueprintClusteringEnabled:0]]
[2022.07.23-06.47.30:028][  0]LogConfig: Setting CVar [[gc.UseDisregardForGCOnDedicatedServers:0]]
[2022.07.23-06.47.30:028][  0]LogConfig: Setting CVar [[gc.MultithreadedDestructionEnabled:1]]
[2022.07.23-06.47.30:028][  0]LogConfig: Applying CVar settings from Section [/Script/Engine.NetworkSettings] File [C:/study/ProjectRunMergedAnim/Saved/Config/Windows/Engine.ini]
[2022.07.23-06.47.30:028][  0]LogConfig: Applying CVar settings from Section [/Script/UnrealEd.CookerSettings] File [C:/study/ProjectRunMergedAnim/Saved/Config/Windows/Engine.ini]
[2022.07.23-06.47.30:043][  0]LogConfig: Applying CVar settings from Section [ViewDistanceQuality@3] File [C:/study/ProjectRunMergedAnim/Saved/Config/Windows/Scalability.ini]
[2022.07.23-06.47.30:043][  0]LogConfig: Setting CVar [[r.SkeletalMeshLODBias:0]]
[2022.07.23-06.47.30:043][  0]LogConfig: Setting CVar [[r.ViewDistanceScale:1.0]]
[2022.07.23-06.47.30:043][  0]LogConfig: Applying CVar settings from Section [AntiAliasingQuality@3] File [C:/study/ProjectRunMergedAnim/Saved/Config/Windows/Scalability.ini]
[2022.07.23-06.47.30:043][  0]LogConfig: Setting CVar [[r.PostProcessAAQuality:4]]
[2022.07.23-06.47.30:043][  0]LogConfig: Applying CVar settings from Section [ShadowQuality@3] File [C:/study/ProjectRunMergedAnim/Saved/Config/Windows/Scalability.ini]
[2022.07.23-06.47.30:043][  0]LogConfig: Setting CVar [[r.LightFunctionQuality:1]]
[2022.07.23-06.47.30:043][  0]LogConfig: Setting CVar [[r.ShadowQuality:5]]
[2022.07.23-06.47.30:043][  0]LogConfig: Setting CVar [[r.Shadow.CSM.MaxCascades:10]]
[2022.07.23-06.47.30:043][  0]LogConfig: Setting CVar [[r.Shadow.MaxResolution:2048]]
[2022.07.23-06.47.30:043][  0]LogConfig: Setting CVar [[r.Shadow.MaxCSMResolution:2048]]
[2022.07.23-06.47.30:043][  0]LogConfig: Setting CVar [[r.Shadow.RadiusThreshold:0.01]]
[2022.07.23-06.47.30:043][  0]LogConfig: Setting CVar [[r.Shadow.DistanceScale:1.0]]
[2022.07.23-06.47.30:043][  0]LogConfig: Setting CVar [[r.Shadow.CSM.TransitionScale:1.0]]
[2022.07.23-06.47.30:043][  0]LogConfig: Setting CVar [[r.Shadow.PreShadowResolutionFactor:1.0]]
[2022.07.23-06.47.30:043][  0]LogConfig: Setting CVar [[r.DistanceFieldShadowing:1]]
[2022.07.23-06.47.30:043][  0]LogConfig: Setting CVar [[r.DistanceFieldAO:1]]
[2022.07.23-06.47.30:043][  0]LogConfig: Setting CVar [[r.AOQuality:2]]
[2022.07.23-06.47.30:043][  0]LogConfig: Setting CVar [[r.VolumetricFog:1]]
[2022.07.23-06.47.30:043][  0]LogConfig: Setting CVar [[r.VolumetricFog.GridPixelSize:8]]
[2022.07.23-06.47.30:043][  0]LogConfig: Setting CVar [[r.VolumetricFog.GridSizeZ:128]]
[2022.07.23-06.47.30:043][  0]LogConfig: Setting CVar [[r.VolumetricFog.HistoryMissSupersampleCount:4]]
[2022.07.23-06.47.30:043][  0]LogConfig: Setting CVar [[r.LightMaxDrawDistanceScale:1]]
[2022.07.23-06.47.30:043][  0]LogConfig: Setting CVar [[r.CapsuleShadows:1]]
[2022.07.23-06.47.30:043][  0]LogConfig: Applying CVar settings from Section [PostProcessQuality@3] File [C:/study/ProjectRunMergedAnim/Saved/Config/Windows/Scalability.ini]
[2022.07.23-06.47.30:043][  0]LogConfig: Setting CVar [[r.MotionBlurQuality:4]]
[2022.07.23-06.47.30:043][  0]LogConfig: Setting CVar [[r.AmbientOcclusionMipLevelFactor:0.4]]
[2022.07.23-06.47.30:043][  0]LogConfig: Setting CVar [[r.AmbientOcclusionMaxQuality:100]]
[2022.07.23-06.47.30:043][  0]LogConfig: Setting CVar [[r.AmbientOcclusionLevels:-1]]
[2022.07.23-06.47.30:043][  0]LogConfig: Setting CVar [[r.AmbientOcclusionRadiusScale:1.0]]
[2022.07.23-06.47.30:043][  0]LogConfig: Setting CVar [[r.DepthOfFieldQuality:2]]
[2022.07.23-06.47.30:044][  0]LogConfig: Setting CVar [[r.RenderTargetPoolMin:400]]
[2022.07.23-06.47.30:044][  0]LogConfig: Setting CVar [[r.LensFlareQuality:2]]
[2022.07.23-06.47.30:044][  0]LogConfig: Setting CVar [[r.SceneColorFringeQuality:1]]
[2022.07.23-06.47.30:044][  0]LogConfig: Setting CVar [[r.EyeAdaptationQuality:2]]
[2022.07.23-06.47.30:044][  0]LogConfig: Setting CVar [[r.BloomQuality:5]]
[2022.07.23-06.47.30:044][  0]LogConfig: Setting CVar [[r.FastBlurThreshold:100]]
[2022.07.23-06.47.30:044][  0]LogConfig: Setting CVar [[r.Upscale.Quality:3]]
[2022.07.23-06.47.30:044][  0]LogConfig: Setting CVar [[r.Tonemapper.GrainQuantization:1]]
[2022.07.23-06.47.30:044][  0]LogConfig: Setting CVar [[r.LightShaftQuality:1]]
[2022.07.23-06.47.30:044][  0]LogConfig: Setting CVar [[r.Filter.SizeScale:1]]
[2022.07.23-06.47.30:044][  0]LogConfig: Setting CVar [[r.Tonemapper.Quality:5]]
[2022.07.23-06.47.30:044][  0]LogConfig: Setting CVar [[r.DOF.Gather.AccumulatorQuality:1        ; higher gathering accumulator quality]]
[2022.07.23-06.47.30:044][  0]LogConfig: Setting CVar [[r.DOF.Gather.PostfilterMethod:1          ; Median3x3 postfilering method]]
[2022.07.23-06.47.30:044][  0]LogConfig: Setting CVar [[r.DOF.Gather.EnableBokehSettings:0       ; no bokeh simulation when gathering]]
[2022.07.23-06.47.30:044][  0]LogConfig: Setting CVar [[r.DOF.Gather.RingCount:4                 ; medium number of samples when gathering]]
[2022.07.23-06.47.30:044][  0]LogConfig: Setting CVar [[r.DOF.Scatter.ForegroundCompositing:1    ; additive foreground scattering]]
[2022.07.23-06.47.30:044][  0]LogConfig: Setting CVar [[r.DOF.Scatter.BackgroundCompositing:2    ; additive background scattering]]
[2022.07.23-06.47.30:044][  0]LogConfig: Setting CVar [[r.DOF.Scatter.EnableBokehSettings:1      ; bokeh simulation when scattering]]
[2022.07.23-06.47.30:044][  0]LogConfig: Setting CVar [[r.DOF.Scatter.MaxSpriteRatio:0.1         ; only a maximum of 10% of scattered bokeh]]
[2022.07.23-06.47.30:044][  0]LogConfig: Setting CVar [[r.DOF.Recombine.Quality:1                ; cheap slight out of focus]]
[2022.07.23-06.47.30:044][  0]LogConfig: Setting CVar [[r.DOF.Recombine.EnableBokehSettings:0    ; no bokeh simulation on slight out of focus]]
[2022.07.23-06.47.30:044][  0]LogConfig: Setting CVar [[r.DOF.TemporalAAQuality:1                ; more stable temporal accumulation]]
[2022.07.23-06.47.30:044][  0]LogConfig: Setting CVar [[r.DOF.Kernel.MaxForegroundRadius:0.025]]
[2022.07.23-06.47.30:044][  0]LogConfig: Setting CVar [[r.DOF.Kernel.MaxBackgroundRadius:0.025]]
[2022.07.23-06.47.30:044][  0]LogConfig: Applying CVar settings from Section [TextureQuality@3] File [C:/study/ProjectRunMergedAnim/Saved/Config/Windows/Scalability.ini]
[2022.07.23-06.47.30:044][  0]LogConfig: Setting CVar [[r.Streaming.MipBias:0]]
[2022.07.23-06.47.30:044][  0]LogConfig: Setting CVar [[r.Streaming.AmortizeCPUToGPUCopy:0]]
[2022.07.23-06.47.30:044][  0]LogConfig: Setting CVar [[r.Streaming.MaxNumTexturesToStreamPerFrame:0]]
[2022.07.23-06.47.30:044][  0]LogConfig: Setting CVar [[r.Streaming.Boost:1]]
[2022.07.23-06.47.30:044][  0]LogConfig: Setting CVar [[r.MaxAnisotropy:8]]
[2022.07.23-06.47.30:044][  0]LogConfig: Setting CVar [[r.VT.MaxAnisotropy:8]]
[2022.07.23-06.47.30:044][  0]LogConfig: Setting CVar [[r.Streaming.LimitPoolSizeToVRAM:0]]
[2022.07.23-06.47.30:044][  0]LogConfig: Setting CVar [[r.Streaming.PoolSize:1000]]
[2022.07.23-06.47.30:044][  0]LogConfig: Setting CVar [[r.Streaming.MaxEffectiveScreenSize:0]]
[2022.07.23-06.47.30:044][  0]LogConfig: Applying CVar settings from Section [EffectsQuality@3] File [C:/study/ProjectRunMergedAnim/Saved/Config/Windows/Scalability.ini]
[2022.07.23-06.47.30:044][  0]LogConfig: Setting CVar [[r.TranslucencyLightingVolumeDim:64]]
[2022.07.23-06.47.30:044][  0]LogConfig: Setting CVar [[r.RefractionQuality:2]]
[2022.07.23-06.47.30:044][  0]LogConfig: Setting CVar [[r.SSR.Quality:3]]
[2022.07.23-06.47.30:044][  0]LogConfig: Setting CVar [[r.SSR.HalfResSceneColor:0]]
[2022.07.23-06.47.30:044][  0]LogConfig: Setting CVar [[r.SceneColorFormat:4]]
[2022.07.23-06.47.30:044][  0]LogConfig: Setting CVar [[r.DetailMode:2]]
[2022.07.23-06.47.30:044][  0]LogConfig: Setting CVar [[r.TranslucencyVolumeBlur:1]]
[2022.07.23-06.47.30:044][  0]LogConfig: Setting CVar [[r.MaterialQualityLevel:1 ; High quality]]
[2022.07.23-06.47.30:044][  0]LogConfig: Setting CVar [[r.AnisotropicMaterials:1]]
[2022.07.23-06.47.30:044][  0]LogConfig: Setting CVar [[r.SSS.Scale:1]]
[2022.07.23-06.47.30:044][  0]LogConfig: Setting CVar [[r.SSS.SampleSet:2]]
[2022.07.23-06.47.30:044][  0]LogConfig: Setting CVar [[r.SSS.Quality:1]]
[2022.07.23-06.47.30:044][  0]LogConfig: Setting CVar [[r.SSS.HalfRes:0]]
[2022.07.23-06.47.30:044][  0]LogConfig: Setting CVar [[r.SSGI.Quality:3]]
[2022.07.23-06.47.30:044][  0]LogConfig: Setting CVar [[r.EmitterSpawnRateScale:1.0]]
[2022.07.23-06.47.30:044][  0]LogConfig: Setting CVar [[r.ParticleLightQuality:2]]
[2022.07.23-06.47.30:044][  0]LogConfig: Setting CVar [[r.SkyAtmosphere.AerialPerspectiveLUT.FastApplyOnOpaque:1 ; Always have FastSkyLUT 1 in this case to avoid wrong sky]]
[2022.07.23-06.47.30:044][  0]LogConfig: Setting CVar [[r.SkyAtmosphere.AerialPerspectiveLUT.SampleCountMaxPerSlice:4]]
[2022.07.23-06.47.30:044][  0]LogConfig: Setting CVar [[r.SkyAtmosphere.AerialPerspectiveLUT.DepthResolution:16.0]]
[2022.07.23-06.47.30:044][  0]LogConfig: Setting CVar [[r.SkyAtmosphere.FastSkyLUT:1]]
[2022.07.23-06.47.30:044][  0]LogConfig: Setting CVar [[r.SkyAtmosphere.FastSkyLUT.SampleCountMin:4.0]]
[2022.07.23-06.47.30:044][  0]LogConfig: Setting CVar [[r.SkyAtmosphere.FastSkyLUT.SampleCountMax:128.0]]
[2022.07.23-06.47.30:044][  0]LogConfig: Setting CVar [[r.SkyAtmosphere.SampleCountMin:4.0]]
[2022.07.23-06.47.30:044][  0]LogConfig: Setting CVar [[r.SkyAtmosphere.SampleCountMax:128.0]]
[2022.07.23-06.47.30:044][  0]LogConfig: Setting CVar [[r.SkyAtmosphere.TransmittanceLUT.UseSmallFormat:0]]
[2022.07.23-06.47.30:044][  0]LogConfig: Setting CVar [[r.SkyAtmosphere.TransmittanceLUT.SampleCount:10.0]]
[2022.07.23-06.47.30:044][  0]LogConfig: Setting CVar [[r.SkyAtmosphere.MultiScatteringLUT.SampleCount:15.0]]
[2022.07.23-06.47.30:044][  0]LogConfig: Setting CVar [[r.SkyLight.RealTimeReflectionCapture:1]]
[2022.07.23-06.47.30:044][  0]LogConfig: Applying CVar settings from Section [FoliageQuality@3] File [C:/study/ProjectRunMergedAnim/Saved/Config/Windows/Scalability.ini]
[2022.07.23-06.47.30:044][  0]LogConfig: Setting CVar [[foliage.DensityScale:1.0]]
[2022.07.23-06.47.30:044][  0]LogConfig: Setting CVar [[grass.DensityScale:1.0]]
[2022.07.23-06.47.30:044][  0]LogConfig: Applying CVar settings from Section [ShadingQuality@3] File [C:/study/ProjectRunMergedAnim/Saved/Config/Windows/Scalability.ini]
[2022.07.23-06.47.30:044][  0]LogConfig: Setting CVar [[r.HairStrands.SkyLighting.IntegrationType:2]]
[2022.07.23-06.47.30:044][  0]LogConfig: Setting CVar [[r.HairStrands.SkyAO.SampleCount:4]]
[2022.07.23-06.47.30:044][  0]LogConfig: Setting CVar [[r.HairStrands.Visibility.MSAA.SamplePerPixel:4]]
[2022.07.23-06.47.30:044][  0]LogInit: Selected Device Profile: [Windows]
[2022.07.23-06.47.30:044][  0]LogInit: Applying CVar settings loaded from the selected device profile: [Windows]
[2022.07.23-06.47.30:044][  0]LogHAL: Display: Platform has ~ 16 GB [16831680512 / 17179869184 / 16], which maps to Larger [LargestMinGB=32, LargerMinGB=12, DefaultMinGB=8, SmallerMinGB=6, SmallestMinGB=0)
[2022.07.23-06.47.30:044][  0]LogInit: Going up to parent DeviceProfile []
[2022.07.23-06.47.30:044][  0]LogConfig: Applying CVar settings from Section [ViewDistanceQuality@3] File [C:/study/ProjectRunMergedAnim/Saved/Config/Windows/Scalability.ini]
[2022.07.23-06.47.30:044][  0]LogConfig: Setting CVar [[r.SkeletalMeshLODBias:0]]
[2022.07.23-06.47.30:044][  0]LogConfig: Setting CVar [[r.ViewDistanceScale:1.0]]
[2022.07.23-06.47.30:044][  0]LogConfig: Applying CVar settings from Section [AntiAliasingQuality@3] File [C:/study/ProjectRunMergedAnim/Saved/Config/Windows/Scalability.ini]
[2022.07.23-06.47.30:044][  0]LogConfig: Setting CVar [[r.PostProcessAAQuality:4]]
[2022.07.23-06.47.30:044][  0]LogConfig: Applying CVar settings from Section [ShadowQuality@3] File [C:/study/ProjectRunMergedAnim/Saved/Config/Windows/Scalability.ini]
[2022.07.23-06.47.30:044][  0]LogConfig: Setting CVar [[r.LightFunctionQuality:1]]
[2022.07.23-06.47.30:044][  0]LogConfig: Setting CVar [[r.ShadowQuality:5]]
[2022.07.23-06.47.30:044][  0]LogConfig: Setting CVar [[r.Shadow.CSM.MaxCascades:10]]
[2022.07.23-06.47.30:044][  0]LogConfig: Setting CVar [[r.Shadow.MaxResolution:2048]]
[2022.07.23-06.47.30:044][  0]LogConfig: Setting CVar [[r.Shadow.MaxCSMResolution:2048]]
[2022.07.23-06.47.30:044][  0]LogConfig: Setting CVar [[r.Shadow.RadiusThreshold:0.01]]
[2022.07.23-06.47.30:044][  0]LogConfig: Setting CVar [[r.Shadow.DistanceScale:1.0]]
[2022.07.23-06.47.30:044][  0]LogConfig: Setting CVar [[r.Shadow.CSM.TransitionScale:1.0]]
[2022.07.23-06.47.30:044][  0]LogConfig: Setting CVar [[r.Shadow.PreShadowResolutionFactor:1.0]]
[2022.07.23-06.47.30:044][  0]LogConfig: Setting CVar [[r.DistanceFieldShadowing:1]]
[2022.07.23-06.47.30:044][  0]LogConfig: Setting CVar [[r.DistanceFieldAO:1]]
[2022.07.23-06.47.30:044][  0]LogConfig: Setting CVar [[r.AOQuality:2]]
[2022.07.23-06.47.30:044][  0]LogConfig: Setting CVar [[r.VolumetricFog:1]]
[2022.07.23-06.47.30:044][  0]LogConfig: Setting CVar [[r.VolumetricFog.GridPixelSize:8]]
[2022.07.23-06.47.30:044][  0]LogConfig: Setting CVar [[r.VolumetricFog.GridSizeZ:128]]
[2022.07.23-06.47.30:044][  0]LogConfig: Setting CVar [[r.VolumetricFog.HistoryMissSupersampleCount:4]]
[2022.07.23-06.47.30:044][  0]LogConfig: Setting CVar [[r.LightMaxDrawDistanceScale:1]]
[2022.07.23-06.47.30:044][  0]LogConfig: Setting CVar [[r.CapsuleShadows:1]]
[2022.07.23-06.47.30:044][  0]LogConfig: Applying CVar settings from Section [PostProcessQuality@3] File [C:/study/ProjectRunMergedAnim/Saved/Config/Windows/Scalability.ini]
[2022.07.23-06.47.30:044][  0]LogConfig: Setting CVar [[r.MotionBlurQuality:4]]
[2022.07.23-06.47.30:045][  0]LogConfig: Setting CVar [[r.AmbientOcclusionMipLevelFactor:0.4]]
[2022.07.23-06.47.30:045][  0]LogConfig: Setting CVar [[r.AmbientOcclusionMaxQuality:100]]
[2022.07.23-06.47.30:045][  0]LogConfig: Setting CVar [[r.AmbientOcclusionLevels:-1]]
[2022.07.23-06.47.30:045][  0]LogConfig: Setting CVar [[r.AmbientOcclusionRadiusScale:1.0]]
[2022.07.23-06.47.30:045][  0]LogConfig: Setting CVar [[r.DepthOfFieldQuality:2]]
[2022.07.23-06.47.30:045][  0]LogConfig: Setting CVar [[r.RenderTargetPoolMin:400]]
[2022.07.23-06.47.30:045][  0]LogConfig: Setting CVar [[r.LensFlareQuality:2]]
[2022.07.23-06.47.30:045][  0]LogConfig: Setting CVar [[r.SceneColorFringeQuality:1]]
[2022.07.23-06.47.30:045][  0]LogConfig: Setting CVar [[r.EyeAdaptationQuality:2]]
[2022.07.23-06.47.30:045][  0]LogConfig: Setting CVar [[r.BloomQuality:5]]
[2022.07.23-06.47.30:045][  0]LogConfig: Setting CVar [[r.FastBlurThreshold:100]]
[2022.07.23-06.47.30:045][  0]LogConfig: Setting CVar [[r.Upscale.Quality:3]]
[2022.07.23-06.47.30:045][  0]LogConfig: Setting CVar [[r.Tonemapper.GrainQuantization:1]]
[2022.07.23-06.47.30:045][  0]LogConfig: Setting CVar [[r.LightShaftQuality:1]]
[2022.07.23-06.47.30:045][  0]LogConfig: Setting CVar [[r.Filter.SizeScale:1]]
[2022.07.23-06.47.30:045][  0]LogConfig: Setting CVar [[r.Tonemapper.Quality:5]]
[2022.07.23-06.47.30:045][  0]LogConfig: Setting CVar [[r.DOF.Gather.AccumulatorQuality:1        ; higher gathering accumulator quality]]
[2022.07.23-06.47.30:045][  0]LogConfig: Setting CVar [[r.DOF.Gather.PostfilterMethod:1          ; Median3x3 postfilering method]]
[2022.07.23-06.47.30:045][  0]LogConfig: Setting CVar [[r.DOF.Gather.EnableBokehSettings:0       ; no bokeh simulation when gathering]]
[2022.07.23-06.47.30:045][  0]LogConfig: Setting CVar [[r.DOF.Gather.RingCount:4                 ; medium number of samples when gathering]]
[2022.07.23-06.47.30:045][  0]LogConfig: Setting CVar [[r.DOF.Scatter.ForegroundCompositing:1    ; additive foreground scattering]]
[2022.07.23-06.47.30:045][  0]LogConfig: Setting CVar [[r.DOF.Scatter.BackgroundCompositing:2    ; additive background scattering]]
[2022.07.23-06.47.30:045][  0]LogConfig: Setting CVar [[r.DOF.Scatter.EnableBokehSettings:1      ; bokeh simulation when scattering]]
[2022.07.23-06.47.30:045][  0]LogConfig: Setting CVar [[r.DOF.Scatter.MaxSpriteRatio:0.1         ; only a maximum of 10% of scattered bokeh]]
[2022.07.23-06.47.30:045][  0]LogConfig: Setting CVar [[r.DOF.Recombine.Quality:1                ; cheap slight out of focus]]
[2022.07.23-06.47.30:045][  0]LogConfig: Setting CVar [[r.DOF.Recombine.EnableBokehSettings:0    ; no bokeh simulation on slight out of focus]]
[2022.07.23-06.47.30:045][  0]LogConfig: Setting CVar [[r.DOF.TemporalAAQuality:1                ; more stable temporal accumulation]]
[2022.07.23-06.47.30:045][  0]LogConfig: Setting CVar [[r.DOF.Kernel.MaxForegroundRadius:0.025]]
[2022.07.23-06.47.30:045][  0]LogConfig: Setting CVar [[r.DOF.Kernel.MaxBackgroundRadius:0.025]]
[2022.07.23-06.47.30:045][  0]LogConfig: Applying CVar settings from Section [TextureQuality@3] File [C:/study/ProjectRunMergedAnim/Saved/Config/Windows/Scalability.ini]
[2022.07.23-06.47.30:045][  0]LogConfig: Setting CVar [[r.Streaming.MipBias:0]]
[2022.07.23-06.47.30:045][  0]LogConfig: Setting CVar [[r.Streaming.AmortizeCPUToGPUCopy:0]]
[2022.07.23-06.47.30:045][  0]LogConfig: Setting CVar [[r.Streaming.MaxNumTexturesToStreamPerFrame:0]]
[2022.07.23-06.47.30:045][  0]LogConfig: Setting CVar [[r.Streaming.Boost:1]]
[2022.07.23-06.47.30:045][  0]LogConfig: Setting CVar [[r.MaxAnisotropy:8]]
[2022.07.23-06.47.30:045][  0]LogConfig: Setting CVar [[r.VT.MaxAnisotropy:8]]
[2022.07.23-06.47.30:045][  0]LogConfig: Setting CVar [[r.Streaming.LimitPoolSizeToVRAM:0]]
[2022.07.23-06.47.30:045][  0]LogConfig: Setting CVar [[r.Streaming.PoolSize:1000]]
[2022.07.23-06.47.30:045][  0]LogConfig: Setting CVar [[r.Streaming.MaxEffectiveScreenSize:0]]
[2022.07.23-06.47.30:045][  0]LogConfig: Applying CVar settings from Section [EffectsQuality@3] File [C:/study/ProjectRunMergedAnim/Saved/Config/Windows/Scalability.ini]
[2022.07.23-06.47.30:045][  0]LogConfig: Setting CVar [[r.TranslucencyLightingVolumeDim:64]]
[2022.07.23-06.47.30:045][  0]LogConfig: Setting CVar [[r.RefractionQuality:2]]
[2022.07.23-06.47.30:045][  0]LogConfig: Setting CVar [[r.SSR.Quality:3]]
[2022.07.23-06.47.30:045][  0]LogConfig: Setting CVar [[r.SSR.HalfResSceneColor:0]]
[2022.07.23-06.47.30:045][  0]LogConfig: Setting CVar [[r.SceneColorFormat:4]]
[2022.07.23-06.47.30:045][  0]LogConfig: Setting CVar [[r.DetailMode:2]]
[2022.07.23-06.47.30:045][  0]LogConfig: Setting CVar [[r.TranslucencyVolumeBlur:1]]
[2022.07.23-06.47.30:045][  0]LogConfig: Setting CVar [[r.MaterialQualityLevel:1 ; High quality]]
[2022.07.23-06.47.30:045][  0]LogConfig: Setting CVar [[r.AnisotropicMaterials:1]]
[2022.07.23-06.47.30:045][  0]LogConfig: Setting CVar [[r.SSS.Scale:1]]
[2022.07.23-06.47.30:045][  0]LogConfig: Setting CVar [[r.SSS.SampleSet:2]]
[2022.07.23-06.47.30:045][  0]LogConfig: Setting CVar [[r.SSS.Quality:1]]
[2022.07.23-06.47.30:045][  0]LogConfig: Setting CVar [[r.SSS.HalfRes:0]]
[2022.07.23-06.47.30:045][  0]LogConfig: Setting CVar [[r.SSGI.Quality:3]]
[2022.07.23-06.47.30:045][  0]LogConfig: Setting CVar [[r.EmitterSpawnRateScale:1.0]]
[2022.07.23-06.47.30:045][  0]LogConfig: Setting CVar [[r.ParticleLightQuality:2]]
[2022.07.23-06.47.30:045][  0]LogConfig: Setting CVar [[r.SkyAtmosphere.AerialPerspectiveLUT.FastApplyOnOpaque:1 ; Always have FastSkyLUT 1 in this case to avoid wrong sky]]
[2022.07.23-06.47.30:045][  0]LogConfig: Setting CVar [[r.SkyAtmosphere.AerialPerspectiveLUT.SampleCountMaxPerSlice:4]]
[2022.07.23-06.47.30:045][  0]LogConfig: Setting CVar [[r.SkyAtmosphere.AerialPerspectiveLUT.DepthResolution:16.0]]
[2022.07.23-06.47.30:045][  0]LogConfig: Setting CVar [[r.SkyAtmosphere.FastSkyLUT:1]]
[2022.07.23-06.47.30:045][  0]LogConfig: Setting CVar [[r.SkyAtmosphere.FastSkyLUT.SampleCountMin:4.0]]
[2022.07.23-06.47.30:045][  0]LogConfig: Setting CVar [[r.SkyAtmosphere.FastSkyLUT.SampleCountMax:128.0]]
[2022.07.23-06.47.30:045][  0]LogConfig: Setting CVar [[r.SkyAtmosphere.SampleCountMin:4.0]]
[2022.07.23-06.47.30:045][  0]LogConfig: Setting CVar [[r.SkyAtmosphere.SampleCountMax:128.0]]
[2022.07.23-06.47.30:045][  0]LogConfig: Setting CVar [[r.SkyAtmosphere.TransmittanceLUT.UseSmallFormat:0]]
[2022.07.23-06.47.30:045][  0]LogConfig: Setting CVar [[r.SkyAtmosphere.TransmittanceLUT.SampleCount:10.0]]
[2022.07.23-06.47.30:045][  0]LogConfig: Setting CVar [[r.SkyAtmosphere.MultiScatteringLUT.SampleCount:15.0]]
[2022.07.23-06.47.30:045][  0]LogConfig: Setting CVar [[r.SkyLight.RealTimeReflectionCapture:1]]
[2022.07.23-06.47.30:045][  0]LogConfig: Applying CVar settings from Section [FoliageQuality@3] File [C:/study/ProjectRunMergedAnim/Saved/Config/Windows/Scalability.ini]
[2022.07.23-06.47.30:045][  0]LogConfig: Setting CVar [[foliage.DensityScale:1.0]]
[2022.07.23-06.47.30:045][  0]LogConfig: Setting CVar [[grass.DensityScale:1.0]]
[2022.07.23-06.47.30:045][  0]LogConfig: Applying CVar settings from Section [ShadingQuality@3] File [C:/study/ProjectRunMergedAnim/Saved/Config/Windows/Scalability.ini]
[2022.07.23-06.47.30:045][  0]LogConfig: Setting CVar [[r.HairStrands.SkyLighting.IntegrationType:2]]
[2022.07.23-06.47.30:045][  0]LogConfig: Setting CVar [[r.HairStrands.SkyAO.SampleCount:4]]
[2022.07.23-06.47.30:045][  0]LogConfig: Setting CVar [[r.HairStrands.Visibility.MSAA.SamplePerPixel:4]]
[2022.07.23-06.47.30:045][  0]LogConfig: Applying CVar settings from Section [Startup] File [../../../Engine/Config/ConsoleVariables.ini]
[2022.07.23-06.47.30:045][  0]LogConfig: Setting CVar [[net.UseAdaptiveNetUpdateFrequency:0]]
[2022.07.23-06.47.30:045][  0]LogConfig: Setting CVar [[p.chaos.AllowCreatePhysxBodies:1]]
[2022.07.23-06.47.30:045][  0]LogConfig: Setting CVar [[fx.SkipVectorVMBackendOptimizations:1]]
[2022.07.23-06.47.30:045][  0]LogConfig: Applying CVar settings from Section [ConsoleVariables] File [C:/study/ProjectRunMergedAnim/Saved/Config/Windows/Engine.ini]
[2022.07.23-06.47.30:045][  0]LogConfig: Applying CVar settings from Section [ConsoleVariables] File [C:/study/ProjectRunMergedAnim/Saved/Config/Windows/Editor.ini]
[2022.07.23-06.47.30:045][  0]LogInit: Computer: LEEMINSEOK
[2022.07.23-06.47.30:045][  0]LogInit: User: sycym
[2022.07.23-06.47.30:045][  0]LogInit: CPU Page size=4096, Cores=14
[2022.07.23-06.47.30:045][  0]LogInit: High frequency timer resolution =10.000000 MHz
[2022.07.23-06.47.30:045][  0]LogMemory: Memory total: Physical=15.7GB (16GB approx)
[2022.07.23-06.47.30:045][  0]LogMemory: Platform Memory Stats for Windows
[2022.07.23-06.47.30:045][  0]LogMemory: Process Physical Memory: 149.20 MB used, 149.20 MB peak
[2022.07.23-06.47.30:045][  0]LogMemory: Process Virtual Memory: 132.37 MB used, 132.37 MB peak
[2022.07.23-06.47.30:045][  0]LogMemory: Physical Memory: 8117.77 MB used,  7934.17 MB free, 16051.94 MB total
[2022.07.23-06.47.30:045][  0]LogMemory: Virtual Memory: 134205520.00 MB used,  12210.52 MB free, 134217728.00 MB total
[2022.07.23-06.47.30:051][  0]LogWindows: WindowsPlatformFeatures enabled
[2022.07.23-06.47.30:102][  0]LogInit: Physics initialised using underlying interface: PhysX
[2022.07.23-06.47.30:102][  0]LogInit: Using OS detected language (ko-KR).
[2022.07.23-06.47.30:102][  0]LogInit: Using OS detected locale (ko-KR).
[2022.07.23-06.47.30:105][  0]LogTextLocalizationManager: No specific localization for 'ko-KR' exists, so the 'ko' localization will be used.
[2022.07.23-06.47.30:234][  0]LogWindowsTextInputMethodSystem: Display: IME system deactivated.
[2022.07.23-06.47.30:256][  0]LogSlate: New Slate User Created.  User Index 0, Is Virtual User: 0
[2022.07.23-06.47.30:257][  0]LogSlate: Slate User Registered.  User Index 0, Is Virtual User: 0
[2022.07.23-06.47.30:276][  0]LogD3D11RHI: Loaded GFSDK_Aftermath_Lib.x64.dll
[2022.07.23-06.47.30:280][  0]LogHMD: Failed to initialize OpenVR with code 110
[2022.07.23-06.47.30:280][  0]LogD3D11RHI: D3D11 min allowed feature level: 11_0
[2022.07.23-06.47.30:280][  0]LogD3D11RHI: D3D11 max allowed feature level: 11_0
[2022.07.23-06.47.30:280][  0]LogD3D11RHI: D3D11 adapters:
[2022.07.23-06.47.30:381][  0]LogD3D11RHI:    0. 'NVIDIA GeForce RTX 3070 Ti Laptop GPU' (Feature Level 11_0)
[2022.07.23-06.47.30:381][  0]LogD3D11RHI:       8043/0/8025 MB DedicatedVideo/DedicatedSystem/SharedSystem, Outputs:1, VendorId:0x10de
[2022.07.23-06.47.30:413][  0]LogD3D11RHI:    1. 'Intel(R) Iris(R) Xe Graphics' (Feature Level 11_0)
[2022.07.23-06.47.30:413][  0]LogD3D11RHI:       128/0/8025 MB DedicatedVideo/DedicatedSystem/SharedSystem, Outputs:0, VendorId:0x8086
[2022.07.23-06.47.30:415][  0]LogD3D11RHI:    2. 'Microsoft Basic Render Driver' (Feature Level 11_0)
[2022.07.23-06.47.30:415][  0]LogD3D11RHI:       0/0/8025 MB DedicatedVideo/DedicatedSystem/SharedSystem, Outputs:0, VendorId:0x1414
[2022.07.23-06.47.30:415][  0]LogD3D11RHI: Chosen D3D11 Adapter:
[2022.07.23-06.47.30:415][  0]LogD3D11RHI:     Description : NVIDIA GeForce RTX 3070 Ti Laptop GPU
[2022.07.23-06.47.30:415][  0]LogD3D11RHI:     VendorId    : 10de
[2022.07.23-06.47.30:415][  0]LogD3D11RHI:     DeviceId    : 24e0
[2022.07.23-06.47.30:415][  0]LogD3D11RHI:     SubSysId    : 8a14103c
[2022.07.23-06.47.30:415][  0]LogD3D11RHI:     Revision    : 00a1
[2022.07.23-06.47.30:415][  0]LogD3D11RHI:     DedicatedVideoMemory : 8433696768 bytes
[2022.07.23-06.47.30:415][  0]LogD3D11RHI:     DedicatedSystemMemory : 0 bytes
[2022.07.23-06.47.30:415][  0]LogD3D11RHI:     SharedSystemMemory : 8415840256 bytes
[2022.07.23-06.47.30:415][  0]LogD3D11RHI:     AdapterLuid : 0 69808
[2022.07.23-06.47.30:420][  0]LogD3D11RHI: Creating new Direct3DDevice
[2022.07.23-06.47.30:420][  0]LogD3D11RHI:     GPU DeviceId: 0x24e0 (for the marketing name, search the web for "GPU Device Id")
[2022.07.23-06.47.30:420][  0]LogWindows: EnumDisplayDevices:
[2022.07.23-06.47.30:420][  0]LogWindows:    0. 'Intel(R) Iris(R) Xe Graphics' (P:0 D:0)
[2022.07.23-06.47.30:420][  0]LogWindows:    1. 'Intel(R) Iris(R) Xe Graphics' (P:0 D:0)
[2022.07.23-06.47.30:421][  0]LogWindows:    2. 'Intel(R) Iris(R) Xe Graphics' (P:0 D:0)
[2022.07.23-06.47.30:421][  0]LogWindows:    3. 'Intel(R) Iris(R) Xe Graphics' (P:0 D:0)
[2022.07.23-06.47.30:421][  0]LogWindows:    4. 'NVIDIA GeForce RTX 3070 Ti Laptop GPU' (P:1 D:1)
[2022.07.23-06.47.30:421][  0]LogWindows:    5. 'NVIDIA GeForce RTX 3070 Ti Laptop GPU' (P:0 D:0)
[2022.07.23-06.47.30:421][  0]LogWindows:    6. 'NVIDIA GeForce RTX 3070 Ti Laptop GPU' (P:0 D:0)
[2022.07.23-06.47.30:421][  0]LogWindows:    7. 'NVIDIA GeForce RTX 3070 Ti Laptop GPU' (P:0 D:0)
[2022.07.23-06.47.30:422][  0]LogWindows: DebugString: PrimaryIsNotTheChoosenAdapter PrimaryIsNotTheChoosenAdapter PrimaryIsNotTheChoosenAdapter PrimaryIsNotTheChoosenAdapter FoundDriverCount:4 
[2022.07.23-06.47.30:422][  0]LogD3D11RHI:     Adapter Name: NVIDIA GeForce RTX 3070 Ti Laptop GPU
[2022.07.23-06.47.30:422][  0]LogD3D11RHI:   Driver Version: 512.78 (internal:30.0.15.1278, unified:512.78)
[2022.07.23-06.47.30:422][  0]LogD3D11RHI:      Driver Date: 5-5-2022
[2022.07.23-06.47.30:422][  0]LogRHI: Texture pool is 5630 MB (70% of 8043 MB)
[2022.07.23-06.47.30:422][  0]LogD3D11RHI: Creating D3DDevice using adapter:
[2022.07.23-06.47.30:422][  0]LogD3D11RHI:     Description : NVIDIA GeForce RTX 3070 Ti Laptop GPU
[2022.07.23-06.47.30:422][  0]LogD3D11RHI:     VendorId    : 10de
[2022.07.23-06.47.30:422][  0]LogD3D11RHI:     DeviceId    : 24e0
[2022.07.23-06.47.30:422][  0]LogD3D11RHI:     SubSysId    : 8a14103c
[2022.07.23-06.47.30:422][  0]LogD3D11RHI:     Revision    : 00a1
[2022.07.23-06.47.30:422][  0]LogD3D11RHI:     DedicatedVideoMemory : 8433696768 bytes
[2022.07.23-06.47.30:422][  0]LogD3D11RHI:     DedicatedSystemMemory : 0 bytes
[2022.07.23-06.47.30:422][  0]LogD3D11RHI:     SharedSystemMemory : 8415840256 bytes
[2022.07.23-06.47.30:422][  0]LogD3D11RHI:     AdapterLuid : 0 69808
[2022.07.23-06.47.30:528][  0]LogD3D11RHI: RHI has support for 64 bit atomics
[2022.07.23-06.47.30:528][  0]LogD3D11RHI: Async texture creation enabled
[2022.07.23-06.47.30:528][  0]LogD3D11RHI: Array index from any shader is supported
[2022.07.23-06.47.30:550][  0]LogD3D11RHI: GPU Timing Frequency: 1000.000000 (Debug: 2 2)
[2022.07.23-06.47.30:570][  0]LogRHI: GeForceNow SDK initialized: 1
[2022.07.23-06.47.30:806][  0]LogTargetPlatformManager: Display: Loaded TargetPlatform 'WindowsNoEditor'
[2022.07.23-06.47.30:809][  0]LogTargetPlatformManager: Display: Loaded TargetPlatform 'Windows'
[2022.07.23-06.47.30:811][  0]LogTargetPlatformManager: Display: Loaded TargetPlatform 'WindowsClient'
[2022.07.23-06.47.30:814][  0]LogTargetPlatformManager: Display: Loaded TargetPlatform 'WindowsServer'
[2022.07.23-06.47.30:814][  0]LogTargetPlatformManager: Display: Building Assets For Windows
[2022.07.23-06.47.30:819][  0]LogAudioDebug: Display: Lib vorbis DLL was dynamically loaded.
[2022.07.23-06.47.30:841][  0]LogTextureFormatOodle: Display: Oodle Texture 2.9.0 init RDO Off
[2022.07.23-06.47.30:864][  0]LogRendererCore: Ray tracing is disabled. Reason: r.RayTracing=0.
[2022.07.23-06.47.30:864][  0]LogShaderCompilers: Guid format shader working directory is 1 characters bigger than the processId version (../../../../../../study/ProjectRunMergedAnim/Intermediate/Shaders/WorkingDirectory/22876/).
[2022.07.23-06.47.30:864][  0]LogShaderCompilers: Cleaned the shader compiler working directory 'C:/Users/sycym/AppData/Local/Temp/UnrealShaderWorkingDir/32965CFB41EB07625DFF3CB41F1F140F/'.
[2022.07.23-06.47.30:864][  0]LogShaderCompilers: Display: Using XGE Controller for Shader Compilation.
[2022.07.23-06.47.31:427][  0]LogDerivedDataCache: Display: Max Cache Size: 512 MB
[2022.07.23-06.47.31:485][  0]LogDerivedDataCache: Loaded boot cache 0.06s 94MB C:/Users/sycym/AppData/Local/UnrealEngine/4.27/DerivedDataCache/Boot.ddc.
[2022.07.23-06.47.31:485][  0]LogDerivedDataCache: Display: Loaded Boot cache: C:/Users/sycym/AppData/Local/UnrealEngine/4.27/DerivedDataCache/Boot.ddc
[2022.07.23-06.47.31:485][  0]LogDerivedDataCache: FDerivedDataBackendGraph:  Pak pak cache file ../../../../../../study/ProjectRunMergedAnim/DerivedDataCache/DDC.ddp not found, will not use a pak cache.
[2022.07.23-06.47.31:485][  0]LogDerivedDataCache: Unable to find inner node Pak for hierarchical cache Hierarchy.
[2022.07.23-06.47.31:485][  0]LogDerivedDataCache: FDerivedDataBackendGraph:  CompressedPak pak cache file ../../../../../../study/ProjectRunMergedAnim/DerivedDataCache/Compressed.ddp not found, will not use a pak cache.
[2022.07.23-06.47.31:485][  0]LogDerivedDataCache: Unable to find inner node CompressedPak for hierarchical cache Hierarchy.
[2022.07.23-06.47.31:498][  0]LogDerivedDataCache: Display: Pak cache opened for reading ../../../Engine/DerivedDataCache/Compressed.ddp.
[2022.07.23-06.47.31:498][  0]LogDerivedDataCache: FDerivedDataBackendGraph:  EnterprisePak pak cache file ../../../Enterprise/DerivedDataCache/Compressed.ddp not found, will not use a pak cache.
[2022.07.23-06.47.31:498][  0]LogDerivedDataCache: Unable to find inner node EnterprisePak for hierarchical cache Hierarchy.
[2022.07.23-06.47.31:502][  0]LogDerivedDataCache: Speed tests for C:/Users/sycym/AppData/Local/UnrealEngine/Common/DerivedDataCache took 0.00 seconds
[2022.07.23-06.47.31:502][  0]LogDerivedDataCache: Display: Performance to C:/Users/sycym/AppData/Local/UnrealEngine/Common/DerivedDataCache: Latency=0.02ms. RandomReadSpeed=2029.89MBs, RandomWriteSpeed=279.13MBs. Assigned SpeedClass 'Local'
[2022.07.23-06.47.31:503][  0]LogDerivedDataCache: Using Local data cache path C:/Users/sycym/AppData/Local/UnrealEngine/Common/DerivedDataCache: Writable
[2022.07.23-06.47.31:503][  0]LogDerivedDataCache: Shared data cache path not found in *engine.ini, will not use an Shared cache.
[2022.07.23-06.47.31:503][  0]LogDerivedDataCache: Unable to find inner node Shared for hierarchical cache Hierarchy.
[2022.07.23-06.47.31:527][  0]LogSlate: Using FreeType 2.10.0
[2022.07.23-06.47.31:527][  0]LogSlate: SlateFontServices - WITH_FREETYPE: 1, WITH_HARFBUZZ: 1
[2022.07.23-06.47.31:583][  0]LogInit: Using OS detected language (ko-KR).
[2022.07.23-06.47.31:583][  0]LogInit: Using OS detected locale (ko-KR).
[2022.07.23-06.47.31:583][  0]LogTextLocalizationManager: No localization for 'ko-KR' exists, so 'en' will be used for the language.
[2022.07.23-06.47.31:583][  0]LogTextLocalizationManager: No localization for 'ko-KR' exists, so 'en' will be used for the locale.
[2022.07.23-06.47.31:583][  0]LogSlate: FontCache flush requested. Reason: Culture for localization was changed
[2022.07.23-06.47.31:583][  0]LogSlate: FontCache flush requested. Reason: Culture for localization was changed
[2022.07.23-06.47.31:585][  0]LogAssetRegistry: FAssetRegistry took 0.0012 seconds to start up
[2022.07.23-06.47.31:694][  0]LogTextLocalizationManager: Compacting localization data took   0.00ms
[2022.07.23-06.47.31:694][  0]LogPackageLocalizationCache: Processed 28 localized package path(s) for 1 prioritized culture(s) in 0.000671 seconds
[2022.07.23-06.47.31:737][  0]LogInit: Selected Device Profile: [Windows]
[2022.07.23-06.47.31:737][  0]LogInit: Active device profile: [000001AB3551EE00][000001AB2BFF4640 49] Windows
[2022.07.23-06.47.31:737][  0]LogInit: Profiles: [000001AB3551EE00][000001AB2BFF4640 49] Windows, [000001AB35531400][000001AB2BFFC7C0 49] WindowsNoEditor, [000001AB3551D400][000001AB297F0940 49] WindowsServer, [000001AB35532400][000001AB297F4AC0 49] WindowsClient, [000001AB3551E300][000001AB297F8C40 49] IOS, [000001AB35533C00][000001AB297FCDC0 49] iPadAir, [000001AB3551EB00][000001AB29800F40 49] iPadAir2, [000001AB354D6B00][000001AB29809200 49] IPadPro, [000001AB354D6C00][000001AB29805240 49] iPadAir3, [000001AB3551D600][000001AB2980D3C0 49] iPadAir4, [000001AB354D7500][000001AB2BFF9500 49] iPadMini2, [000001AB3551D800][000001AB29811640 49] iPadMini3, [000001AB354D4E00][000001AB29815780 49] iPadMini4, [000001AB3551E200][000001AB298198C0 49] iPadMini5, [000001AB354E6400][000001AB2BB47B80 49] iPhone6, [000001AB354E6500][000001AB2BB43BC0 49] iPodTouch6, [000001AB354D5D00][000001AB2BB4E300 49] iPhone7, [000001AB354D5E00][000001AB2BB4A340 49] iPodTouch7, [000001AB354E6D00][000001AB2BB524C0 49] iPhone5S, [000001AB354D4900][000001AB2BB56640 49] iPhone6Plus, [000001AB354E4E00][000001AB2BB5A7C0 49] iPhone6S, [000001AB354D5B00][000001AB2BB5E940 49] iPhone6SPlus, [000001AB354E7800][000001AB2BB62AC0 49] iPhone7Plus, [000001AB354D4100][000001AB2BB66C40 49] iPhoneSE, [000001AB354E7900][000001AB2BB6ADC0 49] iPhone8, [000001AB354D6600][000001AB2BB6EF40 49] iPhone8Plus, [000001AB354E7000][000001AB2BB730C0 49] iPhoneX, [000001AB354D5500][000001AB2BB77240 49] iPhoneXS, [000001AB354E5900][000001AB2BB7B3C0 49] iPhoneXSMax, [000001AB354D7600][000001AB2BB7F540 49] iPhoneXR, [000001AB354E4100][000001AB2BB836C0 49] iPhone11, [000001AB354D5A00][000001AB2BB3F800 49] iPhone11Pro, [000001AB354E5500][000001AB2BB87940 49] iPhone11ProMax, [000001AB354D6E00][000001AB2F835A80 49] iPhoneSE2, [000001AB354E6E00][000001AB2F83DC00 49] iPhone12Mini, [000001AB354D7100][000001AB2F840200 49] iPhone12, [000001AB354E7F00][000001AB2F844380 49] iPhone12Pro, [000001AB354D6700][000001AB2F848500 49] iPhone12ProMax, [000001AB354E6B00][000001AB2F84C680 49] iPadPro105, [000001AB354D6A00][000001AB2F850800 49] iPadPro129, [000001AB354E6100][000001AB2F854980 49] iPadPro97, [000001AB354D6400][000001AB2F858B00 49] iPadPro2_129, [000001AB354E5D00][000001AB2F85CC80 49] iPad5, [000001AB354D6F00][000001AB2F860E00 49] iPad6, [000001AB354E6900][000001AB2F864F80 49] iPad7, [000001AB354D4500][000001AB2F869100 49] iPad8, [000001AB354E4400][000001AB2F86D280 49] iPadPro11, [000001AB354D6300][000001AB2F871400 49] iPadPro2_11, [000001AB354E5100][000001AB2F875580 49] iPadPro3_129, [000001AB354D4400][000001AB2F879700 49] iPadPro4_129, [000001AB354E7700][000001AB2F87D880 49] AppleTV, [000001AB354D5900][000001AB2F8399C0 49] AppleTV4K, [000001AB35531600][000001AB2F881B00 49] TVOS, [000001AB355B8B00][000001AB2F8840C0 49] Mac, [000001AB35532E00][000001AB2F88C240 49] MacClient, [000001AB355B8C00][000001AB2F8903C0 49] MacNoEditor, [000001AB35531700][000001AB2F894540 49] MacServer, [000001AB355B9A00][000001AB2F8986C0 49] Linux, [000001AB35532B00][000001AB2F89C840 49] LinuxAArch64, [000001AB355B8200][000001AB2F8A09C0 49] LinuxNoEditor, [000001AB35532A00][000001AB2F8A4B40 49] LinuxAArch64NoEditor, [000001AB355B9400][000001AB2F8A8CC0 49] LinuxClient, [000001AB35533900][000001AB2F8ACE40 49] LinuxAArch64Client, [000001AB355B9B00][000001AB2F8B0FC0 49] LinuxServer, [000001AB35531A00][000001AB2F8B5140 49] LinuxAArch64Server, [000001AB355B9200][000001AB2F8B92C0 49] Android, [000001AB35530900][000001AB2F8BD440 49] Android_Low, [000001AB355B8100][000001AB2F8C15C0 49] Android_Mid, [000001AB35532200][000001AB2F8C5740 49] Android_High, [000001AB355B8800][000001AB2F8C98C0 49] Android_Default, [000001AB354D4B00][000001AB2F8CDA40 49] Android_Adreno4xx, [000001AB354E7600][000001AB2F889B80 49] Android_Adreno5xx_Low, [000001AB354D5F00][000001AB2F8D0140 49] Android_Adreno5xx, [000001AB354E7A00][000001AB2F8D4280 49] Android_Adreno6xx, [000001AB354D4200][000001AB2F8D83C0 49] Android_Adreno6xx_Vulkan, [000001AB354E6F00][000001AB2F8E0540 49] Android_Mali_T6xx, [000001AB354D7B00][000001AB2F8E46C0 49] Android_Mali_T7xx, [000001AB354E4300][000001AB2F8E8840 49] Android_Mali_T8xx, [000001AB354D7E00][000001AB2F8EC9C0 49] Android_Mali_G71, [000001AB354E4500][000001AB1F592B40 49] Android_Mali_G72, [000001AB354D4A00][000001AB1F596CC0 49] Android_Mali_G72_Vulkan, [000001AB354E6700][000001AB1F59AE40 49] Android_Mali_G76, [000001AB355B8500][000001AB2F4F0FC0 49] Android_Mali_G76_Vulkan, [000001AB354E7200][000001AB2F4F5140 49] Android_Mali_G77, [000001AB355B8E00][000001AB2F4F92C0 49] Android_Mali_G77_Vulkan, [000001AB354E4800][000001AB2F4FD440 49] Android_Mali_G78, [000001AB355B8F00][000001AB2F5015C0 49] Android_Mali_G78_Vulkan, [000001AB354E5000][000001AB2F505740 49] Android_Mali_G710, [000001AB355B9500][000001AB2F5098C0 49] Android_Mali_G710_Vulkan, [000001AB354E7B00][000001AB2F50DA40 49] Android_Vulkan_SM5, [000001AB355BA000][000001AB2F511BC0 49] Android_PowerVR_G6xxx, [000001AB354E5A00][000001AB2F8DC180 49] Android_PowerVR_GT7xxx, [000001AB354D4800][000001AB1F59E2C0 49] Android_PowerVR_GE8xxx, [000001AB354E4F00][000001AB1F5A2400 49] Android_PowerVR_GM9xxx, [000001AB354D5200][000001AB1F5A6540 49] Android_PowerVR_GM9xxx_Vulkan, [000001AB354E5E00][000001AB1F5AE6C0 49] Android_TegraK1, [000001AB354D6000][000001AB1F5B2840 49] Android_Unknown_Vulkan, [000001AB354E6A00][000001AB1F5B69C0 49] Lumin, [000001AB354D5100][000001AB1F5BAB40 49] Lumin_Desktop, [000001AB354E4D00][000001AB1F5BECC0 49] HoloLens, 
[2022.07.23-06.47.31:775][  0]LogMeshReduction: Using QuadricMeshReduction for automatic static mesh reduction
[2022.07.23-06.47.31:775][  0]LogMeshReduction: Using SimplygonMeshReduction for automatic skeletal mesh reduction
[2022.07.23-06.47.31:775][  0]LogMeshReduction: Using ProxyLODMeshReduction for automatic mesh merging
[2022.07.23-06.47.31:775][  0]LogMeshReduction: No distributed automatic mesh merging module available
[2022.07.23-06.47.31:775][  0]LogMeshMerging: No distributed automatic mesh merging module available
[2022.07.23-06.47.31:855][  0]LogNetVersion: ProjectRun 1.0.0, NetCL: 17155196, EngineNetVer: 17, GameNetVer: 0 (Checksum: 340476433)
[2022.07.23-06.47.32:029][  0]LogTexture: Default maximum texture size for cubemaps generated from long-lat sources has been changed from 512 to unlimited. In order to preserve old behaiour for '/Engine/MapTemplates/Sky/DaylightAmbientCubemap.DaylightAmbientCubemap', its maximum texture size has been explicitly set to 512.
