Log file open, 07/23/22 15:45:47
LogWindows: Failed to load 'aqProf.dll' (GetLastError=126)
LogWindows: File 'aqProf.dll' does not exist
LogWindows: Failed to load 'VtuneApi.dll' (GetLastError=126)
LogWindows: File 'VtuneApi.dll' does not exist
LogWindows: Failed to load 'VtuneApi32e.dll' (GetLastError=126)
LogWindows: File 'VtuneApi32e.dll' does not exist
LogConsoleResponse: Display: Failed to find resolution value strings in scalability ini. Falling back to default.
LogConsoleResponse: Display: Failed to find resolution value strings in scalability ini. Falling back to default.
LogInit: Display: Running engine for game: ProjectRun
LogPlatformFile: Not using cached read wrapper
LogTaskGraph: Started task graph with 5 named threads and 59 total threads with 3 sets of task threads.
LogStats: Stats thread started at 0.217664
LogICUInternationalization: ICU TimeZone Detection - Raw Offset: +9:00, Platform Override: ''
LogInit: Display: Loading text-based GConfig....
LogPluginManager: Mounting plugin MeshPainting
LogPluginManager: Mounting plugin XGEController
LogPluginManager: Mounting plugin Paper2D
LogPluginManager: Mounting plugin LiveLink
LogPluginManager: Mounting plugin LightPropagationVolume
LogPluginManager: Mounting plugin GameplayCameras
LogPluginManager: Mounting plugin CameraShakePreviewer
LogPluginManager: Mounting plugin OodleNetwork
LogPluginManager: Mounting plugin AISupport
LogPluginManager: Mounting plugin OodleData
LogPluginManager: Mounting plugin EnvironmentQueryEditor
LogPluginManager: Mounting plugin CLionSourceCodeAccess
LogPluginManager: Mounting plugin CodeLiteSourceCodeAccess
LogPluginManager: Mounting plugin AnimationSharing
LogPluginManager: Mounting plugin KDevelopSourceCodeAccess
LogPluginManager: Mounting plugin NullSourceCodeAccess
LogPluginManager: Mounting plugin GitSourceControl
LogPluginManager: Mounting plugin PixWinPlugin
LogPluginManager: Mounting plugin PerforceSourceControl
LogPluginManager: Mounting plugin PlasticSourceControl
LogPluginManager: Mounting plugin RiderSourceCodeAccess
LogPluginManager: Mounting plugin SubversionSourceControl
LogPluginManager: Mounting plugin TextureFormatOodle
LogPluginManager: Mounting plugin UObjectPlugin
LogPluginManager: Mounting plugin PluginUtils
LogPluginManager: Mounting plugin VisualStudioSourceCodeAccess
LogPluginManager: Mounting plugin AssetManagerEditor
LogPluginManager: Mounting plugin XCodeSourceCodeAccess
LogPluginManager: Mounting plugin CryptoKeys
LogPluginManager: Mounting plugin CurveEditorTools
LogPluginManager: Mounting plugin VisualStudioCodeSourceCodeAccess
LogPluginManager: Mounting plugin PropertyAccessNode
LogPluginManager: Mounting plugin FacialAnimation
LogPluginManager: Mounting plugin GeometryMode
LogPluginManager: Mounting plugin MaterialAnalyzer
LogPluginManager: Mounting plugin DataValidation
LogPluginManager: Mounting plugin GameplayTagsEditor
LogPluginManager: Mounting plugin PluginBrowser
LogPluginManager: Mounting plugin MacGraphicsSwitching
LogPluginManager: Mounting plugin MobileLauncherProfileWizard
LogPluginManager: Mounting plugin SpeedTreeImporter
LogPluginManager: Mounting plugin Niagara
LogPluginManager: Mounting plugin DatasmithContent
LogPluginManager: Mounting plugin MagicLeap
LogPluginManager: Mounting plugin MagicLeapMedia
LogPluginManager: Mounting plugin VariantManagerContent
LogPluginManager: Mounting plugin MagicLeapLightEstimation
LogPluginManager: Mounting plugin MagicLeapPassableWorld
LogPluginManager: Mounting plugin AlembicImporter
LogPluginManager: Mounting plugin MLSDK
LogPluginManager: Mounting plugin BackChannel
LogPluginManager: Mounting plugin AutomationUtils
LogPluginManager: Mounting plugin ChaosEditor
LogPluginManager: Mounting plugin LuminPlatformFeatures
LogPluginManager: Mounting plugin ChaosSolverPlugin
LogPluginManager: Mounting plugin ChaosClothEditor
LogPluginManager: Mounting plugin ChaosNiagara
LogPluginManager: Mounting plugin CharacterAI
LogPluginManager: Mounting plugin ChaosCloth
LogPluginManager: Mounting plugin AndroidMedia
LogPluginManager: Mounting plugin AvfMedia
LogPluginManager: Mounting plugin MediaCompositing
LogPluginManager: Mounting plugin ImgMedia
LogPluginManager: Mounting plugin MediaPlayerEditor
LogPluginManager: Mounting plugin WebMMedia
LogPluginManager: Mounting plugin WmfMedia
LogPluginManager: Mounting plugin GeometryCache
LogPluginManager: Mounting plugin GeometryCollectionPlugin
LogPluginManager: Mounting plugin GeometryProcessing
LogPluginManager: Mounting plugin PlatformCrypto
LogPluginManager: Mounting plugin PlanarCut
LogPluginManager: Mounting plugin ProxyLODPlugin
LogPluginManager: Mounting plugin PythonScriptPlugin
LogPluginManager: Mounting plugin OpenImageDenoise
LogPluginManager: Mounting plugin SkeletalReduction
LogPluginManager: Mounting plugin MotoSynth
LogPluginManager: Mounting plugin UdpMessaging
LogPluginManager: Mounting plugin TcpMessaging
LogPluginManager: Mounting plugin ActorSequence
LogPluginManager: Mounting plugin LevelSequenceEditor
LogPluginManager: Mounting plugin MatineeToLevelSequence
LogPluginManager: Mounting plugin TemplateSequence
LogPluginManager: Mounting plugin OnlineSubsystem
LogPluginManager: Mounting plugin LauncherChunkInstaller
LogPluginManager: Mounting plugin OnlineSubsystemNull
LogPluginManager: Mounting plugin OnlineSubsystemSteam
LogPluginManager: Mounting plugin OnlineSubsystemUtils
LogPluginManager: Mounting plugin AndroidDeviceProfileSelector
LogPluginManager: Mounting plugin ActorLayerUtilities
LogPluginManager: Mounting plugin AndroidMoviePlayer
LogPluginManager: Mounting plugin AndroidPermission
LogPluginManager: Mounting plugin AppleMoviePlayer
LogPluginManager: Mounting plugin AppleImageUtils
LogPluginManager: Mounting plugin ArchVisCharacter
LogPluginManager: Mounting plugin AudioCapture
LogPluginManager: Mounting plugin ChunkDownloader
LogPluginManager: Mounting plugin CableComponent
LogPluginManager: Mounting plugin CustomMeshComponent
LogPluginManager: Mounting plugin AssetTags
LogPluginManager: Mounting plugin ExampleDeviceProfileSelector
LogPluginManager: Mounting plugin GoogleCloudMessaging
LogPluginManager: Mounting plugin GooglePAD
LogPluginManager: Mounting plugin EditableMesh
LogPluginManager: Mounting plugin AudioSynesthesia
LogPluginManager: Mounting plugin IOSDeviceProfileSelector
LogPluginManager: Mounting plugin LinuxDeviceProfileSelector
LogPluginManager: Mounting plugin LocationServicesBPLibrary
LogPluginManager: Mounting plugin MobilePatchingUtils
LogPluginManager: Mounting plugin OpenXREyeTracker
LogPluginManager: Mounting plugin OpenXR
LogPluginManager: Mounting plugin OpenXRHandTracking
LogPluginManager: Mounting plugin PostSplashScreen
LogPluginManager: Mounting plugin ProceduralMeshComponent
LogPluginManager: Mounting plugin PhysXVehicles
LogPluginManager: Mounting plugin RuntimePhysXCooking
LogPluginManager: Mounting plugin SoundFields
LogPluginManager: Mounting plugin SignificanceManager
LogPluginManager: Mounting plugin Synthesis
LogPluginManager: Mounting plugin PropertyAccessEditor
LogPluginManager: Mounting plugin WebMMoviePlayer
LogPluginManager: Mounting plugin WindowsMoviePlayer
LogPluginManager: Mounting plugin ScreenshotTools
LogPluginManager: Mounting plugin Takes
LogPluginManager: Mounting plugin ContentBrowserAssetDataSource
LogPluginManager: Mounting plugin ContentBrowserClassDataSource
LogPluginManager: Mounting plugin ContentBrowserFileDataSource
LogPluginManager: Mounting plugin OnlineSubsystemIOS
LogPluginManager: Mounting plugin OnlineSubsystemGooglePlay
LogPluginManager: Mounting plugin OculusVR
LogPluginManager: Mounting plugin SteamShared
LogPluginManager: Mounting plugin SteamVR
LogPluginManager: Mounting plugin RunCharacter
LogPluginManager: Mounting plugin AdvancedSessions
LogPluginManager: Mounting plugin AdvancedSteamSessions
PixWinPlugin: PIX capture plugin failed to initialize! Check that the process is launched from PIX.
LogInit: Using libcurl 7.55.1-DEV
LogInit:  - built for x86_64-pc-win32
LogInit:  - supports SSL with OpenSSL/1.1.1
LogInit:  - supports HTTP deflate (compression) using libz 1.2.8
LogInit:  - other features:
LogInit:      CURL_VERSION_SSL
LogInit:      CURL_VERSION_LIBZ
LogInit:      CURL_VERSION_IPV6
LogInit:      CURL_VERSION_ASYNCHDNS
LogInit:      CURL_VERSION_LARGEFILE
LogInit:      CURL_VERSION_IDN
LogInit:  CurlRequestOptions (configurable via config and command line):
LogInit:  - bVerifyPeer = true  - Libcurl will verify peer certificate
LogInit:  - bUseHttpProxy = false  - Libcurl will NOT use HTTP proxy
LogInit:  - bDontReuseConnections = false  - Libcurl will reuse connections
LogInit:  - MaxHostConnections = 16  - Libcurl will limit the number of connections to a host
LogInit:  - LocalHostAddr = Default
LogInit:  - BufferSize = 65536
LogOnline: OSS: Creating online subsystem instance for: NULL
LogInit: WinSock: version 1.1 (2.2), MaxSocks=32767, MaxUdp=65467
LogOnline: OSS: TryLoadSubsystemAndSetDefault: Loaded subsystem for module [NULL]
LogOculusPluginWrapper: OculusPlugin initialized successfully
LogHMD: Failed initializing OVRPlugin 1.59.0
LogInit: Build: ++UE4+Release-4.27-CL-18319896
LogInit: Engine Version: 4.27.2-18319896+++UE4+Release-4.27
LogInit: Compatible Engine Version: 4.27.0-17155196+++UE4+Release-4.27
LogInit: Net CL: 17155196
LogInit: OS: Windows 10 (Release 2009) (), CPU: 12th Gen Intel(R) Core(TM) i7-12700H, GPU: NVIDIA GeForce RTX 3070 Ti Laptop GPU
LogInit: Compiled (64-bit): Nov 30 2021 07:12:08
LogInit: Compiled with Visual C++: 19.24.28315.00
LogInit: Build Configuration: Development
LogInit: Branch Name: ++UE4+Release-4.27
LogInit: Command Line:  127.0.0.1:17777 -game -PIEVIACONSOLE -Multiprocess GameUserSettingsINI=C:/study/ProjectRunMergedAnim/Saved/Config/Windows/PIEGameUserSettings2.ini -MultiprocessSaveConfig -forcepassthrough -messaging -SessionName="Play in Standalone Game" -windowed -WinX=2076 -WinY=613 SAVEWINPOS=1 -ResX=640 -ResY=480
LogInit: Base Directory: C:/Program Files/Epic Games/UE_4.27/Engine/Binaries/Win64/
LogInit: Allocator: TBB
LogInit: Installed Engine Build: 1
LogDevObjectVersion: Number of dev versions registered: 29
LogDevObjectVersion:   Dev-Blueprints (B0D832E4-1F89-4F0D-ACCF-7EB736FD4AA2): 10
LogDevObjectVersion:   Dev-Build (E1C64328-A22C-4D53-A36C-8E866417BD8C): 0
LogDevObjectVersion:   Dev-Core (375EC13C-06E4-48FB-B500-84F0262A717E): 4
LogDevObjectVersion:   Dev-Editor (E4B068ED-F494-42E9-A231-DA0B2E46BB41): 40
LogDevObjectVersion:   Dev-Framework (CFFC743F-43B0-4480-9391-14DF171D2073): 37
LogDevObjectVersion:   Dev-Mobile (B02B49B5-BB20-44E9-A304-32B752E40360): 3
LogDevObjectVersion:   Dev-Networking (A4E4105C-59A1-49B5-A7C5-40C4547EDFEE): 0
LogDevObjectVersion:   Dev-Online (39C831C9-5AE6-47DC-9A44-9C173E1C8E7C): 0
LogDevObjectVersion:   Dev-Physics (78F01B33-EBEA-4F98-B9B4-84EACCB95AA2): 14
LogDevObjectVersion:   Dev-Platform (6631380F-2D4D-43E0-8009-CF276956A95A): 0
LogDevObjectVersion:   Dev-Rendering (12F88B9F-8875-4AFC-A67C-D90C383ABD29): 45
LogDevObjectVersion:   Dev-Sequencer (7B5AE74C-D270-4C10-A958-57980B212A5A): 13
LogDevObjectVersion:   Dev-VR (D7296918-1DD6-4BDD-9DE2-64A83CC13884): 3
LogDevObjectVersion:   Dev-LoadTimes (C2A15278-BFE7-4AFE-6C17-90FF531DF755): 1
LogDevObjectVersion:   Private-Geometry (6EACA3D4-40EC-4CC1-B786-8BED09428FC5): 3
LogDevObjectVersion:   Dev-AnimPhys (29E575DD-E0A3-4627-9D10-D276232CDCEA): 17
LogDevObjectVersion:   Dev-Anim (AF43A65D-7FD3-4947-9873-3E8ED9C1BB05): 15
LogDevObjectVersion:   Dev-ReflectionCapture (6B266CEC-1EC7-4B8F-A30B-E4D90942FC07): 1
LogDevObjectVersion:   Dev-Automation (0DF73D61-A23F-47EA-B727-89E90C41499A): 1
LogDevObjectVersion:   FortniteMain (601D1886-AC64-4F84-AA16-D3DE0DEAC7D6): 47
LogDevObjectVersion:   FortniteRelease (E7086368-6B23-4C58-8439-1B7016265E91): 1
LogDevObjectVersion:   Dev-Enterprise (9DFFBCD6-494F-0158-E221-12823C92A888): 10
LogDevObjectVersion:   Dev-Niagara (F2AED0AC-9AFE-416F-8664-AA7FFA26D6FC): 1
LogDevObjectVersion:   Dev-Destruction (174F1F0B-B4C6-45A5-B13F-2EE8D0FB917D): 10
LogDevObjectVersion:   Dev-Physics-Ext (35F94A83-E258-406C-A318-09F59610247C): 41
LogDevObjectVersion:   Dev-PhysicsMaterial-Chaos (B68FC16E-8B1B-42E2-B453-215C058844FE): 1
LogDevObjectVersion:   Dev-CineCamera (B2E18506-4273-CFC2-A54E-F4BB758BBA07): 1
LogDevObjectVersion:   Dev-VirtualProduction (64F58936-FD1B-42BA-BA96-7289D5D0FA4E): 1
LogDevObjectVersion:   Dev-MediaFramework (6F0ED827-A609-4895-9C91-998D90180EA4): 2
LogInit: Presizing for max 25165824 objects, including 0 objects not considered by GC, pre-allocating 0 bytes for permanent pool.
LogConfig: Applying CVar settings from Section [/Script/Engine.StreamingSettings] File [C:/study/ProjectRunMergedAnim/Saved/Config/Windows/Engine.ini]
LogConfig: Setting CVar [[s.MinBulkDataSizeForAsyncLoading:131072]]
LogConfig: Setting CVar [[s.AsyncLoadingThreadEnabled:0]]
LogConfig: Setting CVar [[s.EventDrivenLoaderEnabled:1]]
LogConfig: Setting CVar [[s.WarnIfTimeLimitExceeded:0]]
LogConfig: Setting CVar [[s.TimeLimitExceededMultiplier:1.5]]
LogConfig: Setting CVar [[s.TimeLimitExceededMinTime:0.005]]
LogConfig: Setting CVar [[s.UseBackgroundLevelStreaming:1]]
LogConfig: Setting CVar [[s.PriorityAsyncLoadingExtraTime:15.0]]
LogConfig: Setting CVar [[s.LevelStreamingActorsUpdateTimeLimit:5.0]]
LogConfig: Setting CVar [[s.PriorityLevelStreamingActorsUpdateExtraTime:5.0]]
LogConfig: Setting CVar [[s.LevelStreamingComponentsRegistrationGranularity:10]]
LogConfig: Setting CVar [[s.UnregisterComponentsTimeLimit:1.0]]
LogConfig: Setting CVar [[s.LevelStreamingComponentsUnregistrationGranularity:5]]
LogConfig: Setting CVar [[s.FlushStreamingOnExit:1]]
LogInit: Object subsystem initialized
LogConfig: Setting CVar [[con.DebugEarlyDefault:1]]
LogConfig: Setting CVar [[r.setres:1280x720]]
[2022.07.23-06.45.47:850][  0]LogConfig: Setting CVar [[con.DebugEarlyDefault:1]]
[2022.07.23-06.45.47:850][  0]LogConfig: Setting CVar [[r.setres:1280x720]]
[2022.07.23-06.45.47:850][  0]LogConfig: Applying CVar settings from Section [/Script/Engine.RendererSettings] File [C:/study/ProjectRunMergedAnim/Saved/Config/Windows/Engine.ini]
[2022.07.23-06.45.47:850][  0]LogConfig: Setting CVar [[r.GPUCrashDebugging:0]]
[2022.07.23-06.45.47:850][  0]LogConfig: Applying CVar settings from Section [/Script/Engine.RendererOverrideSettings] File [C:/study/ProjectRunMergedAnim/Saved/Config/Windows/Engine.ini]
[2022.07.23-06.45.47:850][  0]LogConfig: Applying CVar settings from Section [/Script/Engine.StreamingSettings] File [C:/study/ProjectRunMergedAnim/Saved/Config/Windows/Engine.ini]
[2022.07.23-06.45.47:850][  0]LogConfig: Setting CVar [[s.MinBulkDataSizeForAsyncLoading:131072]]
[2022.07.23-06.45.47:850][  0]LogConfig: Setting CVar [[s.AsyncLoadingThreadEnabled:0]]
[2022.07.23-06.45.47:850][  0]LogConfig: Setting CVar [[s.EventDrivenLoaderEnabled:1]]
[2022.07.23-06.45.47:850][  0]LogConfig: Setting CVar [[s.WarnIfTimeLimitExceeded:0]]
[2022.07.23-06.45.47:850][  0]LogConfig: Setting CVar [[s.TimeLimitExceededMultiplier:1.5]]
[2022.07.23-06.45.47:850][  0]LogConfig: Setting CVar [[s.TimeLimitExceededMinTime:0.005]]
[2022.07.23-06.45.47:850][  0]LogConfig: Setting CVar [[s.UseBackgroundLevelStreaming:1]]
[2022.07.23-06.45.47:850][  0]LogConfig: Setting CVar [[s.PriorityAsyncLoadingExtraTime:15.0]]
[2022.07.23-06.45.47:850][  0]LogConfig: Setting CVar [[s.LevelStreamingActorsUpdateTimeLimit:5.0]]
[2022.07.23-06.45.47:850][  0]LogConfig: Setting CVar [[s.PriorityLevelStreamingActorsUpdateExtraTime:5.0]]
[2022.07.23-06.45.47:850][  0]LogConfig: Setting CVar [[s.LevelStreamingComponentsRegistrationGranularity:10]]
[2022.07.23-06.45.47:850][  0]LogConfig: Setting CVar [[s.UnregisterComponentsTimeLimit:1.0]]
[2022.07.23-06.45.47:850][  0]LogConfig: Setting CVar [[s.LevelStreamingComponentsUnregistrationGranularity:5]]
[2022.07.23-06.45.47:850][  0]LogConfig: Setting CVar [[s.FlushStreamingOnExit:1]]
[2022.07.23-06.45.47:850][  0]LogConfig: Applying CVar settings from Section [/Script/Engine.GarbageCollectionSettings] File [C:/study/ProjectRunMergedAnim/Saved/Config/Windows/Engine.ini]
[2022.07.23-06.45.47:850][  0]LogConfig: Setting CVar [[gc.MaxObjectsNotConsideredByGC:1]]
[2022.07.23-06.45.47:850][  0]LogConfig: Setting CVar [[gc.SizeOfPermanentObjectPool:0]]
[2022.07.23-06.45.47:850][  0]LogConfig: Setting CVar [[gc.FlushStreamingOnGC:0]]
[2022.07.23-06.45.47:850][  0]LogConfig: Setting CVar [[gc.NumRetriesBeforeForcingGC:10]]
[2022.07.23-06.45.47:850][  0]LogConfig: Setting CVar [[gc.AllowParallelGC:1]]
[2022.07.23-06.45.47:850][  0]LogConfig: Setting CVar [[gc.TimeBetweenPurgingPendingKillObjects:61.1]]
[2022.07.23-06.45.47:850][  0]LogConfig: Setting CVar [[gc.MaxObjectsInEditor:25165824]]
[2022.07.23-06.45.47:850][  0]LogConfig: Setting CVar [[gc.IncrementalBeginDestroyEnabled:1]]
[2022.07.23-06.45.47:850][  0]LogConfig: Setting CVar [[gc.CreateGCClusters:1]]
[2022.07.23-06.45.47:850][  0]LogConfig: Setting CVar [[gc.MinGCClusterSize:5]]
[2022.07.23-06.45.47:850][  0]LogConfig: Setting CVar [[gc.ActorClusteringEnabled:0]]
[2022.07.23-06.45.47:850][  0]LogConfig: Setting CVar [[gc.BlueprintClusteringEnabled:0]]
[2022.07.23-06.45.47:850][  0]LogConfig: Setting CVar [[gc.UseDisregardForGCOnDedicatedServers:0]]
[2022.07.23-06.45.47:850][  0]LogConfig: Setting CVar [[gc.MultithreadedDestructionEnabled:1]]
[2022.07.23-06.45.47:850][  0]LogConfig: Applying CVar settings from Section [/Script/Engine.NetworkSettings] File [C:/study/ProjectRunMergedAnim/Saved/Config/Windows/Engine.ini]
[2022.07.23-06.45.47:850][  0]LogConfig: Applying CVar settings from Section [/Script/UnrealEd.CookerSettings] File [C:/study/ProjectRunMergedAnim/Saved/Config/Windows/Engine.ini]
[2022.07.23-06.45.47:865][  0]LogConfig: Applying CVar settings from Section [ViewDistanceQuality@3] File [C:/study/ProjectRunMergedAnim/Saved/Config/Windows/Scalability.ini]
[2022.07.23-06.45.47:865][  0]LogConfig: Setting CVar [[r.SkeletalMeshLODBias:0]]
[2022.07.23-06.45.47:865][  0]LogConfig: Setting CVar [[r.ViewDistanceScale:1.0]]
[2022.07.23-06.45.47:865][  0]LogConfig: Applying CVar settings from Section [AntiAliasingQuality@3] File [C:/study/ProjectRunMergedAnim/Saved/Config/Windows/Scalability.ini]
[2022.07.23-06.45.47:865][  0]LogConfig: Setting CVar [[r.PostProcessAAQuality:4]]
[2022.07.23-06.45.47:865][  0]LogConfig: Applying CVar settings from Section [ShadowQuality@3] File [C:/study/ProjectRunMergedAnim/Saved/Config/Windows/Scalability.ini]
[2022.07.23-06.45.47:866][  0]LogConfig: Setting CVar [[r.LightFunctionQuality:1]]
[2022.07.23-06.45.47:866][  0]LogConfig: Setting CVar [[r.ShadowQuality:5]]
[2022.07.23-06.45.47:866][  0]LogConfig: Setting CVar [[r.Shadow.CSM.MaxCascades:10]]
[2022.07.23-06.45.47:866][  0]LogConfig: Setting CVar [[r.Shadow.MaxResolution:2048]]
[2022.07.23-06.45.47:866][  0]LogConfig: Setting CVar [[r.Shadow.MaxCSMResolution:2048]]
[2022.07.23-06.45.47:866][  0]LogConfig: Setting CVar [[r.Shadow.RadiusThreshold:0.01]]
[2022.07.23-06.45.47:866][  0]LogConfig: Setting CVar [[r.Shadow.DistanceScale:1.0]]
[2022.07.23-06.45.47:866][  0]LogConfig: Setting CVar [[r.Shadow.CSM.TransitionScale:1.0]]
[2022.07.23-06.45.47:866][  0]LogConfig: Setting CVar [[r.Shadow.PreShadowResolutionFactor:1.0]]
[2022.07.23-06.45.47:866][  0]LogConfig: Setting CVar [[r.DistanceFieldShadowing:1]]
[2022.07.23-06.45.47:866][  0]LogConfig: Setting CVar [[r.DistanceFieldAO:1]]
[2022.07.23-06.45.47:866][  0]LogConfig: Setting CVar [[r.AOQuality:2]]
[2022.07.23-06.45.47:866][  0]LogConfig: Setting CVar [[r.VolumetricFog:1]]
[2022.07.23-06.45.47:866][  0]LogConfig: Setting CVar [[r.VolumetricFog.GridPixelSize:8]]
[2022.07.23-06.45.47:866][  0]LogConfig: Setting CVar [[r.VolumetricFog.GridSizeZ:128]]
[2022.07.23-06.45.47:866][  0]LogConfig: Setting CVar [[r.VolumetricFog.HistoryMissSupersampleCount:4]]
[2022.07.23-06.45.47:866][  0]LogConfig: Setting CVar [[r.LightMaxDrawDistanceScale:1]]
[2022.07.23-06.45.47:866][  0]LogConfig: Setting CVar [[r.CapsuleShadows:1]]
[2022.07.23-06.45.47:866][  0]LogConfig: Applying CVar settings from Section [PostProcessQuality@3] File [C:/study/ProjectRunMergedAnim/Saved/Config/Windows/Scalability.ini]
[2022.07.23-06.45.47:866][  0]LogConfig: Setting CVar [[r.MotionBlurQuality:4]]
[2022.07.23-06.45.47:866][  0]LogConfig: Setting CVar [[r.AmbientOcclusionMipLevelFactor:0.4]]
[2022.07.23-06.45.47:866][  0]LogConfig: Setting CVar [[r.AmbientOcclusionMaxQuality:100]]
[2022.07.23-06.45.47:866][  0]LogConfig: Setting CVar [[r.AmbientOcclusionLevels:-1]]
[2022.07.23-06.45.47:866][  0]LogConfig: Setting CVar [[r.AmbientOcclusionRadiusScale:1.0]]
[2022.07.23-06.45.47:866][  0]LogConfig: Setting CVar [[r.DepthOfFieldQuality:2]]
[2022.07.23-06.45.47:866][  0]LogConfig: Setting CVar [[r.RenderTargetPoolMin:400]]
[2022.07.23-06.45.47:866][  0]LogConfig: Setting CVar [[r.LensFlareQuality:2]]
[2022.07.23-06.45.47:866][  0]LogConfig: Setting CVar [[r.SceneColorFringeQuality:1]]
[2022.07.23-06.45.47:866][  0]LogConfig: Setting CVar [[r.EyeAdaptationQuality:2]]
[2022.07.23-06.45.47:866][  0]LogConfig: Setting CVar [[r.BloomQuality:5]]
[2022.07.23-06.45.47:866][  0]LogConfig: Setting CVar [[r.FastBlurThreshold:100]]
[2022.07.23-06.45.47:866][  0]LogConfig: Setting CVar [[r.Upscale.Quality:3]]
[2022.07.23-06.45.47:866][  0]LogConfig: Setting CVar [[r.Tonemapper.GrainQuantization:1]]
[2022.07.23-06.45.47:866][  0]LogConfig: Setting CVar [[r.LightShaftQuality:1]]
[2022.07.23-06.45.47:866][  0]LogConfig: Setting CVar [[r.Filter.SizeScale:1]]
[2022.07.23-06.45.47:866][  0]LogConfig: Setting CVar [[r.Tonemapper.Quality:5]]
[2022.07.23-06.45.47:866][  0]LogConfig: Setting CVar [[r.DOF.Gather.AccumulatorQuality:1        ; higher gathering accumulator quality]]
[2022.07.23-06.45.47:866][  0]LogConfig: Setting CVar [[r.DOF.Gather.PostfilterMethod:1          ; Median3x3 postfilering method]]
[2022.07.23-06.45.47:866][  0]LogConfig: Setting CVar [[r.DOF.Gather.EnableBokehSettings:0       ; no bokeh simulation when gathering]]
[2022.07.23-06.45.47:866][  0]LogConfig: Setting CVar [[r.DOF.Gather.RingCount:4                 ; medium number of samples when gathering]]
[2022.07.23-06.45.47:866][  0]LogConfig: Setting CVar [[r.DOF.Scatter.ForegroundCompositing:1    ; additive foreground scattering]]
[2022.07.23-06.45.47:866][  0]LogConfig: Setting CVar [[r.DOF.Scatter.BackgroundCompositing:2    ; additive background scattering]]
[2022.07.23-06.45.47:866][  0]LogConfig: Setting CVar [[r.DOF.Scatter.EnableBokehSettings:1      ; bokeh simulation when scattering]]
[2022.07.23-06.45.47:866][  0]LogConfig: Setting CVar [[r.DOF.Scatter.MaxSpriteRatio:0.1         ; only a maximum of 10% of scattered bokeh]]
[2022.07.23-06.45.47:866][  0]LogConfig: Setting CVar [[r.DOF.Recombine.Quality:1                ; cheap slight out of focus]]
[2022.07.23-06.45.47:866][  0]LogConfig: Setting CVar [[r.DOF.Recombine.EnableBokehSettings:0    ; no bokeh simulation on slight out of focus]]
[2022.07.23-06.45.47:866][  0]LogConfig: Setting CVar [[r.DOF.TemporalAAQuality:1                ; more stable temporal accumulation]]
[2022.07.23-06.45.47:866][  0]LogConfig: Setting CVar [[r.DOF.Kernel.MaxForegroundRadius:0.025]]
[2022.07.23-06.45.47:866][  0]LogConfig: Setting CVar [[r.DOF.Kernel.MaxBackgroundRadius:0.025]]
[2022.07.23-06.45.47:866][  0]LogConfig: Applying CVar settings from Section [TextureQuality@3] File [C:/study/ProjectRunMergedAnim/Saved/Config/Windows/Scalability.ini]
[2022.07.23-06.45.47:866][  0]LogConfig: Setting CVar [[r.Streaming.MipBias:0]]
[2022.07.23-06.45.47:866][  0]LogConfig: Setting CVar [[r.Streaming.AmortizeCPUToGPUCopy:0]]
[2022.07.23-06.45.47:866][  0]LogConfig: Setting CVar [[r.Streaming.MaxNumTexturesToStreamPerFrame:0]]
[2022.07.23-06.45.47:866][  0]LogConfig: Setting CVar [[r.Streaming.Boost:1]]
[2022.07.23-06.45.47:866][  0]LogConfig: Setting CVar [[r.MaxAnisotropy:8]]
[2022.07.23-06.45.47:866][  0]LogConfig: Setting CVar [[r.VT.MaxAnisotropy:8]]
[2022.07.23-06.45.47:866][  0]LogConfig: Setting CVar [[r.Streaming.LimitPoolSizeToVRAM:0]]
[2022.07.23-06.45.47:866][  0]LogConfig: Setting CVar [[r.Streaming.PoolSize:1000]]
[2022.07.23-06.45.47:866][  0]LogConfig: Setting CVar [[r.Streaming.MaxEffectiveScreenSize:0]]
[2022.07.23-06.45.47:866][  0]LogConfig: Applying CVar settings from Section [EffectsQuality@3] File [C:/study/ProjectRunMergedAnim/Saved/Config/Windows/Scalability.ini]
[2022.07.23-06.45.47:866][  0]LogConfig: Setting CVar [[r.TranslucencyLightingVolumeDim:64]]
[2022.07.23-06.45.47:866][  0]LogConfig: Setting CVar [[r.RefractionQuality:2]]
[2022.07.23-06.45.47:866][  0]LogConfig: Setting CVar [[r.SSR.Quality:3]]
[2022.07.23-06.45.47:866][  0]LogConfig: Setting CVar [[r.SSR.HalfResSceneColor:0]]
[2022.07.23-06.45.47:866][  0]LogConfig: Setting CVar [[r.SceneColorFormat:4]]
[2022.07.23-06.45.47:866][  0]LogConfig: Setting CVar [[r.DetailMode:2]]
[2022.07.23-06.45.47:866][  0]LogConfig: Setting CVar [[r.TranslucencyVolumeBlur:1]]
[2022.07.23-06.45.47:866][  0]LogConfig: Setting CVar [[r.MaterialQualityLevel:1 ; High quality]]
[2022.07.23-06.45.47:866][  0]LogConfig: Setting CVar [[r.AnisotropicMaterials:1]]
[2022.07.23-06.45.47:866][  0]LogConfig: Setting CVar [[r.SSS.Scale:1]]
[2022.07.23-06.45.47:866][  0]LogConfig: Setting CVar [[r.SSS.SampleSet:2]]
[2022.07.23-06.45.47:866][  0]LogConfig: Setting CVar [[r.SSS.Quality:1]]
[2022.07.23-06.45.47:866][  0]LogConfig: Setting CVar [[r.SSS.HalfRes:0]]
[2022.07.23-06.45.47:866][  0]LogConfig: Setting CVar [[r.SSGI.Quality:3]]
[2022.07.23-06.45.47:866][  0]LogConfig: Setting CVar [[r.EmitterSpawnRateScale:1.0]]
[2022.07.23-06.45.47:866][  0]LogConfig: Setting CVar [[r.ParticleLightQuality:2]]
[2022.07.23-06.45.47:866][  0]LogConfig: Setting CVar [[r.SkyAtmosphere.AerialPerspectiveLUT.FastApplyOnOpaque:1 ; Always have FastSkyLUT 1 in this case to avoid wrong sky]]
[2022.07.23-06.45.47:866][  0]LogConfig: Setting CVar [[r.SkyAtmosphere.AerialPerspectiveLUT.SampleCountMaxPerSlice:4]]
[2022.07.23-06.45.47:866][  0]LogConfig: Setting CVar [[r.SkyAtmosphere.AerialPerspectiveLUT.DepthResolution:16.0]]
[2022.07.23-06.45.47:866][  0]LogConfig: Setting CVar [[r.SkyAtmosphere.FastSkyLUT:1]]
[2022.07.23-06.45.47:866][  0]LogConfig: Setting CVar [[r.SkyAtmosphere.FastSkyLUT.SampleCountMin:4.0]]
[2022.07.23-06.45.47:866][  0]LogConfig: Setting CVar [[r.SkyAtmosphere.FastSkyLUT.SampleCountMax:128.0]]
[2022.07.23-06.45.47:866][  0]LogConfig: Setting CVar [[r.SkyAtmosphere.SampleCountMin:4.0]]
[2022.07.23-06.45.47:866][  0]LogConfig: Setting CVar [[r.SkyAtmosphere.SampleCountMax:128.0]]
[2022.07.23-06.45.47:866][  0]LogConfig: Setting CVar [[r.SkyAtmosphere.TransmittanceLUT.UseSmallFormat:0]]
[2022.07.23-06.45.47:866][  0]LogConfig: Setting CVar [[r.SkyAtmosphere.TransmittanceLUT.SampleCount:10.0]]
[2022.07.23-06.45.47:866][  0]LogConfig: Setting CVar [[r.SkyAtmosphere.MultiScatteringLUT.SampleCount:15.0]]
[2022.07.23-06.45.47:866][  0]LogConfig: Setting CVar [[r.SkyLight.RealTimeReflectionCapture:1]]
[2022.07.23-06.45.47:866][  0]LogConfig: Applying CVar settings from Section [FoliageQuality@3] File [C:/study/ProjectRunMergedAnim/Saved/Config/Windows/Scalability.ini]
[2022.07.23-06.45.47:866][  0]LogConfig: Setting CVar [[foliage.DensityScale:1.0]]
[2022.07.23-06.45.47:866][  0]LogConfig: Setting CVar [[grass.DensityScale:1.0]]
[2022.07.23-06.45.47:866][  0]LogConfig: Applying CVar settings from Section [ShadingQuality@3] File [C:/study/ProjectRunMergedAnim/Saved/Config/Windows/Scalability.ini]
[2022.07.23-06.45.47:866][  0]LogConfig: Setting CVar [[r.HairStrands.SkyLighting.IntegrationType:2]]
[2022.07.23-06.45.47:866][  0]LogConfig: Setting CVar [[r.HairStrands.SkyAO.SampleCount:4]]
[2022.07.23-06.45.47:866][  0]LogConfig: Setting CVar [[r.HairStrands.Visibility.MSAA.SamplePerPixel:4]]
[2022.07.23-06.45.47:866][  0]LogInit: Selected Device Profile: [Windows]
[2022.07.23-06.45.47:866][  0]LogInit: Applying CVar settings loaded from the selected device profile: [Windows]
[2022.07.23-06.45.47:866][  0]LogHAL: Display: Platform has ~ 16 GB [16831680512 / 17179869184 / 16], which maps to Larger [LargestMinGB=32, LargerMinGB=12, DefaultMinGB=8, SmallerMinGB=6, SmallestMinGB=0)
[2022.07.23-06.45.47:867][  0]LogInit: Going up to parent DeviceProfile []
[2022.07.23-06.45.47:867][  0]LogConfig: Applying CVar settings from Section [ViewDistanceQuality@3] File [C:/study/ProjectRunMergedAnim/Saved/Config/Windows/Scalability.ini]
[2022.07.23-06.45.47:867][  0]LogConfig: Setting CVar [[r.SkeletalMeshLODBias:0]]
[2022.07.23-06.45.47:867][  0]LogConfig: Setting CVar [[r.ViewDistanceScale:1.0]]
[2022.07.23-06.45.47:867][  0]LogConfig: Applying CVar settings from Section [AntiAliasingQuality@3] File [C:/study/ProjectRunMergedAnim/Saved/Config/Windows/Scalability.ini]
[2022.07.23-06.45.47:867][  0]LogConfig: Setting CVar [[r.PostProcessAAQuality:4]]
[2022.07.23-06.45.47:867][  0]LogConfig: Applying CVar settings from Section [ShadowQuality@3] File [C:/study/ProjectRunMergedAnim/Saved/Config/Windows/Scalability.ini]
[2022.07.23-06.45.47:867][  0]LogConfig: Setting CVar [[r.LightFunctionQuality:1]]
[2022.07.23-06.45.47:867][  0]LogConfig: Setting CVar [[r.ShadowQuality:5]]
[2022.07.23-06.45.47:867][  0]LogConfig: Setting CVar [[r.Shadow.CSM.MaxCascades:10]]
[2022.07.23-06.45.47:867][  0]LogConfig: Setting CVar [[r.Shadow.MaxResolution:2048]]
[2022.07.23-06.45.47:867][  0]LogConfig: Setting CVar [[r.Shadow.MaxCSMResolution:2048]]
[2022.07.23-06.45.47:867][  0]LogConfig: Setting CVar [[r.Shadow.RadiusThreshold:0.01]]
[2022.07.23-06.45.47:867][  0]LogConfig: Setting CVar [[r.Shadow.DistanceScale:1.0]]
[2022.07.23-06.45.47:867][  0]LogConfig: Setting CVar [[r.Shadow.CSM.TransitionScale:1.0]]
[2022.07.23-06.45.47:867][  0]LogConfig: Setting CVar [[r.Shadow.PreShadowResolutionFactor:1.0]]
[2022.07.23-06.45.47:867][  0]LogConfig: Setting CVar [[r.DistanceFieldShadowing:1]]
[2022.07.23-06.45.47:867][  0]LogConfig: Setting CVar [[r.DistanceFieldAO:1]]
[2022.07.23-06.45.47:867][  0]LogConfig: Setting CVar [[r.AOQuality:2]]
[2022.07.23-06.45.47:867][  0]LogConfig: Setting CVar [[r.VolumetricFog:1]]
[2022.07.23-06.45.47:867][  0]LogConfig: Setting CVar [[r.VolumetricFog.GridPixelSize:8]]
[2022.07.23-06.45.47:867][  0]LogConfig: Setting CVar [[r.VolumetricFog.GridSizeZ:128]]
[2022.07.23-06.45.47:867][  0]LogConfig: Setting CVar [[r.VolumetricFog.HistoryMissSupersampleCount:4]]
[2022.07.23-06.45.47:867][  0]LogConfig: Setting CVar [[r.LightMaxDrawDistanceScale:1]]
[2022.07.23-06.45.47:867][  0]LogConfig: Setting CVar [[r.CapsuleShadows:1]]
[2022.07.23-06.45.47:867][  0]LogConfig: Applying CVar settings from Section [PostProcessQuality@3] File [C:/study/ProjectRunMergedAnim/Saved/Config/Windows/Scalability.ini]
[2022.07.23-06.45.47:867][  0]LogConfig: Setting CVar [[r.MotionBlurQuality:4]]
[2022.07.23-06.45.47:867][  0]LogConfig: Setting CVar [[r.AmbientOcclusionMipLevelFactor:0.4]]
[2022.07.23-06.45.47:867][  0]LogConfig: Setting CVar [[r.AmbientOcclusionMaxQuality:100]]
[2022.07.23-06.45.47:867][  0]LogConfig: Setting CVar [[r.AmbientOcclusionLevels:-1]]
[2022.07.23-06.45.47:867][  0]LogConfig: Setting CVar [[r.AmbientOcclusionRadiusScale:1.0]]
[2022.07.23-06.45.47:867][  0]LogConfig: Setting CVar [[r.DepthOfFieldQuality:2]]
[2022.07.23-06.45.47:867][  0]LogConfig: Setting CVar [[r.RenderTargetPoolMin:400]]
[2022.07.23-06.45.47:867][  0]LogConfig: Setting CVar [[r.LensFlareQuality:2]]
[2022.07.23-06.45.47:867][  0]LogConfig: Setting CVar [[r.SceneColorFringeQuality:1]]
[2022.07.23-06.45.47:867][  0]LogConfig: Setting CVar [[r.EyeAdaptationQuality:2]]
[2022.07.23-06.45.47:867][  0]LogConfig: Setting CVar [[r.BloomQuality:5]]
[2022.07.23-06.45.47:867][  0]LogConfig: Setting CVar [[r.FastBlurThreshold:100]]
[2022.07.23-06.45.47:867][  0]LogConfig: Setting CVar [[r.Upscale.Quality:3]]
[2022.07.23-06.45.47:867][  0]LogConfig: Setting CVar [[r.Tonemapper.GrainQuantization:1]]
[2022.07.23-06.45.47:867][  0]LogConfig: Setting CVar [[r.LightShaftQuality:1]]
[2022.07.23-06.45.47:867][  0]LogConfig: Setting CVar [[r.Filter.SizeScale:1]]
[2022.07.23-06.45.47:867][  0]LogConfig: Setting CVar [[r.Tonemapper.Quality:5]]
[2022.07.23-06.45.47:867][  0]LogConfig: Setting CVar [[r.DOF.Gather.AccumulatorQuality:1        ; higher gathering accumulator quality]]
[2022.07.23-06.45.47:867][  0]LogConfig: Setting CVar [[r.DOF.Gather.PostfilterMethod:1          ; Median3x3 postfilering method]]
[2022.07.23-06.45.47:867][  0]LogConfig: Setting CVar [[r.DOF.Gather.EnableBokehSettings:0       ; no bokeh simulation when gathering]]
[2022.07.23-06.45.47:867][  0]LogConfig: Setting CVar [[r.DOF.Gather.RingCount:4                 ; medium number of samples when gathering]]
[2022.07.23-06.45.47:867][  0]LogConfig: Setting CVar [[r.DOF.Scatter.ForegroundCompositing:1    ; additive foreground scattering]]
[2022.07.23-06.45.47:867][  0]LogConfig: Setting CVar [[r.DOF.Scatter.BackgroundCompositing:2    ; additive background scattering]]
[2022.07.23-06.45.47:867][  0]LogConfig: Setting CVar [[r.DOF.Scatter.EnableBokehSettings:1      ; bokeh simulation when scattering]]
[2022.07.23-06.45.47:867][  0]LogConfig: Setting CVar [[r.DOF.Scatter.MaxSpriteRatio:0.1         ; only a maximum of 10% of scattered bokeh]]
[2022.07.23-06.45.47:867][  0]LogConfig: Setting CVar [[r.DOF.Recombine.Quality:1                ; cheap slight out of focus]]
[2022.07.23-06.45.47:867][  0]LogConfig: Setting CVar [[r.DOF.Recombine.EnableBokehSettings:0    ; no bokeh simulation on slight out of focus]]
[2022.07.23-06.45.47:867][  0]LogConfig: Setting CVar [[r.DOF.TemporalAAQuality:1                ; more stable temporal accumulation]]
[2022.07.23-06.45.47:867][  0]LogConfig: Setting CVar [[r.DOF.Kernel.MaxForegroundRadius:0.025]]
[2022.07.23-06.45.47:867][  0]LogConfig: Setting CVar [[r.DOF.Kernel.MaxBackgroundRadius:0.025]]
[2022.07.23-06.45.47:867][  0]LogConfig: Applying CVar settings from Section [TextureQuality@3] File [C:/study/ProjectRunMergedAnim/Saved/Config/Windows/Scalability.ini]
[2022.07.23-06.45.47:867][  0]LogConfig: Setting CVar [[r.Streaming.MipBias:0]]
[2022.07.23-06.45.47:867][  0]LogConfig: Setting CVar [[r.Streaming.AmortizeCPUToGPUCopy:0]]
[2022.07.23-06.45.47:867][  0]LogConfig: Setting CVar [[r.Streaming.MaxNumTexturesToStreamPerFrame:0]]
[2022.07.23-06.45.47:867][  0]LogConfig: Setting CVar [[r.Streaming.Boost:1]]
[2022.07.23-06.45.47:867][  0]LogConfig: Setting CVar [[r.MaxAnisotropy:8]]
[2022.07.23-06.45.47:867][  0]LogConfig: Setting CVar [[r.VT.MaxAnisotropy:8]]
[2022.07.23-06.45.47:867][  0]LogConfig: Setting CVar [[r.Streaming.LimitPoolSizeToVRAM:0]]
[2022.07.23-06.45.47:867][  0]LogConfig: Setting CVar [[r.Streaming.PoolSize:1000]]
[2022.07.23-06.45.47:867][  0]LogConfig: Setting CVar [[r.Streaming.MaxEffectiveScreenSize:0]]
[2022.07.23-06.45.47:867][  0]LogConfig: Applying CVar settings from Section [EffectsQuality@3] File [C:/study/ProjectRunMergedAnim/Saved/Config/Windows/Scalability.ini]
[2022.07.23-06.45.47:867][  0]LogConfig: Setting CVar [[r.TranslucencyLightingVolumeDim:64]]
[2022.07.23-06.45.47:867][  0]LogConfig: Setting CVar [[r.RefractionQuality:2]]
[2022.07.23-06.45.47:867][  0]LogConfig: Setting CVar [[r.SSR.Quality:3]]
[2022.07.23-06.45.47:867][  0]LogConfig: Setting CVar [[r.SSR.HalfResSceneColor:0]]
[2022.07.23-06.45.47:867][  0]LogConfig: Setting CVar [[r.SceneColorFormat:4]]
[2022.07.23-06.45.47:867][  0]LogConfig: Setting CVar [[r.DetailMode:2]]
[2022.07.23-06.45.47:867][  0]LogConfig: Setting CVar [[r.TranslucencyVolumeBlur:1]]
[2022.07.23-06.45.47:867][  0]LogConfig: Setting CVar [[r.MaterialQualityLevel:1 ; High quality]]
[2022.07.23-06.45.47:867][  0]LogConfig: Setting CVar [[r.AnisotropicMaterials:1]]
[2022.07.23-06.45.47:867][  0]LogConfig: Setting CVar [[r.SSS.Scale:1]]
[2022.07.23-06.45.47:867][  0]LogConfig: Setting CVar [[r.SSS.SampleSet:2]]
[2022.07.23-06.45.47:867][  0]LogConfig: Setting CVar [[r.SSS.Quality:1]]
[2022.07.23-06.45.47:867][  0]LogConfig: Setting CVar [[r.SSS.HalfRes:0]]
[2022.07.23-06.45.47:867][  0]LogConfig: Setting CVar [[r.SSGI.Quality:3]]
[2022.07.23-06.45.47:867][  0]LogConfig: Setting CVar [[r.EmitterSpawnRateScale:1.0]]
[2022.07.23-06.45.47:867][  0]LogConfig: Setting CVar [[r.ParticleLightQuality:2]]
[2022.07.23-06.45.47:868][  0]LogConfig: Setting CVar [[r.SkyAtmosphere.AerialPerspectiveLUT.FastApplyOnOpaque:1 ; Always have FastSkyLUT 1 in this case to avoid wrong sky]]
[2022.07.23-06.45.47:868][  0]LogConfig: Setting CVar [[r.SkyAtmosphere.AerialPerspectiveLUT.SampleCountMaxPerSlice:4]]
[2022.07.23-06.45.47:868][  0]LogConfig: Setting CVar [[r.SkyAtmosphere.AerialPerspectiveLUT.DepthResolution:16.0]]
[2022.07.23-06.45.47:868][  0]LogConfig: Setting CVar [[r.SkyAtmosphere.FastSkyLUT:1]]
[2022.07.23-06.45.47:868][  0]LogConfig: Setting CVar [[r.SkyAtmosphere.FastSkyLUT.SampleCountMin:4.0]]
[2022.07.23-06.45.47:868][  0]LogConfig: Setting CVar [[r.SkyAtmosphere.FastSkyLUT.SampleCountMax:128.0]]
[2022.07.23-06.45.47:868][  0]LogConfig: Setting CVar [[r.SkyAtmosphere.SampleCountMin:4.0]]
[2022.07.23-06.45.47:868][  0]LogConfig: Setting CVar [[r.SkyAtmosphere.SampleCountMax:128.0]]
[2022.07.23-06.45.47:868][  0]LogConfig: Setting CVar [[r.SkyAtmosphere.TransmittanceLUT.UseSmallFormat:0]]
[2022.07.23-06.45.47:868][  0]LogConfig: Setting CVar [[r.SkyAtmosphere.TransmittanceLUT.SampleCount:10.0]]
[2022.07.23-06.45.47:868][  0]LogConfig: Setting CVar [[r.SkyAtmosphere.MultiScatteringLUT.SampleCount:15.0]]
[2022.07.23-06.45.47:868][  0]LogConfig: Setting CVar [[r.SkyLight.RealTimeReflectionCapture:1]]
[2022.07.23-06.45.47:868][  0]LogConfig: Applying CVar settings from Section [FoliageQuality@3] File [C:/study/ProjectRunMergedAnim/Saved/Config/Windows/Scalability.ini]
[2022.07.23-06.45.47:868][  0]LogConfig: Setting CVar [[foliage.DensityScale:1.0]]
[2022.07.23-06.45.47:868][  0]LogConfig: Setting CVar [[grass.DensityScale:1.0]]
[2022.07.23-06.45.47:868][  0]LogConfig: Applying CVar settings from Section [ShadingQuality@3] File [C:/study/ProjectRunMergedAnim/Saved/Config/Windows/Scalability.ini]
[2022.07.23-06.45.47:868][  0]LogConfig: Setting CVar [[r.HairStrands.SkyLighting.IntegrationType:2]]
[2022.07.23-06.45.47:868][  0]LogConfig: Setting CVar [[r.HairStrands.SkyAO.SampleCount:4]]
[2022.07.23-06.45.47:868][  0]LogConfig: Setting CVar [[r.HairStrands.Visibility.MSAA.SamplePerPixel:4]]
[2022.07.23-06.45.47:868][  0]LogConfig: Applying CVar settings from Section [Startup] File [../../../Engine/Config/ConsoleVariables.ini]
[2022.07.23-06.45.47:868][  0]LogConfig: Setting CVar [[net.UseAdaptiveNetUpdateFrequency:0]]
[2022.07.23-06.45.47:868][  0]LogConfig: Setting CVar [[p.chaos.AllowCreatePhysxBodies:1]]
[2022.07.23-06.45.47:868][  0]LogConfig: Setting CVar [[fx.SkipVectorVMBackendOptimizations:1]]
[2022.07.23-06.45.47:868][  0]LogConfig: Applying CVar settings from Section [ConsoleVariables] File [C:/study/ProjectRunMergedAnim/Saved/Config/Windows/Engine.ini]
[2022.07.23-06.45.47:868][  0]LogConfig: Applying CVar settings from Section [ConsoleVariables] File [C:/study/ProjectRunMergedAnim/Saved/Config/Windows/Editor.ini]
[2022.07.23-06.45.47:868][  0]LogInit: Computer: LEEMINSEOK
[2022.07.23-06.45.47:868][  0]LogInit: User: sycym
[2022.07.23-06.45.47:869][  0]LogInit: CPU Page size=4096, Cores=14
[2022.07.23-06.45.47:869][  0]LogInit: High frequency timer resolution =10.000000 MHz
[2022.07.23-06.45.47:869][  0]LogMemory: Memory total: Physical=15.7GB (16GB approx)
[2022.07.23-06.45.47:869][  0]LogMemory: Platform Memory Stats for Windows
[2022.07.23-06.45.47:869][  0]LogMemory: Process Physical Memory: 150.30 MB used, 150.30 MB peak
[2022.07.23-06.45.47:869][  0]LogMemory: Process Virtual Memory: 134.97 MB used, 134.97 MB peak
[2022.07.23-06.45.47:869][  0]LogMemory: Physical Memory: 8091.71 MB used,  7960.23 MB free, 16051.94 MB total
[2022.07.23-06.45.47:869][  0]LogMemory: Virtual Memory: 134205376.00 MB used,  12348.72 MB free, 134217728.00 MB total
[2022.07.23-06.45.47:876][  0]LogWindows: WindowsPlatformFeatures enabled
[2022.07.23-06.45.47:934][  0]LogInit: Physics initialised using underlying interface: PhysX
[2022.07.23-06.45.47:935][  0]LogInit: Using OS detected language (ko-KR).
[2022.07.23-06.45.47:935][  0]LogInit: Using OS detected locale (ko-KR).
[2022.07.23-06.45.47:937][  0]LogTextLocalizationManager: No specific localization for 'ko-KR' exists, so the 'ko' localization will be used.
[2022.07.23-06.45.48:068][  0]LogWindowsTextInputMethodSystem: Display: IME system deactivated.
[2022.07.23-06.45.48:092][  0]LogSlate: New Slate User Created.  User Index 0, Is Virtual User: 0
[2022.07.23-06.45.48:092][  0]LogSlate: Slate User Registered.  User Index 0, Is Virtual User: 0
[2022.07.23-06.45.48:114][  0]LogD3D11RHI: Loaded GFSDK_Aftermath_Lib.x64.dll
[2022.07.23-06.45.48:121][  0]LogHMD: Failed to initialize OpenVR with code 110
[2022.07.23-06.45.48:121][  0]LogD3D11RHI: D3D11 min allowed feature level: 11_0
[2022.07.23-06.45.48:121][  0]LogD3D11RHI: D3D11 max allowed feature level: 11_0
[2022.07.23-06.45.48:121][  0]LogD3D11RHI: D3D11 adapters:
[2022.07.23-06.45.48:237][  0]LogD3D11RHI:    0. 'NVIDIA GeForce RTX 3070 Ti Laptop GPU' (Feature Level 11_0)
[2022.07.23-06.45.48:237][  0]LogD3D11RHI:       8043/0/8025 MB DedicatedVideo/DedicatedSystem/SharedSystem, Outputs:1, VendorId:0x10de
[2022.07.23-06.45.48:278][  0]LogD3D11RHI:    1. 'Intel(R) Iris(R) Xe Graphics' (Feature Level 11_0)
[2022.07.23-06.45.48:278][  0]LogD3D11RHI:       128/0/8025 MB DedicatedVideo/DedicatedSystem/SharedSystem, Outputs:0, VendorId:0x8086
[2022.07.23-06.45.48:280][  0]LogD3D11RHI:    2. 'Microsoft Basic Render Driver' (Feature Level 11_0)
[2022.07.23-06.45.48:280][  0]LogD3D11RHI:       0/0/8025 MB DedicatedVideo/DedicatedSystem/SharedSystem, Outputs:0, VendorId:0x1414
[2022.07.23-06.45.48:280][  0]LogD3D11RHI: Chosen D3D11 Adapter:
[2022.07.23-06.45.48:280][  0]LogD3D11RHI:     Description : NVIDIA GeForce RTX 3070 Ti Laptop GPU
[2022.07.23-06.45.48:280][  0]LogD3D11RHI:     VendorId    : 10de
[2022.07.23-06.45.48:280][  0]LogD3D11RHI:     DeviceId    : 24e0
[2022.07.23-06.45.48:280][  0]LogD3D11RHI:     SubSysId    : 8a14103c
[2022.07.23-06.45.48:280][  0]LogD3D11RHI:     Revision    : 00a1
[2022.07.23-06.45.48:280][  0]LogD3D11RHI:     DedicatedVideoMemory : 8433696768 bytes
[2022.07.23-06.45.48:280][  0]LogD3D11RHI:     DedicatedSystemMemory : 0 bytes
[2022.07.23-06.45.48:280][  0]LogD3D11RHI:     SharedSystemMemory : 8415840256 bytes
[2022.07.23-06.45.48:280][  0]LogD3D11RHI:     AdapterLuid : 0 69808
[2022.07.23-06.45.48:287][  0]LogD3D11RHI: Creating new Direct3DDevice
[2022.07.23-06.45.48:287][  0]LogD3D11RHI:     GPU DeviceId: 0x24e0 (for the marketing name, search the web for "GPU Device Id")
[2022.07.23-06.45.48:287][  0]LogWindows: EnumDisplayDevices:
[2022.07.23-06.45.48:287][  0]LogWindows:    0. 'Intel(R) Iris(R) Xe Graphics' (P:0 D:0)
[2022.07.23-06.45.48:287][  0]LogWindows:    1. 'Intel(R) Iris(R) Xe Graphics' (P:0 D:0)
[2022.07.23-06.45.48:288][  0]LogWindows:    2. 'Intel(R) Iris(R) Xe Graphics' (P:0 D:0)
[2022.07.23-06.45.48:288][  0]LogWindows:    3. 'Intel(R) Iris(R) Xe Graphics' (P:0 D:0)
[2022.07.23-06.45.48:288][  0]LogWindows:    4. 'NVIDIA GeForce RTX 3070 Ti Laptop GPU' (P:1 D:1)
[2022.07.23-06.45.48:288][  0]LogWindows:    5. 'NVIDIA GeForce RTX 3070 Ti Laptop GPU' (P:0 D:0)
[2022.07.23-06.45.48:288][  0]LogWindows:    6. 'NVIDIA GeForce RTX 3070 Ti Laptop GPU' (P:0 D:0)
[2022.07.23-06.45.48:289][  0]LogWindows:    7. 'NVIDIA GeForce RTX 3070 Ti Laptop GPU' (P:0 D:0)
[2022.07.23-06.45.48:289][  0]LogWindows: DebugString: PrimaryIsNotTheChoosenAdapter PrimaryIsNotTheChoosenAdapter PrimaryIsNotTheChoosenAdapter PrimaryIsNotTheChoosenAdapter FoundDriverCount:4 
[2022.07.23-06.45.48:289][  0]LogD3D11RHI:     Adapter Name: NVIDIA GeForce RTX 3070 Ti Laptop GPU
[2022.07.23-06.45.48:289][  0]LogD3D11RHI:   Driver Version: 512.78 (internal:30.0.15.1278, unified:512.78)
[2022.07.23-06.45.48:289][  0]LogD3D11RHI:      Driver Date: 5-5-2022
[2022.07.23-06.45.48:289][  0]LogRHI: Texture pool is 5630 MB (70% of 8043 MB)
[2022.07.23-06.45.48:289][  0]LogD3D11RHI: Creating D3DDevice using adapter:
[2022.07.23-06.45.48:289][  0]LogD3D11RHI:     Description : NVIDIA GeForce RTX 3070 Ti Laptop GPU
[2022.07.23-06.45.48:289][  0]LogD3D11RHI:     VendorId    : 10de
[2022.07.23-06.45.48:289][  0]LogD3D11RHI:     DeviceId    : 24e0
[2022.07.23-06.45.48:289][  0]LogD3D11RHI:     SubSysId    : 8a14103c
[2022.07.23-06.45.48:289][  0]LogD3D11RHI:     Revision    : 00a1
[2022.07.23-06.45.48:289][  0]LogD3D11RHI:     DedicatedVideoMemory : 8433696768 bytes
[2022.07.23-06.45.48:289][  0]LogD3D11RHI:     DedicatedSystemMemory : 0 bytes
[2022.07.23-06.45.48:289][  0]LogD3D11RHI:     SharedSystemMemory : 8415840256 bytes
[2022.07.23-06.45.48:289][  0]LogD3D11RHI:     AdapterLuid : 0 69808
[2022.07.23-06.45.48:345][  0]LogD3D11RHI: RHI has support for 64 bit atomics
[2022.07.23-06.45.48:345][  0]LogD3D11RHI: Async texture creation enabled
[2022.07.23-06.45.48:345][  0]LogD3D11RHI: Array index from any shader is supported
[2022.07.23-06.45.48:371][  0]LogD3D11RHI: GPU Timing Frequency: 1000.000000 (Debug: 2 2)
[2022.07.23-06.45.48:393][  0]LogRHI: GeForceNow SDK initialized: 1
[2022.07.23-06.45.48:715][  0]LogTargetPlatformManager: Display: Loaded TargetPlatform 'WindowsNoEditor'
[2022.07.23-06.45.48:718][  0]LogTargetPlatformManager: Display: Loaded TargetPlatform 'Windows'
[2022.07.23-06.45.48:721][  0]LogTargetPlatformManager: Display: Loaded TargetPlatform 'WindowsClient'
[2022.07.23-06.45.48:723][  0]LogTargetPlatformManager: Display: Loaded TargetPlatform 'WindowsServer'
[2022.07.23-06.45.48:723][  0]LogTargetPlatformManager: Display: Building Assets For Windows
[2022.07.23-06.45.48:731][  0]LogAudioDebug: Display: Lib vorbis DLL was dynamically loaded.
[2022.07.23-06.45.48:756][  0]LogTextureFormatOodle: Display: Oodle Texture 2.9.0 init RDO Off
[2022.07.23-06.45.48:777][  0]LogRendererCore: Ray tracing is disabled. Reason: r.RayTracing=0.
[2022.07.23-06.45.48:777][  0]LogShaderCompilers: Guid format shader working directory is 2 characters bigger than the processId version (../../../../../../study/ProjectRunMergedAnim/Intermediate/Shaders/WorkingDirectory/2356/).
[2022.07.23-06.45.48:777][  0]LogShaderCompilers: Cleaned the shader compiler working directory 'C:/Users/sycym/AppData/Local/Temp/UnrealShaderWorkingDir/DFDF31EA4D6729D9DE573689E30675EF/'.
[2022.07.23-06.45.48:778][  0]LogShaderCompilers: Display: Using XGE Controller for Shader Compilation.
[2022.07.23-06.45.49:342][  0]LogDerivedDataCache: Display: Max Cache Size: 512 MB
[2022.07.23-06.45.49:400][  0]LogDerivedDataCache: Loaded boot cache 0.06s 94MB C:/Users/sycym/AppData/Local/UnrealEngine/4.27/DerivedDataCache/Boot.ddc.
[2022.07.23-06.45.49:400][  0]LogDerivedDataCache: Display: Loaded Boot cache: C:/Users/sycym/AppData/Local/UnrealEngine/4.27/DerivedDataCache/Boot.ddc
[2022.07.23-06.45.49:400][  0]LogDerivedDataCache: FDerivedDataBackendGraph:  Pak pak cache file ../../../../../../study/ProjectRunMergedAnim/DerivedDataCache/DDC.ddp not found, will not use a pak cache.
[2022.07.23-06.45.49:400][  0]LogDerivedDataCache: Unable to find inner node Pak for hierarchical cache Hierarchy.
[2022.07.23-06.45.49:400][  0]LogDerivedDataCache: FDerivedDataBackendGraph:  CompressedPak pak cache file ../../../../../../study/ProjectRunMergedAnim/DerivedDataCache/Compressed.ddp not found, will not use a pak cache.
[2022.07.23-06.45.49:400][  0]LogDerivedDataCache: Unable to find inner node CompressedPak for hierarchical cache Hierarchy.
[2022.07.23-06.45.49:414][  0]LogDerivedDataCache: Display: Pak cache opened for reading ../../../Engine/DerivedDataCache/Compressed.ddp.
[2022.07.23-06.45.49:414][  0]LogDerivedDataCache: FDerivedDataBackendGraph:  EnterprisePak pak cache file ../../../Enterprise/DerivedDataCache/Compressed.ddp not found, will not use a pak cache.
[2022.07.23-06.45.49:414][  0]LogDerivedDataCache: Unable to find inner node EnterprisePak for hierarchical cache Hierarchy.
[2022.07.23-06.45.49:424][  0]LogDerivedDataCache: Speed tests for C:/Users/sycym/AppData/Local/UnrealEngine/Common/DerivedDataCache took 0.01 seconds
[2022.07.23-06.45.49:424][  0]LogDerivedDataCache: Display: Performance to C:/Users/sycym/AppData/Local/UnrealEngine/Common/DerivedDataCache: Latency=0.02ms. RandomReadSpeed=1865.72MBs, RandomWriteSpeed=98.34MBs. Assigned SpeedClass 'Local'
[2022.07.23-06.45.49:425][  0]LogDerivedDataCache: Using Local data cache path C:/Users/sycym/AppData/Local/UnrealEngine/Common/DerivedDataCache: Writable
[2022.07.23-06.45.49:425][  0]LogDerivedDataCache: Shared data cache path not found in *engine.ini, will not use an Shared cache.
[2022.07.23-06.45.49:425][  0]LogDerivedDataCache: Unable to find inner node Shared for hierarchical cache Hierarchy.
[2022.07.23-06.45.49:450][  0]LogSlate: Using FreeType 2.10.0
[2022.07.23-06.45.49:450][  0]LogSlate: SlateFontServices - WITH_FREETYPE: 1, WITH_HARFBUZZ: 1
[2022.07.23-06.45.49:526][  0]LogInit: Using OS detected language (ko-KR).
[2022.07.23-06.45.49:526][  0]LogInit: Using OS detected locale (ko-KR).
[2022.07.23-06.45.49:527][  0]LogTextLocalizationManager: No localization for 'ko-KR' exists, so 'en' will be used for the language.
[2022.07.23-06.45.49:527][  0]LogTextLocalizationManager: No localization for 'ko-KR' exists, so 'en' will be used for the locale.
[2022.07.23-06.45.49:527][  0]LogSlate: FontCache flush requested. Reason: Culture for localization was changed
[2022.07.23-06.45.49:527][  0]LogSlate: FontCache flush requested. Reason: Culture for localization was changed
[2022.07.23-06.45.49:528][  0]LogAssetRegistry: FAssetRegistry took 0.0011 seconds to start up
[2022.07.23-06.45.49:660][  0]LogTextLocalizationManager: Compacting localization data took   0.00ms
[2022.07.23-06.45.49:660][  0]LogPackageLocalizationCache: Processed 28 localized package path(s) for 1 prioritized culture(s) in 0.000877 seconds
[2022.07.23-06.45.49:706][  0]LogInit: Selected Device Profile: [Windows]
[2022.07.23-06.45.49:707][  0]LogInit: Active device profile: [000001A89048A400][000001A8881F2800 49] Windows
[2022.07.23-06.45.49:707][  0]LogInit: Profiles: [000001A89048A400][000001A8881F2800 49] Windows, [000001A89048C400][000001A88D9BE980 49] WindowsNoEditor, [000001A89048A500][000001A88D9C2B00 49] WindowsServer, [000001A89048E700][000001A88D9C6C80 49] WindowsClient, [000001A89048AC00][000001A88D670E00 49] IOS, [000001A89048D300][000001A88D674F80 49] iPadAir, [000001A890489B00][000001A88D679100 49] iPadAir2, [000001A89043E100][000001A88D6813C0 49] IPadPro, [000001A89043E200][000001A88D67D400 49] iPadAir3, [000001A890489300][000001A88D9BB540 49] iPadAir4, [000001A89043E500][000001A88D685680 49] iPadMini2, [000001A890489D00][000001A88D6897C0 49] iPadMini3, [000001A89043C200][000001A88D68D900 49] iPadMini4, [000001A89048A700][000001A88D695A80 49] iPadMini5, [000001A89046DA00][000001A88D69C1C0 49] iPhone6, [000001A89046DB00][000001A88D698200 49] iPodTouch6, [000001A89043D700][000001A88D6A44C0 49] iPhone7, [000001A89043DE00][000001A88D6A0500 49] iPodTouch7, [000001A89046DF00][000001A88D912680 49] iPhone5S, [000001A89043FF00][000001A88D916800 49] iPhone6Plus, [000001A89046DE00][000001A88D91A980 49] iPhone6S, [000001A89043E700][000001A88D91EB00 49] iPhone6SPlus, [000001A89046D900][000001A88D922C80 49] iPhone7Plus, [000001A89043D800][000001A88D926E00 49] iPhoneSE, [000001A89046D500][000001A88D92AF80 49] iPhone8, [000001A89043C100][000001A88D92F100 49] iPhone8Plus, [000001A89046F500][000001A88D933280 49] iPhoneX, [000001A89043D000][000001A88D937400 49] iPhoneXS, [000001A89046CA00][000001A88D93B580 49] iPhoneXSMax, [000001A89043FB00][000001A88D6916C0 49] iPhoneXR, [000001A89046EF00][000001A88D93F800 49] iPhone11, [000001A89043CA00][000001A88D943940 49] iPhone11Pro, [000001A89046E600][000001A88D947A80 49] iPhone11ProMax, [000001A89043F800][000001A88D94FC00 49] iPhoneSE2, [000001A89046EC00][000001A88D952200 49] iPhone12Mini, [000001A89043D100][000001A88D956380 49] iPhone12, [000001A89046FA00][000001A88D95A500 49] iPhone12Pro, [000001A89043F000][000001A88DD70680 49] iPhone12ProMax, [000001A89046FD00][000001A88DD74800 49] iPadPro105, [000001A89043FD00][000001A88DD78980 49] iPadPro129, [000001A89046D700][000001A88DD7CB00 49] iPadPro97, [000001A89043D600][000001A88DD80C80 49] iPadPro2_129, [000001A89046E200][000001A88DD84E00 49] iPad5, [000001A89043D400][000001A88DD88F80 49] iPad6, [000001A89046F400][000001A88DD8D100 49] iPad7, [000001A89048D700][000001A88DD91280 49] iPad8, [000001A894AEC300][000001A88DD95400 49] iPadPro11, [000001A89048EA00][000001A88DD99580 49] iPadPro2_11, [000001A894AED200][000001A88DD9D700 49] iPadPro3_129, [000001A89048DC00][000001A88DDA1880 49] iPadPro4_129, [000001A894AECF00][000001A88D94B9C0 49] AppleTV, [000001A89046D800][000001A88DDA5B00 49] AppleTV4K, [000001A894AECC00][000001A88DDA80C0 49] TVOS, [000001A89046F100][000001A88DDB0240 49] Mac, [000001A89048E400][000001A88DDB43C0 49] MacClient, [000001A89046EE00][000001A88DDB8540 49] MacNoEditor, [000001A89048E300][000001A88DDBC6C0 49] MacServer, [000001A89043C800][000001A88DDC0840 49] Linux, [000001A89048E000][000001A88DDC49C0 49] LinuxAArch64, [000001A89043ED00][000001A88DDC8B40 49] LinuxNoEditor, [000001A89048D100][000001A88DDCCCC0 49] LinuxAArch64NoEditor, [000001A89043DB00][000001A88FC08E40 49] LinuxClient, [000001A89048F600][000001A88FC0CFC0 49] LinuxAArch64Client, [000001A89043F500][000001A88FC11140 49] LinuxServer, [000001A89048EB00][000001A88FC152C0 49] LinuxAArch64Server, [000001A89043F700][000001A88FC19440 49] Android, [000001A89048E100][000001A88FC1D5C0 49] Android_Low, [000001A89043E300][000001A88FC21740 49] Android_Mid, [000001A89048EE00][000001A88FC258C0 49] Android_High, [000001A89043F200][000001A88FC29A40 49] Android_Default, [000001A89048CE00][000001A88DDADB80 49] Android_Adreno4xx, [000001A89043F900][000001A88FC2C140 49] Android_Adreno5xx_Low, [000001A89048CB00][000001A88FC30280 49] Android_Adreno5xx, [000001A89043D300][000001A88FC343C0 49] Android_Adreno6xx, [000001A89048C600][000001A88FC3C540 49] Android_Adreno6xx_Vulkan, [000001A89043EC00][000001A88FC406C0 49] Android_Mali_T6xx, [000001A89048DD00][000001A88FC44840 49] Android_Mali_T7xx, [000001A89043E400][000001A88FC489C0 49] Android_Mali_T8xx, [000001A89048FC00][000001A88FC4CB40 49] Android_Mali_G71, [000001A89043F300][000001A88FC50CC0 49] Android_Mali_G72, [000001A89048D600][000001A88FC54E40 49] Android_Mali_G72_Vulkan, [000001A89043D500][000001A88FC58FC0 49] Android_Mali_G76, [000001A89048CD00][000001A88FC5D140 49] Android_Mali_G76_Vulkan, [000001A89043E600][000001A88FC612C0 49] Android_Mali_G77, [000001A89048C200][000001A88FC65440 49] Android_Mali_G77_Vulkan, [000001A89043F600][000001A88FC695C0 49] Android_Mali_G78, [000001A89048FF00][000001A88FC6D740 49] Android_Mali_G78_Vulkan, [000001A89043FE00][000001A88FC718C0 49] Android_Mali_G710, [000001A89048F400][000001A88FC75A40 49] Android_Mali_G710_Vulkan, [000001A89043C700][000001A88FC79BC0 49] Android_Vulkan_SM5, [000001A89048D000][000001A88FC38180 49] Android_PowerVR_G6xxx, [000001A89043DA00][000001A88FC7C2C0 49] Android_PowerVR_GT7xxx, [000001A89048C300][000001A88FC80400 49] Android_PowerVR_GE8xxx, [000001A89043DC00][000001A88FC84540 49] Android_PowerVR_GM9xxx, [000001A89048DB00][000001A88FC8C6C0 49] Android_PowerVR_GM9xxx_Vulkan, [000001A89043FA00][000001A88FC90840 49] Android_TegraK1, [000001A89048D800][000001A88FC949C0 49] Android_Unknown_Vulkan, [000001A89043C500][000001A88FC98B40 49] Lumin, [000001A89046F600][000001A88FC9CCC0 49] Lumin_Desktop, [000001A890488600][000001A88FCA0E40 49] HoloLens, 
[2022.07.23-06.45.49:757][  0]LogMeshReduction: Using QuadricMeshReduction for automatic static mesh reduction
[2022.07.23-06.45.49:757][  0]LogMeshReduction: Using SimplygonMeshReduction for automatic skeletal mesh reduction
[2022.07.23-06.45.49:757][  0]LogMeshReduction: Using ProxyLODMeshReduction for automatic mesh merging
[2022.07.23-06.45.49:757][  0]LogMeshReduction: No distributed automatic mesh merging module available
[2022.07.23-06.45.49:757][  0]LogMeshMerging: No distributed automatic mesh merging module available
[2022.07.23-06.45.49:845][  0]LogNetVersion: ProjectRun 1.0.0, NetCL: 17155196, EngineNetVer: 17, GameNetVer: 0 (Checksum: 340476433)
[2022.07.23-06.45.50:030][  0]LogTexture: Default maximum texture size for cubemaps generated from long-lat sources has been changed from 512 to unlimited. In order to preserve old behaiour for '/Engine/MapTemplates/Sky/DaylightAmbientCubemap.DaylightAmbientCubemap', its maximum texture size has been explicitly set to 512.
[2022.07.23-06.45.50:072][  0]LogHMD: PokeAHoleMaterial loaded successfully
[2022.07.23-06.45.50:188][  0]LogMoviePlayer: Initializing movie player
[2022.07.23-06.45.50:286][  0]LogNiagaraDebuggerClient: Niagara Debugger Client Initialized | Session: A2B5C1784693545BFF95419000BC93D0 | Instance: CB1FD5914D45B7D14C64BAA227638542 (LEEMINSEOK-2356).
[2022.07.23-06.45.50:298][  0]LogCollectionManager: Loaded 0 collections in 0.001425 seconds
[2022.07.23-06.45.50:300][  0]LogFileCache: Scanning file cache for directory 'C:/study/ProjectRunMergedAnim/Saved/Collections/' took 0.00s
[2022.07.23-06.45.50:300][  0]LogFileCache: Scanning file cache for directory 'C:/study/ProjectRunMergedAnim/Content/Developers/sycym/Collections/' took 0.00s
[2022.07.23-06.45.50:300][  0]LogFileCache: Scanning file cache for directory 'C:/study/ProjectRunMergedAnim/Content/Collections/' took 0.00s
[2022.07.23-06.45.50:300][  0]LogCollectionManager: Fixed up redirectors for 0 collections in 0.000001 seconds (updated 0 objects)
[2022.07.23-06.45.50:389][  0]LogPython: Using Python 3.7.7
[2022.07.23-06.45.50:677][  0]LogUdpMessaging: Initializing bridge on interface 0.0.0.0:0 to multicast group 230.0.0.1:6666.
[2022.07.23-06.45.50:681][  0]LogTcpMessaging: Initializing TcpMessaging bridge
[2022.07.23-06.45.50:708][  0]LogSteamShared: Display: Loading Steam SDK 1.51
[2022.07.23-06.45.50:710][  0]LogSteamShared: Steam SDK Loaded!
[2022.07.23-06.45.50:770][  0]SourceControl: Source control is disabled
[2022.07.23-06.45.50:770][  0]SourceControl: Source control is disabled
[2022.07.23-06.45.50:771][  0]SourceControl: Source control is disabled
[2022.07.23-06.45.50:780][  0]LogUProjectInfo: Found projects:
[2022.07.23-06.45.50:885][  0]LogOpenImageDenoise: OIDN starting up
[2022.07.23-06.45.50:894][  0]LogAndroidPermission: UAndroidPermissionCallbackProxy::GetInstance
[2022.07.23-06.45.50:903][  0]LogAudioCaptureCore: Display: No Audio Capture implementations found. Audio input will be silent.
[2022.07.23-06.45.50:903][  0]LogAudioCaptureCore: Display: No Audio Capture implementations found. Audio input will be silent.
[2022.07.23-06.45.50:945][  0]LogOcInput: OculusInput pre-init called
[2022.07.23-06.45.50:951][  0]LogUObjectArray: 22352 objects as part of root set at end of initial load.
[2022.07.23-06.45.50:951][  0]LogUObjectAllocator: 6048224 out of 0 bytes used by permanent object pool.
[2022.07.23-06.45.50:951][  0]LogUObjectArray: CloseDisregardForGC: 0/0 objects in disregard for GC pool
[2022.07.23-06.45.50:984][  0]LogClass: Display: BoolProperty FBPSteamGroupOfficer::bIsOwner is not initialized properly. Module:AdvancedSteamSessions File:Classes/SteamRequestGroupOfficersCallbackProxy.h
[2022.07.23-06.45.50:984][  0]LogClass: Display: IntProperty FBPSteamGroupInfo::numOnline is not initialized properly. Module:AdvancedSteamSessions File:Classes/AdvancedSteamFriendsLibrary.h
[2022.07.23-06.45.50:984][  0]LogClass: Display: IntProperty FBPSteamGroupInfo::numInGame is not initialized properly. Module:AdvancedSteamSessions File:Classes/AdvancedSteamFriendsLibrary.h
[2022.07.23-06.45.50:984][  0]LogClass: Display: IntProperty FBPSteamGroupInfo::numChatting is not initialized properly. Module:AdvancedSteamSessions File:Classes/AdvancedSteamFriendsLibrary.h
[2022.07.23-06.45.50:984][  0]LogClass: Display: 4 Uninitialized script struct members found including 0 object properties
[2022.07.23-06.45.50:984][  0]LogEngine: Initializing Engine...
[2022.07.23-06.45.50:987][  0]LogHMD: Failed to enumerate extensions. Please check that you have a valid OpenXR runtime installed.
[2022.07.23-06.45.50:987][  0]LogHMD: Failed to initialize OpenVR with code 110
[2022.07.23-06.45.50:987][  0]LogMagicLeap: Warning: VR disabled because ZI is not enabled.  To enable, in the editor, Edit -> Project Settings -> Plugins -> Magic Leap Plugin -> Enable Zero Iteration
[2022.07.23-06.45.50:988][  0]LogStats: UGameplayTagsManager::InitializeManager -  0.000 s
[2022.07.23-06.45.51:060][  0]LogInit: Initializing FReadOnlyCVARCache
[2022.07.23-06.45.51:060][  0]LogAudio: Display: Initializing Audio Device Manager...
[2022.07.23-06.45.51:062][  0]LogAudio: Display: Loading Default Audio Settings Objects...
[2022.07.23-06.45.51:062][  0]LogAudio: Display: No default SoundConcurrencyObject specified (or failed to load).
[2022.07.23-06.45.51:063][  0]LogAudio: Display: Audio Device Manager Initialized
[2022.07.23-06.45.51:063][  0]LogAudio: Display: Creating Audio Device:                 Id: 1, Scope: Shared, Realtime: True
[2022.07.23-06.45.51:063][  0]LogAudioMixer: Display: Audio Mixer Platform Settings:
[2022.07.23-06.45.51:063][  0]LogAudioMixer: Display: 	Sample Rate:						  48000
[2022.07.23-06.45.51:063][  0]LogAudioMixer: Display: 	Callback Buffer Frame Size Requested: 1024
[2022.07.23-06.45.51:063][  0]LogAudioMixer: Display: 	Callback Buffer Frame Size To Use:	  1024
[2022.07.23-06.45.51:063][  0]LogAudioMixer: Display: 	Number of buffers to queue:			  2
[2022.07.23-06.45.51:063][  0]LogAudioMixer: Display: 	Max Channels (voices):				  32
[2022.07.23-06.45.51:063][  0]LogAudioMixer: Display: 	Number of Async Source Workers:		  0
[2022.07.23-06.45.51:063][  0]LogAudio: Display: AudioDevice MaxSources: 32
[2022.07.23-06.45.51:063][  0]LogAudio: Display: Audio Spatialization Plugin: None (built-in).
[2022.07.23-06.45.51:063][  0]LogAudio: Display: Audio Reverb Plugin: None (built-in).
[2022.07.23-06.45.51:063][  0]LogAudio: Display: Audio Occlusion Plugin: None (built-in).
[2022.07.23-06.45.51:063][  0]LogAudioMixer: Display: Initializing audio mixer.
[2022.07.23-06.45.51:075][  0]LogAudioMixer: Display: 0: FrontLeft
[2022.07.23-06.45.51:075][  0]LogAudioMixer: Display: 1: FrontRight
[2022.07.23-06.45.51:258][  0]LogAudioMixer: Display: Using Audio Device Speaker(Realtek(R) Audio)
[2022.07.23-06.45.51:263][  0]LogAudioMixer: Display: Initializing Sound Submixes...
[2022.07.23-06.45.51:264][  0]LogAudioMixer: Display: Creating Master Submix 'MasterSubmixDefault'
[2022.07.23-06.45.51:264][  0]LogAudioMixer: Display: Creating Master Submix 'MasterReverbSubmixDefault'
[2022.07.23-06.45.51:266][  0]LogAudioMixer: Display: Creating Master Submix 'MasterEQSubmixDefault'
[2022.07.23-06.45.51:266][  0]LogAudioMixer: FMixerPlatformXAudio2::StartAudioStream() called
[2022.07.23-06.45.51:266][  0]LogAudioMixer: Display: Output buffers initialized: Frames=1024, Channels=2, Samples=2048
[2022.07.23-06.45.51:267][  0]LogAudioMixer: Display: Starting AudioMixerPlatformInterface::RunInternal()
[2022.07.23-06.45.51:267][  0]LogAudioMixer: Display: FMixerPlatformXAudio2::SubmitBuffer() called for the first time
[2022.07.23-06.45.51:267][  0]LogInit: FAudioDevice initialized.
[2022.07.23-06.45.51:268][  0]LogNetVersion: Set ProjectVersion to 1.0.0.0. Version Checksum will be recalculated on next use.
[2022.07.23-06.45.51:268][  0]LogInit: Texture streaming: Enabled
[2022.07.23-06.45.51:310][  0]LogAudio: Display: Audio Device (ID: 1) registered with world 'Untitled'.
[2022.07.23-06.45.51:311][  0]LogSlate: Updating window title bar state: overlay mode, drag disabled, window buttons hidden, title bar hidden
[2022.07.23-06.45.51:311][  0]LogInit: Display: Game Engine Initialized.
[2022.07.23-06.45.51:311][  0]LogNiagaraEditor: GEditor isn't valid! Particle reset commands will not work for Niagara components!
[2022.07.23-06.45.51:389][  0]LogInit: Display: Starting Game.
[2022.07.23-06.45.51:389][  0]LogNet: Browse: 127.0.0.1:17777/Game/ProjectRun/Level/Entry?Name=Player
[2022.07.23-06.45.51:389][  0]LogInit: WinSock: Socket queue. Rx: 32768 (config 32768) Tx: 32768 (config 32768)
[2022.07.23-06.45.51:389][  0]LogNet: Created socket for bind address: 0.0.0.0 on port 0
[2022.07.23-06.45.51:389][  0]PacketHandlerLog: Loaded PacketHandler component: Engine.EngineHandlerComponentFactory (StatelessConnectHandlerComponent)
[2022.07.23-06.45.51:389][  0]LogNet: Game client on port 17777, rate 100000
[2022.07.23-06.45.51:550][  0]LogInit: Display: Engine is initialized. Leaving FEngineLoop::Init()
[2022.07.23-06.45.51:550][  0]LogLoad: (Engine Initialization) Total time: 4.79 seconds
[2022.07.23-06.45.51:550][  0]LogLoad: (Engine Initialization) Total Blueprint compile time: 0.00 seconds
[2022.07.23-06.45.51:556][  0]LogContentStreaming: Texture pool size now 1000 MB
[2022.07.23-06.45.51:557][  0]LogSlate: InvalidateAllWidgets triggered.  All widgets were invalidated
[2022.07.23-06.45.52:406][794]LogHandshake: SendChallengeResponse. Timestamp: 6.147896, Cookie: 213009217017057181018035097022254049150216019160124211177144
[2022.07.23-06.45.52:424][866]LogNetVersion: ProjectRun 1.0.0.0, NetCL: 17155196, EngineNetVer: 17, GameNetVer: 0 (Checksum: 3029291048)
[2022.07.23-06.45.52:424][866]LogNet: UPendingNetGame::SendInitialJoin: Sending hello. [UNetConnection] RemoteAddr: 127.0.0.1:17777, Name: IpConnection_0, Driver: PendingNetDriver IpNetDriver_0, IsServer: NO, PC: NULL, Owner: NULL, UniqueId: INVALID
[2022.07.23-06.45.52:456][ 14]LogNet: Welcomed by server (Level: /Game/ProjectRun/Level/UEDPIE_0_RunningMap, Game: /Game/ProjectRun/GameMode/RunGame/BP_RunGameMode.BP_RunGameMode_C)
[2022.07.23-06.45.52:456][ 14]LogLoad: LoadMap: 127.0.0.1:17777/Game/ProjectRun/Level/RunningMap?Name=Player?game=/Game/ProjectRun/GameMode/RunGame/BP_RunGameMode.BP_RunGameMode_C
[2022.07.23-06.45.52:456][ 14]LogWorld: BeginTearingDown for /Temp/Untitled_0
[2022.07.23-06.45.52:456][ 14]LogWorld: UWorld::CleanupWorld for Untitled, bSessionEnded=true, bCleanupResources=true
[2022.07.23-06.45.52:456][ 14]LogSlate: InvalidateAllWidgets triggered.  All widgets were invalidated
[2022.07.23-06.45.52:460][ 14]LogAudio: Display: Audio Device unregistered from world 'None'.
[2022.07.23-06.45.52:462][ 14]LogUObjectHash: Compacting FUObjectHashTables data took   0.50ms
[2022.07.23-06.45.53:652][ 14]LogAudio: Display: Audio Device (ID: 1) registered with world 'RunningMap'.
[2022.07.23-06.45.53:656][ 14]LogWorld: Bringing World /Game/ProjectRun/Level/RunningMap.RunningMap up for play (max tick rate 0) at 2022.07.23-15.45.53
[2022.07.23-06.45.53:656][ 14]LogWorld: Bringing up level for play took: 0.002004
[2022.07.23-06.45.53:658][ 14]LogSlate: Took 0.000288 seconds to synchronously load lazily loaded font '../../../Engine/Content/Slate/Fonts/Roboto-Regular.ttf' (155K)
[2022.07.23-06.45.53:659][ 14]LogLoad: Took 1.202369 seconds to LoadMap(/Game/ProjectRun/Level/RunningMap)
[2022.07.23-06.45.53:659][ 14]LogNavigation: Warning: NavData RegistrationFailed_DataPendingKill.
[2022.07.23-06.45.53:662][ 15]LogRenderer: Reallocating scene render targets to support 640x480 Format 10 NumSamples 1 (Frame:1).
[2022.07.23-06.45.53:709][ 21]LogOnlineSession: Warning: OSS: No game present to join for session (GameSession)
[2022.07.23-06.45.53:709][ 21]LogBlueprintUserMessages: [BP_RunPlayerState_C_0] 3
[2022.07.23-06.45.53:709][ 21]LogBlueprintUserMessages: [BP_RunHUD_C_0] 3
[2022.07.23-06.45.53:709][ 21]LogBlueprintUserMessages: Warning: SetTimer passed a function (UpdatePlayerNumber) that expects parameters.
[2022.07.23-06.45.53:742][ 33]LogViewport: Display: Viewport MouseCaptureMode Changed, CapturePermanently_IncludingInitialMouseDown -> CapturePermanently
[2022.07.23-06.45.53:743][ 33]LogPawn: Error: DisableInput can only be specified on a Pawn for its Controller
[2022.07.23-06.45.53:743][ 33]LogPawn: Error: DisableInput can only be specified on a Pawn for its Controller
[2022.07.23-06.45.53:743][ 33]LogBlueprintUserMessages: [RunGameState_C_0] Ready
[2022.07.23-06.45.53:746][ 34]LogBlueprintUserMessages: [RunGameState_C_0] Ready
[2022.07.23-06.45.53:747][ 35]LogBlueprintUserMessages: [RunGameState_C_0] Ready
[2022.07.23-06.45.53:750][ 36]LogBlueprintUserMessages: [RunGameState_C_0] Ready
[2022.07.23-06.45.53:751][ 37]LogBlueprintUserMessages: [RunGameState_C_0] Ready
[2022.07.23-06.45.53:755][ 38]LogBlueprintUserMessages: [RunGameState_C_0] Ready
[2022.07.23-06.45.53:757][ 39]LogBlueprintUserMessages: [RunGameState_C_0] Ready
[2022.07.23-06.45.53:761][ 40]LogBlueprintUserMessages: [RunGameState_C_0] Ready
[2022.07.23-06.45.53:763][ 41]LogBlueprintUserMessages: [RunGameState_C_0] Ready
[2022.07.23-06.45.53:765][ 42]LogBlueprintUserMessages: [RunGameState_C_0] Ready
[2022.07.23-06.45.53:769][ 43]LogBlueprintUserMessages: [RunGameState_C_0] Ready
[2022.07.23-06.45.53:772][ 44]LogBlueprintUserMessages: [RunGameState_C_0] Ready
[2022.07.23-06.45.53:774][ 45]LogBlueprintUserMessages: [RunGameState_C_0] Ready
[2022.07.23-06.45.53:777][ 46]LogBlueprintUserMessages: [RunGameState_C_0] Ready
[2022.07.23-06.45.53:779][ 47]LogBlueprintUserMessages: [RunGameState_C_0] Ready
[2022.07.23-06.45.53:782][ 48]LogBlueprintUserMessages: [RunGameState_C_0] Ready
[2022.07.23-06.45.53:786][ 49]LogBlueprintUserMessages: [RunGameState_C_0] Ready
[2022.07.23-06.45.53:788][ 50]LogBlueprintUserMessages: [RunGameState_C_0] Ready
[2022.07.23-06.45.53:790][ 51]LogBlueprintUserMessages: [RunGameState_C_0] Ready
[2022.07.23-06.45.53:794][ 52]LogBlueprintUserMessages: [RunGameState_C_0] Ready
[2022.07.23-06.45.53:796][ 53]LogBlueprintUserMessages: [RunGameState_C_0] Ready
[2022.07.23-06.45.53:798][ 54]LogBlueprintUserMessages: [RunGameState_C_0] Ready
[2022.07.23-06.45.53:803][ 55]LogBlueprintUserMessages: [RunGameState_C_0] Ready
[2022.07.23-06.45.53:805][ 56]LogBlueprintUserMessages: [RunGameState_C_0] Ready
[2022.07.23-06.45.53:808][ 57]LogBlueprintUserMessages: [RunGameState_C_0] Ready
[2022.07.23-06.45.53:810][ 58]LogBlueprintUserMessages: [RunGameState_C_0] Ready
[2022.07.23-06.45.53:812][ 59]LogBlueprintUserMessages: [RunGameState_C_0] Ready
[2022.07.23-06.45.53:814][ 60]LogBlueprintUserMessages: [RunGameState_C_0] Ready
[2022.07.23-06.45.53:818][ 61]LogBlueprintUserMessages: [RunGameState_C_0] Ready
[2022.07.23-06.45.53:821][ 62]LogBlueprintUserMessages: [RunGameState_C_0] Ready
[2022.07.23-06.45.53:824][ 63]LogBlueprintUserMessages: [RunGameState_C_0] Ready
[2022.07.23-06.45.53:828][ 64]LogBlueprintUserMessages: [RunGameState_C_0] Ready
[2022.07.23-06.45.53:830][ 65]LogBlueprintUserMessages: [RunGameState_C_0] Ready
[2022.07.23-06.45.53:833][ 66]LogBlueprintUserMessages: [RunGameState_C_0] Ready
[2022.07.23-06.45.53:836][ 67]LogBlueprintUserMessages: [RunGameState_C_0] Ready
[2022.07.23-06.45.53:839][ 68]LogBlueprintUserMessages: [RunGameState_C_0] Ready
[2022.07.23-06.45.53:843][ 69]LogBlueprintUserMessages: [RunGameState_C_0] Ready
[2022.07.23-06.45.53:845][ 70]LogBlueprintUserMessages: [RunGameState_C_0] Ready
[2022.07.23-06.45.53:848][ 71]LogBlueprintUserMessages: [RunGameState_C_0] Ready
[2022.07.23-06.45.53:850][ 72]LogBlueprintUserMessages: [RunGameState_C_0] Ready
[2022.07.23-06.45.53:854][ 73]LogBlueprintUserMessages: [RunGameState_C_0] Ready
[2022.07.23-06.45.53:857][ 74]LogBlueprintUserMessages: [RunGameState_C_0] Ready
[2022.07.23-06.45.53:859][ 75]LogBlueprintUserMessages: [RunGameState_C_0] Ready
[2022.07.23-06.45.53:862][ 76]LogBlueprintUserMessages: [RunGameState_C_0] Ready
[2022.07.23-06.45.53:864][ 77]LogBlueprintUserMessages: [RunGameState_C_0] Ready
[2022.07.23-06.45.53:867][ 78]LogBlueprintUserMessages: [RunGameState_C_0] Ready
[2022.07.23-06.45.53:870][ 79]LogBlueprintUserMessages: [RunGameState_C_0] Ready
[2022.07.23-06.45.53:873][ 80]LogBlueprintUserMessages: [RunGameState_C_0] Ready
[2022.07.23-06.45.53:875][ 81]LogBlueprintUserMessages: [RunGameState_C_0] Ready
[2022.07.23-06.45.53:879][ 82]LogBlueprintUserMessages: [RunGameState_C_0] Ready
[2022.07.23-06.45.53:881][ 83]LogBlueprintUserMessages: [RunGameState_C_0] Ready
[2022.07.23-06.45.53:885][ 84]LogBlueprintUserMessages: [RunGameState_C_0] Ready
[2022.07.23-06.45.53:887][ 85]LogBlueprintUserMessages: [RunGameState_C_0] Ready
[2022.07.23-06.45.53:889][ 86]LogBlueprintUserMessages: [RunGameState_C_0] Ready
[2022.07.23-06.45.53:891][ 87]LogBlueprintUserMessages: [RunGameState_C_0] Ready
[2022.07.23-06.45.53:895][ 88]LogBlueprintUserMessages: [RunGameState_C_0] Ready
[2022.07.23-06.45.53:897][ 89]LogBlueprintUserMessages: [RunGameState_C_0] Ready
[2022.07.23-06.45.53:898][ 90]LogBlueprintUserMessages: [RunGameState_C_0] Ready
[2022.07.23-06.45.53:902][ 91]LogBlueprintUserMessages: [RunGameState_C_0] Ready
[2022.07.23-06.45.53:905][ 92]LogBlueprintUserMessages: [RunGameState_C_0] Ready
[2022.07.23-06.45.53:908][ 93]LogBlueprintUserMessages: [RunGameState_C_0] Ready
[2022.07.23-06.45.53:910][ 94]LogBlueprintUserMessages: [RunGameState_C_0] Ready
[2022.07.23-06.45.53:912][ 95]LogBlueprintUserMessages: [RunGameState_C_0] Ready
[2022.07.23-06.45.53:915][ 96]LogBlueprintUserMessages: [RunGameState_C_0] Ready
[2022.07.23-06.45.53:918][ 97]LogBlueprintUserMessages: [RunGameState_C_0] Ready
[2022.07.23-06.45.53:920][ 98]LogBlueprintUserMessages: [RunGameState_C_0] Ready
[2022.07.23-06.45.53:922][ 99]LogBlueprintUserMessages: [RunGameState_C_0] Ready
[2022.07.23-06.45.53:926][100]LogBlueprintUserMessages: [RunGameState_C_0] Ready
[2022.07.23-06.45.53:928][101]LogBlueprintUserMessages: [RunGameState_C_0] Ready
[2022.07.23-06.45.53:930][102]LogBlueprintUserMessages: [RunGameState_C_0] Ready
[2022.07.23-06.45.53:931][103]LogBlueprintUserMessages: [RunGameState_C_0] Ready
[2022.07.23-06.45.53:934][104]LogBlueprintUserMessages: [RunGameState_C_0] Ready
[2022.07.23-06.45.53:935][105]LogBlueprintUserMessages: [RunGameState_C_0] Ready
[2022.07.23-06.45.53:939][106]LogBlueprintUserMessages: [RunGameState_C_0] Ready
[2022.07.23-06.45.53:942][107]LogBlueprintUserMessages: [RunGameState_C_0] Ready
[2022.07.23-06.45.53:944][108]LogBlueprintUserMessages: [RunGameState_C_0] Ready
[2022.07.23-06.45.53:947][109]LogBlueprintUserMessages: [RunGameState_C_0] Ready
[2022.07.23-06.45.53:949][110]LogBlueprintUserMessages: [RunGameState_C_0] Ready
[2022.07.23-06.45.53:952][111]LogBlueprintUserMessages: [RunGameState_C_0] Ready
[2022.07.23-06.45.53:954][112]LogBlueprintUserMessages: [RunGameState_C_0] Ready
[2022.07.23-06.45.53:957][113]LogBlueprintUserMessages: [RunGameState_C_0] Ready
[2022.07.23-06.45.53:960][114]LogBlueprintUserMessages: [RunGameState_C_0] Ready
[2022.07.23-06.45.53:962][115]LogBlueprintUserMessages: [RunGameState_C_0] Ready
[2022.07.23-06.45.53:964][116]LogBlueprintUserMessages: [RunGameState_C_0] Ready
[2022.07.23-06.45.53:967][117]LogBlueprintUserMessages: [RunGameState_C_0] Ready
[2022.07.23-06.45.53:970][118]LogBlueprintUserMessages: [RunGameState_C_0] Ready
[2022.07.23-06.45.53:972][119]LogBlueprintUserMessages: [RunGameState_C_0] Ready
[2022.07.23-06.45.53:975][120]LogBlueprintUserMessages: [RunGameState_C_0] Ready
[2022.07.23-06.45.53:977][121]LogBlueprintUserMessages: [RunGameState_C_0] Ready
[2022.07.23-06.45.53:978][122]LogBlueprintUserMessages: [RunGameState_C_0] Ready
[2022.07.23-06.45.53:980][123]LogBlueprintUserMessages: [RunGameState_C_0] Ready
[2022.07.23-06.45.53:982][124]LogBlueprintUserMessages: [RunGameState_C_0] Ready
[2022.07.23-06.45.53:985][125]LogBlueprintUserMessages: [RunGameState_C_0] Ready
[2022.07.23-06.45.53:987][126]LogBlueprintUserMessages: [RunGameState_C_0] Ready
[2022.07.23-06.45.53:990][127]LogBlueprintUserMessages: [RunGameState_C_0] Ready
[2022.07.23-06.45.53:992][128]LogBlueprintUserMessages: [RunGameState_C_0] Ready
[2022.07.23-06.45.53:995][129]LogBlueprintUserMessages: [RunGameState_C_0] Ready
[2022.07.23-06.45.53:997][130]LogBlueprintUserMessages: [RunGameState_C_0] Ready
[2022.07.23-06.45.54:000][131]LogBlueprintUserMessages: [RunGameState_C_0] Ready
[2022.07.23-06.45.54:002][132]LogBlueprintUserMessages: [RunGameState_C_0] Ready
[2022.07.23-06.45.54:005][133]LogBlueprintUserMessages: [RunGameState_C_0] Ready
[2022.07.23-06.45.54:008][134]LogBlueprintUserMessages: [RunGameState_C_0] Ready
[2022.07.23-06.45.54:010][135]LogBlueprintUserMessages: [RunGameState_C_0] Ready
[2022.07.23-06.45.54:013][136]LogBlueprintUserMessages: [RunGameState_C_0] Ready
[2022.07.23-06.45.54:015][137]LogBlueprintUserMessages: [RunGameState_C_0] Ready
[2022.07.23-06.45.54:018][138]LogBlueprintUserMessages: [RunGameState_C_0] Ready
[2022.07.23-06.45.54:020][139]LogBlueprintUserMessages: [RunGameState_C_0] Ready
[2022.07.23-06.45.54:023][140]LogBlueprintUserMessages: [RunGameState_C_0] Ready
[2022.07.23-06.45.54:025][141]LogBlueprintUserMessages: [RunGameState_C_0] Ready
[2022.07.23-06.45.54:028][142]LogBlueprintUserMessages: [RunGameState_C_0] Ready
[2022.07.23-06.45.54:031][143]LogBlueprintUserMessages: [RunGameState_C_0] Ready
[2022.07.23-06.45.54:033][144]LogBlueprintUserMessages: [RunGameState_C_0] Ready
[2022.07.23-06.45.54:036][145]LogBlueprintUserMessages: [RunGameState_C_0] Ready
[2022.07.23-06.45.54:039][146]LogBlueprintUserMessages: [RunGameState_C_0] Ready
[2022.07.23-06.45.54:041][147]LogBlueprintUserMessages: [RunGameState_C_0] Ready
[2022.07.23-06.45.54:044][148]LogBlueprintUserMessages: [RunGameState_C_0] Ready
[2022.07.23-06.45.54:046][149]LogBlueprintUserMessages: [RunGameState_C_0] Ready
[2022.07.23-06.45.54:048][150]LogBlueprintUserMessages: [RunGameState_C_0] Ready
[2022.07.23-06.45.54:051][151]LogBlueprintUserMessages: [RunGameState_C_0] Ready
[2022.07.23-06.45.54:053][152]LogBlueprintUserMessages: [RunGameState_C_0] Ready
[2022.07.23-06.45.54:056][153]LogBlueprintUserMessages: [RunGameState_C_0] Ready
[2022.07.23-06.45.54:058][154]LogBlueprintUserMessages: [RunGameState_C_0] Ready
[2022.07.23-06.45.54:061][155]LogBlueprintUserMessages: [RunGameState_C_0] Ready
[2022.07.23-06.45.54:063][156]LogBlueprintUserMessages: [RunGameState_C_0] Ready
[2022.07.23-06.45.54:066][157]LogBlueprintUserMessages: [RunGameState_C_0] Ready
[2022.07.23-06.45.54:069][158]LogBlueprintUserMessages: [RunGameState_C_0] Ready
[2022.07.23-06.45.54:070][159]LogBlueprintUserMessages: [RunGameState_C_0] Ready
[2022.07.23-06.45.54:072][160]LogBlueprintUserMessages: [RunGameState_C_0] Ready
[2022.07.23-06.45.54:075][161]LogBlueprintUserMessages: [RunGameState_C_0] Ready
[2022.07.23-06.45.54:077][162]LogBlueprintUserMessages: [RunGameState_C_0] Ready
[2022.07.23-06.45.54:079][163]LogBlueprintUserMessages: [RunGameState_C_0] Ready
[2022.07.23-06.45.54:082][164]LogBlueprintUserMessages: [RunGameState_C_0] Ready
[2022.07.23-06.45.54:085][165]LogBlueprintUserMessages: [RunGameState_C_0] Ready
[2022.07.23-06.45.54:087][166]LogBlueprintUserMessages: [RunGameState_C_0] Ready
[2022.07.23-06.45.54:089][167]LogBlueprintUserMessages: [RunGameState_C_0] Ready
[2022.07.23-06.45.54:091][168]LogBlueprintUserMessages: [RunGameState_C_0] Ready
[2022.07.23-06.45.54:094][169]LogBlueprintUserMessages: [RunGameState_C_0] Ready
[2022.07.23-06.45.54:096][170]LogBlueprintUserMessages: [RunGameState_C_0] Ready
[2022.07.23-06.45.54:098][171]LogBlueprintUserMessages: [RunGameState_C_0] Ready
[2022.07.23-06.45.54:102][172]LogBlueprintUserMessages: [RunGameState_C_0] Ready
[2022.07.23-06.45.54:104][173]LogBlueprintUserMessages: [RunGameState_C_0] Ready
[2022.07.23-06.45.54:107][174]LogBlueprintUserMessages: [RunGameState_C_0] Ready
[2022.07.23-06.45.54:109][175]LogBlueprintUserMessages: [RunGameState_C_0] Ready
[2022.07.23-06.45.54:112][176]LogBlueprintUserMessages: [RunGameState_C_0] Ready
[2022.07.23-06.45.54:114][177]LogBlueprintUserMessages: [RunGameState_C_0] Ready
[2022.07.23-06.45.54:117][178]LogBlueprintUserMessages: [RunGameState_C_0] Ready
[2022.07.23-06.45.54:120][179]LogBlueprintUserMessages: [RunGameState_C_0] Ready
[2022.07.23-06.45.54:122][180]LogBlueprintUserMessages: [RunGameState_C_0] Ready
[2022.07.23-06.45.54:125][181]LogBlueprintUserMessages: [RunGameState_C_0] Ready
[2022.07.23-06.45.54:128][182]LogBlueprintUserMessages: [RunGameState_C_0] Ready
[2022.07.23-06.45.54:130][183]LogBlueprintUserMessages: [RunGameState_C_0] Ready
[2022.07.23-06.45.54:131][184]LogBlueprintUserMessages: [RunGameState_C_0] Ready
[2022.07.23-06.45.54:134][185]LogBlueprintUserMessages: [RunGameState_C_0] Ready
[2022.07.23-06.45.54:136][186]LogBlueprintUserMessages: [RunGameState_C_0] Ready
[2022.07.23-06.45.54:139][187]LogBlueprintUserMessages: [RunGameState_C_0] Ready
[2022.07.23-06.45.54:142][188]LogBlueprintUserMessages: [RunGameState_C_0] Ready
[2022.07.23-06.45.54:144][189]LogBlueprintUserMessages: [RunGameState_C_0] Ready
[2022.07.23-06.45.54:146][190]LogBlueprintUserMessages: [RunGameState_C_0] Ready
[2022.07.23-06.45.54:149][191]LogBlueprintUserMessages: [RunGameState_C_0] Ready
[2022.07.23-06.45.54:151][192]LogBlueprintUserMessages: [RunGameState_C_0] Ready
[2022.07.23-06.45.54:153][193]LogBlueprintUserMessages: [RunGameState_C_0] Ready
[2022.07.23-06.45.54:156][194]LogBlueprintUserMessages: [RunGameState_C_0] Ready
[2022.07.23-06.45.54:158][195]LogBlueprintUserMessages: [RunGameState_C_0] Ready
[2022.07.23-06.45.54:161][196]LogBlueprintUserMessages: [RunGameState_C_0] Ready
[2022.07.23-06.45.54:163][197]LogBlueprintUserMessages: [RunGameState_C_0] Ready
[2022.07.23-06.45.54:165][198]LogBlueprintUserMessages: [RunGameState_C_0] Ready
[2022.07.23-06.45.54:168][199]LogBlueprintUserMessages: [RunGameState_C_0] Ready
[2022.07.23-06.45.54:171][200]LogBlueprintUserMessages: [RunGameState_C_0] Ready
[2022.07.23-06.45.54:174][201]LogBlueprintUserMessages: [RunGameState_C_0] Ready
[2022.07.23-06.45.54:176][202]LogBlueprintUserMessages: [RunGameState_C_0] Ready
[2022.07.23-06.45.54:178][203]LogBlueprintUserMessages: [RunGameState_C_0] Ready
[2022.07.23-06.45.54:181][204]LogBlueprintUserMessages: [RunGameState_C_0] Ready
[2022.07.23-06.45.54:184][205]LogBlueprintUserMessages: [RunGameState_C_0] Ready
[2022.07.23-06.45.54:187][206]LogBlueprintUserMessages: [RunGameState_C_0] Ready
[2022.07.23-06.45.54:190][207]LogBlueprintUserMessages: [RunGameState_C_0] Ready
[2022.07.23-06.45.54:192][208]LogBlueprintUserMessages: [RunGameState_C_0] Ready
[2022.07.23-06.45.54:195][209]LogBlueprintUserMessages: [RunGameState_C_0] Ready
[2022.07.23-06.45.54:197][210]LogBlueprintUserMessages: [RunGameState_C_0] Ready
[2022.07.23-06.45.54:201][211]LogBlueprintUserMessages: [RunGameState_C_0] Ready
[2022.07.23-06.45.54:202][212]LogBlueprintUserMessages: [RunGameState_C_0] Ready
[2022.07.23-06.45.54:204][213]LogBlueprintUserMessages: [RunGameState_C_0] Ready
[2022.07.23-06.45.54:206][214]LogBlueprintUserMessages: [RunGameState_C_0] Ready
[2022.07.23-06.45.54:208][215]LogBlueprintUserMessages: [RunGameState_C_0] Ready
[2022.07.23-06.45.54:211][216]LogBlueprintUserMessages: [RunGameState_C_0] Ready
[2022.07.23-06.45.54:213][217]LogBlueprintUserMessages: [RunGameState_C_0] Ready
[2022.07.23-06.45.54:215][218]LogBlueprintUserMessages: [RunGameState_C_0] Ready
[2022.07.23-06.45.54:218][219]LogBlueprintUserMessages: [RunGameState_C_0] Ready
[2022.07.23-06.45.54:220][220]LogBlueprintUserMessages: [RunGameState_C_0] Ready
[2022.07.23-06.45.54:222][221]LogBlueprintUserMessages: [RunGameState_C_0] Ready
[2022.07.23-06.45.54:224][222]LogBlueprintUserMessages: [RunGameState_C_0] Ready
[2022.07.23-06.45.54:227][223]LogBlueprintUserMessages: [RunGameState_C_0] Ready
[2022.07.23-06.45.54:229][224]LogBlueprintUserMessages: [RunGameState_C_0] Ready
[2022.07.23-06.45.54:232][225]LogBlueprintUserMessages: [RunGameState_C_0] Ready
[2022.07.23-06.45.54:234][226]LogBlueprintUserMessages: [RunGameState_C_0] Ready
[2022.07.23-06.45.54:237][227]LogBlueprintUserMessages: [RunGameState_C_0] Ready
[2022.07.23-06.45.54:239][228]LogBlueprintUserMessages: [RunGameState_C_0] Ready
[2022.07.23-06.45.54:242][229]LogBlueprintUserMessages: [RunGameState_C_0] Ready
[2022.07.23-06.45.54:244][230]LogBlueprintUserMessages: [RunGameState_C_0] Ready
[2022.07.23-06.45.54:246][231]LogBlueprintUserMessages: [RunGameState_C_0] Ready
[2022.07.23-06.45.54:248][232]LogBlueprintUserMessages: [RunGameState_C_0] Ready
[2022.07.23-06.45.54:250][233]LogBlueprintUserMessages: [RunGameState_C_0] Ready
[2022.07.23-06.45.54:252][234]LogBlueprintUserMessages: [RunGameState_C_0] Ready
[2022.07.23-06.45.54:255][235]LogBlueprintUserMessages: [RunGameState_C_0] Ready
[2022.07.23-06.45.54:258][236]LogBlueprintUserMessages: [RunGameState_C_0] Ready
[2022.07.23-06.45.54:261][237]LogBlueprintUserMessages: [RunGameState_C_0] Ready
[2022.07.23-06.45.54:263][238]LogBlueprintUserMessages: [RunGameState_C_0] Ready
[2022.07.23-06.45.54:265][239]LogBlueprintUserMessages: [RunGameState_C_0] Ready
[2022.07.23-06.45.54:267][240]LogBlueprintUserMessages: [RunGameState_C_0] Ready
[2022.07.23-06.45.54:269][241]LogBlueprintUserMessages: [RunGameState_C_0] Ready
[2022.07.23-06.45.54:272][242]LogBlueprintUserMessages: [RunGameState_C_0] Ready
[2022.07.23-06.45.54:275][243]LogBlueprintUserMessages: [RunGameState_C_0] Ready
[2022.07.23-06.45.54:278][244]LogBlueprintUserMessages: [RunGameState_C_0] Ready
[2022.07.23-06.45.54:280][245]LogBlueprintUserMessages: [RunGameState_C_0] Ready
[2022.07.23-06.45.54:282][246]LogBlueprintUserMessages: [RunGameState_C_0] Ready
[2022.07.23-06.45.54:286][247]LogBlueprintUserMessages: [RunGameState_C_0] Ready
[2022.07.23-06.45.54:287][248]LogBlueprintUserMessages: [RunGameState_C_0] Ready
[2022.07.23-06.45.54:289][249]LogBlueprintUserMessages: [RunGameState_C_0] Ready
[2022.07.23-06.45.54:291][250]LogBlueprintUserMessages: [RunGameState_C_0] Ready
[2022.07.23-06.45.54:293][251]LogBlueprintUserMessages: [RunGameState_C_0] Ready
[2022.07.23-06.45.54:295][252]LogBlueprintUserMessages: [RunGameState_C_0] Ready
[2022.07.23-06.45.54:298][253]LogBlueprintUserMessages: [RunGameState_C_0] Ready
[2022.07.23-06.45.54:301][254]LogBlueprintUserMessages: [RunGameState_C_0] Ready
[2022.07.23-06.45.54:304][255]LogBlueprintUserMessages: [RunGameState_C_0] Ready
[2022.07.23-06.45.54:307][256]LogBlueprintUserMessages: [RunGameState_C_0] Ready
[2022.07.23-06.45.54:310][257]LogBlueprintUserMessages: [RunGameState_C_0] Ready
[2022.07.23-06.45.54:312][258]LogBlueprintUserMessages: [RunGameState_C_0] Ready
[2022.07.23-06.45.54:315][259]LogBlueprintUserMessages: [RunGameState_C_0] Ready
[2022.07.23-06.45.54:317][260]LogBlueprintUserMessages: [RunGameState_C_0] Ready
[2022.07.23-06.45.54:320][261]LogBlueprintUserMessages: [RunGameState_C_0] Ready
[2022.07.23-06.45.54:322][262]LogBlueprintUserMessages: [RunGameState_C_0] Ready
[2022.07.23-06.45.54:325][263]LogBlueprintUserMessages: [RunGameState_C_0] Ready
[2022.07.23-06.45.54:327][264]LogBlueprintUserMessages: [RunGameState_C_0] Ready
[2022.07.23-06.45.54:329][265]LogBlueprintUserMessages: [RunGameState_C_0] Ready
[2022.07.23-06.45.54:331][266]LogBlueprintUserMessages: [RunGameState_C_0] Ready
[2022.07.23-06.45.54:334][267]LogBlueprintUserMessages: [RunGameState_C_0] Ready
[2022.07.23-06.45.54:336][268]LogBlueprintUserMessages: [RunGameState_C_0] Ready
[2022.07.23-06.45.54:338][269]LogBlueprintUserMessages: [RunGameState_C_0] Ready
[2022.07.23-06.45.54:341][270]LogBlueprintUserMessages: [RunGameState_C_0] Ready
[2022.07.23-06.45.54:344][271]LogBlueprintUserMessages: [RunGameState_C_0] Ready
[2022.07.23-06.45.54:345][272]LogBlueprintUserMessages: [RunGameState_C_0] Ready
[2022.07.23-06.45.54:347][273]LogBlueprintUserMessages: [RunGameState_C_0] Ready
[2022.07.23-06.45.54:350][274]LogBlueprintUserMessages: [RunGameState_C_0] Ready
[2022.07.23-06.45.54:353][275]LogBlueprintUserMessages: [RunGameState_C_0] Ready
[2022.07.23-06.45.54:355][276]LogBlueprintUserMessages: [RunGameState_C_0] Ready
[2022.07.23-06.45.54:358][277]LogBlueprintUserMessages: [RunGameState_C_0] Ready
[2022.07.23-06.45.54:361][278]LogBlueprintUserMessages: [RunGameState_C_0] Ready
[2022.07.23-06.45.54:362][279]LogBlueprintUserMessages: [RunGameState_C_0] Ready
[2022.07.23-06.45.54:365][280]LogBlueprintUserMessages: [RunGameState_C_0] Ready
[2022.07.23-06.45.54:367][281]LogBlueprintUserMessages: [RunGameState_C_0] Ready
[2022.07.23-06.45.54:370][282]LogBlueprintUserMessages: [RunGameState_C_0] Ready
[2022.07.23-06.45.54:372][283]LogBlueprintUserMessages: [RunGameState_C_0] Ready
[2022.07.23-06.45.54:375][284]LogBlueprintUserMessages: [RunGameState_C_0] Ready
[2022.07.23-06.45.54:377][285]LogBlueprintUserMessages: [RunGameState_C_0] Ready
[2022.07.23-06.45.54:379][286]LogBlueprintUserMessages: [RunGameState_C_0] Ready
[2022.07.23-06.45.54:382][287]LogBlueprintUserMessages: [RunGameState_C_0] Ready
[2022.07.23-06.45.54:385][288]LogBlueprintUserMessages: [RunGameState_C_0] Ready
[2022.07.23-06.45.54:388][289]LogBlueprintUserMessages: [RunGameState_C_0] Ready
[2022.07.23-06.45.54:390][290]LogBlueprintUserMessages: [RunGameState_C_0] Ready
[2022.07.23-06.45.54:392][291]LogBlueprintUserMessages: [RunGameState_C_0] Ready
[2022.07.23-06.45.54:395][292]LogBlueprintUserMessages: [RunGameState_C_0] Ready
[2022.07.23-06.45.54:397][293]LogBlueprintUserMessages: [RunGameState_C_0] Ready
[2022.07.23-06.45.54:400][294]LogBlueprintUserMessages: [RunGameState_C_0] Ready
[2022.07.23-06.45.54:402][295]LogBlueprintUserMessages: [RunGameState_C_0] Ready
[2022.07.23-06.45.54:404][296]LogBlueprintUserMessages: [RunGameState_C_0] Ready
[2022.07.23-06.45.54:405][297]LogBlueprintUserMessages: [RunGameState_C_0] Ready
[2022.07.23-06.45.54:408][298]LogBlueprintUserMessages: [RunGameState_C_0] Ready
[2022.07.23-06.45.54:411][299]LogBlueprintUserMessages: [RunGameState_C_0] Ready
[2022.07.23-06.45.54:414][300]LogBlueprintUserMessages: [RunGameState_C_0] Ready
[2022.07.23-06.45.54:417][301]LogBlueprintUserMessages: [RunGameState_C_0] Ready
[2022.07.23-06.45.54:419][302]LogBlueprintUserMessages: [RunGameState_C_0] Ready
[2022.07.23-06.45.54:422][303]LogBlueprintUserMessages: [RunGameState_C_0] Ready
[2022.07.23-06.45.54:424][304]LogBlueprintUserMessages: [RunGameState_C_0] Ready
[2022.07.23-06.45.54:426][305]LogBlueprintUserMessages: [RunGameState_C_0] Ready
[2022.07.23-06.45.54:428][306]LogBlueprintUserMessages: [RunGameState_C_0] Ready
[2022.07.23-06.45.54:430][307]LogBlueprintUserMessages: [RunGameState_C_0] Ready
[2022.07.23-06.45.54:431][308]LogBlueprintUserMessages: [RunGameState_C_0] Ready
[2022.07.23-06.45.54:434][309]LogBlueprintUserMessages: [RunGameState_C_0] Ready
[2022.07.23-06.45.54:437][310]LogBlueprintUserMessages: [RunGameState_C_0] Ready
[2022.07.23-06.45.54:438][311]LogBlueprintUserMessages: [RunGameState_C_0] Ready
[2022.07.23-06.45.54:441][312]LogBlueprintUserMessages: [RunGameState_C_0] Ready
[2022.07.23-06.45.54:444][313]LogBlueprintUserMessages: [RunGameState_C_0] Ready
[2022.07.23-06.45.54:446][314]LogBlueprintUserMessages: [RunGameState_C_0] Ready
[2022.07.23-06.45.54:448][315]LogBlueprintUserMessages: [RunGameState_C_0] Ready
[2022.07.23-06.45.54:450][316]LogBlueprintUserMessages: [RunGameState_C_0] Ready
[2022.07.23-06.45.54:452][317]LogBlueprintUserMessages: [RunGameState_C_0] Ready
[2022.07.23-06.45.54:454][318]LogBlueprintUserMessages: [RunGameState_C_0] Ready
[2022.07.23-06.45.54:456][319]LogBlueprintUserMessages: [RunGameState_C_0] Ready
[2022.07.23-06.45.54:459][320]LogBlueprintUserMessages: [RunGameState_C_0] Ready
[2022.07.23-06.45.54:462][321]LogBlueprintUserMessages: [RunGameState_C_0] Ready
[2022.07.23-06.45.54:464][322]LogBlueprintUserMessages: [RunGameState_C_0] Ready
[2022.07.23-06.45.54:466][323]LogBlueprintUserMessages: [RunGameState_C_0] Ready
[2022.07.23-06.45.54:467][324]LogBlueprintUserMessages: [RunGameState_C_0] Ready
[2022.07.23-06.45.54:469][325]LogBlueprintUserMessages: [RunGameState_C_0] Ready
[2022.07.23-06.45.54:471][326]LogBlueprintUserMessages: [RunGameState_C_0] Ready
[2022.07.23-06.45.54:474][327]LogBlueprintUserMessages: [RunGameState_C_0] Ready
[2022.07.23-06.45.54:477][328]LogBlueprintUserMessages: [RunGameState_C_0] Ready
[2022.07.23-06.45.54:479][329]LogBlueprintUserMessages: [RunGameState_C_0] Ready
[2022.07.23-06.45.54:482][330]LogBlueprintUserMessages: [RunGameState_C_0] Ready
[2022.07.23-06.45.54:485][331]LogBlueprintUserMessages: [RunGameState_C_0] Ready
[2022.07.23-06.45.54:487][332]LogBlueprintUserMessages: [RunGameState_C_0] Ready
[2022.07.23-06.45.54:489][333]LogBlueprintUserMessages: [RunGameState_C_0] Ready
[2022.07.23-06.45.54:492][334]LogBlueprintUserMessages: [RunGameState_C_0] Ready
[2022.07.23-06.45.54:494][335]LogBlueprintUserMessages: [RunGameState_C_0] Ready
[2022.07.23-06.45.54:496][336]LogBlueprintUserMessages: [RunGameState_C_0] Ready
[2022.07.23-06.45.54:497][337]LogBlueprintUserMessages: [RunGameState_C_0] Ready
[2022.07.23-06.45.54:500][338]LogBlueprintUserMessages: [RunGameState_C_0] Ready
[2022.07.23-06.45.54:502][339]LogBlueprintUserMessages: [RunGameState_C_0] Ready
[2022.07.23-06.45.54:504][340]LogBlueprintUserMessages: [RunGameState_C_0] Ready
[2022.07.23-06.45.54:507][341]LogBlueprintUserMessages: [RunGameState_C_0] Ready
[2022.07.23-06.45.54:510][342]LogBlueprintUserMessages: [RunGameState_C_0] Ready
[2022.07.23-06.45.54:512][343]LogBlueprintUserMessages: [RunGameState_C_0] Ready
[2022.07.23-06.45.54:514][344]LogBlueprintUserMessages: [RunGameState_C_0] Ready
[2022.07.23-06.45.54:517][345]LogBlueprintUserMessages: [RunGameState_C_0] Ready
[2022.07.23-06.45.54:520][346]LogBlueprintUserMessages: [RunGameState_C_0] Ready
[2022.07.23-06.45.54:522][347]LogBlueprintUserMessages: [RunGameState_C_0] Ready
[2022.07.23-06.45.54:525][348]LogBlueprintUserMessages: [RunGameState_C_0] Ready
[2022.07.23-06.45.54:527][349]LogBlueprintUserMessages: [RunGameState_C_0] Ready
[2022.07.23-06.45.54:529][350]LogBlueprintUserMessages: [RunGameState_C_0] Ready
[2022.07.23-06.45.54:533][351]LogBlueprintUserMessages: [RunGameState_C_0] Ready
[2022.07.23-06.45.54:534][352]LogBlueprintUserMessages: [RunGameState_C_0] Ready
[2022.07.23-06.45.54:536][353]LogBlueprintUserMessages: [RunGameState_C_0] Ready
[2022.07.23-06.45.54:538][354]LogBlueprintUserMessages: [RunGameState_C_0] Ready
[2022.07.23-06.45.54:542][355]LogBlueprintUserMessages: [RunGameState_C_0] Ready
[2022.07.23-06.45.54:544][356]LogBlueprintUserMessages: [RunGameState_C_0] Ready
[2022.07.23-06.45.54:546][357]LogBlueprintUserMessages: [RunGameState_C_0] Ready
[2022.07.23-06.45.54:550][358]LogBlueprintUserMessages: [RunGameState_C_0] Ready
[2022.07.23-06.45.54:552][359]LogBlueprintUserMessages: [RunGameState_C_0] Ready
[2022.07.23-06.45.54:554][360]LogBlueprintUserMessages: [RunGameState_C_0] Ready
[2022.07.23-06.45.54:557][361]LogBlueprintUserMessages: [RunGameState_C_0] Ready
[2022.07.23-06.45.54:559][362]LogBlueprintUserMessages: [RunGameState_C_0] Ready
[2022.07.23-06.45.54:562][363]LogBlueprintUserMessages: [RunGameState_C_0] Ready
[2022.07.23-06.45.54:564][364]LogBlueprintUserMessages: [RunGameState_C_0] Ready
[2022.07.23-06.45.54:567][365]LogBlueprintUserMessages: [RunGameState_C_0] Ready
[2022.07.23-06.45.54:569][366]LogBlueprintUserMessages: [RunGameState_C_0] Ready
[2022.07.23-06.45.54:571][367]LogBlueprintUserMessages: [RunGameState_C_0] Ready
[2022.07.23-06.45.54:574][368]LogBlueprintUserMessages: [RunGameState_C_0] Ready
[2022.07.23-06.45.54:576][369]LogBlueprintUserMessages: [RunGameState_C_0] Ready
[2022.07.23-06.45.54:578][370]LogBlueprintUserMessages: [RunGameState_C_0] Ready
[2022.07.23-06.45.54:581][371]LogBlueprintUserMessages: [RunGameState_C_0] Ready
