Log file open, 07/23/22 15:45:47
LogWindows: Failed to load 'aqProf.dll' (GetLastError=126)
LogWindows: File 'aqProf.dll' does not exist
LogWindows: Failed to load 'VtuneApi.dll' (GetLastError=126)
LogWindows: File 'VtuneApi.dll' does not exist
LogWindows: Failed to load 'VtuneApi32e.dll' (GetLastError=126)
LogWindows: File 'VtuneApi32e.dll' does not exist
LogConsoleResponse: Display: Failed to find resolution value strings in scalability ini. Falling back to default.
LogConsoleResponse: Display: Failed to find resolution value strings in scalability ini. Falling back to default.
LogInit: Display: Running engine for game: ProjectRun
LogPlatformFile: Not using cached read wrapper
LogTaskGraph: Started task graph with 5 named threads and 59 total threads with 3 sets of task threads.
LogStats: Stats thread started at 0.216647
LogICUInternationalization: ICU TimeZone Detection - Raw Offset: +9:00, Platform Override: ''
LogInit: Display: Loading text-based GConfig....
LogPluginManager: Mounting plugin MeshPainting
LogPluginManager: Mounting plugin XGEController
LogPluginManager: Mounting plugin Paper2D
LogPluginManager: Mounting plugin LiveLink
LogPluginManager: Mounting plugin AISupport
LogPluginManager: Mounting plugin EnvironmentQueryEditor
LogPluginManager: Mounting plugin CameraShakePreviewer
LogPluginManager: Mounting plugin OodleData
LogPluginManager: Mounting plugin GameplayCameras
LogPluginManager: Mounting plugin CurveEditorTools
LogPluginManager: Mounting plugin CLionSourceCodeAccess
LogPluginManager: Mounting plugin CryptoKeys
LogPluginManager: Mounting plugin AnimationSharing
LogPluginManager: Mounting plugin AssetManagerEditor
LogPluginManager: Mounting plugin Niagara
LogPluginManager: Mounting plugin CodeLiteSourceCodeAccess
LogPluginManager: Mounting plugin NullSourceCodeAccess
LogPluginManager: Mounting plugin LightPropagationVolume
LogPluginManager: Mounting plugin SubversionSourceControl
LogPluginManager: Mounting plugin PluginUtils
LogPluginManager: Mounting plugin RiderSourceCodeAccess
LogPluginManager: Mounting plugin GitSourceControl
LogPluginManager: Mounting plugin TextureFormatOodle
LogPluginManager: Mounting plugin PixWinPlugin
LogPluginManager: Mounting plugin PropertyAccessNode
LogPluginManager: Mounting plugin KDevelopSourceCodeAccess
LogPluginManager: Mounting plugin PerforceSourceControl
LogPluginManager: Mounting plugin VisualStudioCodeSourceCodeAccess
LogPluginManager: Mounting plugin UObjectPlugin
LogPluginManager: Mounting plugin PlasticSourceControl
LogPluginManager: Mounting plugin XCodeSourceCodeAccess
LogPluginManager: Mounting plugin VisualStudioSourceCodeAccess
LogPluginManager: Mounting plugin UdpMessaging
LogPluginManager: Mounting plugin TcpMessaging
LogPluginManager: Mounting plugin DatasmithContent
LogPluginManager: Mounting plugin OodleNetwork
LogPluginManager: Mounting plugin OnlineSubsystem
LogPluginManager: Mounting plugin OnlineSubsystemNull
LogPluginManager: Mounting plugin OnlineSubsystemSteam
LogPluginManager: Mounting plugin VariantManagerContent
LogPluginManager: Mounting plugin AlembicImporter
LogPluginManager: Mounting plugin OnlineSubsystemUtils
LogPluginManager: Mounting plugin BackChannel
LogPluginManager: Mounting plugin ChaosCloth
LogPluginManager: Mounting plugin ChaosEditor
LogPluginManager: Mounting plugin AutomationUtils
LogPluginManager: Mounting plugin CharacterAI
LogPluginManager: Mounting plugin ChaosClothEditor
LogPluginManager: Mounting plugin ChaosNiagara
LogPluginManager: Mounting plugin ChaosSolverPlugin
LogPluginManager: Mounting plugin DataValidation
LogPluginManager: Mounting plugin GeometryMode
LogPluginManager: Mounting plugin FacialAnimation
LogPluginManager: Mounting plugin GameplayTagsEditor
LogPluginManager: Mounting plugin MacGraphicsSwitching
LogPluginManager: Mounting plugin MaterialAnalyzer
LogPluginManager: Mounting plugin PluginBrowser
LogPluginManager: Mounting plugin MobileLauncherProfileWizard
LogPluginManager: Mounting plugin LuminPlatformFeatures
LogPluginManager: Mounting plugin MatineeToLevelSequence
LogPluginManager: Mounting plugin SpeedTreeImporter
LogPluginManager: Mounting plugin MagicLeap
LogPluginManager: Mounting plugin LevelSequenceEditor
LogPluginManager: Mounting plugin MagicLeapMedia
LogPluginManager: Mounting plugin MagicLeapLightEstimation
LogPluginManager: Mounting plugin ActorSequence
LogPluginManager: Mounting plugin LauncherChunkInstaller
LogPluginManager: Mounting plugin ActorLayerUtilities
LogPluginManager: Mounting plugin MLSDK
LogPluginManager: Mounting plugin TemplateSequence
LogPluginManager: Mounting plugin MagicLeapPassableWorld
LogPluginManager: Mounting plugin AndroidDeviceProfileSelector
LogPluginManager: Mounting plugin AndroidMoviePlayer
LogPluginManager: Mounting plugin AndroidPermission
LogPluginManager: Mounting plugin AppleMoviePlayer
LogPluginManager: Mounting plugin ArchVisCharacter
LogPluginManager: Mounting plugin ChunkDownloader
LogPluginManager: Mounting plugin AssetTags
LogPluginManager: Mounting plugin AudioCapture
LogPluginManager: Mounting plugin EditableMesh
LogPluginManager: Mounting plugin CustomMeshComponent
LogPluginManager: Mounting plugin CableComponent
LogPluginManager: Mounting plugin AvfMedia
LogPluginManager: Mounting plugin AndroidMedia
LogPluginManager: Mounting plugin AudioSynesthesia
LogPluginManager: Mounting plugin AppleImageUtils
LogPluginManager: Mounting plugin ExampleDeviceProfileSelector
LogPluginManager: Mounting plugin MediaCompositing
LogPluginManager: Mounting plugin MediaPlayerEditor
LogPluginManager: Mounting plugin ImgMedia
LogPluginManager: Mounting plugin WmfMedia
LogPluginManager: Mounting plugin WebMMedia
LogPluginManager: Mounting plugin GoogleCloudMessaging
LogPluginManager: Mounting plugin IOSDeviceProfileSelector
LogPluginManager: Mounting plugin LinuxDeviceProfileSelector
LogPluginManager: Mounting plugin LocationServicesBPLibrary
LogPluginManager: Mounting plugin GooglePAD
LogPluginManager: Mounting plugin OpenXREyeTracker
LogPluginManager: Mounting plugin OpenXR
LogPluginManager: Mounting plugin MobilePatchingUtils
LogPluginManager: Mounting plugin Takes
LogPluginManager: Mounting plugin GeometryProcessing
LogPluginManager: Mounting plugin GeometryCache
LogPluginManager: Mounting plugin OpenImageDenoise
LogPluginManager: Mounting plugin GeometryCollectionPlugin
LogPluginManager: Mounting plugin MotoSynth
LogPluginManager: Mounting plugin PlanarCut
LogPluginManager: Mounting plugin PythonScriptPlugin
LogPluginManager: Mounting plugin ProxyLODPlugin
LogPluginManager: Mounting plugin PlatformCrypto
LogPluginManager: Mounting plugin OpenXRHandTracking
LogPluginManager: Mounting plugin ScreenshotTools
LogPluginManager: Mounting plugin SkeletalReduction
LogPluginManager: Mounting plugin PhysXVehicles
LogPluginManager: Mounting plugin ProceduralMeshComponent
LogPluginManager: Mounting plugin PropertyAccessEditor
LogPluginManager: Mounting plugin RuntimePhysXCooking
LogPluginManager: Mounting plugin SignificanceManager
LogPluginManager: Mounting plugin Synthesis
LogPluginManager: Mounting plugin SoundFields
LogPluginManager: Mounting plugin WebMMoviePlayer
LogPluginManager: Mounting plugin WindowsMoviePlayer
LogPluginManager: Mounting plugin PostSplashScreen
LogPluginManager: Mounting plugin ContentBrowserClassDataSource
LogPluginManager: Mounting plugin ContentBrowserAssetDataSource
LogPluginManager: Mounting plugin ContentBrowserFileDataSource
LogPluginManager: Mounting plugin OnlineSubsystemGooglePlay
LogPluginManager: Mounting plugin OnlineSubsystemIOS
LogPluginManager: Mounting plugin OculusVR
LogPluginManager: Mounting plugin SteamShared
LogPluginManager: Mounting plugin SteamVR
LogPluginManager: Mounting plugin RunCharacter
LogPluginManager: Mounting plugin AdvancedSteamSessions
LogPluginManager: Mounting plugin AdvancedSessions
PixWinPlugin: PIX capture plugin failed to initialize! Check that the process is launched from PIX.
LogInit: Using libcurl 7.55.1-DEV
LogInit:  - built for x86_64-pc-win32
LogInit:  - supports SSL with OpenSSL/1.1.1
LogInit:  - supports HTTP deflate (compression) using libz 1.2.8
LogInit:  - other features:
LogInit:      CURL_VERSION_SSL
LogInit:      CURL_VERSION_LIBZ
LogInit:      CURL_VERSION_IPV6
LogInit:      CURL_VERSION_ASYNCHDNS
LogInit:      CURL_VERSION_LARGEFILE
LogInit:      CURL_VERSION_IDN
LogInit:  CurlRequestOptions (configurable via config and command line):
LogInit:  - bVerifyPeer = true  - Libcurl will verify peer certificate
LogInit:  - bUseHttpProxy = false  - Libcurl will NOT use HTTP proxy
LogInit:  - bDontReuseConnections = false  - Libcurl will reuse connections
LogInit:  - MaxHostConnections = 16  - Libcurl will limit the number of connections to a host
LogInit:  - LocalHostAddr = Default
LogInit:  - BufferSize = 65536
LogOnline: OSS: Creating online subsystem instance for: NULL
LogInit: WinSock: version 1.1 (2.2), MaxSocks=32767, MaxUdp=65467
LogOnline: OSS: TryLoadSubsystemAndSetDefault: Loaded subsystem for module [NULL]
LogOculusPluginWrapper: OculusPlugin initialized successfully
LogHMD: Failed initializing OVRPlugin 1.59.0
LogInit: Build: ++UE4+Release-4.27-CL-18319896
LogInit: Engine Version: 4.27.2-18319896+++UE4+Release-4.27
LogInit: Compatible Engine Version: 4.27.0-17155196+++UE4+Release-4.27
LogInit: Net CL: 17155196
LogInit: OS: Windows 10 (Release 2009) (), CPU: 12th Gen Intel(R) Core(TM) i7-12700H, GPU: NVIDIA GeForce RTX 3070 Ti Laptop GPU
LogInit: Compiled (64-bit): Nov 30 2021 07:12:08
LogInit: Compiled with Visual C++: 19.24.28315.00
LogInit: Build Configuration: Development
LogInit: Branch Name: ++UE4+Release-4.27
LogInit: Command Line:  127.0.0.1:17777 -game -PIEVIACONSOLE -Multiprocess GameUserSettingsINI=C:/study/ProjectRunMergedAnim/Saved/Config/Windows/PIEGameUserSettings1.ini -MultiprocessSaveConfig -forcepassthrough -messaging -SessionName="Play in Standalone Game" -windowed -WinX=1436 -WinY=613 SAVEWINPOS=1 -ResX=640 -ResY=480
LogInit: Base Directory: C:/Program Files/Epic Games/UE_4.27/Engine/Binaries/Win64/
LogInit: Allocator: TBB
LogInit: Installed Engine Build: 1
LogDevObjectVersion: Number of dev versions registered: 29
LogDevObjectVersion:   Dev-Blueprints (B0D832E4-1F89-4F0D-ACCF-7EB736FD4AA2): 10
LogDevObjectVersion:   Dev-Build (E1C64328-A22C-4D53-A36C-8E866417BD8C): 0
LogDevObjectVersion:   Dev-Core (375EC13C-06E4-48FB-B500-84F0262A717E): 4
LogDevObjectVersion:   Dev-Editor (E4B068ED-F494-42E9-A231-DA0B2E46BB41): 40
LogDevObjectVersion:   Dev-Framework (CFFC743F-43B0-4480-9391-14DF171D2073): 37
LogDevObjectVersion:   Dev-Mobile (B02B49B5-BB20-44E9-A304-32B752E40360): 3
LogDevObjectVersion:   Dev-Networking (A4E4105C-59A1-49B5-A7C5-40C4547EDFEE): 0
LogDevObjectVersion:   Dev-Online (39C831C9-5AE6-47DC-9A44-9C173E1C8E7C): 0
LogDevObjectVersion:   Dev-Physics (78F01B33-EBEA-4F98-B9B4-84EACCB95AA2): 14
LogDevObjectVersion:   Dev-Platform (6631380F-2D4D-43E0-8009-CF276956A95A): 0
LogDevObjectVersion:   Dev-Rendering (12F88B9F-8875-4AFC-A67C-D90C383ABD29): 45
LogDevObjectVersion:   Dev-Sequencer (7B5AE74C-D270-4C10-A958-57980B212A5A): 13
LogDevObjectVersion:   Dev-VR (D7296918-1DD6-4BDD-9DE2-64A83CC13884): 3
LogDevObjectVersion:   Dev-LoadTimes (C2A15278-BFE7-4AFE-6C17-90FF531DF755): 1
LogDevObjectVersion:   Private-Geometry (6EACA3D4-40EC-4CC1-B786-8BED09428FC5): 3
LogDevObjectVersion:   Dev-AnimPhys (29E575DD-E0A3-4627-9D10-D276232CDCEA): 17
LogDevObjectVersion:   Dev-Anim (AF43A65D-7FD3-4947-9873-3E8ED9C1BB05): 15
LogDevObjectVersion:   Dev-ReflectionCapture (6B266CEC-1EC7-4B8F-A30B-E4D90942FC07): 1
LogDevObjectVersion:   Dev-Automation (0DF73D61-A23F-47EA-B727-89E90C41499A): 1
LogDevObjectVersion:   FortniteMain (601D1886-AC64-4F84-AA16-D3DE0DEAC7D6): 47
LogDevObjectVersion:   FortniteRelease (E7086368-6B23-4C58-8439-1B7016265E91): 1
LogDevObjectVersion:   Dev-Enterprise (9DFFBCD6-494F-0158-E221-12823C92A888): 10
LogDevObjectVersion:   Dev-Niagara (F2AED0AC-9AFE-416F-8664-AA7FFA26D6FC): 1
LogDevObjectVersion:   Dev-Destruction (174F1F0B-B4C6-45A5-B13F-2EE8D0FB917D): 10
LogDevObjectVersion:   Dev-Physics-Ext (35F94A83-E258-406C-A318-09F59610247C): 41
LogDevObjectVersion:   Dev-PhysicsMaterial-Chaos (B68FC16E-8B1B-42E2-B453-215C058844FE): 1
LogDevObjectVersion:   Dev-CineCamera (B2E18506-4273-CFC2-A54E-F4BB758BBA07): 1
LogDevObjectVersion:   Dev-VirtualProduction (64F58936-FD1B-42BA-BA96-7289D5D0FA4E): 1
LogDevObjectVersion:   Dev-MediaFramework (6F0ED827-A609-4895-9C91-998D90180EA4): 2
LogInit: Presizing for max 25165824 objects, including 0 objects not considered by GC, pre-allocating 0 bytes for permanent pool.
LogConfig: Applying CVar settings from Section [/Script/Engine.StreamingSettings] File [C:/study/ProjectRunMergedAnim/Saved/Config/Windows/Engine.ini]
LogConfig: Setting CVar [[s.MinBulkDataSizeForAsyncLoading:131072]]
LogConfig: Setting CVar [[s.AsyncLoadingThreadEnabled:0]]
LogConfig: Setting CVar [[s.EventDrivenLoaderEnabled:1]]
LogConfig: Setting CVar [[s.WarnIfTimeLimitExceeded:0]]
LogConfig: Setting CVar [[s.TimeLimitExceededMultiplier:1.5]]
LogConfig: Setting CVar [[s.TimeLimitExceededMinTime:0.005]]
LogConfig: Setting CVar [[s.UseBackgroundLevelStreaming:1]]
LogConfig: Setting CVar [[s.PriorityAsyncLoadingExtraTime:15.0]]
LogConfig: Setting CVar [[s.LevelStreamingActorsUpdateTimeLimit:5.0]]
LogConfig: Setting CVar [[s.PriorityLevelStreamingActorsUpdateExtraTime:5.0]]
LogConfig: Setting CVar [[s.LevelStreamingComponentsRegistrationGranularity:10]]
LogConfig: Setting CVar [[s.UnregisterComponentsTimeLimit:1.0]]
LogConfig: Setting CVar [[s.LevelStreamingComponentsUnregistrationGranularity:5]]
LogConfig: Setting CVar [[s.FlushStreamingOnExit:1]]
LogInit: Object subsystem initialized
LogConfig: Setting CVar [[con.DebugEarlyDefault:1]]
LogConfig: Setting CVar [[r.setres:1280x720]]
[2022.07.23-06.45.47:850][  0]LogConfig: Setting CVar [[con.DebugEarlyDefault:1]]
[2022.07.23-06.45.47:850][  0]LogConfig: Setting CVar [[r.setres:1280x720]]
[2022.07.23-06.45.47:850][  0]LogConfig: Applying CVar settings from Section [/Script/Engine.RendererSettings] File [C:/study/ProjectRunMergedAnim/Saved/Config/Windows/Engine.ini]
[2022.07.23-06.45.47:850][  0]LogConfig: Setting CVar [[r.GPUCrashDebugging:0]]
[2022.07.23-06.45.47:850][  0]LogConfig: Applying CVar settings from Section [/Script/Engine.RendererOverrideSettings] File [C:/study/ProjectRunMergedAnim/Saved/Config/Windows/Engine.ini]
[2022.07.23-06.45.47:850][  0]LogConfig: Applying CVar settings from Section [/Script/Engine.StreamingSettings] File [C:/study/ProjectRunMergedAnim/Saved/Config/Windows/Engine.ini]
[2022.07.23-06.45.47:850][  0]LogConfig: Setting CVar [[s.MinBulkDataSizeForAsyncLoading:131072]]
[2022.07.23-06.45.47:850][  0]LogConfig: Setting CVar [[s.AsyncLoadingThreadEnabled:0]]
[2022.07.23-06.45.47:850][  0]LogConfig: Setting CVar [[s.EventDrivenLoaderEnabled:1]]
[2022.07.23-06.45.47:850][  0]LogConfig: Setting CVar [[s.WarnIfTimeLimitExceeded:0]]
[2022.07.23-06.45.47:850][  0]LogConfig: Setting CVar [[s.TimeLimitExceededMultiplier:1.5]]
[2022.07.23-06.45.47:850][  0]LogConfig: Setting CVar [[s.TimeLimitExceededMinTime:0.005]]
[2022.07.23-06.45.47:850][  0]LogConfig: Setting CVar [[s.UseBackgroundLevelStreaming:1]]
[2022.07.23-06.45.47:850][  0]LogConfig: Setting CVar [[s.PriorityAsyncLoadingExtraTime:15.0]]
[2022.07.23-06.45.47:850][  0]LogConfig: Setting CVar [[s.LevelStreamingActorsUpdateTimeLimit:5.0]]
[2022.07.23-06.45.47:850][  0]LogConfig: Setting CVar [[s.PriorityLevelStreamingActorsUpdateExtraTime:5.0]]
[2022.07.23-06.45.47:850][  0]LogConfig: Setting CVar [[s.LevelStreamingComponentsRegistrationGranularity:10]]
[2022.07.23-06.45.47:850][  0]LogConfig: Setting CVar [[s.UnregisterComponentsTimeLimit:1.0]]
[2022.07.23-06.45.47:850][  0]LogConfig: Setting CVar [[s.LevelStreamingComponentsUnregistrationGranularity:5]]
[2022.07.23-06.45.47:850][  0]LogConfig: Setting CVar [[s.FlushStreamingOnExit:1]]
[2022.07.23-06.45.47:850][  0]LogConfig: Applying CVar settings from Section [/Script/Engine.GarbageCollectionSettings] File [C:/study/ProjectRunMergedAnim/Saved/Config/Windows/Engine.ini]
[2022.07.23-06.45.47:850][  0]LogConfig: Setting CVar [[gc.MaxObjectsNotConsideredByGC:1]]
[2022.07.23-06.45.47:850][  0]LogConfig: Setting CVar [[gc.SizeOfPermanentObjectPool:0]]
[2022.07.23-06.45.47:850][  0]LogConfig: Setting CVar [[gc.FlushStreamingOnGC:0]]
[2022.07.23-06.45.47:850][  0]LogConfig: Setting CVar [[gc.NumRetriesBeforeForcingGC:10]]
[2022.07.23-06.45.47:850][  0]LogConfig: Setting CVar [[gc.AllowParallelGC:1]]
[2022.07.23-06.45.47:850][  0]LogConfig: Setting CVar [[gc.TimeBetweenPurgingPendingKillObjects:61.1]]
[2022.07.23-06.45.47:850][  0]LogConfig: Setting CVar [[gc.MaxObjectsInEditor:25165824]]
[2022.07.23-06.45.47:850][  0]LogConfig: Setting CVar [[gc.IncrementalBeginDestroyEnabled:1]]
[2022.07.23-06.45.47:850][  0]LogConfig: Setting CVar [[gc.CreateGCClusters:1]]
[2022.07.23-06.45.47:850][  0]LogConfig: Setting CVar [[gc.MinGCClusterSize:5]]
[2022.07.23-06.45.47:850][  0]LogConfig: Setting CVar [[gc.ActorClusteringEnabled:0]]
[2022.07.23-06.45.47:850][  0]LogConfig: Setting CVar [[gc.BlueprintClusteringEnabled:0]]
[2022.07.23-06.45.47:850][  0]LogConfig: Setting CVar [[gc.UseDisregardForGCOnDedicatedServers:0]]
[2022.07.23-06.45.47:850][  0]LogConfig: Setting CVar [[gc.MultithreadedDestructionEnabled:1]]
[2022.07.23-06.45.47:850][  0]LogConfig: Applying CVar settings from Section [/Script/Engine.NetworkSettings] File [C:/study/ProjectRunMergedAnim/Saved/Config/Windows/Engine.ini]
[2022.07.23-06.45.47:850][  0]LogConfig: Applying CVar settings from Section [/Script/UnrealEd.CookerSettings] File [C:/study/ProjectRunMergedAnim/Saved/Config/Windows/Engine.ini]
[2022.07.23-06.45.47:866][  0]LogConfig: Applying CVar settings from Section [ViewDistanceQuality@3] File [C:/study/ProjectRunMergedAnim/Saved/Config/Windows/Scalability.ini]
[2022.07.23-06.45.47:866][  0]LogConfig: Setting CVar [[r.SkeletalMeshLODBias:0]]
[2022.07.23-06.45.47:866][  0]LogConfig: Setting CVar [[r.ViewDistanceScale:1.0]]
[2022.07.23-06.45.47:866][  0]LogConfig: Applying CVar settings from Section [AntiAliasingQuality@3] File [C:/study/ProjectRunMergedAnim/Saved/Config/Windows/Scalability.ini]
[2022.07.23-06.45.47:866][  0]LogConfig: Setting CVar [[r.PostProcessAAQuality:4]]
[2022.07.23-06.45.47:866][  0]LogConfig: Applying CVar settings from Section [ShadowQuality@3] File [C:/study/ProjectRunMergedAnim/Saved/Config/Windows/Scalability.ini]
[2022.07.23-06.45.47:866][  0]LogConfig: Setting CVar [[r.LightFunctionQuality:1]]
[2022.07.23-06.45.47:866][  0]LogConfig: Setting CVar [[r.ShadowQuality:5]]
[2022.07.23-06.45.47:866][  0]LogConfig: Setting CVar [[r.Shadow.CSM.MaxCascades:10]]
[2022.07.23-06.45.47:866][  0]LogConfig: Setting CVar [[r.Shadow.MaxResolution:2048]]
[2022.07.23-06.45.47:866][  0]LogConfig: Setting CVar [[r.Shadow.MaxCSMResolution:2048]]
[2022.07.23-06.45.47:866][  0]LogConfig: Setting CVar [[r.Shadow.RadiusThreshold:0.01]]
[2022.07.23-06.45.47:866][  0]LogConfig: Setting CVar [[r.Shadow.DistanceScale:1.0]]
[2022.07.23-06.45.47:866][  0]LogConfig: Setting CVar [[r.Shadow.CSM.TransitionScale:1.0]]
[2022.07.23-06.45.47:866][  0]LogConfig: Setting CVar [[r.Shadow.PreShadowResolutionFactor:1.0]]
[2022.07.23-06.45.47:866][  0]LogConfig: Setting CVar [[r.DistanceFieldShadowing:1]]
[2022.07.23-06.45.47:866][  0]LogConfig: Setting CVar [[r.DistanceFieldAO:1]]
[2022.07.23-06.45.47:866][  0]LogConfig: Setting CVar [[r.AOQuality:2]]
[2022.07.23-06.45.47:866][  0]LogConfig: Setting CVar [[r.VolumetricFog:1]]
[2022.07.23-06.45.47:866][  0]LogConfig: Setting CVar [[r.VolumetricFog.GridPixelSize:8]]
[2022.07.23-06.45.47:866][  0]LogConfig: Setting CVar [[r.VolumetricFog.GridSizeZ:128]]
[2022.07.23-06.45.47:866][  0]LogConfig: Setting CVar [[r.VolumetricFog.HistoryMissSupersampleCount:4]]
[2022.07.23-06.45.47:866][  0]LogConfig: Setting CVar [[r.LightMaxDrawDistanceScale:1]]
[2022.07.23-06.45.47:866][  0]LogConfig: Setting CVar [[r.CapsuleShadows:1]]
[2022.07.23-06.45.47:866][  0]LogConfig: Applying CVar settings from Section [PostProcessQuality@3] File [C:/study/ProjectRunMergedAnim/Saved/Config/Windows/Scalability.ini]
[2022.07.23-06.45.47:866][  0]LogConfig: Setting CVar [[r.MotionBlurQuality:4]]
[2022.07.23-06.45.47:866][  0]LogConfig: Setting CVar [[r.AmbientOcclusionMipLevelFactor:0.4]]
[2022.07.23-06.45.47:866][  0]LogConfig: Setting CVar [[r.AmbientOcclusionMaxQuality:100]]
[2022.07.23-06.45.47:866][  0]LogConfig: Setting CVar [[r.AmbientOcclusionLevels:-1]]
[2022.07.23-06.45.47:866][  0]LogConfig: Setting CVar [[r.AmbientOcclusionRadiusScale:1.0]]
[2022.07.23-06.45.47:866][  0]LogConfig: Setting CVar [[r.DepthOfFieldQuality:2]]
[2022.07.23-06.45.47:866][  0]LogConfig: Setting CVar [[r.RenderTargetPoolMin:400]]
[2022.07.23-06.45.47:866][  0]LogConfig: Setting CVar [[r.LensFlareQuality:2]]
[2022.07.23-06.45.47:866][  0]LogConfig: Setting CVar [[r.SceneColorFringeQuality:1]]
[2022.07.23-06.45.47:866][  0]LogConfig: Setting CVar [[r.EyeAdaptationQuality:2]]
[2022.07.23-06.45.47:866][  0]LogConfig: Setting CVar [[r.BloomQuality:5]]
[2022.07.23-06.45.47:866][  0]LogConfig: Setting CVar [[r.FastBlurThreshold:100]]
[2022.07.23-06.45.47:866][  0]LogConfig: Setting CVar [[r.Upscale.Quality:3]]
[2022.07.23-06.45.47:866][  0]LogConfig: Setting CVar [[r.Tonemapper.GrainQuantization:1]]
[2022.07.23-06.45.47:866][  0]LogConfig: Setting CVar [[r.LightShaftQuality:1]]
[2022.07.23-06.45.47:866][  0]LogConfig: Setting CVar [[r.Filter.SizeScale:1]]
[2022.07.23-06.45.47:866][  0]LogConfig: Setting CVar [[r.Tonemapper.Quality:5]]
[2022.07.23-06.45.47:866][  0]LogConfig: Setting CVar [[r.DOF.Gather.AccumulatorQuality:1        ; higher gathering accumulator quality]]
[2022.07.23-06.45.47:866][  0]LogConfig: Setting CVar [[r.DOF.Gather.PostfilterMethod:1          ; Median3x3 postfilering method]]
[2022.07.23-06.45.47:866][  0]LogConfig: Setting CVar [[r.DOF.Gather.EnableBokehSettings:0       ; no bokeh simulation when gathering]]
[2022.07.23-06.45.47:866][  0]LogConfig: Setting CVar [[r.DOF.Gather.RingCount:4                 ; medium number of samples when gathering]]
[2022.07.23-06.45.47:866][  0]LogConfig: Setting CVar [[r.DOF.Scatter.ForegroundCompositing:1    ; additive foreground scattering]]
[2022.07.23-06.45.47:866][  0]LogConfig: Setting CVar [[r.DOF.Scatter.BackgroundCompositing:2    ; additive background scattering]]
[2022.07.23-06.45.47:866][  0]LogConfig: Setting CVar [[r.DOF.Scatter.EnableBokehSettings:1      ; bokeh simulation when scattering]]
[2022.07.23-06.45.47:866][  0]LogConfig: Setting CVar [[r.DOF.Scatter.MaxSpriteRatio:0.1         ; only a maximum of 10% of scattered bokeh]]
[2022.07.23-06.45.47:866][  0]LogConfig: Setting CVar [[r.DOF.Recombine.Quality:1                ; cheap slight out of focus]]
[2022.07.23-06.45.47:866][  0]LogConfig: Setting CVar [[r.DOF.Recombine.EnableBokehSettings:0    ; no bokeh simulation on slight out of focus]]
[2022.07.23-06.45.47:866][  0]LogConfig: Setting CVar [[r.DOF.TemporalAAQuality:1                ; more stable temporal accumulation]]
[2022.07.23-06.45.47:866][  0]LogConfig: Setting CVar [[r.DOF.Kernel.MaxForegroundRadius:0.025]]
[2022.07.23-06.45.47:866][  0]LogConfig: Setting CVar [[r.DOF.Kernel.MaxBackgroundRadius:0.025]]
[2022.07.23-06.45.47:866][  0]LogConfig: Applying CVar settings from Section [TextureQuality@3] File [C:/study/ProjectRunMergedAnim/Saved/Config/Windows/Scalability.ini]
[2022.07.23-06.45.47:866][  0]LogConfig: Setting CVar [[r.Streaming.MipBias:0]]
[2022.07.23-06.45.47:866][  0]LogConfig: Setting CVar [[r.Streaming.AmortizeCPUToGPUCopy:0]]
[2022.07.23-06.45.47:866][  0]LogConfig: Setting CVar [[r.Streaming.MaxNumTexturesToStreamPerFrame:0]]
[2022.07.23-06.45.47:866][  0]LogConfig: Setting CVar [[r.Streaming.Boost:1]]
[2022.07.23-06.45.47:866][  0]LogConfig: Setting CVar [[r.MaxAnisotropy:8]]
[2022.07.23-06.45.47:866][  0]LogConfig: Setting CVar [[r.VT.MaxAnisotropy:8]]
[2022.07.23-06.45.47:866][  0]LogConfig: Setting CVar [[r.Streaming.LimitPoolSizeToVRAM:0]]
[2022.07.23-06.45.47:866][  0]LogConfig: Setting CVar [[r.Streaming.PoolSize:1000]]
[2022.07.23-06.45.47:866][  0]LogConfig: Setting CVar [[r.Streaming.MaxEffectiveScreenSize:0]]
[2022.07.23-06.45.47:866][  0]LogConfig: Applying CVar settings from Section [EffectsQuality@3] File [C:/study/ProjectRunMergedAnim/Saved/Config/Windows/Scalability.ini]
[2022.07.23-06.45.47:866][  0]LogConfig: Setting CVar [[r.TranslucencyLightingVolumeDim:64]]
[2022.07.23-06.45.47:866][  0]LogConfig: Setting CVar [[r.RefractionQuality:2]]
[2022.07.23-06.45.47:866][  0]LogConfig: Setting CVar [[r.SSR.Quality:3]]
[2022.07.23-06.45.47:866][  0]LogConfig: Setting CVar [[r.SSR.HalfResSceneColor:0]]
[2022.07.23-06.45.47:866][  0]LogConfig: Setting CVar [[r.SceneColorFormat:4]]
[2022.07.23-06.45.47:866][  0]LogConfig: Setting CVar [[r.DetailMode:2]]
[2022.07.23-06.45.47:866][  0]LogConfig: Setting CVar [[r.TranslucencyVolumeBlur:1]]
[2022.07.23-06.45.47:866][  0]LogConfig: Setting CVar [[r.MaterialQualityLevel:1 ; High quality]]
[2022.07.23-06.45.47:867][  0]LogConfig: Setting CVar [[r.AnisotropicMaterials:1]]
[2022.07.23-06.45.47:867][  0]LogConfig: Setting CVar [[r.SSS.Scale:1]]
[2022.07.23-06.45.47:867][  0]LogConfig: Setting CVar [[r.SSS.SampleSet:2]]
[2022.07.23-06.45.47:867][  0]LogConfig: Setting CVar [[r.SSS.Quality:1]]
[2022.07.23-06.45.47:867][  0]LogConfig: Setting CVar [[r.SSS.HalfRes:0]]
[2022.07.23-06.45.47:867][  0]LogConfig: Setting CVar [[r.SSGI.Quality:3]]
[2022.07.23-06.45.47:867][  0]LogConfig: Setting CVar [[r.EmitterSpawnRateScale:1.0]]
[2022.07.23-06.45.47:867][  0]LogConfig: Setting CVar [[r.ParticleLightQuality:2]]
[2022.07.23-06.45.47:867][  0]LogConfig: Setting CVar [[r.SkyAtmosphere.AerialPerspectiveLUT.FastApplyOnOpaque:1 ; Always have FastSkyLUT 1 in this case to avoid wrong sky]]
[2022.07.23-06.45.47:867][  0]LogConfig: Setting CVar [[r.SkyAtmosphere.AerialPerspectiveLUT.SampleCountMaxPerSlice:4]]
[2022.07.23-06.45.47:867][  0]LogConfig: Setting CVar [[r.SkyAtmosphere.AerialPerspectiveLUT.DepthResolution:16.0]]
[2022.07.23-06.45.47:867][  0]LogConfig: Setting CVar [[r.SkyAtmosphere.FastSkyLUT:1]]
[2022.07.23-06.45.47:867][  0]LogConfig: Setting CVar [[r.SkyAtmosphere.FastSkyLUT.SampleCountMin:4.0]]
[2022.07.23-06.45.47:867][  0]LogConfig: Setting CVar [[r.SkyAtmosphere.FastSkyLUT.SampleCountMax:128.0]]
[2022.07.23-06.45.47:867][  0]LogConfig: Setting CVar [[r.SkyAtmosphere.SampleCountMin:4.0]]
[2022.07.23-06.45.47:867][  0]LogConfig: Setting CVar [[r.SkyAtmosphere.SampleCountMax:128.0]]
[2022.07.23-06.45.47:867][  0]LogConfig: Setting CVar [[r.SkyAtmosphere.TransmittanceLUT.UseSmallFormat:0]]
[2022.07.23-06.45.47:867][  0]LogConfig: Setting CVar [[r.SkyAtmosphere.TransmittanceLUT.SampleCount:10.0]]
[2022.07.23-06.45.47:867][  0]LogConfig: Setting CVar [[r.SkyAtmosphere.MultiScatteringLUT.SampleCount:15.0]]
[2022.07.23-06.45.47:867][  0]LogConfig: Setting CVar [[r.SkyLight.RealTimeReflectionCapture:1]]
[2022.07.23-06.45.47:867][  0]LogConfig: Applying CVar settings from Section [FoliageQuality@3] File [C:/study/ProjectRunMergedAnim/Saved/Config/Windows/Scalability.ini]
[2022.07.23-06.45.47:867][  0]LogConfig: Setting CVar [[foliage.DensityScale:1.0]]
[2022.07.23-06.45.47:867][  0]LogConfig: Setting CVar [[grass.DensityScale:1.0]]
[2022.07.23-06.45.47:867][  0]LogConfig: Applying CVar settings from Section [ShadingQuality@3] File [C:/study/ProjectRunMergedAnim/Saved/Config/Windows/Scalability.ini]
[2022.07.23-06.45.47:867][  0]LogConfig: Setting CVar [[r.HairStrands.SkyLighting.IntegrationType:2]]
[2022.07.23-06.45.47:867][  0]LogConfig: Setting CVar [[r.HairStrands.SkyAO.SampleCount:4]]
[2022.07.23-06.45.47:867][  0]LogConfig: Setting CVar [[r.HairStrands.Visibility.MSAA.SamplePerPixel:4]]
[2022.07.23-06.45.47:867][  0]LogInit: Selected Device Profile: [Windows]
[2022.07.23-06.45.47:867][  0]LogInit: Applying CVar settings loaded from the selected device profile: [Windows]
[2022.07.23-06.45.47:867][  0]LogHAL: Display: Platform has ~ 16 GB [16831680512 / 17179869184 / 16], which maps to Larger [LargestMinGB=32, LargerMinGB=12, DefaultMinGB=8, SmallerMinGB=6, SmallestMinGB=0)
[2022.07.23-06.45.47:867][  0]LogInit: Going up to parent DeviceProfile []
[2022.07.23-06.45.47:867][  0]LogConfig: Applying CVar settings from Section [ViewDistanceQuality@3] File [C:/study/ProjectRunMergedAnim/Saved/Config/Windows/Scalability.ini]
[2022.07.23-06.45.47:867][  0]LogConfig: Setting CVar [[r.SkeletalMeshLODBias:0]]
[2022.07.23-06.45.47:867][  0]LogConfig: Setting CVar [[r.ViewDistanceScale:1.0]]
[2022.07.23-06.45.47:867][  0]LogConfig: Applying CVar settings from Section [AntiAliasingQuality@3] File [C:/study/ProjectRunMergedAnim/Saved/Config/Windows/Scalability.ini]
[2022.07.23-06.45.47:867][  0]LogConfig: Setting CVar [[r.PostProcessAAQuality:4]]
[2022.07.23-06.45.47:867][  0]LogConfig: Applying CVar settings from Section [ShadowQuality@3] File [C:/study/ProjectRunMergedAnim/Saved/Config/Windows/Scalability.ini]
[2022.07.23-06.45.47:867][  0]LogConfig: Setting CVar [[r.LightFunctionQuality:1]]
[2022.07.23-06.45.47:867][  0]LogConfig: Setting CVar [[r.ShadowQuality:5]]
[2022.07.23-06.45.47:867][  0]LogConfig: Setting CVar [[r.Shadow.CSM.MaxCascades:10]]
[2022.07.23-06.45.47:867][  0]LogConfig: Setting CVar [[r.Shadow.MaxResolution:2048]]
[2022.07.23-06.45.47:867][  0]LogConfig: Setting CVar [[r.Shadow.MaxCSMResolution:2048]]
[2022.07.23-06.45.47:867][  0]LogConfig: Setting CVar [[r.Shadow.RadiusThreshold:0.01]]
[2022.07.23-06.45.47:867][  0]LogConfig: Setting CVar [[r.Shadow.DistanceScale:1.0]]
[2022.07.23-06.45.47:867][  0]LogConfig: Setting CVar [[r.Shadow.CSM.TransitionScale:1.0]]
[2022.07.23-06.45.47:867][  0]LogConfig: Setting CVar [[r.Shadow.PreShadowResolutionFactor:1.0]]
[2022.07.23-06.45.47:867][  0]LogConfig: Setting CVar [[r.DistanceFieldShadowing:1]]
[2022.07.23-06.45.47:867][  0]LogConfig: Setting CVar [[r.DistanceFieldAO:1]]
[2022.07.23-06.45.47:867][  0]LogConfig: Setting CVar [[r.AOQuality:2]]
[2022.07.23-06.45.47:867][  0]LogConfig: Setting CVar [[r.VolumetricFog:1]]
[2022.07.23-06.45.47:867][  0]LogConfig: Setting CVar [[r.VolumetricFog.GridPixelSize:8]]
[2022.07.23-06.45.47:867][  0]LogConfig: Setting CVar [[r.VolumetricFog.GridSizeZ:128]]
[2022.07.23-06.45.47:867][  0]LogConfig: Setting CVar [[r.VolumetricFog.HistoryMissSupersampleCount:4]]
[2022.07.23-06.45.47:867][  0]LogConfig: Setting CVar [[r.LightMaxDrawDistanceScale:1]]
[2022.07.23-06.45.47:867][  0]LogConfig: Setting CVar [[r.CapsuleShadows:1]]
[2022.07.23-06.45.47:867][  0]LogConfig: Applying CVar settings from Section [PostProcessQuality@3] File [C:/study/ProjectRunMergedAnim/Saved/Config/Windows/Scalability.ini]
[2022.07.23-06.45.47:867][  0]LogConfig: Setting CVar [[r.MotionBlurQuality:4]]
[2022.07.23-06.45.47:867][  0]LogConfig: Setting CVar [[r.AmbientOcclusionMipLevelFactor:0.4]]
[2022.07.23-06.45.47:867][  0]LogConfig: Setting CVar [[r.AmbientOcclusionMaxQuality:100]]
[2022.07.23-06.45.47:867][  0]LogConfig: Setting CVar [[r.AmbientOcclusionLevels:-1]]
[2022.07.23-06.45.47:867][  0]LogConfig: Setting CVar [[r.AmbientOcclusionRadiusScale:1.0]]
[2022.07.23-06.45.47:867][  0]LogConfig: Setting CVar [[r.DepthOfFieldQuality:2]]
[2022.07.23-06.45.47:867][  0]LogConfig: Setting CVar [[r.RenderTargetPoolMin:400]]
[2022.07.23-06.45.47:867][  0]LogConfig: Setting CVar [[r.LensFlareQuality:2]]
[2022.07.23-06.45.47:867][  0]LogConfig: Setting CVar [[r.SceneColorFringeQuality:1]]
[2022.07.23-06.45.47:867][  0]LogConfig: Setting CVar [[r.EyeAdaptationQuality:2]]
[2022.07.23-06.45.47:867][  0]LogConfig: Setting CVar [[r.BloomQuality:5]]
[2022.07.23-06.45.47:867][  0]LogConfig: Setting CVar [[r.FastBlurThreshold:100]]
[2022.07.23-06.45.47:867][  0]LogConfig: Setting CVar [[r.Upscale.Quality:3]]
[2022.07.23-06.45.47:867][  0]LogConfig: Setting CVar [[r.Tonemapper.GrainQuantization:1]]
[2022.07.23-06.45.47:867][  0]LogConfig: Setting CVar [[r.LightShaftQuality:1]]
[2022.07.23-06.45.47:867][  0]LogConfig: Setting CVar [[r.Filter.SizeScale:1]]
[2022.07.23-06.45.47:867][  0]LogConfig: Setting CVar [[r.Tonemapper.Quality:5]]
[2022.07.23-06.45.47:867][  0]LogConfig: Setting CVar [[r.DOF.Gather.AccumulatorQuality:1        ; higher gathering accumulator quality]]
[2022.07.23-06.45.47:867][  0]LogConfig: Setting CVar [[r.DOF.Gather.PostfilterMethod:1          ; Median3x3 postfilering method]]
[2022.07.23-06.45.47:867][  0]LogConfig: Setting CVar [[r.DOF.Gather.EnableBokehSettings:0       ; no bokeh simulation when gathering]]
[2022.07.23-06.45.47:867][  0]LogConfig: Setting CVar [[r.DOF.Gather.RingCount:4                 ; medium number of samples when gathering]]
[2022.07.23-06.45.47:867][  0]LogConfig: Setting CVar [[r.DOF.Scatter.ForegroundCompositing:1    ; additive foreground scattering]]
[2022.07.23-06.45.47:867][  0]LogConfig: Setting CVar [[r.DOF.Scatter.BackgroundCompositing:2    ; additive background scattering]]
[2022.07.23-06.45.47:867][  0]LogConfig: Setting CVar [[r.DOF.Scatter.EnableBokehSettings:1      ; bokeh simulation when scattering]]
[2022.07.23-06.45.47:867][  0]LogConfig: Setting CVar [[r.DOF.Scatter.MaxSpriteRatio:0.1         ; only a maximum of 10% of scattered bokeh]]
[2022.07.23-06.45.47:867][  0]LogConfig: Setting CVar [[r.DOF.Recombine.Quality:1                ; cheap slight out of focus]]
[2022.07.23-06.45.47:868][  0]LogConfig: Setting CVar [[r.DOF.Recombine.EnableBokehSettings:0    ; no bokeh simulation on slight out of focus]]
[2022.07.23-06.45.47:868][  0]LogConfig: Setting CVar [[r.DOF.TemporalAAQuality:1                ; more stable temporal accumulation]]
[2022.07.23-06.45.47:868][  0]LogConfig: Setting CVar [[r.DOF.Kernel.MaxForegroundRadius:0.025]]
[2022.07.23-06.45.47:868][  0]LogConfig: Setting CVar [[r.DOF.Kernel.MaxBackgroundRadius:0.025]]
[2022.07.23-06.45.47:868][  0]LogConfig: Applying CVar settings from Section [TextureQuality@3] File [C:/study/ProjectRunMergedAnim/Saved/Config/Windows/Scalability.ini]
[2022.07.23-06.45.47:868][  0]LogConfig: Setting CVar [[r.Streaming.MipBias:0]]
[2022.07.23-06.45.47:868][  0]LogConfig: Setting CVar [[r.Streaming.AmortizeCPUToGPUCopy:0]]
[2022.07.23-06.45.47:868][  0]LogConfig: Setting CVar [[r.Streaming.MaxNumTexturesToStreamPerFrame:0]]
[2022.07.23-06.45.47:868][  0]LogConfig: Setting CVar [[r.Streaming.Boost:1]]
[2022.07.23-06.45.47:868][  0]LogConfig: Setting CVar [[r.MaxAnisotropy:8]]
[2022.07.23-06.45.47:868][  0]LogConfig: Setting CVar [[r.VT.MaxAnisotropy:8]]
[2022.07.23-06.45.47:868][  0]LogConfig: Setting CVar [[r.Streaming.LimitPoolSizeToVRAM:0]]
[2022.07.23-06.45.47:868][  0]LogConfig: Setting CVar [[r.Streaming.PoolSize:1000]]
[2022.07.23-06.45.47:868][  0]LogConfig: Setting CVar [[r.Streaming.MaxEffectiveScreenSize:0]]
[2022.07.23-06.45.47:868][  0]LogConfig: Applying CVar settings from Section [EffectsQuality@3] File [C:/study/ProjectRunMergedAnim/Saved/Config/Windows/Scalability.ini]
[2022.07.23-06.45.47:868][  0]LogConfig: Setting CVar [[r.TranslucencyLightingVolumeDim:64]]
[2022.07.23-06.45.47:868][  0]LogConfig: Setting CVar [[r.RefractionQuality:2]]
[2022.07.23-06.45.47:868][  0]LogConfig: Setting CVar [[r.SSR.Quality:3]]
[2022.07.23-06.45.47:868][  0]LogConfig: Setting CVar [[r.SSR.HalfResSceneColor:0]]
[2022.07.23-06.45.47:868][  0]LogConfig: Setting CVar [[r.SceneColorFormat:4]]
[2022.07.23-06.45.47:868][  0]LogConfig: Setting CVar [[r.DetailMode:2]]
[2022.07.23-06.45.47:868][  0]LogConfig: Setting CVar [[r.TranslucencyVolumeBlur:1]]
[2022.07.23-06.45.47:868][  0]LogConfig: Setting CVar [[r.MaterialQualityLevel:1 ; High quality]]
[2022.07.23-06.45.47:868][  0]LogConfig: Setting CVar [[r.AnisotropicMaterials:1]]
[2022.07.23-06.45.47:868][  0]LogConfig: Setting CVar [[r.SSS.Scale:1]]
[2022.07.23-06.45.47:868][  0]LogConfig: Setting CVar [[r.SSS.SampleSet:2]]
[2022.07.23-06.45.47:868][  0]LogConfig: Setting CVar [[r.SSS.Quality:1]]
[2022.07.23-06.45.47:868][  0]LogConfig: Setting CVar [[r.SSS.HalfRes:0]]
[2022.07.23-06.45.47:868][  0]LogConfig: Setting CVar [[r.SSGI.Quality:3]]
[2022.07.23-06.45.47:868][  0]LogConfig: Setting CVar [[r.EmitterSpawnRateScale:1.0]]
[2022.07.23-06.45.47:868][  0]LogConfig: Setting CVar [[r.ParticleLightQuality:2]]
[2022.07.23-06.45.47:868][  0]LogConfig: Setting CVar [[r.SkyAtmosphere.AerialPerspectiveLUT.FastApplyOnOpaque:1 ; Always have FastSkyLUT 1 in this case to avoid wrong sky]]
[2022.07.23-06.45.47:868][  0]LogConfig: Setting CVar [[r.SkyAtmosphere.AerialPerspectiveLUT.SampleCountMaxPerSlice:4]]
[2022.07.23-06.45.47:868][  0]LogConfig: Setting CVar [[r.SkyAtmosphere.AerialPerspectiveLUT.DepthResolution:16.0]]
[2022.07.23-06.45.47:868][  0]LogConfig: Setting CVar [[r.SkyAtmosphere.FastSkyLUT:1]]
[2022.07.23-06.45.47:868][  0]LogConfig: Setting CVar [[r.SkyAtmosphere.FastSkyLUT.SampleCountMin:4.0]]
[2022.07.23-06.45.47:868][  0]LogConfig: Setting CVar [[r.SkyAtmosphere.FastSkyLUT.SampleCountMax:128.0]]
[2022.07.23-06.45.47:868][  0]LogConfig: Setting CVar [[r.SkyAtmosphere.SampleCountMin:4.0]]
[2022.07.23-06.45.47:868][  0]LogConfig: Setting CVar [[r.SkyAtmosphere.SampleCountMax:128.0]]
[2022.07.23-06.45.47:868][  0]LogConfig: Setting CVar [[r.SkyAtmosphere.TransmittanceLUT.UseSmallFormat:0]]
[2022.07.23-06.45.47:868][  0]LogConfig: Setting CVar [[r.SkyAtmosphere.TransmittanceLUT.SampleCount:10.0]]
[2022.07.23-06.45.47:868][  0]LogConfig: Setting CVar [[r.SkyAtmosphere.MultiScatteringLUT.SampleCount:15.0]]
[2022.07.23-06.45.47:868][  0]LogConfig: Setting CVar [[r.SkyLight.RealTimeReflectionCapture:1]]
[2022.07.23-06.45.47:868][  0]LogConfig: Applying CVar settings from Section [FoliageQuality@3] File [C:/study/ProjectRunMergedAnim/Saved/Config/Windows/Scalability.ini]
[2022.07.23-06.45.47:868][  0]LogConfig: Setting CVar [[foliage.DensityScale:1.0]]
[2022.07.23-06.45.47:868][  0]LogConfig: Setting CVar [[grass.DensityScale:1.0]]
[2022.07.23-06.45.47:868][  0]LogConfig: Applying CVar settings from Section [ShadingQuality@3] File [C:/study/ProjectRunMergedAnim/Saved/Config/Windows/Scalability.ini]
[2022.07.23-06.45.47:868][  0]LogConfig: Setting CVar [[r.HairStrands.SkyLighting.IntegrationType:2]]
[2022.07.23-06.45.47:868][  0]LogConfig: Setting CVar [[r.HairStrands.SkyAO.SampleCount:4]]
[2022.07.23-06.45.47:868][  0]LogConfig: Setting CVar [[r.HairStrands.Visibility.MSAA.SamplePerPixel:4]]
[2022.07.23-06.45.47:868][  0]LogConfig: Applying CVar settings from Section [Startup] File [../../../Engine/Config/ConsoleVariables.ini]
[2022.07.23-06.45.47:869][  0]LogConfig: Setting CVar [[net.UseAdaptiveNetUpdateFrequency:0]]
[2022.07.23-06.45.47:869][  0]LogConfig: Setting CVar [[p.chaos.AllowCreatePhysxBodies:1]]
[2022.07.23-06.45.47:869][  0]LogConfig: Setting CVar [[fx.SkipVectorVMBackendOptimizations:1]]
[2022.07.23-06.45.47:869][  0]LogConfig: Applying CVar settings from Section [ConsoleVariables] File [C:/study/ProjectRunMergedAnim/Saved/Config/Windows/Engine.ini]
[2022.07.23-06.45.47:869][  0]LogConfig: Applying CVar settings from Section [ConsoleVariables] File [C:/study/ProjectRunMergedAnim/Saved/Config/Windows/Editor.ini]
[2022.07.23-06.45.47:869][  0]LogInit: Computer: LEEMINSEOK
[2022.07.23-06.45.47:869][  0]LogInit: User: sycym
[2022.07.23-06.45.47:869][  0]LogInit: CPU Page size=4096, Cores=14
[2022.07.23-06.45.47:869][  0]LogInit: High frequency timer resolution =10.000000 MHz
[2022.07.23-06.45.47:869][  0]LogMemory: Memory total: Physical=15.7GB (16GB approx)
[2022.07.23-06.45.47:869][  0]LogMemory: Platform Memory Stats for Windows
[2022.07.23-06.45.47:869][  0]LogMemory: Process Physical Memory: 150.53 MB used, 150.53 MB peak
[2022.07.23-06.45.47:869][  0]LogMemory: Process Virtual Memory: 134.78 MB used, 134.78 MB peak
[2022.07.23-06.45.47:869][  0]LogMemory: Physical Memory: 8091.71 MB used,  7960.23 MB free, 16051.94 MB total
[2022.07.23-06.45.47:869][  0]LogMemory: Virtual Memory: 134205408.00 MB used,  12316.01 MB free, 134217728.00 MB total
[2022.07.23-06.45.47:876][  0]LogWindows: WindowsPlatformFeatures enabled
[2022.07.23-06.45.47:934][  0]LogInit: Physics initialised using underlying interface: PhysX
[2022.07.23-06.45.47:935][  0]LogInit: Using OS detected language (ko-KR).
[2022.07.23-06.45.47:935][  0]LogInit: Using OS detected locale (ko-KR).
[2022.07.23-06.45.47:937][  0]LogTextLocalizationManager: No specific localization for 'ko-KR' exists, so the 'ko' localization will be used.
[2022.07.23-06.45.48:068][  0]LogWindowsTextInputMethodSystem: Display: IME system deactivated.
[2022.07.23-06.45.48:092][  0]LogSlate: New Slate User Created.  User Index 0, Is Virtual User: 0
[2022.07.23-06.45.48:092][  0]LogSlate: Slate User Registered.  User Index 0, Is Virtual User: 0
[2022.07.23-06.45.48:114][  0]LogD3D11RHI: Loaded GFSDK_Aftermath_Lib.x64.dll
[2022.07.23-06.45.48:122][  0]LogHMD: Failed to initialize OpenVR with code 110
[2022.07.23-06.45.48:122][  0]LogD3D11RHI: D3D11 min allowed feature level: 11_0
[2022.07.23-06.45.48:122][  0]LogD3D11RHI: D3D11 max allowed feature level: 11_0
[2022.07.23-06.45.48:122][  0]LogD3D11RHI: D3D11 adapters:
[2022.07.23-06.45.48:237][  0]LogD3D11RHI:    0. 'NVIDIA GeForce RTX 3070 Ti Laptop GPU' (Feature Level 11_0)
[2022.07.23-06.45.48:237][  0]LogD3D11RHI:       8043/0/8025 MB DedicatedVideo/DedicatedSystem/SharedSystem, Outputs:1, VendorId:0x10de
[2022.07.23-06.45.48:278][  0]LogD3D11RHI:    1. 'Intel(R) Iris(R) Xe Graphics' (Feature Level 11_0)
[2022.07.23-06.45.48:278][  0]LogD3D11RHI:       128/0/8025 MB DedicatedVideo/DedicatedSystem/SharedSystem, Outputs:0, VendorId:0x8086
[2022.07.23-06.45.48:280][  0]LogD3D11RHI:    2. 'Microsoft Basic Render Driver' (Feature Level 11_0)
[2022.07.23-06.45.48:280][  0]LogD3D11RHI:       0/0/8025 MB DedicatedVideo/DedicatedSystem/SharedSystem, Outputs:0, VendorId:0x1414
[2022.07.23-06.45.48:280][  0]LogD3D11RHI: Chosen D3D11 Adapter:
[2022.07.23-06.45.48:280][  0]LogD3D11RHI:     Description : NVIDIA GeForce RTX 3070 Ti Laptop GPU
[2022.07.23-06.45.48:280][  0]LogD3D11RHI:     VendorId    : 10de
[2022.07.23-06.45.48:280][  0]LogD3D11RHI:     DeviceId    : 24e0
[2022.07.23-06.45.48:280][  0]LogD3D11RHI:     SubSysId    : 8a14103c
[2022.07.23-06.45.48:280][  0]LogD3D11RHI:     Revision    : 00a1
[2022.07.23-06.45.48:280][  0]LogD3D11RHI:     DedicatedVideoMemory : 8433696768 bytes
[2022.07.23-06.45.48:280][  0]LogD3D11RHI:     DedicatedSystemMemory : 0 bytes
[2022.07.23-06.45.48:280][  0]LogD3D11RHI:     SharedSystemMemory : 8415840256 bytes
[2022.07.23-06.45.48:280][  0]LogD3D11RHI:     AdapterLuid : 0 69808
[2022.07.23-06.45.48:286][  0]LogD3D11RHI: Creating new Direct3DDevice
[2022.07.23-06.45.48:286][  0]LogD3D11RHI:     GPU DeviceId: 0x24e0 (for the marketing name, search the web for "GPU Device Id")
[2022.07.23-06.45.48:286][  0]LogWindows: EnumDisplayDevices:
[2022.07.23-06.45.48:286][  0]LogWindows:    0. 'Intel(R) Iris(R) Xe Graphics' (P:0 D:0)
[2022.07.23-06.45.48:286][  0]LogWindows:    1. 'Intel(R) Iris(R) Xe Graphics' (P:0 D:0)
[2022.07.23-06.45.48:286][  0]LogWindows:    2. 'Intel(R) Iris(R) Xe Graphics' (P:0 D:0)
[2022.07.23-06.45.48:287][  0]LogWindows:    3. 'Intel(R) Iris(R) Xe Graphics' (P:0 D:0)
[2022.07.23-06.45.48:287][  0]LogWindows:    4. 'NVIDIA GeForce RTX 3070 Ti Laptop GPU' (P:1 D:1)
[2022.07.23-06.45.48:287][  0]LogWindows:    5. 'NVIDIA GeForce RTX 3070 Ti Laptop GPU' (P:0 D:0)
[2022.07.23-06.45.48:287][  0]LogWindows:    6. 'NVIDIA GeForce RTX 3070 Ti Laptop GPU' (P:0 D:0)
[2022.07.23-06.45.48:287][  0]LogWindows:    7. 'NVIDIA GeForce RTX 3070 Ti Laptop GPU' (P:0 D:0)
[2022.07.23-06.45.48:288][  0]LogWindows: DebugString: PrimaryIsNotTheChoosenAdapter PrimaryIsNotTheChoosenAdapter PrimaryIsNotTheChoosenAdapter PrimaryIsNotTheChoosenAdapter FoundDriverCount:4 
[2022.07.23-06.45.48:288][  0]LogD3D11RHI:     Adapter Name: NVIDIA GeForce RTX 3070 Ti Laptop GPU
[2022.07.23-06.45.48:288][  0]LogD3D11RHI:   Driver Version: 512.78 (internal:30.0.15.1278, unified:512.78)
[2022.07.23-06.45.48:288][  0]LogD3D11RHI:      Driver Date: 5-5-2022
[2022.07.23-06.45.48:288][  0]LogRHI: Texture pool is 5630 MB (70% of 8043 MB)
[2022.07.23-06.45.48:288][  0]LogD3D11RHI: Creating D3DDevice using adapter:
[2022.07.23-06.45.48:288][  0]LogD3D11RHI:     Description : NVIDIA GeForce RTX 3070 Ti Laptop GPU
[2022.07.23-06.45.48:288][  0]LogD3D11RHI:     VendorId    : 10de
[2022.07.23-06.45.48:288][  0]LogD3D11RHI:     DeviceId    : 24e0
[2022.07.23-06.45.48:288][  0]LogD3D11RHI:     SubSysId    : 8a14103c
[2022.07.23-06.45.48:288][  0]LogD3D11RHI:     Revision    : 00a1
[2022.07.23-06.45.48:288][  0]LogD3D11RHI:     DedicatedVideoMemory : 8433696768 bytes
[2022.07.23-06.45.48:288][  0]LogD3D11RHI:     DedicatedSystemMemory : 0 bytes
[2022.07.23-06.45.48:288][  0]LogD3D11RHI:     SharedSystemMemory : 8415840256 bytes
[2022.07.23-06.45.48:288][  0]LogD3D11RHI:     AdapterLuid : 0 69808
[2022.07.23-06.45.48:345][  0]LogD3D11RHI: RHI has support for 64 bit atomics
[2022.07.23-06.45.48:345][  0]LogD3D11RHI: Async texture creation enabled
[2022.07.23-06.45.48:345][  0]LogD3D11RHI: Array index from any shader is supported
[2022.07.23-06.45.48:371][  0]LogD3D11RHI: GPU Timing Frequency: 1000.000000 (Debug: 2 2)
[2022.07.23-06.45.48:393][  0]LogRHI: GeForceNow SDK initialized: 1
[2022.07.23-06.45.48:652][  0]LogTargetPlatformManager: Display: Loaded TargetPlatform 'WindowsNoEditor'
[2022.07.23-06.45.48:657][  0]LogTargetPlatformManager: Display: Loaded TargetPlatform 'Windows'
[2022.07.23-06.45.48:662][  0]LogTargetPlatformManager: Display: Loaded TargetPlatform 'WindowsClient'
[2022.07.23-06.45.48:667][  0]LogTargetPlatformManager: Display: Loaded TargetPlatform 'WindowsServer'
[2022.07.23-06.45.48:667][  0]LogTargetPlatformManager: Display: Building Assets For Windows
[2022.07.23-06.45.48:679][  0]LogAudioDebug: Display: Lib vorbis DLL was dynamically loaded.
[2022.07.23-06.45.48:715][  0]LogTextureFormatOodle: Display: Oodle Texture 2.9.0 init RDO Off
[2022.07.23-06.45.48:759][  0]LogRendererCore: Ray tracing is disabled. Reason: r.RayTracing=0.
[2022.07.23-06.45.48:759][  0]LogShaderCompilers: Guid format shader working directory is 1 characters bigger than the processId version (../../../../../../study/ProjectRunMergedAnim/Intermediate/Shaders/WorkingDirectory/13080/).
[2022.07.23-06.45.48:759][  0]LogShaderCompilers: Cleaned the shader compiler working directory 'C:/Users/sycym/AppData/Local/Temp/UnrealShaderWorkingDir/35168D2A4AF8E57FF1FA64AA4DFBBF7A/'.
[2022.07.23-06.45.48:760][  0]LogShaderCompilers: Display: Using XGE Controller for Shader Compilation.
[2022.07.23-06.45.49:329][  0]LogDerivedDataCache: Display: Max Cache Size: 512 MB
[2022.07.23-06.45.49:386][  0]LogDerivedDataCache: Loaded boot cache 0.06s 94MB C:/Users/sycym/AppData/Local/UnrealEngine/4.27/DerivedDataCache/Boot.ddc.
[2022.07.23-06.45.49:392][  0]LogDerivedDataCache: Display: Loaded Boot cache: C:/Users/sycym/AppData/Local/UnrealEngine/4.27/DerivedDataCache/Boot.ddc
[2022.07.23-06.45.49:392][  0]LogDerivedDataCache: FDerivedDataBackendGraph:  Pak pak cache file ../../../../../../study/ProjectRunMergedAnim/DerivedDataCache/DDC.ddp not found, will not use a pak cache.
[2022.07.23-06.45.49:392][  0]LogDerivedDataCache: Unable to find inner node Pak for hierarchical cache Hierarchy.
[2022.07.23-06.45.49:392][  0]LogDerivedDataCache: FDerivedDataBackendGraph:  CompressedPak pak cache file ../../../../../../study/ProjectRunMergedAnim/DerivedDataCache/Compressed.ddp not found, will not use a pak cache.
[2022.07.23-06.45.49:392][  0]LogDerivedDataCache: Unable to find inner node CompressedPak for hierarchical cache Hierarchy.
[2022.07.23-06.45.49:406][  0]LogDerivedDataCache: Display: Pak cache opened for reading ../../../Engine/DerivedDataCache/Compressed.ddp.
[2022.07.23-06.45.49:407][  0]LogDerivedDataCache: FDerivedDataBackendGraph:  EnterprisePak pak cache file ../../../Enterprise/DerivedDataCache/Compressed.ddp not found, will not use a pak cache.
[2022.07.23-06.45.49:407][  0]LogDerivedDataCache: Unable to find inner node EnterprisePak for hierarchical cache Hierarchy.
[2022.07.23-06.45.49:424][  0]LogDerivedDataCache: Speed tests for C:/Users/sycym/AppData/Local/UnrealEngine/Common/DerivedDataCache took 0.02 seconds
[2022.07.23-06.45.49:424][  0]LogDerivedDataCache: Display: Performance to C:/Users/sycym/AppData/Local/UnrealEngine/Common/DerivedDataCache: Latency=0.02ms. RandomReadSpeed=1954.36MBs, RandomWriteSpeed=53.88MBs. Assigned SpeedClass 'Local'
[2022.07.23-06.45.49:425][  0]LogDerivedDataCache: Using Local data cache path C:/Users/sycym/AppData/Local/UnrealEngine/Common/DerivedDataCache: Writable
[2022.07.23-06.45.49:425][  0]LogDerivedDataCache: Shared data cache path not found in *engine.ini, will not use an Shared cache.
[2022.07.23-06.45.49:425][  0]LogDerivedDataCache: Unable to find inner node Shared for hierarchical cache Hierarchy.
[2022.07.23-06.45.49:450][  0]LogSlate: Using FreeType 2.10.0
[2022.07.23-06.45.49:450][  0]LogSlate: SlateFontServices - WITH_FREETYPE: 1, WITH_HARFBUZZ: 1
[2022.07.23-06.45.49:525][  0]LogInit: Using OS detected language (ko-KR).
[2022.07.23-06.45.49:525][  0]LogInit: Using OS detected locale (ko-KR).
[2022.07.23-06.45.49:525][  0]LogTextLocalizationManager: No localization for 'ko-KR' exists, so 'en' will be used for the language.
[2022.07.23-06.45.49:525][  0]LogTextLocalizationManager: No localization for 'ko-KR' exists, so 'en' will be used for the locale.
[2022.07.23-06.45.49:525][  0]LogSlate: FontCache flush requested. Reason: Culture for localization was changed
[2022.07.23-06.45.49:525][  0]LogSlate: FontCache flush requested. Reason: Culture for localization was changed
[2022.07.23-06.45.49:527][  0]LogAssetRegistry: FAssetRegistry took 0.0012 seconds to start up
[2022.07.23-06.45.49:663][  0]LogTextLocalizationManager: Compacting localization data took   0.01ms
[2022.07.23-06.45.49:663][  0]LogPackageLocalizationCache: Processed 28 localized package path(s) for 1 prioritized culture(s) in 0.000633 seconds
[2022.07.23-06.45.49:710][  0]LogInit: Selected Device Profile: [Windows]
[2022.07.23-06.45.49:710][  0]LogInit: Active device profile: [0000029E7FC7F500][0000029E7A162140 49] Windows
[2022.07.23-06.45.49:710][  0]LogInit: Profiles: [0000029E7FC7F500][0000029E7A162140 49] Windows, [0000029E7FC88D00][0000029E7A16A2C0 49] WindowsNoEditor, [0000029E7FC7CD00][0000029E7A16E440 49] WindowsServer, [0000029E7FC8AB00][0000029E79D705C0 49] WindowsClient, [0000029E7FC7EA00][0000029E79D74740 49] IOS, [0000029E7FC8BD00][0000029E79D788C0 49] iPadAir, [0000029E7FC7D600][0000029E79D7CA40 49] iPadAir2, [0000029E7FC43800][0000029E79D84D00 49] IPadPro, [0000029E7FC43900][0000029E79D80D40 49] iPadAir3, [0000029E7FC7E300][0000029E79D88EC0 49] iPadAir4, [0000029E7FC41200][0000029E79D8D040 49] iPadMini2, [0000029E7FC7F100][0000029E79D911C0 49] iPadMini3, [0000029E7FC42500][0000029E79D95340 49] iPadMini4, [0000029E7FC7E100][0000029E79D994C0 49] iPadMini5, [0000029E7FC5B100][0000029E79D9D700 49] iPhone6, [0000029E7FC5B200][0000029E7A167740 49] iPodTouch6, [0000029E7FC40500][0000029E79DA99C0 49] iPhone7, [0000029E7FC40400][0000029E79DA1A00 49] iPodTouch7, [0000029E7FC59100][0000029E79DADB80 49] iPhone5S, [0000029E7FC40C00][0000029E79DB0180 49] iPhone6Plus, [0000029E7FC5A600][0000029E7A854300 49] iPhone6S, [0000029E7FC41D00][0000029E7A858480 49] iPhone6SPlus, [0000029E7FC5BD00][0000029E7A85C600 49] iPhone7Plus, [0000029E7FC43400][0000029E7A860780 49] iPhoneSE, [0000029E7FC58500][0000029E7A864900 49] iPhone8, [0000029E7FC41100][0000029E7A868A80 49] iPhone8Plus, [0000029E7FC5A500][0000029E7A86CC00 49] iPhoneX, [0000029E7FC42400][0000029E7A870D80 49] iPhoneXS, [0000029E7FC59F00][0000029E7A874F00 49] iPhoneXSMax, [0000029E7FC41800][0000029E7A879080 49] iPhoneXR, [0000029E7FC5B700][0000029E7A87D200 49] iPhone11, [0000029E7FC42C00][0000029E7A881380 49] iPhone11Pro, [0000029E7FC59300][0000029E7A885500 49] iPhone11ProMax, [0000029E7FC42700][0000029E7A889680 49] iPhoneSE2, [0000029E7FC58C00][0000029E79DA57C0 49] iPhone12Mini, [0000029E7FC42900][0000029E7A88D900 49] iPhone12, [0000029E7FC5B800][0000029E7A891A40 49] iPhone12Pro, [0000029E7FC40100][0000029E7A899BC0 49] iPhone12ProMax, [0000029E7FC5AD00][0000029E7A89C1C0 49] iPadPro105, [0000029E7FC43A00][0000029E7E83A340 49] iPadPro129, [0000029E7FC5BA00][0000029E7E83E4C0 49] iPadPro97, [0000029E7FC40F00][0000029E7E842640 49] iPadPro2_129, [0000029E7FC5B500][0000029E7E8467C0 49] iPad5, [0000029E7FC41C00][0000029E7E84A940 49] iPad6, [0000029E7FC59200][0000029E7E84EAC0 49] iPad7, [0000029E7FC41A00][0000029E7E852C40 49] iPad8, [0000029E7FC58400][0000029E7E856DC0 49] iPadPro11, [0000029E7FC43500][0000029E7E85AF40 49] iPadPro2_11, [0000029E7FC5AF00][0000029E7E85F0C0 49] iPadPro3_129, [0000029E7FC41600][0000029E7E863240 49] iPadPro4_129, [0000029E7FC5BC00][0000029E7E8673C0 49] AppleTV, [0000029E7FC42B00][0000029E7E86B540 49] AppleTV4K, [0000029E7FC59D00][0000029E7E86F6C0 49] TVOS, [0000029E7FC40800][0000029E7E873840 49] Mac, [0000029E7FC88500][0000029E7A895980 49] MacClient, [0000029E7ED18D00][0000029E7E877AC0 49] MacNoEditor, [0000029E7FC88E00][0000029E7E87BC00 49] MacServer, [0000029E7ED19100][0000029E7E87E1C0 49] Linux, [0000029E7FC8B100][0000029E7E886340 49] LinuxAArch64, [0000029E7ED19000][0000029E7E88A4C0 49] LinuxNoEditor, [0000029E7FC89A00][0000029E7E88E640 49] LinuxAArch64NoEditor, [0000029E7ED18500][0000029E7E8927C0 49] LinuxClient, [0000029E7FC89600][0000029E7E896940 49] LinuxAArch64Client, [0000029E7ED19800][0000029E7E89AAC0 49] LinuxServer, [0000029E7FC88100][0000029E7A4A8C40 49] LinuxAArch64Server, [0000029E7ED19C00][0000029E7A4ACDC0 49] Android, [0000029E7FC88F00][0000029E7A4B0F40 49] Android_Low, [0000029E7ED18600][0000029E7A4B50C0 49] Android_Mid, [0000029E7FC8B000][0000029E7A4B9240 49] Android_High, [0000029E7ED1A000][0000029E7A4BD3C0 49] Android_Default, [0000029E7FC88700][0000029E7A4C1540 49] Android_Adreno4xx, [0000029E7ED18B00][0000029E7A4C56C0 49] Android_Adreno5xx_Low, [0000029E7FC8AC00][0000029E7A4C9840 49] Android_Adreno5xx, [0000029E7ED1A900][0000029E7E89F9C0 49] Android_Adreno6xx, [0000029E7FC89D00][0000029E7E883B00 49] Android_Adreno6xx_Vulkan, [0000029E7ED19200][0000029E7E8A20C0 49] Android_Mali_T6xx, [0000029E7FC8A000][0000029E7E8A6200 49] Android_Mali_T7xx, [0000029E7ED18200][0000029E7E8AA340 49] Android_Mali_T8xx, [0000029E7FC41F00][0000029E7E8B24C0 49] Android_Mali_G71, [0000029E7FC5AC00][0000029E7E8B6640 49] Android_Mali_G72, [0000029E7FC40D00][0000029E7E8BA7C0 49] Android_Mali_G72_Vulkan, [0000029E7FC5B600][0000029E7E8BE940 49] Android_Mali_G76, [0000029E7FC40300][0000029E7E8C2AC0 49] Android_Mali_G76_Vulkan, [0000029E7FC59800][0000029E7E8C6C40 49] Android_Mali_G77, [0000029E7FC43C00][0000029E7E8CADC0 49] Android_Mali_G77_Vulkan, [0000029E7ED18F00][0000029E7E8CEF40 49] Android_Mali_G78, [0000029E7FC40900][0000029E7E8D30C0 49] Android_Mali_G78_Vulkan, [0000029E7ED19F00][0000029E7E8D7240 49] Android_Mali_G710, [0000029E7FC42E00][0000029E7E8DB3C0 49] Android_Mali_G710_Vulkan, [0000029E7ED19700][0000029E7E8DF540 49] Android_Vulkan_SM5, [0000029E7FC41000][0000029E7E8E36C0 49] Android_PowerVR_G6xxx, [0000029E7ED19E00][0000029E7E8E7840 49] Android_PowerVR_GT7xxx, [0000029E7FC41500][0000029E7E8EB9C0 49] Android_PowerVR_GE8xxx, [0000029E7ED1A100][0000029E00C01B40 49] Android_PowerVR_GM9xxx, [0000029E7FC41700][0000029E00C04140 49] Android_PowerVR_GM9xxx_Vulkan, [0000029E7ED18400][0000029E7E8AE280 49] Android_TegraK1, [0000029E7FC40600][0000029E00C083C0 49] Android_Unknown_Vulkan, [0000029E7ED18E00][0000029E00C0C500 49] Lumin, [0000029E7FC41B00][0000029E00C14680 49] Lumin_Desktop, [0000029E7ED19D00][0000029E00C18800 49] HoloLens, 
[2022.07.23-06.45.49:757][  0]LogMeshReduction: Using QuadricMeshReduction for automatic static mesh reduction
[2022.07.23-06.45.49:757][  0]LogMeshReduction: Using SimplygonMeshReduction for automatic skeletal mesh reduction
[2022.07.23-06.45.49:757][  0]LogMeshReduction: Using ProxyLODMeshReduction for automatic mesh merging
[2022.07.23-06.45.49:757][  0]LogMeshReduction: No distributed automatic mesh merging module available
[2022.07.23-06.45.49:757][  0]LogMeshMerging: No distributed automatic mesh merging module available
[2022.07.23-06.45.49:846][  0]LogNetVersion: ProjectRun 1.0.0, NetCL: 17155196, EngineNetVer: 17, GameNetVer: 0 (Checksum: 340476433)
[2022.07.23-06.45.50:030][  0]LogTexture: Default maximum texture size for cubemaps generated from long-lat sources has been changed from 512 to unlimited. In order to preserve old behaiour for '/Engine/MapTemplates/Sky/DaylightAmbientCubemap.DaylightAmbientCubemap', its maximum texture size has been explicitly set to 512.
[2022.07.23-06.45.50:072][  0]LogHMD: PokeAHoleMaterial loaded successfully
[2022.07.23-06.45.50:188][  0]LogMoviePlayer: Initializing movie player
[2022.07.23-06.45.50:278][  0]LogNiagaraDebuggerClient: Niagara Debugger Client Initialized | Session: 85D4F6AA445D9AA343FC8E8277CFAF6F | Instance: ECF38D5440735243DD671C9DB10E8F03 (LEEMINSEOK-13080).
[2022.07.23-06.45.50:295][  0]LogCollectionManager: Loaded 0 collections in 0.001481 seconds
[2022.07.23-06.45.50:298][  0]LogFileCache: Scanning file cache for directory 'C:/study/ProjectRunMergedAnim/Saved/Collections/' took 0.00s
[2022.07.23-06.45.50:298][  0]LogFileCache: Scanning file cache for directory 'C:/study/ProjectRunMergedAnim/Content/Developers/sycym/Collections/' took 0.00s
[2022.07.23-06.45.50:298][  0]LogFileCache: Scanning file cache for directory 'C:/study/ProjectRunMergedAnim/Content/Collections/' took 0.00s
[2022.07.23-06.45.50:298][  0]LogCollectionManager: Fixed up redirectors for 0 collections in 0.000002 seconds (updated 0 objects)
[2022.07.23-06.45.50:320][  0]LogUdpMessaging: Initializing bridge on interface 0.0.0.0:0 to multicast group 230.0.0.1:6666.
[2022.07.23-06.45.50:326][  0]LogTcpMessaging: Initializing TcpMessaging bridge
[2022.07.23-06.45.50:402][  0]LogPython: Using Python 3.7.7
[2022.07.23-06.45.50:708][  0]LogSteamShared: Display: Loading Steam SDK 1.51
[2022.07.23-06.45.50:709][  0]LogSteamShared: Steam SDK Loaded!
[2022.07.23-06.45.50:768][  0]SourceControl: Source control is disabled
[2022.07.23-06.45.50:768][  0]SourceControl: Source control is disabled
[2022.07.23-06.45.50:768][  0]SourceControl: Source control is disabled
[2022.07.23-06.45.50:772][  0]LogUProjectInfo: Found projects:
[2022.07.23-06.45.50:824][  0]LogAndroidPermission: UAndroidPermissionCallbackProxy::GetInstance
[2022.07.23-06.45.50:838][  0]LogAudioCaptureCore: Display: No Audio Capture implementations found. Audio input will be silent.
[2022.07.23-06.45.50:838][  0]LogAudioCaptureCore: Display: No Audio Capture implementations found. Audio input will be silent.
[2022.07.23-06.45.50:904][  0]LogOpenImageDenoise: OIDN starting up
[2022.07.23-06.45.50:936][  0]LogOcInput: OculusInput pre-init called
[2022.07.23-06.45.50:942][  0]LogUObjectArray: 22352 objects as part of root set at end of initial load.
[2022.07.23-06.45.50:943][  0]LogUObjectAllocator: 6048224 out of 0 bytes used by permanent object pool.
[2022.07.23-06.45.50:943][  0]LogUObjectArray: CloseDisregardForGC: 0/0 objects in disregard for GC pool
[2022.07.23-06.45.50:983][  0]LogClass: Display: BoolProperty FBPSteamGroupOfficer::bIsOwner is not initialized properly. Module:AdvancedSteamSessions File:Classes/SteamRequestGroupOfficersCallbackProxy.h
[2022.07.23-06.45.50:983][  0]LogClass: Display: IntProperty FBPSteamGroupInfo::numOnline is not initialized properly. Module:AdvancedSteamSessions File:Classes/AdvancedSteamFriendsLibrary.h
[2022.07.23-06.45.50:983][  0]LogClass: Display: IntProperty FBPSteamGroupInfo::numInGame is not initialized properly. Module:AdvancedSteamSessions File:Classes/AdvancedSteamFriendsLibrary.h
[2022.07.23-06.45.50:983][  0]LogClass: Display: IntProperty FBPSteamGroupInfo::numChatting is not initialized properly. Module:AdvancedSteamSessions File:Classes/AdvancedSteamFriendsLibrary.h
[2022.07.23-06.45.50:983][  0]LogClass: Display: 4 Uninitialized script struct members found including 0 object properties
[2022.07.23-06.45.50:983][  0]LogEngine: Initializing Engine...
[2022.07.23-06.45.50:986][  0]LogHMD: Failed to enumerate extensions. Please check that you have a valid OpenXR runtime installed.
[2022.07.23-06.45.50:986][  0]LogHMD: Failed to initialize OpenVR with code 110
[2022.07.23-06.45.50:986][  0]LogMagicLeap: Warning: VR disabled because ZI is not enabled.  To enable, in the editor, Edit -> Project Settings -> Plugins -> Magic Leap Plugin -> Enable Zero Iteration
[2022.07.23-06.45.50:988][  0]LogStats: UGameplayTagsManager::InitializeManager -  0.000 s
[2022.07.23-06.45.51:057][  0]LogInit: Initializing FReadOnlyCVARCache
[2022.07.23-06.45.51:057][  0]LogAudio: Display: Initializing Audio Device Manager...
[2022.07.23-06.45.51:061][  0]LogAudio: Display: Loading Default Audio Settings Objects...
[2022.07.23-06.45.51:061][  0]LogAudio: Display: No default SoundConcurrencyObject specified (or failed to load).
[2022.07.23-06.45.51:062][  0]LogAudio: Display: Audio Device Manager Initialized
[2022.07.23-06.45.51:062][  0]LogAudio: Display: Creating Audio Device:                 Id: 1, Scope: Shared, Realtime: True
[2022.07.23-06.45.51:062][  0]LogAudioMixer: Display: Audio Mixer Platform Settings:
[2022.07.23-06.45.51:062][  0]LogAudioMixer: Display: 	Sample Rate:						  48000
[2022.07.23-06.45.51:062][  0]LogAudioMixer: Display: 	Callback Buffer Frame Size Requested: 1024
[2022.07.23-06.45.51:062][  0]LogAudioMixer: Display: 	Callback Buffer Frame Size To Use:	  1024
[2022.07.23-06.45.51:062][  0]LogAudioMixer: Display: 	Number of buffers to queue:			  2
[2022.07.23-06.45.51:062][  0]LogAudioMixer: Display: 	Max Channels (voices):				  32
[2022.07.23-06.45.51:062][  0]LogAudioMixer: Display: 	Number of Async Source Workers:		  0
[2022.07.23-06.45.51:062][  0]LogAudio: Display: AudioDevice MaxSources: 32
[2022.07.23-06.45.51:062][  0]LogAudio: Display: Audio Spatialization Plugin: None (built-in).
[2022.07.23-06.45.51:062][  0]LogAudio: Display: Audio Reverb Plugin: None (built-in).
[2022.07.23-06.45.51:062][  0]LogAudio: Display: Audio Occlusion Plugin: None (built-in).
[2022.07.23-06.45.51:062][  0]LogAudioMixer: Display: Initializing audio mixer.
[2022.07.23-06.45.51:075][  0]LogAudioMixer: Display: 0: FrontLeft
[2022.07.23-06.45.51:075][  0]LogAudioMixer: Display: 1: FrontRight
[2022.07.23-06.45.51:182][  0]LogAudioMixer: Display: Using Audio Device Speaker(Realtek(R) Audio)
[2022.07.23-06.45.51:186][  0]LogAudioMixer: Display: Initializing Sound Submixes...
[2022.07.23-06.45.51:188][  0]LogAudioMixer: Display: Creating Master Submix 'MasterSubmixDefault'
[2022.07.23-06.45.51:188][  0]LogAudioMixer: Display: Creating Master Submix 'MasterReverbSubmixDefault'
[2022.07.23-06.45.51:189][  0]LogAudioMixer: Display: Creating Master Submix 'MasterEQSubmixDefault'
[2022.07.23-06.45.51:189][  0]LogAudioMixer: FMixerPlatformXAudio2::StartAudioStream() called
[2022.07.23-06.45.51:189][  0]LogAudioMixer: Display: Output buffers initialized: Frames=1024, Channels=2, Samples=2048
[2022.07.23-06.45.51:190][  0]LogAudioMixer: Display: Starting AudioMixerPlatformInterface::RunInternal()
[2022.07.23-06.45.51:190][  0]LogAudioMixer: Display: FMixerPlatformXAudio2::SubmitBuffer() called for the first time
[2022.07.23-06.45.51:190][  0]LogInit: FAudioDevice initialized.
[2022.07.23-06.45.51:191][  0]LogNetVersion: Set ProjectVersion to 1.0.0.0. Version Checksum will be recalculated on next use.
[2022.07.23-06.45.51:192][  0]LogInit: Texture streaming: Enabled
[2022.07.23-06.45.51:249][  0]LogAudio: Display: Audio Device (ID: 1) registered with world 'Untitled'.
[2022.07.23-06.45.51:249][  0]LogSlate: Updating window title bar state: overlay mode, drag disabled, window buttons hidden, title bar hidden
[2022.07.23-06.45.51:250][  0]LogInit: Display: Game Engine Initialized.
[2022.07.23-06.45.51:251][  0]LogNiagaraEditor: GEditor isn't valid! Particle reset commands will not work for Niagara components!
[2022.07.23-06.45.51:355][  0]LogInit: Display: Starting Game.
[2022.07.23-06.45.51:355][  0]LogNet: Browse: 127.0.0.1:17777/Game/ProjectRun/Level/Entry?Name=Player
[2022.07.23-06.45.51:355][  0]LogInit: WinSock: Socket queue. Rx: 32768 (config 32768) Tx: 32768 (config 32768)
[2022.07.23-06.45.51:355][  0]LogNet: Created socket for bind address: 0.0.0.0 on port 0
[2022.07.23-06.45.51:356][  0]PacketHandlerLog: Loaded PacketHandler component: Engine.EngineHandlerComponentFactory (StatelessConnectHandlerComponent)
[2022.07.23-06.45.51:356][  0]LogNet: Game client on port 17777, rate 100000
[2022.07.23-06.45.51:537][  0]LogInit: Display: Engine is initialized. Leaving FEngineLoop::Init()
[2022.07.23-06.45.51:537][  0]LogLoad: (Engine Initialization) Total time: 4.78 seconds
[2022.07.23-06.45.51:537][  0]LogLoad: (Engine Initialization) Total Blueprint compile time: 0.00 seconds
[2022.07.23-06.45.51:540][  0]LogContentStreaming: Texture pool size now 1000 MB
[2022.07.23-06.45.51:541][  0]LogSlate: InvalidateAllWidgets triggered.  All widgets were invalidated
[2022.07.23-06.45.52:373][732]LogHandshake: SendChallengeResponse. Timestamp: 6.114563, Cookie: 000083068172174052243037210158191197230041043052039057223091
[2022.07.23-06.45.52:389][774]LogNetVersion: ProjectRun 1.0.0.0, NetCL: 17155196, EngineNetVer: 17, GameNetVer: 0 (Checksum: 3029291048)
[2022.07.23-06.45.52:389][774]LogNet: UPendingNetGame::SendInitialJoin: Sending hello. [UNetConnection] RemoteAddr: 127.0.0.1:17777, Name: IpConnection_0, Driver: PendingNetDriver IpNetDriver_0, IsServer: NO, PC: NULL, Owner: NULL, UniqueId: INVALID
[2022.07.23-06.45.52:406][819]LogNet: Welcomed by server (Level: /Game/ProjectRun/Level/UEDPIE_0_RunningMap, Game: /Game/ProjectRun/GameMode/RunGame/BP_RunGameMode.BP_RunGameMode_C)
[2022.07.23-06.45.52:406][819]LogLoad: LoadMap: 127.0.0.1:17777/Game/ProjectRun/Level/RunningMap?Name=Player?game=/Game/ProjectRun/GameMode/RunGame/BP_RunGameMode.BP_RunGameMode_C
[2022.07.23-06.45.52:406][819]LogWorld: BeginTearingDown for /Temp/Untitled_0
[2022.07.23-06.45.52:406][819]LogWorld: UWorld::CleanupWorld for Untitled, bSessionEnded=true, bCleanupResources=true
[2022.07.23-06.45.52:406][819]LogSlate: InvalidateAllWidgets triggered.  All widgets were invalidated
[2022.07.23-06.45.52:410][819]LogAudio: Display: Audio Device unregistered from world 'None'.
[2022.07.23-06.45.52:412][819]LogUObjectHash: Compacting FUObjectHashTables data took   0.58ms
[2022.07.23-06.45.53:605][819]LogAudio: Display: Audio Device (ID: 1) registered with world 'RunningMap'.
[2022.07.23-06.45.53:609][819]LogWorld: Bringing World /Game/ProjectRun/Level/RunningMap.RunningMap up for play (max tick rate 0) at 2022.07.23-15.45.53
[2022.07.23-06.45.53:609][819]LogWorld: Bringing up level for play took: 0.001694
[2022.07.23-06.45.53:610][819]LogSlate: Took 0.000242 seconds to synchronously load lazily loaded font '../../../Engine/Content/Slate/Fonts/Roboto-Regular.ttf' (155K)
[2022.07.23-06.45.53:610][819]LogLoad: Took 1.203660 seconds to LoadMap(/Game/ProjectRun/Level/RunningMap)
[2022.07.23-06.45.53:610][819]LogNavigation: Warning: NavData RegistrationFailed_DataPendingKill.
[2022.07.23-06.45.53:615][821]LogRenderer: Reallocating scene render targets to support 640x480 Format 10 NumSamples 1 (Frame:1).
[2022.07.23-06.45.53:650][821]LogOnlineSession: Warning: OSS: No game present to join for session (GameSession)
[2022.07.23-06.45.53:650][821]LogBlueprintUserMessages: [BP_RunPlayerState_C_0] 1
[2022.07.23-06.45.53:650][821]LogBlueprintUserMessages: [BP_RunHUD_C_0] 1
[2022.07.23-06.45.53:650][821]LogBlueprintUserMessages: Warning: SetTimer passed a function (UpdatePlayerNumber) that expects parameters.
[2022.07.23-06.45.53:652][821]LogViewport: Display: Viewport MouseCaptureMode Changed, CapturePermanently_IncludingInitialMouseDown -> CapturePermanently
[2022.07.23-06.45.53:652][821]LogPawn: Error: DisableInput can only be specified on a Pawn for its Controller
[2022.07.23-06.45.53:652][821]LogBlueprintUserMessages: [RunGameState_C_0] Ready
[2022.07.23-06.45.53:657][822]LogBlueprintUserMessages: [RunGameState_C_0] Ready
[2022.07.23-06.45.53:664][823]LogOnlineSession: Warning: OSS: No game present to join for session (GameSession)
[2022.07.23-06.45.53:664][823]LogBlueprintUserMessages: [BP_RunPlayerState_C_1] 2
[2022.07.23-06.45.53:664][823]LogBlueprintUserMessages: [BP_RunHUD_C_0] 2
[2022.07.23-06.45.53:665][823]LogBlueprintUserMessages: [RunGameState_C_0] Ready
[2022.07.23-06.45.53:676][824]LogBlueprintUserMessages: [RunGameState_C_0] Ready
[2022.07.23-06.45.53:682][825]LogPawn: Error: DisableInput can only be specified on a Pawn for its Controller
[2022.07.23-06.45.53:682][825]LogOnlineSession: Warning: OSS: No game present to join for session (GameSession)
[2022.07.23-06.45.53:682][825]LogBlueprintUserMessages: [RunGameState_C_0] Ready
[2022.07.23-06.45.53:684][826]LogBlueprintUserMessages: [RunGameState_C_0] Ready
[2022.07.23-06.45.53:688][827]LogBlueprintUserMessages: [RunGameState_C_0] Ready
[2022.07.23-06.45.53:690][828]LogBlueprintUserMessages: [RunGameState_C_0] Ready
[2022.07.23-06.45.53:694][829]LogBlueprintUserMessages: [RunGameState_C_0] Ready
[2022.07.23-06.45.53:698][830]LogBlueprintUserMessages: [RunGameState_C_0] Ready
[2022.07.23-06.45.53:701][831]LogBlueprintUserMessages: [RunGameState_C_0] Ready
[2022.07.23-06.45.53:703][832]LogBlueprintUserMessages: [RunGameState_C_0] Ready
[2022.07.23-06.45.53:706][833]LogBlueprintUserMessages: [RunGameState_C_0] Ready
[2022.07.23-06.45.53:708][834]LogBlueprintUserMessages: [BP_RunPlayerState_C_2] 3
[2022.07.23-06.45.53:708][834]LogBlueprintUserMessages: [BP_RunHUD_C_0] 3
[2022.07.23-06.45.53:708][834]LogBlueprintUserMessages: [RunGameState_C_0] Ready
[2022.07.23-06.45.53:711][835]LogBlueprintUserMessages: [RunGameState_C_0] Ready
[2022.07.23-06.45.53:713][836]LogBlueprintUserMessages: [RunGameState_C_0] Ready
[2022.07.23-06.45.53:715][837]LogBlueprintUserMessages: [RunGameState_C_0] Ready
[2022.07.23-06.45.53:717][838]LogBlueprintUserMessages: [RunGameState_C_0] Ready
[2022.07.23-06.45.53:719][839]LogBlueprintUserMessages: [RunGameState_C_0] Ready
[2022.07.23-06.45.53:723][840]LogBlueprintUserMessages: [RunGameState_C_0] Ready
[2022.07.23-06.45.53:726][841]LogBlueprintUserMessages: [RunGameState_C_0] Ready
[2022.07.23-06.45.53:730][842]LogBlueprintUserMessages: [RunGameState_C_0] Ready
[2022.07.23-06.45.53:732][843]LogBlueprintUserMessages: [RunGameState_C_0] Ready
[2022.07.23-06.45.53:734][844]LogBlueprintUserMessages: [RunGameState_C_0] Ready
[2022.07.23-06.45.53:737][845]LogBlueprintUserMessages: [RunGameState_C_0] Ready
[2022.07.23-06.45.53:739][846]LogBlueprintUserMessages: [RunGameState_C_0] Ready
[2022.07.23-06.45.53:742][847]LogBlueprintUserMessages: [RunGameState_C_0] Ready
[2022.07.23-06.45.53:744][848]LogBlueprintUserMessages: [RunGameState_C_0] Ready
[2022.07.23-06.45.53:747][849]LogBlueprintUserMessages: [RunGameState_C_0] Ready
[2022.07.23-06.45.53:750][850]LogBlueprintUserMessages: [RunGameState_C_0] Ready
[2022.07.23-06.45.53:754][851]LogBlueprintUserMessages: [RunGameState_C_0] Ready
[2022.07.23-06.45.53:756][852]LogBlueprintUserMessages: [RunGameState_C_0] Ready
[2022.07.23-06.45.53:758][853]LogBlueprintUserMessages: [RunGameState_C_0] Ready
[2022.07.23-06.45.53:761][854]LogBlueprintUserMessages: [RunGameState_C_0] Ready
[2022.07.23-06.45.53:764][855]LogBlueprintUserMessages: [RunGameState_C_0] Ready
[2022.07.23-06.45.53:766][856]LogBlueprintUserMessages: [RunGameState_C_0] Ready
[2022.07.23-06.45.53:769][857]LogBlueprintUserMessages: [RunGameState_C_0] Ready
[2022.07.23-06.45.53:772][858]LogBlueprintUserMessages: [RunGameState_C_0] Ready
[2022.07.23-06.45.53:774][859]LogBlueprintUserMessages: [RunGameState_C_0] Ready
[2022.07.23-06.45.53:777][860]LogBlueprintUserMessages: [RunGameState_C_0] Ready
[2022.07.23-06.45.53:779][861]LogBlueprintUserMessages: [RunGameState_C_0] Ready
[2022.07.23-06.45.53:782][862]LogBlueprintUserMessages: [RunGameState_C_0] Ready
[2022.07.23-06.45.53:785][863]LogBlueprintUserMessages: [RunGameState_C_0] Ready
[2022.07.23-06.45.53:787][864]LogBlueprintUserMessages: [RunGameState_C_0] Ready
[2022.07.23-06.45.53:789][865]LogBlueprintUserMessages: [RunGameState_C_0] Ready
[2022.07.23-06.45.53:792][866]LogBlueprintUserMessages: [RunGameState_C_0] Ready
[2022.07.23-06.45.53:794][867]LogBlueprintUserMessages: [RunGameState_C_0] Ready
[2022.07.23-06.45.53:796][868]LogBlueprintUserMessages: [RunGameState_C_0] Ready
[2022.07.23-06.45.53:799][869]LogBlueprintUserMessages: [RunGameState_C_0] Ready
[2022.07.23-06.45.53:803][870]LogBlueprintUserMessages: [RunGameState_C_0] Ready
[2022.07.23-06.45.53:806][871]LogBlueprintUserMessages: [RunGameState_C_0] Ready
[2022.07.23-06.45.53:809][872]LogBlueprintUserMessages: [RunGameState_C_0] Ready
[2022.07.23-06.45.53:812][873]LogBlueprintUserMessages: [RunGameState_C_0] Ready
[2022.07.23-06.45.53:814][874]LogBlueprintUserMessages: [RunGameState_C_0] Ready
[2022.07.23-06.45.53:818][875]LogBlueprintUserMessages: [RunGameState_C_0] Ready
[2022.07.23-06.45.53:821][876]LogBlueprintUserMessages: [RunGameState_C_0] Ready
[2022.07.23-06.45.53:823][877]LogBlueprintUserMessages: [RunGameState_C_0] Ready
[2022.07.23-06.45.53:826][878]LogBlueprintUserMessages: [RunGameState_C_0] Ready
[2022.07.23-06.45.53:827][879]LogBlueprintUserMessages: [RunGameState_C_0] Ready
[2022.07.23-06.45.53:830][880]LogBlueprintUserMessages: [RunGameState_C_0] Ready
[2022.07.23-06.45.53:832][881]LogBlueprintUserMessages: [RunGameState_C_0] Ready
[2022.07.23-06.45.53:836][882]LogBlueprintUserMessages: [RunGameState_C_0] Ready
[2022.07.23-06.45.53:838][883]LogBlueprintUserMessages: [RunGameState_C_0] Ready
[2022.07.23-06.45.53:841][884]LogBlueprintUserMessages: [RunGameState_C_0] Ready
[2022.07.23-06.45.53:843][885]LogBlueprintUserMessages: [RunGameState_C_0] Ready
[2022.07.23-06.45.53:846][886]LogBlueprintUserMessages: [RunGameState_C_0] Ready
[2022.07.23-06.45.53:849][887]LogBlueprintUserMessages: [RunGameState_C_0] Ready
[2022.07.23-06.45.53:851][888]LogBlueprintUserMessages: [RunGameState_C_0] Ready
[2022.07.23-06.45.53:854][889]LogBlueprintUserMessages: [RunGameState_C_0] Ready
[2022.07.23-06.45.53:857][890]LogBlueprintUserMessages: [RunGameState_C_0] Ready
[2022.07.23-06.45.53:860][891]LogBlueprintUserMessages: [RunGameState_C_0] Ready
[2022.07.23-06.45.53:862][892]LogBlueprintUserMessages: [RunGameState_C_0] Ready
[2022.07.23-06.45.53:865][893]LogBlueprintUserMessages: [RunGameState_C_0] Ready
[2022.07.23-06.45.53:867][894]LogBlueprintUserMessages: [RunGameState_C_0] Ready
[2022.07.23-06.45.53:871][895]LogBlueprintUserMessages: [RunGameState_C_0] Ready
[2022.07.23-06.45.53:873][896]LogBlueprintUserMessages: [RunGameState_C_0] Ready
[2022.07.23-06.45.53:875][897]LogBlueprintUserMessages: [RunGameState_C_0] Ready
[2022.07.23-06.45.53:879][898]LogBlueprintUserMessages: [RunGameState_C_0] Ready
[2022.07.23-06.45.53:881][899]LogBlueprintUserMessages: [RunGameState_C_0] Ready
[2022.07.23-06.45.53:883][900]LogBlueprintUserMessages: [RunGameState_C_0] Ready
[2022.07.23-06.45.53:885][901]LogBlueprintUserMessages: [RunGameState_C_0] Ready
[2022.07.23-06.45.53:888][902]LogBlueprintUserMessages: [RunGameState_C_0] Ready
[2022.07.23-06.45.53:890][903]LogBlueprintUserMessages: [RunGameState_C_0] Ready
[2022.07.23-06.45.53:892][904]LogBlueprintUserMessages: [RunGameState_C_0] Ready
[2022.07.23-06.45.53:896][905]LogBlueprintUserMessages: [RunGameState_C_0] Ready
[2022.07.23-06.45.53:897][906]LogBlueprintUserMessages: [RunGameState_C_0] Ready
[2022.07.23-06.45.53:899][907]LogBlueprintUserMessages: [RunGameState_C_0] Ready
[2022.07.23-06.45.53:904][908]LogBlueprintUserMessages: [RunGameState_C_0] Ready
[2022.07.23-06.45.53:906][909]LogBlueprintUserMessages: [RunGameState_C_0] Ready
[2022.07.23-06.45.53:908][910]LogBlueprintUserMessages: [RunGameState_C_0] Ready
[2022.07.23-06.45.53:910][911]LogBlueprintUserMessages: [RunGameState_C_0] Ready
[2022.07.23-06.45.53:912][912]LogBlueprintUserMessages: [RunGameState_C_0] Ready
[2022.07.23-06.45.53:915][913]LogBlueprintUserMessages: [RunGameState_C_0] Ready
[2022.07.23-06.45.53:918][914]LogBlueprintUserMessages: [RunGameState_C_0] Ready
[2022.07.23-06.45.53:920][915]LogBlueprintUserMessages: [RunGameState_C_0] Ready
[2022.07.23-06.45.53:923][916]LogBlueprintUserMessages: [RunGameState_C_0] Ready
[2022.07.23-06.45.53:926][917]LogBlueprintUserMessages: [RunGameState_C_0] Ready
[2022.07.23-06.45.53:929][918]LogBlueprintUserMessages: [RunGameState_C_0] Ready
[2022.07.23-06.45.53:931][919]LogBlueprintUserMessages: [RunGameState_C_0] Ready
[2022.07.23-06.45.53:933][920]LogBlueprintUserMessages: [RunGameState_C_0] Ready
[2022.07.23-06.45.53:935][921]LogBlueprintUserMessages: [RunGameState_C_0] Ready
[2022.07.23-06.45.53:937][922]LogBlueprintUserMessages: [RunGameState_C_0] Ready
[2022.07.23-06.45.53:939][923]LogBlueprintUserMessages: [RunGameState_C_0] Ready
[2022.07.23-06.45.53:943][924]LogBlueprintUserMessages: [RunGameState_C_0] Ready
[2022.07.23-06.45.53:945][925]LogBlueprintUserMessages: [RunGameState_C_0] Ready
[2022.07.23-06.45.53:947][926]LogBlueprintUserMessages: [RunGameState_C_0] Ready
[2022.07.23-06.45.53:949][927]LogBlueprintUserMessages: [RunGameState_C_0] Ready
[2022.07.23-06.45.53:952][928]LogBlueprintUserMessages: [RunGameState_C_0] Ready
[2022.07.23-06.45.53:955][929]LogBlueprintUserMessages: [RunGameState_C_0] Ready
[2022.07.23-06.45.53:957][930]LogBlueprintUserMessages: [RunGameState_C_0] Ready
[2022.07.23-06.45.53:960][931]LogBlueprintUserMessages: [RunGameState_C_0] Ready
[2022.07.23-06.45.53:962][932]LogBlueprintUserMessages: [RunGameState_C_0] Ready
[2022.07.23-06.45.53:965][933]LogBlueprintUserMessages: [RunGameState_C_0] Ready
[2022.07.23-06.45.53:968][934]LogBlueprintUserMessages: [RunGameState_C_0] Ready
[2022.07.23-06.45.53:970][935]LogBlueprintUserMessages: [RunGameState_C_0] Ready
[2022.07.23-06.45.53:972][936]LogBlueprintUserMessages: [RunGameState_C_0] Ready
[2022.07.23-06.45.53:975][937]LogBlueprintUserMessages: [RunGameState_C_0] Ready
[2022.07.23-06.45.53:978][938]LogBlueprintUserMessages: [RunGameState_C_0] Ready
[2022.07.23-06.45.53:979][939]LogBlueprintUserMessages: [RunGameState_C_0] Ready
[2022.07.23-06.45.53:981][940]LogBlueprintUserMessages: [RunGameState_C_0] Ready
[2022.07.23-06.45.53:984][941]LogBlueprintUserMessages: [RunGameState_C_0] Ready
[2022.07.23-06.45.53:987][942]LogBlueprintUserMessages: [RunGameState_C_0] Ready
[2022.07.23-06.45.53:989][943]LogBlueprintUserMessages: [RunGameState_C_0] Ready
[2022.07.23-06.45.53:992][944]LogBlueprintUserMessages: [RunGameState_C_0] Ready
[2022.07.23-06.45.53:995][945]LogBlueprintUserMessages: [RunGameState_C_0] Ready
[2022.07.23-06.45.53:997][946]LogBlueprintUserMessages: [RunGameState_C_0] Ready
[2022.07.23-06.45.54:000][947]LogBlueprintUserMessages: [RunGameState_C_0] Ready
[2022.07.23-06.45.54:002][948]LogBlueprintUserMessages: [RunGameState_C_0] Ready
[2022.07.23-06.45.54:005][949]LogBlueprintUserMessages: [RunGameState_C_0] Ready
[2022.07.23-06.45.54:008][950]LogBlueprintUserMessages: [RunGameState_C_0] Ready
[2022.07.23-06.45.54:010][951]LogBlueprintUserMessages: [RunGameState_C_0] Ready
[2022.07.23-06.45.54:013][952]LogBlueprintUserMessages: [RunGameState_C_0] Ready
[2022.07.23-06.45.54:015][953]LogBlueprintUserMessages: [RunGameState_C_0] Ready
[2022.07.23-06.45.54:017][954]LogBlueprintUserMessages: [RunGameState_C_0] Ready
[2022.07.23-06.45.54:020][955]LogBlueprintUserMessages: [RunGameState_C_0] Ready
[2022.07.23-06.45.54:023][956]LogBlueprintUserMessages: [RunGameState_C_0] Ready
[2022.07.23-06.45.54:025][957]LogBlueprintUserMessages: [RunGameState_C_0] Ready
[2022.07.23-06.45.54:028][958]LogBlueprintUserMessages: [RunGameState_C_0] Ready
[2022.07.23-06.45.54:031][959]LogBlueprintUserMessages: [RunGameState_C_0] Ready
[2022.07.23-06.45.54:033][960]LogBlueprintUserMessages: [RunGameState_C_0] Ready
[2022.07.23-06.45.54:036][961]LogBlueprintUserMessages: [RunGameState_C_0] Ready
[2022.07.23-06.45.54:038][962]LogBlueprintUserMessages: [RunGameState_C_0] Ready
[2022.07.23-06.45.54:041][963]LogBlueprintUserMessages: [RunGameState_C_0] Ready
[2022.07.23-06.45.54:043][964]LogBlueprintUserMessages: [RunGameState_C_0] Ready
[2022.07.23-06.45.54:046][965]LogBlueprintUserMessages: [RunGameState_C_0] Ready
[2022.07.23-06.45.54:048][966]LogBlueprintUserMessages: [RunGameState_C_0] Ready
[2022.07.23-06.45.54:051][967]LogBlueprintUserMessages: [RunGameState_C_0] Ready
[2022.07.23-06.45.54:053][968]LogBlueprintUserMessages: [RunGameState_C_0] Ready
[2022.07.23-06.45.54:055][969]LogBlueprintUserMessages: [RunGameState_C_0] Ready
[2022.07.23-06.45.54:058][970]LogBlueprintUserMessages: [RunGameState_C_0] Ready
[2022.07.23-06.45.54:060][971]LogBlueprintUserMessages: [RunGameState_C_0] Ready
[2022.07.23-06.45.54:063][972]LogBlueprintUserMessages: [RunGameState_C_0] Ready
[2022.07.23-06.45.54:065][973]LogBlueprintUserMessages: [RunGameState_C_0] Ready
[2022.07.23-06.45.54:067][974]LogBlueprintUserMessages: [RunGameState_C_0] Ready
[2022.07.23-06.45.54:070][975]LogBlueprintUserMessages: [RunGameState_C_0] Ready
[2022.07.23-06.45.54:071][976]LogBlueprintUserMessages: [RunGameState_C_0] Ready
[2022.07.23-06.45.54:073][977]LogBlueprintUserMessages: [RunGameState_C_0] Ready
[2022.07.23-06.45.54:075][978]LogBlueprintUserMessages: [RunGameState_C_0] Ready
[2022.07.23-06.45.54:077][979]LogBlueprintUserMessages: [RunGameState_C_0] Ready
[2022.07.23-06.45.54:080][980]LogBlueprintUserMessages: [RunGameState_C_0] Ready
[2022.07.23-06.45.54:083][981]LogBlueprintUserMessages: [RunGameState_C_0] Ready
[2022.07.23-06.45.54:086][982]LogBlueprintUserMessages: [RunGameState_C_0] Ready
[2022.07.23-06.45.54:089][983]LogBlueprintUserMessages: [RunGameState_C_0] Ready
[2022.07.23-06.45.54:091][984]LogBlueprintUserMessages: [RunGameState_C_0] Ready
[2022.07.23-06.45.54:094][985]LogBlueprintUserMessages: [RunGameState_C_0] Ready
[2022.07.23-06.45.54:096][986]LogBlueprintUserMessages: [RunGameState_C_0] Ready
[2022.07.23-06.45.54:098][987]LogBlueprintUserMessages: [RunGameState_C_0] Ready
[2022.07.23-06.45.54:101][988]LogBlueprintUserMessages: [RunGameState_C_0] Ready
[2022.07.23-06.45.54:104][989]LogBlueprintUserMessages: [RunGameState_C_0] Ready
[2022.07.23-06.45.54:106][990]LogBlueprintUserMessages: [RunGameState_C_0] Ready
[2022.07.23-06.45.54:109][991]LogBlueprintUserMessages: [RunGameState_C_0] Ready
[2022.07.23-06.45.54:112][992]LogBlueprintUserMessages: [RunGameState_C_0] Ready
[2022.07.23-06.45.54:114][993]LogBlueprintUserMessages: [RunGameState_C_0] Ready
[2022.07.23-06.45.54:117][994]LogBlueprintUserMessages: [RunGameState_C_0] Ready
[2022.07.23-06.45.54:120][995]LogBlueprintUserMessages: [RunGameState_C_0] Ready
[2022.07.23-06.45.54:122][996]LogBlueprintUserMessages: [RunGameState_C_0] Ready
[2022.07.23-06.45.54:125][997]LogBlueprintUserMessages: [RunGameState_C_0] Ready
[2022.07.23-06.45.54:127][998]LogBlueprintUserMessages: [RunGameState_C_0] Ready
[2022.07.23-06.45.54:129][999]LogBlueprintUserMessages: [RunGameState_C_0] Ready
[2022.07.23-06.45.54:131][  0]LogBlueprintUserMessages: [RunGameState_C_0] Ready
[2022.07.23-06.45.54:134][  1]LogBlueprintUserMessages: [RunGameState_C_0] Ready
[2022.07.23-06.45.54:136][  2]LogBlueprintUserMessages: [RunGameState_C_0] Ready
[2022.07.23-06.45.54:139][  3]LogBlueprintUserMessages: [RunGameState_C_0] Ready
[2022.07.23-06.45.54:141][  4]LogBlueprintUserMessages: [RunGameState_C_0] Ready
[2022.07.23-06.45.54:144][  5]LogBlueprintUserMessages: [RunGameState_C_0] Ready
[2022.07.23-06.45.54:145][  6]LogBlueprintUserMessages: [RunGameState_C_0] Ready
[2022.07.23-06.45.54:147][  7]LogBlueprintUserMessages: [RunGameState_C_0] Ready
[2022.07.23-06.45.54:150][  8]LogBlueprintUserMessages: [RunGameState_C_0] Ready
[2022.07.23-06.45.54:153][  9]LogBlueprintUserMessages: [RunGameState_C_0] Ready
[2022.07.23-06.45.54:156][ 10]LogBlueprintUserMessages: [RunGameState_C_0] Ready
[2022.07.23-06.45.54:158][ 11]LogBlueprintUserMessages: [RunGameState_C_0] Ready
[2022.07.23-06.45.54:160][ 12]LogBlueprintUserMessages: [RunGameState_C_0] Ready
[2022.07.23-06.45.54:162][ 13]LogBlueprintUserMessages: [RunGameState_C_0] Ready
[2022.07.23-06.45.54:163][ 14]LogBlueprintUserMessages: [RunGameState_C_0] Ready
[2022.07.23-06.45.54:165][ 15]LogBlueprintUserMessages: [RunGameState_C_0] Ready
[2022.07.23-06.45.54:168][ 16]LogBlueprintUserMessages: [RunGameState_C_0] Ready
[2022.07.23-06.45.54:171][ 17]LogBlueprintUserMessages: [RunGameState_C_0] Ready
[2022.07.23-06.45.54:174][ 18]LogBlueprintUserMessages: [RunGameState_C_0] Ready
[2022.07.23-06.45.54:177][ 19]LogBlueprintUserMessages: [RunGameState_C_0] Ready
[2022.07.23-06.45.54:179][ 20]LogBlueprintUserMessages: [RunGameState_C_0] Ready
[2022.07.23-06.45.54:182][ 21]LogBlueprintUserMessages: [RunGameState_C_0] Ready
[2022.07.23-06.45.54:184][ 22]LogBlueprintUserMessages: [RunGameState_C_0] Ready
[2022.07.23-06.45.54:187][ 23]LogBlueprintUserMessages: [RunGameState_C_0] Ready
[2022.07.23-06.45.54:189][ 24]LogBlueprintUserMessages: [RunGameState_C_0] Ready
[2022.07.23-06.45.54:192][ 25]LogBlueprintUserMessages: [RunGameState_C_0] Ready
[2022.07.23-06.45.54:195][ 26]LogBlueprintUserMessages: [RunGameState_C_0] Ready
[2022.07.23-06.45.54:196][ 27]LogBlueprintUserMessages: [RunGameState_C_0] Ready
[2022.07.23-06.45.54:199][ 28]LogBlueprintUserMessages: [RunGameState_C_0] Ready
[2022.07.23-06.45.54:201][ 29]LogBlueprintUserMessages: [RunGameState_C_0] Ready
[2022.07.23-06.45.54:203][ 30]LogBlueprintUserMessages: [RunGameState_C_0] Ready
[2022.07.23-06.45.54:205][ 31]LogBlueprintUserMessages: [RunGameState_C_0] Ready
[2022.07.23-06.45.54:208][ 32]LogBlueprintUserMessages: [RunGameState_C_0] Ready
[2022.07.23-06.45.54:211][ 33]LogBlueprintUserMessages: [RunGameState_C_0] Ready
[2022.07.23-06.45.54:212][ 34]LogBlueprintUserMessages: [RunGameState_C_0] Ready
[2022.07.23-06.45.54:214][ 35]LogBlueprintUserMessages: [RunGameState_C_0] Ready
[2022.07.23-06.45.54:216][ 36]LogBlueprintUserMessages: [RunGameState_C_0] Ready
[2022.07.23-06.45.54:218][ 37]LogBlueprintUserMessages: [RunGameState_C_0] Ready
[2022.07.23-06.45.54:221][ 38]LogBlueprintUserMessages: [RunGameState_C_0] Ready
[2022.07.23-06.45.54:223][ 39]LogBlueprintUserMessages: [RunGameState_C_0] Ready
[2022.07.23-06.45.54:227][ 40]LogBlueprintUserMessages: [RunGameState_C_0] Ready
[2022.07.23-06.45.54:229][ 41]LogBlueprintUserMessages: [RunGameState_C_0] Ready
[2022.07.23-06.45.54:231][ 42]LogBlueprintUserMessages: [RunGameState_C_0] Ready
[2022.07.23-06.45.54:234][ 43]LogBlueprintUserMessages: [RunGameState_C_0] Ready
[2022.07.23-06.45.54:237][ 44]LogBlueprintUserMessages: [RunGameState_C_0] Ready
[2022.07.23-06.45.54:239][ 45]LogBlueprintUserMessages: [RunGameState_C_0] Ready
[2022.07.23-06.45.54:242][ 46]LogBlueprintUserMessages: [RunGameState_C_0] Ready
[2022.07.23-06.45.54:243][ 47]LogBlueprintUserMessages: [RunGameState_C_0] Ready
[2022.07.23-06.45.54:245][ 48]LogBlueprintUserMessages: [RunGameState_C_0] Ready
[2022.07.23-06.45.54:246][ 49]LogBlueprintUserMessages: [RunGameState_C_0] Ready
[2022.07.23-06.45.54:249][ 50]LogBlueprintUserMessages: [RunGameState_C_0] Ready
[2022.07.23-06.45.54:251][ 51]LogBlueprintUserMessages: [RunGameState_C_0] Ready
[2022.07.23-06.45.54:253][ 52]LogBlueprintUserMessages: [RunGameState_C_0] Ready
[2022.07.23-06.45.54:255][ 53]LogBlueprintUserMessages: [RunGameState_C_0] Ready
[2022.07.23-06.45.54:259][ 54]LogBlueprintUserMessages: [RunGameState_C_0] Ready
[2022.07.23-06.45.54:261][ 55]LogBlueprintUserMessages: [RunGameState_C_0] Ready
[2022.07.23-06.45.54:263][ 56]LogBlueprintUserMessages: [RunGameState_C_0] Ready
[2022.07.23-06.45.54:267][ 57]LogBlueprintUserMessages: [RunGameState_C_0] Ready
[2022.07.23-06.45.54:269][ 58]LogBlueprintUserMessages: [RunGameState_C_0] Ready
[2022.07.23-06.45.54:272][ 59]LogBlueprintUserMessages: [RunGameState_C_0] Ready
[2022.07.23-06.45.54:275][ 60]LogBlueprintUserMessages: [RunGameState_C_0] Ready
[2022.07.23-06.45.54:277][ 61]LogBlueprintUserMessages: [RunGameState_C_0] Ready
[2022.07.23-06.45.54:280][ 62]LogBlueprintUserMessages: [RunGameState_C_0] Ready
[2022.07.23-06.45.54:282][ 63]LogBlueprintUserMessages: [RunGameState_C_0] Ready
[2022.07.23-06.45.54:285][ 64]LogBlueprintUserMessages: [RunGameState_C_0] Ready
[2022.07.23-06.45.54:286][ 65]LogBlueprintUserMessages: [RunGameState_C_0] Ready
[2022.07.23-06.45.54:288][ 66]LogBlueprintUserMessages: [RunGameState_C_0] Ready
[2022.07.23-06.45.54:290][ 67]LogBlueprintUserMessages: [RunGameState_C_0] Ready
[2022.07.23-06.45.54:292][ 68]LogBlueprintUserMessages: [RunGameState_C_0] Ready
[2022.07.23-06.45.54:295][ 69]LogBlueprintUserMessages: [RunGameState_C_0] Ready
[2022.07.23-06.45.54:298][ 70]LogBlueprintUserMessages: [RunGameState_C_0] Ready
[2022.07.23-06.45.54:300][ 71]LogBlueprintUserMessages: [RunGameState_C_0] Ready
[2022.07.23-06.45.54:302][ 72]LogBlueprintUserMessages: [RunGameState_C_0] Ready
[2022.07.23-06.45.54:305][ 73]LogBlueprintUserMessages: [RunGameState_C_0] Ready
[2022.07.23-06.45.54:307][ 74]LogBlueprintUserMessages: [RunGameState_C_0] Ready
[2022.07.23-06.45.54:310][ 75]LogBlueprintUserMessages: [RunGameState_C_0] Ready
[2022.07.23-06.45.54:312][ 76]LogBlueprintUserMessages: [RunGameState_C_0] Ready
[2022.07.23-06.45.54:315][ 77]LogBlueprintUserMessages: [RunGameState_C_0] Ready
[2022.07.23-06.45.54:318][ 78]LogBlueprintUserMessages: [RunGameState_C_0] Ready
[2022.07.23-06.45.54:320][ 79]LogBlueprintUserMessages: [RunGameState_C_0] Ready
[2022.07.23-06.45.54:322][ 80]LogBlueprintUserMessages: [RunGameState_C_0] Ready
[2022.07.23-06.45.54:325][ 81]LogBlueprintUserMessages: [RunGameState_C_0] Ready
[2022.07.23-06.45.54:328][ 82]LogBlueprintUserMessages: [RunGameState_C_0] Ready
[2022.07.23-06.45.54:330][ 83]LogBlueprintUserMessages: [RunGameState_C_0] Ready
[2022.07.23-06.45.54:332][ 84]LogBlueprintUserMessages: [RunGameState_C_0] Ready
[2022.07.23-06.45.54:334][ 85]LogBlueprintUserMessages: [RunGameState_C_0] Ready
[2022.07.23-06.45.54:336][ 86]LogBlueprintUserMessages: [RunGameState_C_0] Ready
[2022.07.23-06.45.54:339][ 87]LogBlueprintUserMessages: [RunGameState_C_0] Ready
[2022.07.23-06.45.54:341][ 88]LogBlueprintUserMessages: [RunGameState_C_0] Ready
[2022.07.23-06.45.54:344][ 89]LogBlueprintUserMessages: [RunGameState_C_0] Ready
[2022.07.23-06.45.54:347][ 90]LogBlueprintUserMessages: [RunGameState_C_0] Ready
[2022.07.23-06.45.54:350][ 91]LogBlueprintUserMessages: [RunGameState_C_0] Ready
[2022.07.23-06.45.54:353][ 92]LogBlueprintUserMessages: [RunGameState_C_0] Ready
[2022.07.23-06.45.54:355][ 93]LogBlueprintUserMessages: [RunGameState_C_0] Ready
[2022.07.23-06.45.54:357][ 94]LogBlueprintUserMessages: [RunGameState_C_0] Ready
[2022.07.23-06.45.54:360][ 95]LogBlueprintUserMessages: [RunGameState_C_0] Ready
[2022.07.23-06.45.54:361][ 96]LogBlueprintUserMessages: [RunGameState_C_0] Ready
[2022.07.23-06.45.54:363][ 97]LogBlueprintUserMessages: [RunGameState_C_0] Ready
[2022.07.23-06.45.54:367][ 98]LogBlueprintUserMessages: [RunGameState_C_0] Ready
[2022.07.23-06.45.54:369][ 99]LogBlueprintUserMessages: [RunGameState_C_0] Ready
[2022.07.23-06.45.54:372][100]LogBlueprintUserMessages: [RunGameState_C_0] Ready
[2022.07.23-06.45.54:375][101]LogBlueprintUserMessages: [RunGameState_C_0] Ready
[2022.07.23-06.45.54:377][102]LogBlueprintUserMessages: [RunGameState_C_0] Ready
[2022.07.23-06.45.54:379][103]LogBlueprintUserMessages: [RunGameState_C_0] Ready
[2022.07.23-06.45.54:382][104]LogBlueprintUserMessages: [RunGameState_C_0] Ready
[2022.07.23-06.45.54:385][105]LogBlueprintUserMessages: [RunGameState_C_0] Ready
[2022.07.23-06.45.54:387][106]LogBlueprintUserMessages: [RunGameState_C_0] Ready
[2022.07.23-06.45.54:390][107]LogBlueprintUserMessages: [RunGameState_C_0] Ready
[2022.07.23-06.45.54:392][108]LogBlueprintUserMessages: [RunGameState_C_0] Ready
[2022.07.23-06.45.54:395][109]LogBlueprintUserMessages: [RunGameState_C_0] Ready
[2022.07.23-06.45.54:397][110]LogBlueprintUserMessages: [RunGameState_C_0] Ready
[2022.07.23-06.45.54:399][111]LogBlueprintUserMessages: [RunGameState_C_0] Ready
[2022.07.23-06.45.54:401][112]LogBlueprintUserMessages: [RunGameState_C_0] Ready
[2022.07.23-06.45.54:403][113]LogBlueprintUserMessages: [RunGameState_C_0] Ready
[2022.07.23-06.45.54:404][114]LogBlueprintUserMessages: [RunGameState_C_0] Ready
[2022.07.23-06.45.54:408][115]LogBlueprintUserMessages: [RunGameState_C_0] Ready
[2022.07.23-06.45.54:410][116]LogBlueprintUserMessages: [RunGameState_C_0] Ready
[2022.07.23-06.45.54:412][117]LogBlueprintUserMessages: [RunGameState_C_0] Ready
[2022.07.23-06.45.54:415][118]LogBlueprintUserMessages: [RunGameState_C_0] Ready
[2022.07.23-06.45.54:417][119]LogBlueprintUserMessages: [RunGameState_C_0] Ready
[2022.07.23-06.45.54:420][120]LogBlueprintUserMessages: [RunGameState_C_0] Ready
[2022.07.23-06.45.54:422][121]LogBlueprintUserMessages: [RunGameState_C_0] Ready
[2022.07.23-06.45.54:424][122]LogBlueprintUserMessages: [RunGameState_C_0] Ready
[2022.07.23-06.45.54:427][123]LogBlueprintUserMessages: [RunGameState_C_0] Ready
[2022.07.23-06.45.54:429][124]LogBlueprintUserMessages: [RunGameState_C_0] Ready
[2022.07.23-06.45.54:430][125]LogBlueprintUserMessages: [RunGameState_C_0] Ready
[2022.07.23-06.45.54:434][126]LogBlueprintUserMessages: [RunGameState_C_0] Ready
[2022.07.23-06.45.54:436][127]LogBlueprintUserMessages: [RunGameState_C_0] Ready
[2022.07.23-06.45.54:437][128]LogBlueprintUserMessages: [RunGameState_C_0] Ready
[2022.07.23-06.45.54:439][129]LogBlueprintUserMessages: [RunGameState_C_0] Ready
[2022.07.23-06.45.54:441][130]LogBlueprintUserMessages: [RunGameState_C_0] Ready
[2022.07.23-06.45.54:444][131]LogBlueprintUserMessages: [RunGameState_C_0] Ready
[2022.07.23-06.45.54:446][132]LogBlueprintUserMessages: [RunGameState_C_0] Ready
[2022.07.23-06.45.54:450][133]LogBlueprintUserMessages: [RunGameState_C_0] Ready
[2022.07.23-06.45.54:451][134]LogBlueprintUserMessages: [RunGameState_C_0] Ready
[2022.07.23-06.45.54:453][135]LogBlueprintUserMessages: [RunGameState_C_0] Ready
[2022.07.23-06.45.54:456][136]LogBlueprintUserMessages: [RunGameState_C_0] Ready
[2022.07.23-06.45.54:458][137]LogBlueprintUserMessages: [RunGameState_C_0] Ready
[2022.07.23-06.45.54:462][138]LogBlueprintUserMessages: [RunGameState_C_0] Ready
[2022.07.23-06.45.54:464][139]LogBlueprintUserMessages: [RunGameState_C_0] Ready
[2022.07.23-06.45.54:467][140]LogBlueprintUserMessages: [RunGameState_C_0] Ready
[2022.07.23-06.45.54:468][141]LogBlueprintUserMessages: [RunGameState_C_0] Ready
[2022.07.23-06.45.54:471][142]LogBlueprintUserMessages: [RunGameState_C_0] Ready
[2022.07.23-06.45.54:474][143]LogBlueprintUserMessages: [RunGameState_C_0] Ready
[2022.07.23-06.45.54:477][144]LogBlueprintUserMessages: [RunGameState_C_0] Ready
[2022.07.23-06.45.54:479][145]LogBlueprintUserMessages: [RunGameState_C_0] Ready
[2022.07.23-06.45.54:481][146]LogBlueprintUserMessages: [RunGameState_C_0] Ready
[2022.07.23-06.45.54:484][147]LogBlueprintUserMessages: [RunGameState_C_0] Ready
[2022.07.23-06.45.54:487][148]LogBlueprintUserMessages: [RunGameState_C_0] Ready
[2022.07.23-06.45.54:489][149]LogBlueprintUserMessages: [RunGameState_C_0] Ready
[2022.07.23-06.45.54:492][150]LogBlueprintUserMessages: [RunGameState_C_0] Ready
[2022.07.23-06.45.54:493][151]LogBlueprintUserMessages: [RunGameState_C_0] Ready
[2022.07.23-06.45.54:495][152]LogBlueprintUserMessages: [RunGameState_C_0] Ready
[2022.07.23-06.45.54:496][153]LogBlueprintUserMessages: [RunGameState_C_0] Ready
[2022.07.23-06.45.54:500][154]LogBlueprintUserMessages: [RunGameState_C_0] Ready
[2022.07.23-06.45.54:501][155]LogBlueprintUserMessages: [RunGameState_C_0] Ready
[2022.07.23-06.45.54:504][156]LogBlueprintUserMessages: [RunGameState_C_0] Ready
[2022.07.23-06.45.54:507][157]LogBlueprintUserMessages: [RunGameState_C_0] Ready
[2022.07.23-06.45.54:509][158]LogBlueprintUserMessages: [RunGameState_C_0] Ready
[2022.07.23-06.45.54:512][159]LogBlueprintUserMessages: [RunGameState_C_0] Ready
[2022.07.23-06.45.54:514][160]LogBlueprintUserMessages: [RunGameState_C_0] Ready
[2022.07.23-06.45.54:517][161]LogBlueprintUserMessages: [RunGameState_C_0] Ready
[2022.07.23-06.45.54:519][162]LogBlueprintUserMessages: [RunGameState_C_0] Ready
[2022.07.23-06.45.54:522][163]LogBlueprintUserMessages: [RunGameState_C_0] Ready
[2022.07.23-06.45.54:524][164]LogBlueprintUserMessages: [RunGameState_C_0] Ready
[2022.07.23-06.45.54:527][165]LogBlueprintUserMessages: [RunGameState_C_0] Ready
[2022.07.23-06.45.54:529][166]LogBlueprintUserMessages: [RunGameState_C_0] Ready
[2022.07.23-06.45.54:531][167]LogBlueprintUserMessages: [RunGameState_C_0] Ready
[2022.07.23-06.45.54:534][168]LogBlueprintUserMessages: [RunGameState_C_0] Ready
[2022.07.23-06.45.54:535][169]LogBlueprintUserMessages: [RunGameState_C_0] Ready
[2022.07.23-06.45.54:537][170]LogBlueprintUserMessages: [RunGameState_C_0] Ready
[2022.07.23-06.45.54:539][171]LogBlueprintUserMessages: [RunGameState_C_0] Ready
[2022.07.23-06.45.54:542][172]LogBlueprintUserMessages: [RunGameState_C_0] Ready
[2022.07.23-06.45.54:544][173]LogBlueprintUserMessages: [RunGameState_C_0] Ready
[2022.07.23-06.45.54:547][174]LogBlueprintUserMessages: [RunGameState_C_0] Ready
[2022.07.23-06.45.54:550][175]LogBlueprintUserMessages: [RunGameState_C_0] Ready
