Log file open, 07/19/22 13:53:43
LogWindows: Failed to load 'aqProf.dll' (GetLastError=126)
LogWindows: File 'aqProf.dll' does not exist
LogWindows: Failed to load 'VtuneApi.dll' (GetLastError=126)
LogWindows: File 'VtuneApi.dll' does not exist
LogWindows: Failed to load 'VtuneApi32e.dll' (GetLastError=126)
LogWindows: File 'VtuneApi32e.dll' does not exist
LogConsoleResponse: Display: Failed to find resolution value strings in scalability ini. Falling back to default.
LogConsoleResponse: Display: Failed to find resolution value strings in scalability ini. Falling back to default.
LogInit: Display: Running engine for game: ProjectRun
LogPlatformFile: Not using cached read wrapper
LogTaskGraph: Started task graph with 5 named threads and 59 total threads with 3 sets of task threads.
LogStats: Stats thread started at 0.187180
LogICUInternationalization: ICU TimeZone Detection - Raw Offset: +9:00, Platform Override: ''
LogInit: Display: Loading text-based GConfig....
LogPluginManager: Mounting plugin MeshPainting
LogPluginManager: Mounting plugin XGEController
LogPluginManager: Mounting plugin Paper2D
LogPluginManager: Mounting plugin LiveLink
LogPluginManager: Mounting plugin AISupport
LogPluginManager: Mounting plugin EnvironmentQueryEditor
LogPluginManager: Mounting plugin CameraShakePreviewer
LogPluginManager: Mounting plugin GameplayCameras
LogPluginManager: Mounting plugin LightPropagationVolume
LogPluginManager: Mounting plugin AnimationSharing
LogPluginManager: Mounting plugin CLionSourceCodeAccess
LogPluginManager: Mounting plugin CodeLiteSourceCodeAccess
LogPluginManager: Mounting plugin GitSourceControl
LogPluginManager: Mounting plugin PlasticSourceControl
LogPluginManager: Mounting plugin KDevelopSourceCodeAccess
LogPluginManager: Mounting plugin PerforceSourceControl
LogPluginManager: Mounting plugin PropertyAccessNode
LogPluginManager: Mounting plugin NullSourceCodeAccess
LogPluginManager: Mounting plugin PluginUtils
LogPluginManager: Mounting plugin RiderSourceCodeAccess
LogPluginManager: Mounting plugin PixWinPlugin
LogPluginManager: Mounting plugin SubversionSourceControl
LogPluginManager: Mounting plugin TextureFormatOodle
LogPluginManager: Mounting plugin UObjectPlugin
LogPluginManager: Mounting plugin VisualStudioSourceCodeAccess
LogPluginManager: Mounting plugin XCodeSourceCodeAccess
LogPluginManager: Mounting plugin VisualStudioCodeSourceCodeAccess
LogPluginManager: Mounting plugin AssetManagerEditor
LogPluginManager: Mounting plugin CurveEditorTools
LogPluginManager: Mounting plugin FacialAnimation
LogPluginManager: Mounting plugin DataValidation
LogPluginManager: Mounting plugin CryptoKeys
LogPluginManager: Mounting plugin GameplayTagsEditor
LogPluginManager: Mounting plugin GeometryMode
LogPluginManager: Mounting plugin MobileLauncherProfileWizard
LogPluginManager: Mounting plugin PluginBrowser
LogPluginManager: Mounting plugin MacGraphicsSwitching
LogPluginManager: Mounting plugin MaterialAnalyzer
LogPluginManager: Mounting plugin OodleData
LogPluginManager: Mounting plugin OodleNetwork
LogPluginManager: Mounting plugin SpeedTreeImporter
LogPluginManager: Mounting plugin DatasmithContent
LogPluginManager: Mounting plugin VariantManagerContent
LogPluginManager: Mounting plugin AlembicImporter
LogPluginManager: Mounting plugin ChaosCloth
LogPluginManager: Mounting plugin ChaosClothEditor
LogPluginManager: Mounting plugin BackChannel
LogPluginManager: Mounting plugin AutomationUtils
LogPluginManager: Mounting plugin ChaosEditor
LogPluginManager: Mounting plugin CharacterAI
LogPluginManager: Mounting plugin ChaosNiagara
LogPluginManager: Mounting plugin ChaosSolverPlugin
LogPluginManager: Mounting plugin GeometryCache
LogPluginManager: Mounting plugin GeometryProcessing
LogPluginManager: Mounting plugin GeometryCollectionPlugin
LogPluginManager: Mounting plugin MotoSynth
LogPluginManager: Mounting plugin OpenImageDenoise
LogPluginManager: Mounting plugin PlanarCut
LogPluginManager: Mounting plugin PlatformCrypto
LogPluginManager: Mounting plugin LuminPlatformFeatures
LogPluginManager: Mounting plugin MagicLeap
LogPluginManager: Mounting plugin PythonScriptPlugin
LogPluginManager: Mounting plugin MagicLeapLightEstimation
LogPluginManager: Mounting plugin ProxyLODPlugin
LogPluginManager: Mounting plugin MagicLeapMedia
LogPluginManager: Mounting plugin MagicLeapPassableWorld
LogPluginManager: Mounting plugin MLSDK
LogPluginManager: Mounting plugin AndroidMedia
LogPluginManager: Mounting plugin AvfMedia
LogPluginManager: Mounting plugin SkeletalReduction
LogPluginManager: Mounting plugin MediaCompositing
LogPluginManager: Mounting plugin ImgMedia
LogPluginManager: Mounting plugin MediaPlayerEditor
LogPluginManager: Mounting plugin TcpMessaging
LogPluginManager: Mounting plugin WebMMedia
LogPluginManager: Mounting plugin WmfMedia
LogPluginManager: Mounting plugin Niagara
LogPluginManager: Mounting plugin LevelSequenceEditor
LogPluginManager: Mounting plugin ActorSequence
LogPluginManager: Mounting plugin UdpMessaging
LogPluginManager: Mounting plugin MatineeToLevelSequence
LogPluginManager: Mounting plugin TemplateSequence
LogPluginManager: Mounting plugin OnlineSubsystem
LogPluginManager: Mounting plugin OnlineSubsystemSteam
LogPluginManager: Mounting plugin OnlineSubsystemNull
LogPluginManager: Mounting plugin OnlineSubsystemUtils
LogPluginManager: Mounting plugin ActorLayerUtilities
LogPluginManager: Mounting plugin AndroidDeviceProfileSelector
LogPluginManager: Mounting plugin AndroidPermission
LogPluginManager: Mounting plugin AppleImageUtils
LogPluginManager: Mounting plugin AndroidMoviePlayer
LogPluginManager: Mounting plugin AppleMoviePlayer
LogPluginManager: Mounting plugin AudioCapture
LogPluginManager: Mounting plugin AudioSynesthesia
LogPluginManager: Mounting plugin ArchVisCharacter
LogPluginManager: Mounting plugin AssetTags
LogPluginManager: Mounting plugin CustomMeshComponent
LogPluginManager: Mounting plugin ChunkDownloader
LogPluginManager: Mounting plugin CableComponent
LogPluginManager: Mounting plugin ExampleDeviceProfileSelector
LogPluginManager: Mounting plugin EditableMesh
LogPluginManager: Mounting plugin GooglePAD
LogPluginManager: Mounting plugin GoogleCloudMessaging
LogPluginManager: Mounting plugin IOSDeviceProfileSelector
LogPluginManager: Mounting plugin LocationServicesBPLibrary
LogPluginManager: Mounting plugin LinuxDeviceProfileSelector
LogPluginManager: Mounting plugin MobilePatchingUtils
LogPluginManager: Mounting plugin OpenXREyeTracker
LogPluginManager: Mounting plugin OpenXR
LogPluginManager: Mounting plugin PhysXVehicles
LogPluginManager: Mounting plugin ScreenshotTools
LogPluginManager: Mounting plugin OpenXRHandTracking
LogPluginManager: Mounting plugin PropertyAccessEditor
LogPluginManager: Mounting plugin ProceduralMeshComponent
LogPluginManager: Mounting plugin RuntimePhysXCooking
LogPluginManager: Mounting plugin SignificanceManager
LogPluginManager: Mounting plugin PostSplashScreen
LogPluginManager: Mounting plugin Synthesis
LogPluginManager: Mounting plugin SoundFields
LogPluginManager: Mounting plugin LauncherChunkInstaller
LogPluginManager: Mounting plugin WebMMoviePlayer
LogPluginManager: Mounting plugin WindowsMoviePlayer
LogPluginManager: Mounting plugin Takes
LogPluginManager: Mounting plugin ContentBrowserAssetDataSource
LogPluginManager: Mounting plugin ContentBrowserFileDataSource
LogPluginManager: Mounting plugin ContentBrowserClassDataSource
LogPluginManager: Mounting plugin OnlineSubsystemGooglePlay
LogPluginManager: Mounting plugin OnlineSubsystemIOS
LogPluginManager: Mounting plugin OculusVR
LogPluginManager: Mounting plugin SteamShared
LogPluginManager: Mounting plugin SteamVR
LogPluginManager: Mounting plugin AdvancedSessions
LogPluginManager: Mounting plugin AdvancedSteamSessions
PixWinPlugin: PIX capture plugin failed to initialize! Check that the process is launched from PIX.
LogInit: Using libcurl 7.55.1-DEV
LogInit:  - built for x86_64-pc-win32
LogInit:  - supports SSL with OpenSSL/1.1.1
LogInit:  - supports HTTP deflate (compression) using libz 1.2.8
LogInit:  - other features:
LogInit:      CURL_VERSION_SSL
LogInit:      CURL_VERSION_LIBZ
LogInit:      CURL_VERSION_IPV6
LogInit:      CURL_VERSION_ASYNCHDNS
LogInit:      CURL_VERSION_LARGEFILE
LogInit:      CURL_VERSION_IDN
LogInit:  CurlRequestOptions (configurable via config and command line):
LogInit:  - bVerifyPeer = true  - Libcurl will verify peer certificate
LogInit:  - bUseHttpProxy = false  - Libcurl will NOT use HTTP proxy
LogInit:  - bDontReuseConnections = false  - Libcurl will reuse connections
LogInit:  - MaxHostConnections = 16  - Libcurl will limit the number of connections to a host
LogInit:  - LocalHostAddr = Default
LogInit:  - BufferSize = 65536
LogOnline: OSS: Creating online subsystem instance for: NULL
LogInit: WinSock: version 1.1 (2.2), MaxSocks=32767, MaxUdp=65467
LogOnline: OSS: TryLoadSubsystemAndSetDefault: Loaded subsystem for module [NULL]
LogOculusPluginWrapper: OculusPlugin initialized successfully
LogHMD: Failed initializing OVRPlugin 1.59.0
LogInit: Build: ++UE4+Release-4.27-CL-18319896
LogInit: Engine Version: 4.27.2-18319896+++UE4+Release-4.27
LogInit: Compatible Engine Version: 4.27.0-17155196+++UE4+Release-4.27
LogInit: Net CL: 17155196
LogInit: OS: Windows 10 (Release 2009) (), CPU: 12th Gen Intel(R) Core(TM) i7-12700H, GPU: NVIDIA GeForce RTX 3070 Ti Laptop GPU
LogInit: Compiled (64-bit): Nov 30 2021 07:12:08
LogInit: Compiled with Visual C++: 19.24.28315.00
LogInit: Build Configuration: Development
LogInit: Branch Name: ++UE4+Release-4.27
LogInit: Command Line:  127.0.0.1:17777 -game -PIEVIACONSOLE -Multiprocess GameUserSettingsINI=C:/study/ProjectRun/Saved/Config/Windows/PIEGameUserSettings1.ini -MultiprocessSaveConfig -forcepassthrough -messaging -SessionName="Play in Standalone Game" -windowed -WinX=214 -WinY=381 SAVEWINPOS=1 -ResX=640 -ResY=480
LogInit: Base Directory: C:/Program Files/Epic Games/UE_4.27/Engine/Binaries/Win64/
LogInit: Allocator: TBB
LogInit: Installed Engine Build: 1
LogDevObjectVersion: Number of dev versions registered: 29
LogDevObjectVersion:   Dev-Blueprints (B0D832E4-1F89-4F0D-ACCF-7EB736FD4AA2): 10
LogDevObjectVersion:   Dev-Build (E1C64328-A22C-4D53-A36C-8E866417BD8C): 0
LogDevObjectVersion:   Dev-Core (375EC13C-06E4-48FB-B500-84F0262A717E): 4
LogDevObjectVersion:   Dev-Editor (E4B068ED-F494-42E9-A231-DA0B2E46BB41): 40
LogDevObjectVersion:   Dev-Framework (CFFC743F-43B0-4480-9391-14DF171D2073): 37
LogDevObjectVersion:   Dev-Mobile (B02B49B5-BB20-44E9-A304-32B752E40360): 3
LogDevObjectVersion:   Dev-Networking (A4E4105C-59A1-49B5-A7C5-40C4547EDFEE): 0
LogDevObjectVersion:   Dev-Online (39C831C9-5AE6-47DC-9A44-9C173E1C8E7C): 0
LogDevObjectVersion:   Dev-Physics (78F01B33-EBEA-4F98-B9B4-84EACCB95AA2): 14
LogDevObjectVersion:   Dev-Platform (6631380F-2D4D-43E0-8009-CF276956A95A): 0
LogDevObjectVersion:   Dev-Rendering (12F88B9F-8875-4AFC-A67C-D90C383ABD29): 45
LogDevObjectVersion:   Dev-Sequencer (7B5AE74C-D270-4C10-A958-57980B212A5A): 13
LogDevObjectVersion:   Dev-VR (D7296918-1DD6-4BDD-9DE2-64A83CC13884): 3
LogDevObjectVersion:   Dev-LoadTimes (C2A15278-BFE7-4AFE-6C17-90FF531DF755): 1
LogDevObjectVersion:   Private-Geometry (6EACA3D4-40EC-4CC1-B786-8BED09428FC5): 3
LogDevObjectVersion:   Dev-AnimPhys (29E575DD-E0A3-4627-9D10-D276232CDCEA): 17
LogDevObjectVersion:   Dev-Anim (AF43A65D-7FD3-4947-9873-3E8ED9C1BB05): 15
LogDevObjectVersion:   Dev-ReflectionCapture (6B266CEC-1EC7-4B8F-A30B-E4D90942FC07): 1
LogDevObjectVersion:   Dev-Automation (0DF73D61-A23F-47EA-B727-89E90C41499A): 1
LogDevObjectVersion:   FortniteMain (601D1886-AC64-4F84-AA16-D3DE0DEAC7D6): 47
LogDevObjectVersion:   FortniteRelease (E7086368-6B23-4C58-8439-1B7016265E91): 1
LogDevObjectVersion:   Dev-Enterprise (9DFFBCD6-494F-0158-E221-12823C92A888): 10
LogDevObjectVersion:   Dev-Niagara (F2AED0AC-9AFE-416F-8664-AA7FFA26D6FC): 1
LogDevObjectVersion:   Dev-Destruction (174F1F0B-B4C6-45A5-B13F-2EE8D0FB917D): 10
LogDevObjectVersion:   Dev-Physics-Ext (35F94A83-E258-406C-A318-09F59610247C): 41
LogDevObjectVersion:   Dev-PhysicsMaterial-Chaos (B68FC16E-8B1B-42E2-B453-215C058844FE): 1
LogDevObjectVersion:   Dev-CineCamera (B2E18506-4273-CFC2-A54E-F4BB758BBA07): 1
LogDevObjectVersion:   Dev-VirtualProduction (64F58936-FD1B-42BA-BA96-7289D5D0FA4E): 1
LogDevObjectVersion:   Dev-MediaFramework (6F0ED827-A609-4895-9C91-998D90180EA4): 2
LogInit: Presizing for max 25165824 objects, including 0 objects not considered by GC, pre-allocating 0 bytes for permanent pool.
LogConfig: Applying CVar settings from Section [/Script/Engine.StreamingSettings] File [C:/study/ProjectRun/Saved/Config/Windows/Engine.ini]
LogConfig: Setting CVar [[s.MinBulkDataSizeForAsyncLoading:131072]]
LogConfig: Setting CVar [[s.AsyncLoadingThreadEnabled:0]]
LogConfig: Setting CVar [[s.EventDrivenLoaderEnabled:1]]
LogConfig: Setting CVar [[s.WarnIfTimeLimitExceeded:0]]
LogConfig: Setting CVar [[s.TimeLimitExceededMultiplier:1.5]]
LogConfig: Setting CVar [[s.TimeLimitExceededMinTime:0.005]]
LogConfig: Setting CVar [[s.UseBackgroundLevelStreaming:1]]
LogConfig: Setting CVar [[s.PriorityAsyncLoadingExtraTime:15.0]]
LogConfig: Setting CVar [[s.LevelStreamingActorsUpdateTimeLimit:5.0]]
LogConfig: Setting CVar [[s.PriorityLevelStreamingActorsUpdateExtraTime:5.0]]
LogConfig: Setting CVar [[s.LevelStreamingComponentsRegistrationGranularity:10]]
LogConfig: Setting CVar [[s.UnregisterComponentsTimeLimit:1.0]]
LogConfig: Setting CVar [[s.LevelStreamingComponentsUnregistrationGranularity:5]]
LogConfig: Setting CVar [[s.FlushStreamingOnExit:1]]
LogInit: Object subsystem initialized
LogConfig: Setting CVar [[con.DebugEarlyDefault:1]]
LogConfig: Setting CVar [[r.setres:1280x720]]
[2022.07.19-04.53.43:658][  0]LogConfig: Setting CVar [[con.DebugEarlyDefault:1]]
[2022.07.19-04.53.43:658][  0]LogConfig: Setting CVar [[r.setres:1280x720]]
[2022.07.19-04.53.43:658][  0]LogConfig: Applying CVar settings from Section [/Script/Engine.RendererSettings] File [C:/study/ProjectRun/Saved/Config/Windows/Engine.ini]
[2022.07.19-04.53.43:658][  0]LogConfig: Setting CVar [[r.GPUCrashDebugging:0]]
[2022.07.19-04.53.43:658][  0]LogConfig: Applying CVar settings from Section [/Script/Engine.RendererOverrideSettings] File [C:/study/ProjectRun/Saved/Config/Windows/Engine.ini]
[2022.07.19-04.53.43:658][  0]LogConfig: Applying CVar settings from Section [/Script/Engine.StreamingSettings] File [C:/study/ProjectRun/Saved/Config/Windows/Engine.ini]
[2022.07.19-04.53.43:658][  0]LogConfig: Setting CVar [[s.MinBulkDataSizeForAsyncLoading:131072]]
[2022.07.19-04.53.43:658][  0]LogConfig: Setting CVar [[s.AsyncLoadingThreadEnabled:0]]
[2022.07.19-04.53.43:658][  0]LogConfig: Setting CVar [[s.EventDrivenLoaderEnabled:1]]
[2022.07.19-04.53.43:658][  0]LogConfig: Setting CVar [[s.WarnIfTimeLimitExceeded:0]]
[2022.07.19-04.53.43:658][  0]LogConfig: Setting CVar [[s.TimeLimitExceededMultiplier:1.5]]
[2022.07.19-04.53.43:658][  0]LogConfig: Setting CVar [[s.TimeLimitExceededMinTime:0.005]]
[2022.07.19-04.53.43:658][  0]LogConfig: Setting CVar [[s.UseBackgroundLevelStreaming:1]]
[2022.07.19-04.53.43:658][  0]LogConfig: Setting CVar [[s.PriorityAsyncLoadingExtraTime:15.0]]
[2022.07.19-04.53.43:658][  0]LogConfig: Setting CVar [[s.LevelStreamingActorsUpdateTimeLimit:5.0]]
[2022.07.19-04.53.43:658][  0]LogConfig: Setting CVar [[s.PriorityLevelStreamingActorsUpdateExtraTime:5.0]]
[2022.07.19-04.53.43:658][  0]LogConfig: Setting CVar [[s.LevelStreamingComponentsRegistrationGranularity:10]]
[2022.07.19-04.53.43:658][  0]LogConfig: Setting CVar [[s.UnregisterComponentsTimeLimit:1.0]]
[2022.07.19-04.53.43:658][  0]LogConfig: Setting CVar [[s.LevelStreamingComponentsUnregistrationGranularity:5]]
[2022.07.19-04.53.43:658][  0]LogConfig: Setting CVar [[s.FlushStreamingOnExit:1]]
[2022.07.19-04.53.43:658][  0]LogConfig: Applying CVar settings from Section [/Script/Engine.GarbageCollectionSettings] File [C:/study/ProjectRun/Saved/Config/Windows/Engine.ini]
[2022.07.19-04.53.43:658][  0]LogConfig: Setting CVar [[gc.MaxObjectsNotConsideredByGC:1]]
[2022.07.19-04.53.43:658][  0]LogConfig: Setting CVar [[gc.SizeOfPermanentObjectPool:0]]
[2022.07.19-04.53.43:658][  0]LogConfig: Setting CVar [[gc.FlushStreamingOnGC:0]]
[2022.07.19-04.53.43:659][  0]LogConfig: Setting CVar [[gc.NumRetriesBeforeForcingGC:10]]
[2022.07.19-04.53.43:659][  0]LogConfig: Setting CVar [[gc.AllowParallelGC:1]]
[2022.07.19-04.53.43:659][  0]LogConfig: Setting CVar [[gc.TimeBetweenPurgingPendingKillObjects:61.1]]
[2022.07.19-04.53.43:659][  0]LogConfig: Setting CVar [[gc.MaxObjectsInEditor:25165824]]
[2022.07.19-04.53.43:659][  0]LogConfig: Setting CVar [[gc.IncrementalBeginDestroyEnabled:1]]
[2022.07.19-04.53.43:659][  0]LogConfig: Setting CVar [[gc.CreateGCClusters:1]]
[2022.07.19-04.53.43:659][  0]LogConfig: Setting CVar [[gc.MinGCClusterSize:5]]
[2022.07.19-04.53.43:659][  0]LogConfig: Setting CVar [[gc.ActorClusteringEnabled:0]]
[2022.07.19-04.53.43:659][  0]LogConfig: Setting CVar [[gc.BlueprintClusteringEnabled:0]]
[2022.07.19-04.53.43:659][  0]LogConfig: Setting CVar [[gc.UseDisregardForGCOnDedicatedServers:0]]
[2022.07.19-04.53.43:659][  0]LogConfig: Setting CVar [[gc.MultithreadedDestructionEnabled:1]]
[2022.07.19-04.53.43:659][  0]LogConfig: Applying CVar settings from Section [/Script/Engine.NetworkSettings] File [C:/study/ProjectRun/Saved/Config/Windows/Engine.ini]
[2022.07.19-04.53.43:659][  0]LogConfig: Applying CVar settings from Section [/Script/UnrealEd.CookerSettings] File [C:/study/ProjectRun/Saved/Config/Windows/Engine.ini]
[2022.07.19-04.53.43:665][  0]LogConfig: Applying CVar settings from Section [ViewDistanceQuality@3] File [C:/study/ProjectRun/Saved/Config/Windows/Scalability.ini]
[2022.07.19-04.53.43:665][  0]LogConfig: Setting CVar [[r.SkeletalMeshLODBias:0]]
[2022.07.19-04.53.43:665][  0]LogConfig: Setting CVar [[r.ViewDistanceScale:1.0]]
[2022.07.19-04.53.43:665][  0]LogConfig: Applying CVar settings from Section [AntiAliasingQuality@3] File [C:/study/ProjectRun/Saved/Config/Windows/Scalability.ini]
[2022.07.19-04.53.43:665][  0]LogConfig: Setting CVar [[r.PostProcessAAQuality:4]]
[2022.07.19-04.53.43:665][  0]LogConfig: Applying CVar settings from Section [ShadowQuality@3] File [C:/study/ProjectRun/Saved/Config/Windows/Scalability.ini]
[2022.07.19-04.53.43:665][  0]LogConfig: Setting CVar [[r.LightFunctionQuality:1]]
[2022.07.19-04.53.43:665][  0]LogConfig: Setting CVar [[r.ShadowQuality:5]]
[2022.07.19-04.53.43:665][  0]LogConfig: Setting CVar [[r.Shadow.CSM.MaxCascades:10]]
[2022.07.19-04.53.43:665][  0]LogConfig: Setting CVar [[r.Shadow.MaxResolution:2048]]
[2022.07.19-04.53.43:665][  0]LogConfig: Setting CVar [[r.Shadow.MaxCSMResolution:2048]]
[2022.07.19-04.53.43:665][  0]LogConfig: Setting CVar [[r.Shadow.RadiusThreshold:0.01]]
[2022.07.19-04.53.43:665][  0]LogConfig: Setting CVar [[r.Shadow.DistanceScale:1.0]]
[2022.07.19-04.53.43:665][  0]LogConfig: Setting CVar [[r.Shadow.CSM.TransitionScale:1.0]]
[2022.07.19-04.53.43:665][  0]LogConfig: Setting CVar [[r.Shadow.PreShadowResolutionFactor:1.0]]
[2022.07.19-04.53.43:665][  0]LogConfig: Setting CVar [[r.DistanceFieldShadowing:1]]
[2022.07.19-04.53.43:665][  0]LogConfig: Setting CVar [[r.DistanceFieldAO:1]]
[2022.07.19-04.53.43:665][  0]LogConfig: Setting CVar [[r.AOQuality:2]]
[2022.07.19-04.53.43:665][  0]LogConfig: Setting CVar [[r.VolumetricFog:1]]
[2022.07.19-04.53.43:665][  0]LogConfig: Setting CVar [[r.VolumetricFog.GridPixelSize:8]]
[2022.07.19-04.53.43:665][  0]LogConfig: Setting CVar [[r.VolumetricFog.GridSizeZ:128]]
[2022.07.19-04.53.43:665][  0]LogConfig: Setting CVar [[r.VolumetricFog.HistoryMissSupersampleCount:4]]
[2022.07.19-04.53.43:665][  0]LogConfig: Setting CVar [[r.LightMaxDrawDistanceScale:1]]
[2022.07.19-04.53.43:665][  0]LogConfig: Setting CVar [[r.CapsuleShadows:1]]
[2022.07.19-04.53.43:665][  0]LogConfig: Applying CVar settings from Section [PostProcessQuality@3] File [C:/study/ProjectRun/Saved/Config/Windows/Scalability.ini]
[2022.07.19-04.53.43:665][  0]LogConfig: Setting CVar [[r.MotionBlurQuality:4]]
[2022.07.19-04.53.43:665][  0]LogConfig: Setting CVar [[r.AmbientOcclusionMipLevelFactor:0.4]]
[2022.07.19-04.53.43:665][  0]LogConfig: Setting CVar [[r.AmbientOcclusionMaxQuality:100]]
[2022.07.19-04.53.43:665][  0]LogConfig: Setting CVar [[r.AmbientOcclusionLevels:-1]]
[2022.07.19-04.53.43:665][  0]LogConfig: Setting CVar [[r.AmbientOcclusionRadiusScale:1.0]]
[2022.07.19-04.53.43:665][  0]LogConfig: Setting CVar [[r.DepthOfFieldQuality:2]]
[2022.07.19-04.53.43:665][  0]LogConfig: Setting CVar [[r.RenderTargetPoolMin:400]]
[2022.07.19-04.53.43:665][  0]LogConfig: Setting CVar [[r.LensFlareQuality:2]]
[2022.07.19-04.53.43:665][  0]LogConfig: Setting CVar [[r.SceneColorFringeQuality:1]]
[2022.07.19-04.53.43:665][  0]LogConfig: Setting CVar [[r.EyeAdaptationQuality:2]]
[2022.07.19-04.53.43:665][  0]LogConfig: Setting CVar [[r.BloomQuality:5]]
[2022.07.19-04.53.43:665][  0]LogConfig: Setting CVar [[r.FastBlurThreshold:100]]
[2022.07.19-04.53.43:665][  0]LogConfig: Setting CVar [[r.Upscale.Quality:3]]
[2022.07.19-04.53.43:665][  0]LogConfig: Setting CVar [[r.Tonemapper.GrainQuantization:1]]
[2022.07.19-04.53.43:665][  0]LogConfig: Setting CVar [[r.LightShaftQuality:1]]
[2022.07.19-04.53.43:665][  0]LogConfig: Setting CVar [[r.Filter.SizeScale:1]]
[2022.07.19-04.53.43:665][  0]LogConfig: Setting CVar [[r.Tonemapper.Quality:5]]
[2022.07.19-04.53.43:665][  0]LogConfig: Setting CVar [[r.DOF.Gather.AccumulatorQuality:1        ; higher gathering accumulator quality]]
[2022.07.19-04.53.43:665][  0]LogConfig: Setting CVar [[r.DOF.Gather.PostfilterMethod:1          ; Median3x3 postfilering method]]
[2022.07.19-04.53.43:665][  0]LogConfig: Setting CVar [[r.DOF.Gather.EnableBokehSettings:0       ; no bokeh simulation when gathering]]
[2022.07.19-04.53.43:665][  0]LogConfig: Setting CVar [[r.DOF.Gather.RingCount:4                 ; medium number of samples when gathering]]
[2022.07.19-04.53.43:665][  0]LogConfig: Setting CVar [[r.DOF.Scatter.ForegroundCompositing:1    ; additive foreground scattering]]
[2022.07.19-04.53.43:665][  0]LogConfig: Setting CVar [[r.DOF.Scatter.BackgroundCompositing:2    ; additive background scattering]]
[2022.07.19-04.53.43:665][  0]LogConfig: Setting CVar [[r.DOF.Scatter.EnableBokehSettings:1      ; bokeh simulation when scattering]]
[2022.07.19-04.53.43:665][  0]LogConfig: Setting CVar [[r.DOF.Scatter.MaxSpriteRatio:0.1         ; only a maximum of 10% of scattered bokeh]]
[2022.07.19-04.53.43:665][  0]LogConfig: Setting CVar [[r.DOF.Recombine.Quality:1                ; cheap slight out of focus]]
[2022.07.19-04.53.43:665][  0]LogConfig: Setting CVar [[r.DOF.Recombine.EnableBokehSettings:0    ; no bokeh simulation on slight out of focus]]
[2022.07.19-04.53.43:665][  0]LogConfig: Setting CVar [[r.DOF.TemporalAAQuality:1                ; more stable temporal accumulation]]
[2022.07.19-04.53.43:665][  0]LogConfig: Setting CVar [[r.DOF.Kernel.MaxForegroundRadius:0.025]]
[2022.07.19-04.53.43:665][  0]LogConfig: Setting CVar [[r.DOF.Kernel.MaxBackgroundRadius:0.025]]
[2022.07.19-04.53.43:665][  0]LogConfig: Applying CVar settings from Section [TextureQuality@3] File [C:/study/ProjectRun/Saved/Config/Windows/Scalability.ini]
[2022.07.19-04.53.43:665][  0]LogConfig: Setting CVar [[r.Streaming.MipBias:0]]
[2022.07.19-04.53.43:665][  0]LogConfig: Setting CVar [[r.Streaming.AmortizeCPUToGPUCopy:0]]
[2022.07.19-04.53.43:665][  0]LogConfig: Setting CVar [[r.Streaming.MaxNumTexturesToStreamPerFrame:0]]
[2022.07.19-04.53.43:665][  0]LogConfig: Setting CVar [[r.Streaming.Boost:1]]
[2022.07.19-04.53.43:665][  0]LogConfig: Setting CVar [[r.MaxAnisotropy:8]]
[2022.07.19-04.53.43:665][  0]LogConfig: Setting CVar [[r.VT.MaxAnisotropy:8]]
[2022.07.19-04.53.43:665][  0]LogConfig: Setting CVar [[r.Streaming.LimitPoolSizeToVRAM:0]]
[2022.07.19-04.53.43:665][  0]LogConfig: Setting CVar [[r.Streaming.PoolSize:1000]]
[2022.07.19-04.53.43:665][  0]LogConfig: Setting CVar [[r.Streaming.MaxEffectiveScreenSize:0]]
[2022.07.19-04.53.43:665][  0]LogConfig: Applying CVar settings from Section [EffectsQuality@3] File [C:/study/ProjectRun/Saved/Config/Windows/Scalability.ini]
[2022.07.19-04.53.43:665][  0]LogConfig: Setting CVar [[r.TranslucencyLightingVolumeDim:64]]
[2022.07.19-04.53.43:665][  0]LogConfig: Setting CVar [[r.RefractionQuality:2]]
[2022.07.19-04.53.43:665][  0]LogConfig: Setting CVar [[r.SSR.Quality:3]]
[2022.07.19-04.53.43:665][  0]LogConfig: Setting CVar [[r.SSR.HalfResSceneColor:0]]
[2022.07.19-04.53.43:665][  0]LogConfig: Setting CVar [[r.SceneColorFormat:4]]
[2022.07.19-04.53.43:665][  0]LogConfig: Setting CVar [[r.DetailMode:2]]
[2022.07.19-04.53.43:665][  0]LogConfig: Setting CVar [[r.TranslucencyVolumeBlur:1]]
[2022.07.19-04.53.43:665][  0]LogConfig: Setting CVar [[r.MaterialQualityLevel:1 ; High quality]]
[2022.07.19-04.53.43:665][  0]LogConfig: Setting CVar [[r.AnisotropicMaterials:1]]
[2022.07.19-04.53.43:665][  0]LogConfig: Setting CVar [[r.SSS.Scale:1]]
[2022.07.19-04.53.43:665][  0]LogConfig: Setting CVar [[r.SSS.SampleSet:2]]
[2022.07.19-04.53.43:665][  0]LogConfig: Setting CVar [[r.SSS.Quality:1]]
[2022.07.19-04.53.43:665][  0]LogConfig: Setting CVar [[r.SSS.HalfRes:0]]
[2022.07.19-04.53.43:665][  0]LogConfig: Setting CVar [[r.SSGI.Quality:3]]
[2022.07.19-04.53.43:665][  0]LogConfig: Setting CVar [[r.EmitterSpawnRateScale:1.0]]
[2022.07.19-04.53.43:665][  0]LogConfig: Setting CVar [[r.ParticleLightQuality:2]]
[2022.07.19-04.53.43:665][  0]LogConfig: Setting CVar [[r.SkyAtmosphere.AerialPerspectiveLUT.FastApplyOnOpaque:1 ; Always have FastSkyLUT 1 in this case to avoid wrong sky]]
[2022.07.19-04.53.43:665][  0]LogConfig: Setting CVar [[r.SkyAtmosphere.AerialPerspectiveLUT.SampleCountMaxPerSlice:4]]
[2022.07.19-04.53.43:665][  0]LogConfig: Setting CVar [[r.SkyAtmosphere.AerialPerspectiveLUT.DepthResolution:16.0]]
[2022.07.19-04.53.43:665][  0]LogConfig: Setting CVar [[r.SkyAtmosphere.FastSkyLUT:1]]
[2022.07.19-04.53.43:665][  0]LogConfig: Setting CVar [[r.SkyAtmosphere.FastSkyLUT.SampleCountMin:4.0]]
[2022.07.19-04.53.43:665][  0]LogConfig: Setting CVar [[r.SkyAtmosphere.FastSkyLUT.SampleCountMax:128.0]]
[2022.07.19-04.53.43:665][  0]LogConfig: Setting CVar [[r.SkyAtmosphere.SampleCountMin:4.0]]
[2022.07.19-04.53.43:665][  0]LogConfig: Setting CVar [[r.SkyAtmosphere.SampleCountMax:128.0]]
[2022.07.19-04.53.43:666][  0]LogConfig: Setting CVar [[r.SkyAtmosphere.TransmittanceLUT.UseSmallFormat:0]]
[2022.07.19-04.53.43:666][  0]LogConfig: Setting CVar [[r.SkyAtmosphere.TransmittanceLUT.SampleCount:10.0]]
[2022.07.19-04.53.43:666][  0]LogConfig: Setting CVar [[r.SkyAtmosphere.MultiScatteringLUT.SampleCount:15.0]]
[2022.07.19-04.53.43:666][  0]LogConfig: Setting CVar [[r.SkyLight.RealTimeReflectionCapture:1]]
[2022.07.19-04.53.43:666][  0]LogConfig: Applying CVar settings from Section [FoliageQuality@3] File [C:/study/ProjectRun/Saved/Config/Windows/Scalability.ini]
[2022.07.19-04.53.43:666][  0]LogConfig: Setting CVar [[foliage.DensityScale:1.0]]
[2022.07.19-04.53.43:666][  0]LogConfig: Setting CVar [[grass.DensityScale:1.0]]
[2022.07.19-04.53.43:666][  0]LogConfig: Applying CVar settings from Section [ShadingQuality@3] File [C:/study/ProjectRun/Saved/Config/Windows/Scalability.ini]
[2022.07.19-04.53.43:666][  0]LogConfig: Setting CVar [[r.HairStrands.SkyLighting.IntegrationType:2]]
[2022.07.19-04.53.43:666][  0]LogConfig: Setting CVar [[r.HairStrands.SkyAO.SampleCount:4]]
[2022.07.19-04.53.43:666][  0]LogConfig: Setting CVar [[r.HairStrands.Visibility.MSAA.SamplePerPixel:4]]
[2022.07.19-04.53.43:666][  0]LogInit: Selected Device Profile: [Windows]
[2022.07.19-04.53.43:666][  0]LogInit: Applying CVar settings loaded from the selected device profile: [Windows]
[2022.07.19-04.53.43:666][  0]LogHAL: Display: Platform has ~ 16 GB [16831680512 / 17179869184 / 16], which maps to Larger [LargestMinGB=32, LargerMinGB=12, DefaultMinGB=8, SmallerMinGB=6, SmallestMinGB=0)
[2022.07.19-04.53.43:666][  0]LogInit: Going up to parent DeviceProfile []
[2022.07.19-04.53.43:666][  0]LogConfig: Applying CVar settings from Section [ViewDistanceQuality@3] File [C:/study/ProjectRun/Saved/Config/Windows/Scalability.ini]
[2022.07.19-04.53.43:666][  0]LogConfig: Setting CVar [[r.SkeletalMeshLODBias:0]]
[2022.07.19-04.53.43:666][  0]LogConfig: Setting CVar [[r.ViewDistanceScale:1.0]]
[2022.07.19-04.53.43:666][  0]LogConfig: Applying CVar settings from Section [AntiAliasingQuality@3] File [C:/study/ProjectRun/Saved/Config/Windows/Scalability.ini]
[2022.07.19-04.53.43:666][  0]LogConfig: Setting CVar [[r.PostProcessAAQuality:4]]
[2022.07.19-04.53.43:666][  0]LogConfig: Applying CVar settings from Section [ShadowQuality@3] File [C:/study/ProjectRun/Saved/Config/Windows/Scalability.ini]
[2022.07.19-04.53.43:666][  0]LogConfig: Setting CVar [[r.LightFunctionQuality:1]]
[2022.07.19-04.53.43:666][  0]LogConfig: Setting CVar [[r.ShadowQuality:5]]
[2022.07.19-04.53.43:666][  0]LogConfig: Setting CVar [[r.Shadow.CSM.MaxCascades:10]]
[2022.07.19-04.53.43:666][  0]LogConfig: Setting CVar [[r.Shadow.MaxResolution:2048]]
[2022.07.19-04.53.43:666][  0]LogConfig: Setting CVar [[r.Shadow.MaxCSMResolution:2048]]
[2022.07.19-04.53.43:666][  0]LogConfig: Setting CVar [[r.Shadow.RadiusThreshold:0.01]]
[2022.07.19-04.53.43:666][  0]LogConfig: Setting CVar [[r.Shadow.DistanceScale:1.0]]
[2022.07.19-04.53.43:666][  0]LogConfig: Setting CVar [[r.Shadow.CSM.TransitionScale:1.0]]
[2022.07.19-04.53.43:666][  0]LogConfig: Setting CVar [[r.Shadow.PreShadowResolutionFactor:1.0]]
[2022.07.19-04.53.43:666][  0]LogConfig: Setting CVar [[r.DistanceFieldShadowing:1]]
[2022.07.19-04.53.43:666][  0]LogConfig: Setting CVar [[r.DistanceFieldAO:1]]
[2022.07.19-04.53.43:666][  0]LogConfig: Setting CVar [[r.AOQuality:2]]
[2022.07.19-04.53.43:666][  0]LogConfig: Setting CVar [[r.VolumetricFog:1]]
[2022.07.19-04.53.43:666][  0]LogConfig: Setting CVar [[r.VolumetricFog.GridPixelSize:8]]
[2022.07.19-04.53.43:666][  0]LogConfig: Setting CVar [[r.VolumetricFog.GridSizeZ:128]]
[2022.07.19-04.53.43:666][  0]LogConfig: Setting CVar [[r.VolumetricFog.HistoryMissSupersampleCount:4]]
[2022.07.19-04.53.43:666][  0]LogConfig: Setting CVar [[r.LightMaxDrawDistanceScale:1]]
[2022.07.19-04.53.43:666][  0]LogConfig: Setting CVar [[r.CapsuleShadows:1]]
[2022.07.19-04.53.43:666][  0]LogConfig: Applying CVar settings from Section [PostProcessQuality@3] File [C:/study/ProjectRun/Saved/Config/Windows/Scalability.ini]
[2022.07.19-04.53.43:666][  0]LogConfig: Setting CVar [[r.MotionBlurQuality:4]]
[2022.07.19-04.53.43:666][  0]LogConfig: Setting CVar [[r.AmbientOcclusionMipLevelFactor:0.4]]
[2022.07.19-04.53.43:666][  0]LogConfig: Setting CVar [[r.AmbientOcclusionMaxQuality:100]]
[2022.07.19-04.53.43:666][  0]LogConfig: Setting CVar [[r.AmbientOcclusionLevels:-1]]
[2022.07.19-04.53.43:666][  0]LogConfig: Setting CVar [[r.AmbientOcclusionRadiusScale:1.0]]
[2022.07.19-04.53.43:666][  0]LogConfig: Setting CVar [[r.DepthOfFieldQuality:2]]
[2022.07.19-04.53.43:666][  0]LogConfig: Setting CVar [[r.RenderTargetPoolMin:400]]
[2022.07.19-04.53.43:666][  0]LogConfig: Setting CVar [[r.LensFlareQuality:2]]
[2022.07.19-04.53.43:666][  0]LogConfig: Setting CVar [[r.SceneColorFringeQuality:1]]
[2022.07.19-04.53.43:666][  0]LogConfig: Setting CVar [[r.EyeAdaptationQuality:2]]
[2022.07.19-04.53.43:666][  0]LogConfig: Setting CVar [[r.BloomQuality:5]]
[2022.07.19-04.53.43:666][  0]LogConfig: Setting CVar [[r.FastBlurThreshold:100]]
[2022.07.19-04.53.43:666][  0]LogConfig: Setting CVar [[r.Upscale.Quality:3]]
[2022.07.19-04.53.43:666][  0]LogConfig: Setting CVar [[r.Tonemapper.GrainQuantization:1]]
[2022.07.19-04.53.43:666][  0]LogConfig: Setting CVar [[r.LightShaftQuality:1]]
[2022.07.19-04.53.43:666][  0]LogConfig: Setting CVar [[r.Filter.SizeScale:1]]
[2022.07.19-04.53.43:666][  0]LogConfig: Setting CVar [[r.Tonemapper.Quality:5]]
[2022.07.19-04.53.43:666][  0]LogConfig: Setting CVar [[r.DOF.Gather.AccumulatorQuality:1        ; higher gathering accumulator quality]]
[2022.07.19-04.53.43:666][  0]LogConfig: Setting CVar [[r.DOF.Gather.PostfilterMethod:1          ; Median3x3 postfilering method]]
[2022.07.19-04.53.43:666][  0]LogConfig: Setting CVar [[r.DOF.Gather.EnableBokehSettings:0       ; no bokeh simulation when gathering]]
[2022.07.19-04.53.43:666][  0]LogConfig: Setting CVar [[r.DOF.Gather.RingCount:4                 ; medium number of samples when gathering]]
[2022.07.19-04.53.43:666][  0]LogConfig: Setting CVar [[r.DOF.Scatter.ForegroundCompositing:1    ; additive foreground scattering]]
[2022.07.19-04.53.43:666][  0]LogConfig: Setting CVar [[r.DOF.Scatter.BackgroundCompositing:2    ; additive background scattering]]
[2022.07.19-04.53.43:666][  0]LogConfig: Setting CVar [[r.DOF.Scatter.EnableBokehSettings:1      ; bokeh simulation when scattering]]
[2022.07.19-04.53.43:666][  0]LogConfig: Setting CVar [[r.DOF.Scatter.MaxSpriteRatio:0.1         ; only a maximum of 10% of scattered bokeh]]
[2022.07.19-04.53.43:666][  0]LogConfig: Setting CVar [[r.DOF.Recombine.Quality:1                ; cheap slight out of focus]]
[2022.07.19-04.53.43:666][  0]LogConfig: Setting CVar [[r.DOF.Recombine.EnableBokehSettings:0    ; no bokeh simulation on slight out of focus]]
[2022.07.19-04.53.43:666][  0]LogConfig: Setting CVar [[r.DOF.TemporalAAQuality:1                ; more stable temporal accumulation]]
[2022.07.19-04.53.43:666][  0]LogConfig: Setting CVar [[r.DOF.Kernel.MaxForegroundRadius:0.025]]
[2022.07.19-04.53.43:666][  0]LogConfig: Setting CVar [[r.DOF.Kernel.MaxBackgroundRadius:0.025]]
[2022.07.19-04.53.43:666][  0]LogConfig: Applying CVar settings from Section [TextureQuality@3] File [C:/study/ProjectRun/Saved/Config/Windows/Scalability.ini]
[2022.07.19-04.53.43:666][  0]LogConfig: Setting CVar [[r.Streaming.MipBias:0]]
[2022.07.19-04.53.43:666][  0]LogConfig: Setting CVar [[r.Streaming.AmortizeCPUToGPUCopy:0]]
[2022.07.19-04.53.43:666][  0]LogConfig: Setting CVar [[r.Streaming.MaxNumTexturesToStreamPerFrame:0]]
[2022.07.19-04.53.43:666][  0]LogConfig: Setting CVar [[r.Streaming.Boost:1]]
[2022.07.19-04.53.43:666][  0]LogConfig: Setting CVar [[r.MaxAnisotropy:8]]
[2022.07.19-04.53.43:666][  0]LogConfig: Setting CVar [[r.VT.MaxAnisotropy:8]]
[2022.07.19-04.53.43:666][  0]LogConfig: Setting CVar [[r.Streaming.LimitPoolSizeToVRAM:0]]
[2022.07.19-04.53.43:666][  0]LogConfig: Setting CVar [[r.Streaming.PoolSize:1000]]
[2022.07.19-04.53.43:666][  0]LogConfig: Setting CVar [[r.Streaming.MaxEffectiveScreenSize:0]]
[2022.07.19-04.53.43:666][  0]LogConfig: Applying CVar settings from Section [EffectsQuality@3] File [C:/study/ProjectRun/Saved/Config/Windows/Scalability.ini]
[2022.07.19-04.53.43:666][  0]LogConfig: Setting CVar [[r.TranslucencyLightingVolumeDim:64]]
[2022.07.19-04.53.43:666][  0]LogConfig: Setting CVar [[r.RefractionQuality:2]]
[2022.07.19-04.53.43:666][  0]LogConfig: Setting CVar [[r.SSR.Quality:3]]
[2022.07.19-04.53.43:666][  0]LogConfig: Setting CVar [[r.SSR.HalfResSceneColor:0]]
[2022.07.19-04.53.43:666][  0]LogConfig: Setting CVar [[r.SceneColorFormat:4]]
[2022.07.19-04.53.43:666][  0]LogConfig: Setting CVar [[r.DetailMode:2]]
[2022.07.19-04.53.43:666][  0]LogConfig: Setting CVar [[r.TranslucencyVolumeBlur:1]]
[2022.07.19-04.53.43:666][  0]LogConfig: Setting CVar [[r.MaterialQualityLevel:1 ; High quality]]
[2022.07.19-04.53.43:666][  0]LogConfig: Setting CVar [[r.AnisotropicMaterials:1]]
[2022.07.19-04.53.43:666][  0]LogConfig: Setting CVar [[r.SSS.Scale:1]]
[2022.07.19-04.53.43:666][  0]LogConfig: Setting CVar [[r.SSS.SampleSet:2]]
[2022.07.19-04.53.43:666][  0]LogConfig: Setting CVar [[r.SSS.Quality:1]]
[2022.07.19-04.53.43:666][  0]LogConfig: Setting CVar [[r.SSS.HalfRes:0]]
[2022.07.19-04.53.43:666][  0]LogConfig: Setting CVar [[r.SSGI.Quality:3]]
[2022.07.19-04.53.43:666][  0]LogConfig: Setting CVar [[r.EmitterSpawnRateScale:1.0]]
[2022.07.19-04.53.43:666][  0]LogConfig: Setting CVar [[r.ParticleLightQuality:2]]
[2022.07.19-04.53.43:666][  0]LogConfig: Setting CVar [[r.SkyAtmosphere.AerialPerspectiveLUT.FastApplyOnOpaque:1 ; Always have FastSkyLUT 1 in this case to avoid wrong sky]]
[2022.07.19-04.53.43:666][  0]LogConfig: Setting CVar [[r.SkyAtmosphere.AerialPerspectiveLUT.SampleCountMaxPerSlice:4]]
[2022.07.19-04.53.43:666][  0]LogConfig: Setting CVar [[r.SkyAtmosphere.AerialPerspectiveLUT.DepthResolution:16.0]]
[2022.07.19-04.53.43:666][  0]LogConfig: Setting CVar [[r.SkyAtmosphere.FastSkyLUT:1]]
[2022.07.19-04.53.43:666][  0]LogConfig: Setting CVar [[r.SkyAtmosphere.FastSkyLUT.SampleCountMin:4.0]]
[2022.07.19-04.53.43:666][  0]LogConfig: Setting CVar [[r.SkyAtmosphere.FastSkyLUT.SampleCountMax:128.0]]
[2022.07.19-04.53.43:666][  0]LogConfig: Setting CVar [[r.SkyAtmosphere.SampleCountMin:4.0]]
[2022.07.19-04.53.43:666][  0]LogConfig: Setting CVar [[r.SkyAtmosphere.SampleCountMax:128.0]]
[2022.07.19-04.53.43:666][  0]LogConfig: Setting CVar [[r.SkyAtmosphere.TransmittanceLUT.UseSmallFormat:0]]
[2022.07.19-04.53.43:666][  0]LogConfig: Setting CVar [[r.SkyAtmosphere.TransmittanceLUT.SampleCount:10.0]]
[2022.07.19-04.53.43:666][  0]LogConfig: Setting CVar [[r.SkyAtmosphere.MultiScatteringLUT.SampleCount:15.0]]
[2022.07.19-04.53.43:666][  0]LogConfig: Setting CVar [[r.SkyLight.RealTimeReflectionCapture:1]]
[2022.07.19-04.53.43:666][  0]LogConfig: Applying CVar settings from Section [FoliageQuality@3] File [C:/study/ProjectRun/Saved/Config/Windows/Scalability.ini]
[2022.07.19-04.53.43:666][  0]LogConfig: Setting CVar [[foliage.DensityScale:1.0]]
[2022.07.19-04.53.43:666][  0]LogConfig: Setting CVar [[grass.DensityScale:1.0]]
[2022.07.19-04.53.43:666][  0]LogConfig: Applying CVar settings from Section [ShadingQuality@3] File [C:/study/ProjectRun/Saved/Config/Windows/Scalability.ini]
[2022.07.19-04.53.43:666][  0]LogConfig: Setting CVar [[r.HairStrands.SkyLighting.IntegrationType:2]]
[2022.07.19-04.53.43:666][  0]LogConfig: Setting CVar [[r.HairStrands.SkyAO.SampleCount:4]]
[2022.07.19-04.53.43:666][  0]LogConfig: Setting CVar [[r.HairStrands.Visibility.MSAA.SamplePerPixel:4]]
[2022.07.19-04.53.43:666][  0]LogConfig: Applying CVar settings from Section [Startup] File [../../../Engine/Config/ConsoleVariables.ini]
[2022.07.19-04.53.43:667][  0]LogConfig: Setting CVar [[net.UseAdaptiveNetUpdateFrequency:0]]
[2022.07.19-04.53.43:667][  0]LogConfig: Setting CVar [[p.chaos.AllowCreatePhysxBodies:1]]
[2022.07.19-04.53.43:667][  0]LogConfig: Setting CVar [[fx.SkipVectorVMBackendOptimizations:1]]
[2022.07.19-04.53.43:667][  0]LogConfig: Applying CVar settings from Section [ConsoleVariables] File [C:/study/ProjectRun/Saved/Config/Windows/Engine.ini]
[2022.07.19-04.53.43:667][  0]LogConfig: Applying CVar settings from Section [ConsoleVariables] File [C:/study/ProjectRun/Saved/Config/Windows/Editor.ini]
[2022.07.19-04.53.43:667][  0]LogInit: Computer: LEEMINSEOK
[2022.07.19-04.53.43:667][  0]LogInit: User: sycym
[2022.07.19-04.53.43:667][  0]LogInit: CPU Page size=4096, Cores=14
[2022.07.19-04.53.43:667][  0]LogInit: High frequency timer resolution =10.000000 MHz
[2022.07.19-04.53.43:667][  0]LogMemory: Memory total: Physical=15.7GB (16GB approx)
[2022.07.19-04.53.43:667][  0]LogMemory: Platform Memory Stats for Windows
[2022.07.19-04.53.43:667][  0]LogMemory: Process Physical Memory: 149.47 MB used, 149.47 MB peak
[2022.07.19-04.53.43:667][  0]LogMemory: Process Virtual Memory: 134.87 MB used, 134.87 MB peak
[2022.07.19-04.53.43:667][  0]LogMemory: Physical Memory: 10132.57 MB used,  5919.37 MB free, 16051.94 MB total
[2022.07.19-04.53.43:667][  0]LogMemory: Virtual Memory: 134211800.00 MB used,  5931.20 MB free, 134217728.00 MB total
[2022.07.19-04.53.43:673][  0]LogWindows: WindowsPlatformFeatures enabled
[2022.07.19-04.53.43:723][  0]LogInit: Physics initialised using underlying interface: PhysX
[2022.07.19-04.53.43:723][  0]LogInit: Using OS detected language (ko-KR).
[2022.07.19-04.53.43:723][  0]LogInit: Using OS detected locale (ko-KR).
[2022.07.19-04.53.43:725][  0]LogTextLocalizationManager: No specific localization for 'ko-KR' exists, so the 'ko' localization will be used.
[2022.07.19-04.53.43:834][  0]LogWindowsTextInputMethodSystem: Display: IME system deactivated.
[2022.07.19-04.53.43:849][  0]LogSlate: New Slate User Created.  User Index 0, Is Virtual User: 0
[2022.07.19-04.53.43:849][  0]LogSlate: Slate User Registered.  User Index 0, Is Virtual User: 0
[2022.07.19-04.53.43:860][  0]LogD3D11RHI: Loaded GFSDK_Aftermath_Lib.x64.dll
[2022.07.19-04.53.43:865][  0]LogHMD: Failed to initialize OpenVR with code 110
[2022.07.19-04.53.43:865][  0]LogD3D11RHI: D3D11 min allowed feature level: 11_0
[2022.07.19-04.53.43:865][  0]LogD3D11RHI: D3D11 max allowed feature level: 11_0
[2022.07.19-04.53.43:865][  0]LogD3D11RHI: D3D11 adapters:
[2022.07.19-04.53.43:946][  0]LogD3D11RHI:    0. 'NVIDIA GeForce RTX 3070 Ti Laptop GPU' (Feature Level 11_0)
[2022.07.19-04.53.43:946][  0]LogD3D11RHI:       8043/0/8025 MB DedicatedVideo/DedicatedSystem/SharedSystem, Outputs:1, VendorId:0x10de
[2022.07.19-04.53.43:974][  0]LogD3D11RHI:    1. 'Intel(R) Iris(R) Xe Graphics' (Feature Level 11_0)
[2022.07.19-04.53.43:974][  0]LogD3D11RHI:       128/0/8025 MB DedicatedVideo/DedicatedSystem/SharedSystem, Outputs:0, VendorId:0x8086
[2022.07.19-04.53.43:977][  0]LogD3D11RHI:    2. 'Microsoft Basic Render Driver' (Feature Level 11_0)
[2022.07.19-04.53.43:977][  0]LogD3D11RHI:       0/0/8025 MB DedicatedVideo/DedicatedSystem/SharedSystem, Outputs:0, VendorId:0x1414
[2022.07.19-04.53.43:977][  0]LogD3D11RHI: Chosen D3D11 Adapter:
[2022.07.19-04.53.43:977][  0]LogD3D11RHI:     Description : NVIDIA GeForce RTX 3070 Ti Laptop GPU
[2022.07.19-04.53.43:977][  0]LogD3D11RHI:     VendorId    : 10de
[2022.07.19-04.53.43:977][  0]LogD3D11RHI:     DeviceId    : 24e0
[2022.07.19-04.53.43:977][  0]LogD3D11RHI:     SubSysId    : 8a14103c
[2022.07.19-04.53.43:977][  0]LogD3D11RHI:     Revision    : 00a1
[2022.07.19-04.53.43:977][  0]LogD3D11RHI:     DedicatedVideoMemory : 8433696768 bytes
[2022.07.19-04.53.43:977][  0]LogD3D11RHI:     DedicatedSystemMemory : 0 bytes
[2022.07.19-04.53.43:977][  0]LogD3D11RHI:     SharedSystemMemory : 8415840256 bytes
[2022.07.19-04.53.43:977][  0]LogD3D11RHI:     AdapterLuid : 0 69658
[2022.07.19-04.53.43:982][  0]LogD3D11RHI: Creating new Direct3DDevice
[2022.07.19-04.53.43:982][  0]LogD3D11RHI:     GPU DeviceId: 0x24e0 (for the marketing name, search the web for "GPU Device Id")
[2022.07.19-04.53.43:982][  0]LogWindows: EnumDisplayDevices:
[2022.07.19-04.53.43:982][  0]LogWindows:    0. 'Intel(R) Iris(R) Xe Graphics' (P:0 D:0)
[2022.07.19-04.53.43:983][  0]LogWindows:    1. 'Intel(R) Iris(R) Xe Graphics' (P:0 D:0)
[2022.07.19-04.53.43:983][  0]LogWindows:    2. 'Intel(R) Iris(R) Xe Graphics' (P:0 D:0)
[2022.07.19-04.53.43:983][  0]LogWindows:    3. 'Intel(R) Iris(R) Xe Graphics' (P:0 D:0)
[2022.07.19-04.53.43:983][  0]LogWindows:    4. 'NVIDIA GeForce RTX 3070 Ti Laptop GPU' (P:1 D:1)
[2022.07.19-04.53.43:983][  0]LogWindows:    5. 'NVIDIA GeForce RTX 3070 Ti Laptop GPU' (P:0 D:0)
[2022.07.19-04.53.43:983][  0]LogWindows:    6. 'NVIDIA GeForce RTX 3070 Ti Laptop GPU' (P:0 D:0)
[2022.07.19-04.53.43:983][  0]LogWindows:    7. 'NVIDIA GeForce RTX 3070 Ti Laptop GPU' (P:0 D:0)
[2022.07.19-04.53.43:983][  0]LogWindows: DebugString: PrimaryIsNotTheChoosenAdapter PrimaryIsNotTheChoosenAdapter PrimaryIsNotTheChoosenAdapter PrimaryIsNotTheChoosenAdapter FoundDriverCount:4 
[2022.07.19-04.53.43:983][  0]LogD3D11RHI:     Adapter Name: NVIDIA GeForce RTX 3070 Ti Laptop GPU
[2022.07.19-04.53.43:983][  0]LogD3D11RHI:   Driver Version: 512.78 (internal:30.0.15.1278, unified:512.78)
[2022.07.19-04.53.43:983][  0]LogD3D11RHI:      Driver Date: 5-5-2022
[2022.07.19-04.53.43:983][  0]LogRHI: Texture pool is 5630 MB (70% of 8043 MB)
[2022.07.19-04.53.43:983][  0]LogD3D11RHI: Creating D3DDevice using adapter:
[2022.07.19-04.53.43:983][  0]LogD3D11RHI:     Description : NVIDIA GeForce RTX 3070 Ti Laptop GPU
[2022.07.19-04.53.43:983][  0]LogD3D11RHI:     VendorId    : 10de
[2022.07.19-04.53.43:983][  0]LogD3D11RHI:     DeviceId    : 24e0
[2022.07.19-04.53.43:983][  0]LogD3D11RHI:     SubSysId    : 8a14103c
[2022.07.19-04.53.43:983][  0]LogD3D11RHI:     Revision    : 00a1
[2022.07.19-04.53.43:983][  0]LogD3D11RHI:     DedicatedVideoMemory : 8433696768 bytes
[2022.07.19-04.53.43:983][  0]LogD3D11RHI:     DedicatedSystemMemory : 0 bytes
[2022.07.19-04.53.43:983][  0]LogD3D11RHI:     SharedSystemMemory : 8415840256 bytes
[2022.07.19-04.53.43:983][  0]LogD3D11RHI:     AdapterLuid : 0 69658
[2022.07.19-04.53.44:036][  0]LogD3D11RHI: RHI has support for 64 bit atomics
[2022.07.19-04.53.44:036][  0]LogD3D11RHI: Async texture creation enabled
[2022.07.19-04.53.44:036][  0]LogD3D11RHI: Array index from any shader is supported
[2022.07.19-04.53.44:057][  0]LogD3D11RHI: GPU Timing Frequency: 1000.000000 (Debug: 2 2)
[2022.07.19-04.53.44:078][  0]LogRHI: GeForceNow SDK initialized: 1
[2022.07.19-04.53.44:328][  0]LogTargetPlatformManager: Display: Loaded TargetPlatform 'WindowsNoEditor'
[2022.07.19-04.53.44:331][  0]LogTargetPlatformManager: Display: Loaded TargetPlatform 'Windows'
[2022.07.19-04.53.44:336][  0]LogTargetPlatformManager: Display: Loaded TargetPlatform 'WindowsClient'
[2022.07.19-04.53.44:340][  0]LogTargetPlatformManager: Display: Loaded TargetPlatform 'WindowsServer'
[2022.07.19-04.53.44:341][  0]LogTargetPlatformManager: Display: Building Assets For Windows
[2022.07.19-04.53.44:349][  0]LogAudioDebug: Display: Lib vorbis DLL was dynamically loaded.
[2022.07.19-04.53.44:383][  0]LogTextureFormatOodle: Display: Oodle Texture 2.9.0 init RDO Off
[2022.07.19-04.53.44:417][  0]LogRendererCore: Ray tracing is disabled. Reason: r.RayTracing=0.
[2022.07.19-04.53.44:417][  0]LogShaderCompilers: Guid format shader working directory is 13 characters bigger than the processId version (../../../../../../study/ProjectRun/Intermediate/Shaders/WorkingDirectory/824/).
[2022.07.19-04.53.44:418][  0]LogShaderCompilers: Cleaned the shader compiler working directory 'C:/Users/sycym/AppData/Local/Temp/UnrealShaderWorkingDir/BE5AB60B44830FE5601A35A8654F2FE0/'.
[2022.07.19-04.53.44:418][  0]LogShaderCompilers: Display: Using XGE Controller for Shader Compilation.
[2022.07.19-04.53.44:967][  0]LogDerivedDataCache: Display: Max Cache Size: 512 MB
[2022.07.19-04.53.45:012][  0]LogDerivedDataCache: Loaded boot cache 0.04s 94MB C:/Users/sycym/AppData/Local/UnrealEngine/4.27/DerivedDataCache/Boot.ddc.
[2022.07.19-04.53.45:012][  0]LogDerivedDataCache: Display: Loaded Boot cache: C:/Users/sycym/AppData/Local/UnrealEngine/4.27/DerivedDataCache/Boot.ddc
[2022.07.19-04.53.45:012][  0]LogDerivedDataCache: FDerivedDataBackendGraph:  Pak pak cache file ../../../../../../study/ProjectRun/DerivedDataCache/DDC.ddp not found, will not use a pak cache.
[2022.07.19-04.53.45:012][  0]LogDerivedDataCache: Unable to find inner node Pak for hierarchical cache Hierarchy.
[2022.07.19-04.53.45:012][  0]LogDerivedDataCache: FDerivedDataBackendGraph:  CompressedPak pak cache file ../../../../../../study/ProjectRun/DerivedDataCache/Compressed.ddp not found, will not use a pak cache.
[2022.07.19-04.53.45:012][  0]LogDerivedDataCache: Unable to find inner node CompressedPak for hierarchical cache Hierarchy.
[2022.07.19-04.53.45:024][  0]LogDerivedDataCache: Display: Pak cache opened for reading ../../../Engine/DerivedDataCache/Compressed.ddp.
[2022.07.19-04.53.45:025][  0]LogDerivedDataCache: FDerivedDataBackendGraph:  EnterprisePak pak cache file ../../../Enterprise/DerivedDataCache/Compressed.ddp not found, will not use a pak cache.
[2022.07.19-04.53.45:025][  0]LogDerivedDataCache: Unable to find inner node EnterprisePak for hierarchical cache Hierarchy.
[2022.07.19-04.53.45:040][  0]LogDerivedDataCache: Speed tests for C:/Users/sycym/AppData/Local/UnrealEngine/Common/DerivedDataCache took 0.02 seconds
[2022.07.19-04.53.45:040][  0]LogDerivedDataCache: Display: Performance to C:/Users/sycym/AppData/Local/UnrealEngine/Common/DerivedDataCache: Latency=0.02ms. RandomReadSpeed=1621.64MBs, RandomWriteSpeed=63.12MBs. Assigned SpeedClass 'Local'
[2022.07.19-04.53.45:041][  0]LogDerivedDataCache: Using Local data cache path C:/Users/sycym/AppData/Local/UnrealEngine/Common/DerivedDataCache: Writable
[2022.07.19-04.53.45:041][  0]LogDerivedDataCache: Shared data cache path not found in *engine.ini, will not use an Shared cache.
[2022.07.19-04.53.45:041][  0]LogDerivedDataCache: Unable to find inner node Shared for hierarchical cache Hierarchy.
[2022.07.19-04.53.45:063][  0]LogSlate: Using FreeType 2.10.0
[2022.07.19-04.53.45:063][  0]LogSlate: SlateFontServices - WITH_FREETYPE: 1, WITH_HARFBUZZ: 1
[2022.07.19-04.53.45:125][  0]LogInit: Using OS detected language (ko-KR).
[2022.07.19-04.53.45:125][  0]LogInit: Using OS detected locale (ko-KR).
[2022.07.19-04.53.45:125][  0]LogTextLocalizationManager: No localization for 'ko-KR' exists, so 'en' will be used for the language.
[2022.07.19-04.53.45:125][  0]LogTextLocalizationManager: No localization for 'ko-KR' exists, so 'en' will be used for the locale.
[2022.07.19-04.53.45:125][  0]LogSlate: FontCache flush requested. Reason: Culture for localization was changed
[2022.07.19-04.53.45:125][  0]LogSlate: FontCache flush requested. Reason: Culture for localization was changed
[2022.07.19-04.53.45:127][  0]LogAssetRegistry: FAssetRegistry took 0.0012 seconds to start up
[2022.07.19-04.53.45:232][  0]LogTextLocalizationManager: Compacting localization data took   0.00ms
[2022.07.19-04.53.45:232][  0]LogPackageLocalizationCache: Processed 27 localized package path(s) for 1 prioritized culture(s) in 0.000744 seconds
[2022.07.19-04.53.45:272][  0]LogInit: Selected Device Profile: [Windows]
[2022.07.19-04.53.45:272][  0]LogInit: Active device profile: [00000287ED567C00][00000287E7878F00 49] Windows
[2022.07.19-04.53.45:272][  0]LogInit: Profiles: [00000287ED567C00][00000287E7878F00 49] Windows, [00000287ED51C500][00000287E897F080 49] WindowsNoEditor, [00000287ED564500][00000287E8983200 49] WindowsServer, [00000287ED51F600][00000287E897B340 49] WindowsClient, [00000287ED567500][00000287E8987480 49] IOS, [00000287ED51CE00][00000287E898B5C0 49] iPadAir, [00000287ED564D00][00000287E898F700 49] iPadAir2, [00000287ED4D4600][00000287E899B9C0 49] IPadPro, [00000287ED4D4700][00000287E8997A00 49] iPadAir3, [00000287ED566F00][00000287E8095B80 49] iPadAir4, [00000287ED4D7A00][00000287E8098180 49] iPadMini2, [00000287ED565100][00000287E809C300 49] iPadMini3, [00000287ED4D5600][00000287E80A0480 49] iPadMini4, [00000287ED566800][00000287E80A4600 49] iPadMini5, [00000287ED4CBE00][00000287E80AC8C0 49] iPhone6, [00000287ED4CBF00][00000287E80A8900 49] iPodTouch6, [00000287ED51F400][00000287E80B4BC0 49] iPhone7, [00000287ED51EE00][00000287E80B0C00 49] iPodTouch7, [00000287ED4C8A00][00000287E80B8D80 49] iPhone5S, [00000287ED51E400][00000287E80BCF00 49] iPhone6Plus, [00000287ED4CB000][00000287E80C1080 49] iPhone6S, [00000287ED51CF00][00000287E80C5200 49] iPhone6SPlus, [00000287ED4C9100][00000287E80C9380 49] iPhone7Plus, [00000287ED51F800][00000287E89934C0 49] iPhoneSE, [00000287ED4CA900][00000287E7B5B600 49] iPhone8, [00000287ED51D300][00000287E7B5F740 49] iPhone8Plus, [00000287ED4C9800][00000287E7B63880 49] iPhoneX, [00000287ED51F000][00000287E7B6BA00 49] iPhoneXS, [00000287ED4CBB00][00000287E7B6FB80 49] iPhoneXSMax, [00000287ED51DC00][00000287E7B72180 49] iPhoneXR, [00000287ED4C8700][00000287E7B76300 49] iPhone11, [00000287ED51ED00][00000287E7B7A480 49] iPhone11Pro, [00000287ED4CB100][00000287E7B7E600 49] iPhone11ProMax, [00000287ED51C700][00000287E7B82780 49] iPhoneSE2, [00000287ED4CAD00][00000287E7B86900 49] iPhone12Mini, [00000287ED51EA00][00000287E7B8AA80 49] iPhone12, [00000287ED4C9300][00000287E7B8EC00 49] iPhone12Pro, [00000287ED51DF00][00000287E7B92D80 49] iPhone12ProMax, [00000287ED4C8900][00000287E7B96F00 49] iPadPro105, [00000287ED51C200][00000287E7B9B080 49] iPadPro129, [00000287ED4CB300][00000287E7B9F200 49] iPadPro97, [00000287ED51D100][00000287E7BA3380 49] iPadPro2_129, [00000287ED4C9200][00000287E9543500 49] iPad5, [00000287ED51DA00][00000287E9547680 49] iPad6, [00000287ED4C9B00][00000287E7B677C0 49] iPad7, [00000287ED51CB00][00000287E954B900 49] iPad8, [00000287ED4CBC00][00000287E954FA40 49] iPadPro11, [00000287ED51CC00][00000287E9557BC0 49] iPadPro2_11, [00000287ED4C8E00][00000287E955A1C0 49] iPadPro3_129, [00000287ED51C900][00000287E955E340 49] iPadPro4_129, [00000287ED4C9D00][00000287E95624C0 49] AppleTV, [00000287ED51FB00][00000287E9566640 49] AppleTV4K, [00000287ED4CA500][00000287E956A7C0 49] TVOS, [00000287ED51E900][00000287E956E940 49] Mac, [00000287ED4C8B00][00000287E9572AC0 49] MacClient, [00000287ED51F200][00000287E9576C40 49] MacNoEditor, [00000287ED4C9F00][00000287E957ADC0 49] MacServer, [00000287ED51E800][00000287E957EF40 49] Linux, [00000287ED4CAA00][00000287E95830C0 49] LinuxAArch64, [00000287ED51DD00][00000287E9587240 49] LinuxNoEditor, [00000287ED4C8200][00000287E958B3C0 49] LinuxAArch64NoEditor, [00000287ED51E500][00000287E958F540 49] LinuxClient, [00000287ED4C9000][00000287E95936C0 49] LinuxAArch64Client, [00000287ED51F300][00000287E9597840 49] LinuxServer, [00000287ED4C9700][00000287E9553980 49] LinuxAArch64Server, [00000287ED51D500][00000287E959BAC0 49] Android, [00000287ED4CB600][00000287E959FC00 49] Android_Low, [00000287ED51FF00][00000287E95A21C0 49] Android_Mid, [00000287ED4CAB00][00000287E95AA340 49] Android_High, [00000287ED565400][00000287E95AE4C0 49] Android_Default, [00000287ED59E700][00000287E95B2640 49] Android_Adreno4xx, [00000287ED567A00][00000287E95B67C0 49] Android_Adreno5xx_Low, [00000287ED59C300][00000287E95BA940 49] Android_Adreno5xx, [00000287ED567000][00000287E95BEAC0 49] Android_Adreno6xx, [00000287ED59D200][00000287E95C2C40 49] Android_Adreno6xx_Vulkan, [00000287ED565B00][00000287E95C6DC0 49] Android_Mali_T6xx, [00000287ED59D700][00000287E95CAF40 49] Android_Mali_T7xx, [00000287ED564A00][00000287E8EC30C0 49] Android_Mali_T8xx, [00000287ED59CD00][00000287E8EC7240 49] Android_Mali_G71, [00000287ED566900][00000287E8ECB3C0 49] Android_Mali_G72, [00000287ED59D900][00000287E8ECF540 49] Android_Mali_G72_Vulkan, [00000287ED567700][00000287E8ED36C0 49] Android_Mali_G76, [00000287ED59D400][00000287E8ED7840 49] Android_Mali_G76_Vulkan, [00000287ED566E00][00000287E8EDB9C0 49] Android_Mali_G77, [00000287ED59EA00][00000287E95A7B00 49] Android_Mali_G77_Vulkan, [00000287ED567D00][00000287E8EDE0C0 49] Android_Mali_G78, [00000287ED59DC00][00000287E8EE2200 49] Android_Mali_G78_Vulkan, [00000287ED566600][00000287E8EE6340 49] Android_Mali_G710, [00000287ED59C400][00000287E8EEE4C0 49] Android_Mali_G710_Vulkan, [00000287ED4CB200][00000287E8EF2640 49] Android_Vulkan_SM5, [00000287ED59E200][00000287E8EF67C0 49] Android_PowerVR_G6xxx, [00000287ED4CBA00][00000287E8EFA940 49] Android_PowerVR_GT7xxx, [00000287ED59E300][00000287E8EFEAC0 49] Android_PowerVR_GE8xxx, [00000287ED4C9E00][00000287E8F02C40 49] Android_PowerVR_GM9xxx, [00000287ED59DF00][00000287E8F06DC0 49] Android_PowerVR_GM9xxx_Vulkan, [00000287ED4C8100][00000287E8F0AF40 49] Android_TegraK1, [00000287ED59EB00][00000287E8F0F0C0 49] Android_Unknown_Vulkan, [00000287ED4CBD00][00000287E8F13240 49] Lumin, [00000287ED59CC00][00000287E8F173C0 49] Lumin_Desktop, [00000287ED4C9400][00000287E8F1B540 49] HoloLens, 
[2022.07.19-04.53.45:313][  0]LogMeshReduction: Using QuadricMeshReduction for automatic static mesh reduction
[2022.07.19-04.53.45:313][  0]LogMeshReduction: Using SimplygonMeshReduction for automatic skeletal mesh reduction
[2022.07.19-04.53.45:313][  0]LogMeshReduction: Using ProxyLODMeshReduction for automatic mesh merging
[2022.07.19-04.53.45:313][  0]LogMeshReduction: No distributed automatic mesh merging module available
[2022.07.19-04.53.45:313][  0]LogMeshMerging: No distributed automatic mesh merging module available
[2022.07.19-04.53.45:389][  0]LogNetVersion: ProjectRun 1.0.0, NetCL: 17155196, EngineNetVer: 17, GameNetVer: 0 (Checksum: 340476433)
[2022.07.19-04.53.45:553][  0]LogTexture: Default maximum texture size for cubemaps generated from long-lat sources has been changed from 512 to unlimited. In order to preserve old behaiour for '/Engine/MapTemplates/Sky/DaylightAmbientCubemap.DaylightAmbientCubemap', its maximum texture size has been explicitly set to 512.
[2022.07.19-04.53.45:592][  0]LogHMD: PokeAHoleMaterial loaded successfully
[2022.07.19-04.53.45:688][  0]LogMoviePlayer: Initializing movie player
[2022.07.19-04.53.45:846][  0]LogPython: Using Python 3.7.7
[2022.07.19-04.53.46:139][  0]LogTcpMessaging: Initializing TcpMessaging bridge
[2022.07.19-04.53.46:151][  0]LogNiagaraDebuggerClient: Niagara Debugger Client Initialized | Session: BBA909E4411D91C468ADAEBCD4FE2D96 | Instance: B80F3A464D373BD6730F0597FC6CCD67 (LEEMINSEOK-824).
[2022.07.19-04.53.46:169][  0]LogCollectionManager: Loaded 0 collections in 0.001156 seconds
[2022.07.19-04.53.46:171][  0]LogFileCache: Scanning file cache for directory 'C:/study/ProjectRun/Saved/Collections/' took 0.00s
[2022.07.19-04.53.46:171][  0]LogFileCache: Scanning file cache for directory 'C:/study/ProjectRun/Content/Developers/sycym/Collections/' took 0.00s
[2022.07.19-04.53.46:171][  0]LogCollectionManager: Fixed up redirectors for 0 collections in 0.000001 seconds (updated 0 objects)
[2022.07.19-04.53.46:193][  0]LogFileCache: Scanning file cache for directory 'C:/study/ProjectRun/Content/Collections/' took 0.00s
[2022.07.19-04.53.46:193][  0]LogUdpMessaging: Initializing bridge on interface 0.0.0.0:0 to multicast group 230.0.0.1:6666.
[2022.07.19-04.53.46:193][  0]FUdpSocketBuilder: Failed to subscribe UdpMessageMulticastSocket to multicast group 230.0.0.1 on interface 0.0.0.0
[2022.07.19-04.53.46:193][  0]FUdpSocketBuilder: Failed to create and initialize socket UdpMessageMulticastSocket (last error: 0)
[2022.07.19-04.53.46:193][  0]LogUdpMessaging: Warning: StartTransport failed to create multicast socket on 0.0.0.0:0, joined to 230.0.0.1:6666 with TTL 1
[2022.07.19-04.53.46:230][  0]LogSteamShared: Display: Loading Steam SDK 1.51
[2022.07.19-04.53.46:232][  0]LogSteamShared: Steam SDK Loaded!
[2022.07.19-04.53.46:289][  0]SourceControl: Source control is disabled
[2022.07.19-04.53.46:289][  0]SourceControl: Source control is disabled
[2022.07.19-04.53.46:293][  0]SourceControl: Source control is disabled
[2022.07.19-04.53.46:302][  0]LogUProjectInfo: Found projects:
[2022.07.19-04.53.46:378][  0]LogOpenImageDenoise: OIDN starting up
[2022.07.19-04.53.46:416][  0]LogAndroidPermission: UAndroidPermissionCallbackProxy::GetInstance
[2022.07.19-04.53.46:430][  0]LogAudioCaptureCore: Display: No Audio Capture implementations found. Audio input will be silent.
[2022.07.19-04.53.46:430][  0]LogAudioCaptureCore: Display: No Audio Capture implementations found. Audio input will be silent.
[2022.07.19-04.53.46:497][  0]LogOcInput: OculusInput pre-init called
[2022.07.19-04.53.46:503][  0]LogUObjectArray: 22352 objects as part of root set at end of initial load.
[2022.07.19-04.53.46:503][  0]LogUObjectAllocator: 6048224 out of 0 bytes used by permanent object pool.
[2022.07.19-04.53.46:503][  0]LogUObjectArray: CloseDisregardForGC: 0/0 objects in disregard for GC pool
[2022.07.19-04.53.46:543][  0]LogClass: Display: BoolProperty FBPSteamGroupOfficer::bIsOwner is not initialized properly. Module:AdvancedSteamSessions File:Classes/SteamRequestGroupOfficersCallbackProxy.h
[2022.07.19-04.53.46:543][  0]LogClass: Display: IntProperty FBPSteamGroupInfo::numOnline is not initialized properly. Module:AdvancedSteamSessions File:Classes/AdvancedSteamFriendsLibrary.h
[2022.07.19-04.53.46:543][  0]LogClass: Display: IntProperty FBPSteamGroupInfo::numInGame is not initialized properly. Module:AdvancedSteamSessions File:Classes/AdvancedSteamFriendsLibrary.h
[2022.07.19-04.53.46:543][  0]LogClass: Display: IntProperty FBPSteamGroupInfo::numChatting is not initialized properly. Module:AdvancedSteamSessions File:Classes/AdvancedSteamFriendsLibrary.h
[2022.07.19-04.53.46:543][  0]LogClass: Display: 4 Uninitialized script struct members found including 0 object properties
[2022.07.19-04.53.46:543][  0]LogEngine: Initializing Engine...
[2022.07.19-04.53.46:546][  0]LogHMD: Failed to enumerate extensions. Please check that you have a valid OpenXR runtime installed.
[2022.07.19-04.53.46:546][  0]LogHMD: Failed to initialize OpenVR with code 110
[2022.07.19-04.53.46:546][  0]LogMagicLeap: Warning: VR disabled because ZI is not enabled.  To enable, in the editor, Edit -> Project Settings -> Plugins -> Magic Leap Plugin -> Enable Zero Iteration
[2022.07.19-04.53.46:548][  0]LogStats: UGameplayTagsManager::InitializeManager -  0.000 s
[2022.07.19-04.53.46:617][  0]LogInit: Initializing FReadOnlyCVARCache
[2022.07.19-04.53.46:618][  0]LogAudio: Display: Initializing Audio Device Manager...
[2022.07.19-04.53.46:622][  0]LogAudio: Display: Loading Default Audio Settings Objects...
[2022.07.19-04.53.46:622][  0]LogAudio: Display: No default SoundConcurrencyObject specified (or failed to load).
[2022.07.19-04.53.46:623][  0]LogAudio: Display: Audio Device Manager Initialized
[2022.07.19-04.53.46:623][  0]LogAudio: Display: Creating Audio Device:                 Id: 1, Scope: Shared, Realtime: True
[2022.07.19-04.53.46:623][  0]LogAudioMixer: Display: Audio Mixer Platform Settings:
[2022.07.19-04.53.46:623][  0]LogAudioMixer: Display: 	Sample Rate:						  48000
[2022.07.19-04.53.46:623][  0]LogAudioMixer: Display: 	Callback Buffer Frame Size Requested: 1024
[2022.07.19-04.53.46:623][  0]LogAudioMixer: Display: 	Callback Buffer Frame Size To Use:	  1024
[2022.07.19-04.53.46:623][  0]LogAudioMixer: Display: 	Number of buffers to queue:			  2
[2022.07.19-04.53.46:623][  0]LogAudioMixer: Display: 	Max Channels (voices):				  32
[2022.07.19-04.53.46:623][  0]LogAudioMixer: Display: 	Number of Async Source Workers:		  0
[2022.07.19-04.53.46:623][  0]LogAudio: Display: AudioDevice MaxSources: 32
[2022.07.19-04.53.46:623][  0]LogAudio: Display: Audio Spatialization Plugin: None (built-in).
[2022.07.19-04.53.46:623][  0]LogAudio: Display: Audio Reverb Plugin: None (built-in).
[2022.07.19-04.53.46:623][  0]LogAudio: Display: Audio Occlusion Plugin: None (built-in).
[2022.07.19-04.53.46:623][  0]LogAudioMixer: Display: Initializing audio mixer.
[2022.07.19-04.53.46:634][  0]LogAudioMixer: Display: 0: FrontLeft
[2022.07.19-04.53.46:634][  0]LogAudioMixer: Display: 1: FrontRight
[2022.07.19-04.53.46:722][  0]LogAudioMixer: Display: Using Audio Device Speaker(Realtek(R) Audio)
[2022.07.19-04.53.46:723][  0]LogAudioMixer: Display: Initializing Sound Submixes...
[2022.07.19-04.53.46:724][  0]LogAudioMixer: Display: Creating Master Submix 'MasterSubmixDefault'
[2022.07.19-04.53.46:724][  0]LogAudioMixer: Display: Creating Master Submix 'MasterReverbSubmixDefault'
[2022.07.19-04.53.46:726][  0]LogAudioMixer: Display: Creating Master Submix 'MasterEQSubmixDefault'
[2022.07.19-04.53.46:726][  0]LogAudioMixer: FMixerPlatformXAudio2::StartAudioStream() called
[2022.07.19-04.53.46:726][  0]LogAudioMixer: Display: Output buffers initialized: Frames=1024, Channels=2, Samples=2048
[2022.07.19-04.53.46:726][  0]LogAudioMixer: Display: Starting AudioMixerPlatformInterface::RunInternal()
[2022.07.19-04.53.46:726][  0]LogAudioMixer: Display: FMixerPlatformXAudio2::SubmitBuffer() called for the first time
[2022.07.19-04.53.46:726][  0]LogInit: FAudioDevice initialized.
[2022.07.19-04.53.46:727][  0]LogNetVersion: Set ProjectVersion to 1.0.0.0. Version Checksum will be recalculated on next use.
[2022.07.19-04.53.46:728][  0]LogInit: Texture streaming: Enabled
[2022.07.19-04.53.46:778][  0]LogAudio: Display: Audio Device (ID: 1) registered with world 'Untitled'.
[2022.07.19-04.53.46:778][  0]LogSlate: Updating window title bar state: overlay mode, drag disabled, window buttons hidden, title bar hidden
[2022.07.19-04.53.46:779][  0]LogInit: Display: Game Engine Initialized.
[2022.07.19-04.53.46:779][  0]LogNiagaraEditor: GEditor isn't valid! Particle reset commands will not work for Niagara components!
[2022.07.19-04.53.46:878][  0]LogInit: Display: Starting Game.
[2022.07.19-04.53.46:878][  0]LogNet: Browse: 127.0.0.1:17777/Game/ProjectRun/Level/Entry?Name=Player
[2022.07.19-04.53.46:879][  0]LogInit: WinSock: Socket queue. Rx: 32768 (config 32768) Tx: 32768 (config 32768)
[2022.07.19-04.53.46:879][  0]LogNet: Created socket for bind address: 0.0.0.0 on port 0
[2022.07.19-04.53.46:879][  0]PacketHandlerLog: Loaded PacketHandler component: Engine.EngineHandlerComponentFactory (StatelessConnectHandlerComponent)
[2022.07.19-04.53.46:879][  0]LogNet: Game client on port 17777, rate 100000
[2022.07.19-04.53.46:883][  0]LogUdpMessaging: Warning: UDP messaging encountered an error. Auto repair routine started for reinitialization
[2022.07.19-04.53.46:942][  0]LogInit: Display: Engine is initialized. Leaving FEngineLoop::Init()
[2022.07.19-04.53.46:942][  0]LogLoad: (Engine Initialization) Total time: 4.16 seconds
[2022.07.19-04.53.46:942][  0]LogLoad: (Engine Initialization) Total Blueprint compile time: 0.00 seconds
[2022.07.19-04.53.46:948][  0]LogContentStreaming: Texture pool size now 1000 MB
[2022.07.19-04.53.46:950][  0]LogSlate: InvalidateAllWidgets triggered.  All widgets were invalidated
[2022.07.19-04.53.48:106][755]FUdpSocketBuilder: Failed to subscribe UdpMessageMulticastSocket to multicast group 230.0.0.1 on interface 0.0.0.0
[2022.07.19-04.53.48:106][755]FUdpSocketBuilder: Failed to create and initialize socket UdpMessageMulticastSocket (last error: 0)
[2022.07.19-04.53.48:106][755]LogUdpMessaging: Warning: StartTransport failed to create multicast socket on 0.0.0.0:0, joined to 230.0.0.1:6666 with TTL 1
[2022.07.19-04.53.48:111][765]LogUdpMessaging: Warning: UDP messaging encountered an error. Auto repair routine started for reinitialization
[2022.07.19-04.53.48:171][ 64]LogHandshake: SendChallengeResponse. Timestamp: 5.754244, Cookie: 139255223050086147230043228050002249030004171004017175094134
[2022.07.19-04.53.48:509][729]LogNetVersion: ProjectRun 1.0.0.0, NetCL: 17155196, EngineNetVer: 17, GameNetVer: 0 (Checksum: 3029291048)
[2022.07.19-04.53.48:509][729]LogNet: UPendingNetGame::SendInitialJoin: Sending hello. [UNetConnection] RemoteAddr: 127.0.0.1:17777, Name: IpConnection_0, Driver: PendingNetDriver IpNetDriver_0, IsServer: NO, PC: NULL, Owner: NULL, UniqueId: INVALID
[2022.07.19-04.53.48:846][897]LogNet: Welcomed by server (Level: /Game/ProjectRun/Level/UEDPIE_0_Entry, Game: /Game/ProjectRun/GameMode/Entry/BP_EntryGameMode.BP_EntryGameMode_C)
[2022.07.19-04.53.48:846][897]LogLoad: LoadMap: 127.0.0.1:17777/Game/ProjectRun/Level/Entry?Name=Player?game=/Game/ProjectRun/GameMode/Entry/BP_EntryGameMode.BP_EntryGameMode_C
[2022.07.19-04.53.48:846][897]LogWorld: BeginTearingDown for /Temp/Untitled_0
[2022.07.19-04.53.48:846][897]LogWorld: UWorld::CleanupWorld for Untitled, bSessionEnded=true, bCleanupResources=true
[2022.07.19-04.53.48:846][897]LogSlate: InvalidateAllWidgets triggered.  All widgets were invalidated
[2022.07.19-04.53.48:850][897]LogAudio: Display: Audio Device unregistered from world 'None'.
[2022.07.19-04.53.48:851][897]LogUObjectHash: Compacting FUObjectHashTables data took   0.50ms
[2022.07.19-04.53.48:906][897]LogAudio: Display: Audio Device (ID: 1) registered with world 'Entry'.
[2022.07.19-04.53.48:907][897]LogWorld: Bringing World /Game/ProjectRun/Level/Entry.Entry up for play (max tick rate 0) at 2022.07.19-13.53.48
[2022.07.19-04.53.48:907][897]LogWorld: Bringing up level for play took: 0.000201
[2022.07.19-04.53.48:908][897]LogRenderer: Reallocating scene render targets to support 640x480 Format 10 NumSamples 1 (Frame:1).
[2022.07.19-04.53.48:908][897]LogSlate: Took 0.000128 seconds to synchronously load lazily loaded font '../../../Engine/Content/Slate/Fonts/Roboto-Regular.ttf' (155K)
[2022.07.19-04.53.48:908][897]LogLoad: Took 0.061757 seconds to LoadMap(/Game/ProjectRun/Level/Entry)
[2022.07.19-04.53.49:314][ 54]FUdpSocketBuilder: Failed to subscribe UdpMessageMulticastSocket to multicast group 230.0.0.1 on interface 0.0.0.0
[2022.07.19-04.53.49:314][ 54]FUdpSocketBuilder: Failed to create and initialize socket UdpMessageMulticastSocket (last error: 0)
[2022.07.19-04.53.49:314][ 54]LogUdpMessaging: Warning: StartTransport failed to create multicast socket on 0.0.0.0:0, joined to 230.0.0.1:6666 with TTL 1
[2022.07.19-04.53.49:319][ 55]LogUdpMessaging: Warning: UDP messaging encountered an error. Auto repair routine started for reinitialization
[2022.07.19-04.53.49:519][253]LogOnlineSession: Warning: OSS: No game present to join for session (GameSession)
[2022.07.19-04.53.49:519][253]LogOnlineSession: Warning: OSS: No game present to join for session (GameSession)
[2022.07.19-04.53.49:522][253]LogViewport: Display: Viewport MouseLockMode Changed, LockOnCapture -> DoNotLock
[2022.07.19-04.53.49:522][253]LogViewport: Display: Viewport MouseCaptureMode Changed, CapturePermanently_IncludingInitialMouseDown -> NoCapture
[2022.07.19-04.53.51:428][918]FUdpSocketBuilder: Failed to subscribe UdpMessageMulticastSocket to multicast group 230.0.0.1 on interface 0.0.0.0
[2022.07.19-04.53.51:428][918]FUdpSocketBuilder: Failed to create and initialize socket UdpMessageMulticastSocket (last error: 0)
[2022.07.19-04.53.51:428][918]LogUdpMessaging: Warning: StartTransport failed to create multicast socket on 0.0.0.0:0, joined to 230.0.0.1:6666 with TTL 1
[2022.07.19-04.53.51:430][918]LogUdpMessaging: Warning: UDP messaging encountered an error. Auto repair routine started for reinitialization
[2022.07.19-04.53.53:441][564]FUdpSocketBuilder: Failed to subscribe UdpMessageMulticastSocket to multicast group 230.0.0.1 on interface 0.0.0.0
[2022.07.19-04.53.53:441][564]FUdpSocketBuilder: Failed to create and initialize socket UdpMessageMulticastSocket (last error: 0)
[2022.07.19-04.53.53:441][564]LogUdpMessaging: Warning: StartTransport failed to create multicast socket on 0.0.0.0:0, joined to 230.0.0.1:6666 with TTL 1
[2022.07.19-04.53.53:453][570]LogUdpMessaging: Warning: UDP messaging encountered an error. Auto repair routine started for reinitialization
[2022.07.19-04.53.54:651][495]FUdpSocketBuilder: Failed to subscribe UdpMessageMulticastSocket to multicast group 230.0.0.1 on interface 0.0.0.0
[2022.07.19-04.53.54:651][495]FUdpSocketBuilder: Failed to create and initialize socket UdpMessageMulticastSocket (last error: 0)
[2022.07.19-04.53.54:651][495]LogUdpMessaging: Warning: StartTransport failed to create multicast socket on 0.0.0.0:0, joined to 230.0.0.1:6666 with TTL 1
[2022.07.19-04.53.54:656][498]LogUdpMessaging: Warning: UDP messaging encountered an error. Auto repair routine started for reinitialization
[2022.07.19-04.53.56:765][426]FUdpSocketBuilder: Failed to subscribe UdpMessageMulticastSocket to multicast group 230.0.0.1 on interface 0.0.0.0
[2022.07.19-04.53.56:765][426]FUdpSocketBuilder: Failed to create and initialize socket UdpMessageMulticastSocket (last error: 0)
[2022.07.19-04.53.56:765][426]LogUdpMessaging: Warning: StartTransport failed to create multicast socket on 0.0.0.0:0, joined to 230.0.0.1:6666 with TTL 1
[2022.07.19-04.53.56:777][436]LogUdpMessaging: Warning: UDP messaging encountered an error. Auto repair routine started for reinitialization
[2022.07.19-04.53.57:974][430]FUdpSocketBuilder: Failed to subscribe UdpMessageMulticastSocket to multicast group 230.0.0.1 on interface 0.0.0.0
[2022.07.19-04.53.57:975][430]FUdpSocketBuilder: Failed to create and initialize socket UdpMessageMulticastSocket (last error: 0)
[2022.07.19-04.53.57:975][430]LogUdpMessaging: Warning: StartTransport failed to create multicast socket on 0.0.0.0:0, joined to 230.0.0.1:6666 with TTL 1
[2022.07.19-04.53.57:978][430]LogUdpMessaging: Warning: UDP messaging encountered an error. Auto repair routine started for reinitialization
[2022.07.19-04.53.59:888][211]FUdpSocketBuilder: Failed to subscribe UdpMessageMulticastSocket to multicast group 230.0.0.1 on interface 0.0.0.0
[2022.07.19-04.53.59:888][211]FUdpSocketBuilder: Failed to create and initialize socket UdpMessageMulticastSocket (last error: 0)
[2022.07.19-04.53.59:888][211]LogUdpMessaging: Warning: StartTransport failed to create multicast socket on 0.0.0.0:0, joined to 230.0.0.1:6666 with TTL 1
[2022.07.19-04.53.59:900][220]LogUdpMessaging: Warning: UDP messaging encountered an error. Auto repair routine started for reinitialization
[2022.07.19-04.54.01:096][209]FUdpSocketBuilder: Failed to subscribe UdpMessageMulticastSocket to multicast group 230.0.0.1 on interface 0.0.0.0
[2022.07.19-04.54.01:096][209]FUdpSocketBuilder: Failed to create and initialize socket UdpMessageMulticastSocket (last error: 0)
[2022.07.19-04.54.01:097][209]LogUdpMessaging: Warning: StartTransport failed to create multicast socket on 0.0.0.0:0, joined to 230.0.0.1:6666 with TTL 1
[2022.07.19-04.54.01:109][217]LogUdpMessaging: Warning: UDP messaging encountered an error. Auto repair routine started for reinitialization
[2022.07.19-04.54.02:308][192]FUdpSocketBuilder: Failed to subscribe UdpMessageMulticastSocket to multicast group 230.0.0.1 on interface 0.0.0.0
[2022.07.19-04.54.02:308][192]FUdpSocketBuilder: Failed to create and initialize socket UdpMessageMulticastSocket (last error: 0)
[2022.07.19-04.54.02:308][192]LogUdpMessaging: Warning: StartTransport failed to create multicast socket on 0.0.0.0:0, joined to 230.0.0.1:6666 with TTL 1
[2022.07.19-04.54.02:321][203]LogUdpMessaging: Warning: UDP messaging encountered an error. Auto repair routine started for reinitialization
[2022.07.19-04.54.03:518][128]FUdpSocketBuilder: Failed to subscribe UdpMessageMulticastSocket to multicast group 230.0.0.1 on interface 0.0.0.0
[2022.07.19-04.54.03:518][128]FUdpSocketBuilder: Failed to create and initialize socket UdpMessageMulticastSocket (last error: 0)
[2022.07.19-04.54.03:518][128]LogUdpMessaging: Warning: StartTransport failed to create multicast socket on 0.0.0.0:0, joined to 230.0.0.1:6666 with TTL 1
[2022.07.19-04.54.03:530][137]LogUdpMessaging: Warning: UDP messaging encountered an error. Auto repair routine started for reinitialization
[2022.07.19-04.54.04:727][147]FUdpSocketBuilder: Failed to subscribe UdpMessageMulticastSocket to multicast group 230.0.0.1 on interface 0.0.0.0
[2022.07.19-04.54.04:727][147]FUdpSocketBuilder: Failed to create and initialize socket UdpMessageMulticastSocket (last error: 0)
[2022.07.19-04.54.04:727][147]LogUdpMessaging: Warning: StartTransport failed to create multicast socket on 0.0.0.0:0, joined to 230.0.0.1:6666 with TTL 1
[2022.07.19-04.54.04:739][156]LogUdpMessaging: Warning: UDP messaging encountered an error. Auto repair routine started for reinitialization
[2022.07.19-04.54.06:844][ 87]FUdpSocketBuilder: Failed to subscribe UdpMessageMulticastSocket to multicast group 230.0.0.1 on interface 0.0.0.0
[2022.07.19-04.54.06:844][ 87]FUdpSocketBuilder: Failed to create and initialize socket UdpMessageMulticastSocket (last error: 0)
[2022.07.19-04.54.06:844][ 87]LogUdpMessaging: Warning: StartTransport failed to create multicast socket on 0.0.0.0:0, joined to 230.0.0.1:6666 with TTL 1
[2022.07.19-04.54.06:853][ 95]LogUdpMessaging: Warning: UDP messaging encountered an error. Auto repair routine started for reinitialization
[2022.07.19-04.54.08:054][ 64]FUdpSocketBuilder: Failed to subscribe UdpMessageMulticastSocket to multicast group 230.0.0.1 on interface 0.0.0.0
[2022.07.19-04.54.08:054][ 64]FUdpSocketBuilder: Failed to create and initialize socket UdpMessageMulticastSocket (last error: 0)
[2022.07.19-04.54.08:054][ 64]LogUdpMessaging: Warning: StartTransport failed to create multicast socket on 0.0.0.0:0, joined to 230.0.0.1:6666 with TTL 1
[2022.07.19-04.54.08:063][ 68]LogUdpMessaging: Warning: UDP messaging encountered an error. Auto repair routine started for reinitialization
[2022.07.19-04.54.10:168][ 69]FUdpSocketBuilder: Failed to subscribe UdpMessageMulticastSocket to multicast group 230.0.0.1 on interface 0.0.0.0
[2022.07.19-04.54.10:168][ 69]FUdpSocketBuilder: Failed to create and initialize socket UdpMessageMulticastSocket (last error: 0)
[2022.07.19-04.54.10:168][ 69]LogUdpMessaging: Warning: StartTransport failed to create multicast socket on 0.0.0.0:0, joined to 230.0.0.1:6666 with TTL 1
[2022.07.19-04.54.10:179][ 75]LogUdpMessaging: Warning: UDP messaging encountered an error. Auto repair routine started for reinitialization
[2022.07.19-04.54.11:378][ 86]FUdpSocketBuilder: Failed to subscribe UdpMessageMulticastSocket to multicast group 230.0.0.1 on interface 0.0.0.0
[2022.07.19-04.54.11:378][ 86]FUdpSocketBuilder: Failed to create and initialize socket UdpMessageMulticastSocket (last error: 0)
[2022.07.19-04.54.11:378][ 86]LogUdpMessaging: Warning: StartTransport failed to create multicast socket on 0.0.0.0:0, joined to 230.0.0.1:6666 with TTL 1
[2022.07.19-04.54.11:386][ 91]LogUdpMessaging: Warning: UDP messaging encountered an error. Auto repair routine started for reinitialization
[2022.07.19-04.54.12:588][ 96]FUdpSocketBuilder: Failed to subscribe UdpMessageMulticastSocket to multicast group 230.0.0.1 on interface 0.0.0.0
[2022.07.19-04.54.12:588][ 96]FUdpSocketBuilder: Failed to create and initialize socket UdpMessageMulticastSocket (last error: 0)
[2022.07.19-04.54.12:588][ 96]LogUdpMessaging: Warning: StartTransport failed to create multicast socket on 0.0.0.0:0, joined to 230.0.0.1:6666 with TTL 1
[2022.07.19-04.54.12:596][100]LogUdpMessaging: Warning: UDP messaging encountered an error. Auto repair routine started for reinitialization
[2022.07.19-04.54.14:700][ 60]FUdpSocketBuilder: Failed to subscribe UdpMessageMulticastSocket to multicast group 230.0.0.1 on interface 0.0.0.0
[2022.07.19-04.54.14:700][ 60]FUdpSocketBuilder: Failed to create and initialize socket UdpMessageMulticastSocket (last error: 0)
[2022.07.19-04.54.14:700][ 60]LogUdpMessaging: Warning: StartTransport failed to create multicast socket on 0.0.0.0:0, joined to 230.0.0.1:6666 with TTL 1
[2022.07.19-04.54.14:713][ 69]LogUdpMessaging: Warning: UDP messaging encountered an error. Auto repair routine started for reinitialization
[2022.07.19-04.54.15:910][ 33]FUdpSocketBuilder: Failed to subscribe UdpMessageMulticastSocket to multicast group 230.0.0.1 on interface 0.0.0.0
[2022.07.19-04.54.15:910][ 33]FUdpSocketBuilder: Failed to create and initialize socket UdpMessageMulticastSocket (last error: 0)
[2022.07.19-04.54.15:910][ 33]LogUdpMessaging: Warning: StartTransport failed to create multicast socket on 0.0.0.0:0, joined to 230.0.0.1:6666 with TTL 1
[2022.07.19-04.54.15:922][ 41]LogUdpMessaging: Warning: UDP messaging encountered an error. Auto repair routine started for reinitialization
[2022.07.19-04.54.17:119][985]FUdpSocketBuilder: Failed to subscribe UdpMessageMulticastSocket to multicast group 230.0.0.1 on interface 0.0.0.0
[2022.07.19-04.54.17:119][985]FUdpSocketBuilder: Failed to create and initialize socket UdpMessageMulticastSocket (last error: 0)
[2022.07.19-04.54.17:119][985]LogUdpMessaging: Warning: StartTransport failed to create multicast socket on 0.0.0.0:0, joined to 230.0.0.1:6666 with TTL 1
[2022.07.19-04.54.17:131][993]LogUdpMessaging: Warning: UDP messaging encountered an error. Auto repair routine started for reinitialization
[2022.07.19-04.54.18:327][963]FUdpSocketBuilder: Failed to subscribe UdpMessageMulticastSocket to multicast group 230.0.0.1 on interface 0.0.0.0
[2022.07.19-04.54.18:328][963]FUdpSocketBuilder: Failed to create and initialize socket UdpMessageMulticastSocket (last error: 0)
[2022.07.19-04.54.18:328][963]LogUdpMessaging: Warning: StartTransport failed to create multicast socket on 0.0.0.0:0, joined to 230.0.0.1:6666 with TTL 1
[2022.07.19-04.54.18:340][971]LogUdpMessaging: Warning: UDP messaging encountered an error. Auto repair routine started for reinitialization
[2022.07.19-04.54.20:541][879]FUdpSocketBuilder: Failed to subscribe UdpMessageMulticastSocket to multicast group 230.0.0.1 on interface 0.0.0.0
[2022.07.19-04.54.20:541][879]FUdpSocketBuilder: Failed to create and initialize socket UdpMessageMulticastSocket (last error: 0)
[2022.07.19-04.54.20:541][879]LogUdpMessaging: Warning: StartTransport failed to create multicast socket on 0.0.0.0:0, joined to 230.0.0.1:6666 with TTL 1
[2022.07.19-04.54.20:553][886]LogUdpMessaging: Warning: UDP messaging encountered an error. Auto repair routine started for reinitialization
[2022.07.19-04.54.21:750][799]FUdpSocketBuilder: Failed to subscribe UdpMessageMulticastSocket to multicast group 230.0.0.1 on interface 0.0.0.0
[2022.07.19-04.54.21:751][799]FUdpSocketBuilder: Failed to create and initialize socket UdpMessageMulticastSocket (last error: 0)
[2022.07.19-04.54.21:751][799]LogUdpMessaging: Warning: StartTransport failed to create multicast socket on 0.0.0.0:0, joined to 230.0.0.1:6666 with TTL 1
[2022.07.19-04.54.21:753][800]LogUdpMessaging: Warning: UDP messaging encountered an error. Auto repair routine started for reinitialization
[2022.07.19-04.54.23:663][475]FUdpSocketBuilder: Failed to subscribe UdpMessageMulticastSocket to multicast group 230.0.0.1 on interface 0.0.0.0
[2022.07.19-04.54.23:663][475]FUdpSocketBuilder: Failed to create and initialize socket UdpMessageMulticastSocket (last error: 0)
[2022.07.19-04.54.23:663][475]LogUdpMessaging: Warning: StartTransport failed to create multicast socket on 0.0.0.0:0, joined to 230.0.0.1:6666 with TTL 1
[2022.07.19-04.54.23:676][484]LogUdpMessaging: Warning: UDP messaging encountered an error. Auto repair routine started for reinitialization
[2022.07.19-04.54.24:870][374]FUdpSocketBuilder: Failed to subscribe UdpMessageMulticastSocket to multicast group 230.0.0.1 on interface 0.0.0.0
[2022.07.19-04.54.24:870][374]FUdpSocketBuilder: Failed to create and initialize socket UdpMessageMulticastSocket (last error: 0)
[2022.07.19-04.54.24:870][374]LogUdpMessaging: Warning: StartTransport failed to create multicast socket on 0.0.0.0:0, joined to 230.0.0.1:6666 with TTL 1
[2022.07.19-04.54.24:882][381]LogUdpMessaging: Warning: UDP messaging encountered an error. Auto repair routine started for reinitialization
[2022.07.19-04.54.26:078][387]FUdpSocketBuilder: Failed to subscribe UdpMessageMulticastSocket to multicast group 230.0.0.1 on interface 0.0.0.0
[2022.07.19-04.54.26:078][387]FUdpSocketBuilder: Failed to create and initialize socket UdpMessageMulticastSocket (last error: 0)
[2022.07.19-04.54.26:078][387]LogUdpMessaging: Warning: StartTransport failed to create multicast socket on 0.0.0.0:0, joined to 230.0.0.1:6666 with TTL 1
[2022.07.19-04.54.26:091][396]LogUdpMessaging: Warning: UDP messaging encountered an error. Auto repair routine started for reinitialization
[2022.07.19-04.54.27:287][376]FUdpSocketBuilder: Failed to subscribe UdpMessageMulticastSocket to multicast group 230.0.0.1 on interface 0.0.0.0
[2022.07.19-04.54.27:287][376]FUdpSocketBuilder: Failed to create and initialize socket UdpMessageMulticastSocket (last error: 0)
[2022.07.19-04.54.27:287][376]LogUdpMessaging: Warning: StartTransport failed to create multicast socket on 0.0.0.0:0, joined to 230.0.0.1:6666 with TTL 1
[2022.07.19-04.54.27:289][376]LogNet: Error: UEngine::BroadcastNetworkFailure: FailureType = FailureReceived, ErrorString = Host closed the connection., Driver = GameNetDriver IpNetDriver_0
[2022.07.19-04.54.27:289][376]LogNet: Warning: Network Failure: GameNetDriver[FailureReceived]: Host closed the connection.
[2022.07.19-04.54.27:289][376]LogNet: NetworkFailure: FailureReceived, Error: 'Host closed the connection.'
[2022.07.19-04.54.27:289][376]LogNet: UNetConnection::Close: [UNetConnection] RemoteAddr: 127.0.0.1:17777, Name: IpConnection_0, Driver: GameNetDriver IpNetDriver_0, IsServer: NO, PC: PlayerController_1, Owner: PlayerController_1, UniqueId: NULL:LeeMinSeok-5D6812E04C70EFE0CB0CE7B9A7F84679, Channels: 10, Time: 2022.07.19-04.54.27
[2022.07.19-04.54.27:289][376]LogNet: UChannel::Close: Sending CloseBunch. ChIndex == 0. Name: [UChannel] ChIndex: 0, Closing: 0 [UNetConnection] RemoteAddr: 127.0.0.1:17777, Name: IpConnection_0, Driver: GameNetDriver IpNetDriver_0, IsServer: NO, PC: PlayerController_1, Owner: PlayerController_1, UniqueId: NULL:LeeMinSeok-5D6812E04C70EFE0CB0CE7B9A7F84679
[2022.07.19-04.54.27:289][376]LogNet: Error: UEngine::BroadcastNetworkFailure: FailureType = ConnectionLost, ErrorString = Your connection to the host has been lost., Driver = GameNetDriver IpNetDriver_0
[2022.07.19-04.54.27:290][377]LogNet: Browse: /Game/ProjectRun/Level/Entry?closed
[2022.07.19-04.54.27:290][377]LogNet: Connection failed; returning to Entry
[2022.07.19-04.54.27:290][377]LogLoad: LoadMap: /Game/ProjectRun/Level/Entry?closed
[2022.07.19-04.54.27:290][377]LogWorld: BeginTearingDown for /Game/ProjectRun/Level/Entry
[2022.07.19-04.54.27:290][377]LogNet: World NetDriver shutdown IpNetDriver_0 [GameNetDriver]
[2022.07.19-04.54.27:290][377]LogNet: DestroyNamedNetDriver IpNetDriver_0 [GameNetDriver]
[2022.07.19-04.54.27:291][377]LogExit: GameNetDriver IpNetDriver_0 shut down
[2022.07.19-04.54.27:291][377]LogWorld: UWorld::CleanupWorld for Entry, bSessionEnded=true, bCleanupResources=true
[2022.07.19-04.54.27:291][377]LogSlate: InvalidateAllWidgets triggered.  All widgets were invalidated
[2022.07.19-04.54.27:325][377]LogAudio: Display: Audio Device unregistered from world 'None'.
[2022.07.19-04.54.27:329][377]LogUObjectHash: Compacting FUObjectHashTables data took   0.42ms
[2022.07.19-04.54.27:386][377]LogAudio: Display: Audio Device (ID: 1) registered with world 'Entry'.
[2022.07.19-04.54.27:392][377]LogAIModule: Creating AISystem for world Entry
[2022.07.19-04.54.27:392][377]LogLoad: Game class is 'BP_EntryGameMode_C'
[2022.07.19-04.54.27:392][377]LogUdpMessaging: Warning: UDP messaging encountered an error. Auto repair routine started for reinitialization
[2022.07.19-04.54.27:394][377]LogWorld: Bringing World /Game/ProjectRun/Level/Entry.Entry up for play (max tick rate 0) at 2022.07.19-13.54.27
[2022.07.19-04.54.27:394][377]LogWorld: Bringing up level for play took: 0.000330
[2022.07.19-04.54.27:394][377]LogGameMode: FindPlayerStart: PATHS NOT DEFINED or NO PLAYERSTART with positive rating
[2022.07.19-04.54.27:396][377]LogLoad: Took 0.105087 seconds to LoadMap(/Game/ProjectRun/Level/Entry)
[2022.07.19-04.54.27:403][377]LogUObjectHash: Compacting FUObjectHashTables data took   0.58ms
[2022.07.19-04.54.29:403][199]FUdpSocketBuilder: Failed to subscribe UdpMessageMulticastSocket to multicast group 230.0.0.1 on interface 0.0.0.0
[2022.07.19-04.54.29:403][199]FUdpSocketBuilder: Failed to create and initialize socket UdpMessageMulticastSocket (last error: 0)
[2022.07.19-04.54.29:403][199]LogUdpMessaging: Warning: StartTransport failed to create multicast socket on 0.0.0.0:0, joined to 230.0.0.1:6666 with TTL 1
[2022.07.19-04.54.29:414][204]LogUdpMessaging: Warning: UDP messaging encountered an error. Auto repair routine started for reinitialization
[2022.07.19-04.54.31:517][204]FUdpSocketBuilder: Failed to subscribe UdpMessageMulticastSocket to multicast group 230.0.0.1 on interface 0.0.0.0
[2022.07.19-04.54.31:517][204]FUdpSocketBuilder: Failed to create and initialize socket UdpMessageMulticastSocket (last error: 0)
[2022.07.19-04.54.31:517][204]LogUdpMessaging: Warning: StartTransport failed to create multicast socket on 0.0.0.0:0, joined to 230.0.0.1:6666 with TTL 1
[2022.07.19-04.54.31:528][213]LogUdpMessaging: Warning: UDP messaging encountered an error. Auto repair routine started for reinitialization
[2022.07.19-04.54.32:728][231]FUdpSocketBuilder: Failed to subscribe UdpMessageMulticastSocket to multicast group 230.0.0.1 on interface 0.0.0.0
[2022.07.19-04.54.32:728][231]FUdpSocketBuilder: Failed to create and initialize socket UdpMessageMulticastSocket (last error: 0)
[2022.07.19-04.54.32:728][231]LogUdpMessaging: Warning: StartTransport failed to create multicast socket on 0.0.0.0:0, joined to 230.0.0.1:6666 with TTL 1
[2022.07.19-04.54.32:739][238]LogUdpMessaging: Warning: UDP messaging encountered an error. Auto repair routine started for reinitialization
[2022.07.19-04.54.33:937][240]FUdpSocketBuilder: Failed to subscribe UdpMessageMulticastSocket to multicast group 230.0.0.1 on interface 0.0.0.0
[2022.07.19-04.54.33:937][240]FUdpSocketBuilder: Failed to create and initialize socket UdpMessageMulticastSocket (last error: 0)
[2022.07.19-04.54.33:937][240]LogUdpMessaging: Warning: StartTransport failed to create multicast socket on 0.0.0.0:0, joined to 230.0.0.1:6666 with TTL 1
[2022.07.19-04.54.33:949][248]LogUdpMessaging: Warning: UDP messaging encountered an error. Auto repair routine started for reinitialization
[2022.07.19-04.54.36:152][264]FUdpSocketBuilder: Failed to subscribe UdpMessageMulticastSocket to multicast group 230.0.0.1 on interface 0.0.0.0
[2022.07.19-04.54.36:152][264]FUdpSocketBuilder: Failed to create and initialize socket UdpMessageMulticastSocket (last error: 0)
[2022.07.19-04.54.36:152][264]LogUdpMessaging: Warning: StartTransport failed to create multicast socket on 0.0.0.0:0, joined to 230.0.0.1:6666 with TTL 1
[2022.07.19-04.54.36:164][272]LogUdpMessaging: Warning: UDP messaging encountered an error. Auto repair routine started for reinitialization
[2022.07.19-04.54.37:362][287]FUdpSocketBuilder: Failed to subscribe UdpMessageMulticastSocket to multicast group 230.0.0.1 on interface 0.0.0.0
[2022.07.19-04.54.37:362][287]FUdpSocketBuilder: Failed to create and initialize socket UdpMessageMulticastSocket (last error: 0)
[2022.07.19-04.54.37:362][287]LogUdpMessaging: Warning: StartTransport failed to create multicast socket on 0.0.0.0:0, joined to 230.0.0.1:6666 with TTL 1
[2022.07.19-04.54.37:375][293]LogUdpMessaging: Warning: UDP messaging encountered an error. Auto repair routine started for reinitialization
[2022.07.19-04.54.37:707][635]LogOnlineSession: Warning: OSS: Ignoring game search request while one is pending
[2022.07.19-04.54.38:571][321]FUdpSocketBuilder: Failed to subscribe UdpMessageMulticastSocket to multicast group 230.0.0.1 on interface 0.0.0.0
[2022.07.19-04.54.38:571][321]FUdpSocketBuilder: Failed to create and initialize socket UdpMessageMulticastSocket (last error: 0)
[2022.07.19-04.54.38:571][321]LogUdpMessaging: Warning: StartTransport failed to create multicast socket on 0.0.0.0:0, joined to 230.0.0.1:6666 with TTL 1
[2022.07.19-04.54.38:576][322]LogUdpMessaging: Warning: UDP messaging encountered an error. Auto repair routine started for reinitialization
[2022.07.19-04.54.40:487][149]FUdpSocketBuilder: Failed to subscribe UdpMessageMulticastSocket to multicast group 230.0.0.1 on interface 0.0.0.0
[2022.07.19-04.54.40:487][149]FUdpSocketBuilder: Failed to create and initialize socket UdpMessageMulticastSocket (last error: 0)
[2022.07.19-04.54.40:487][149]LogUdpMessaging: Warning: StartTransport failed to create multicast socket on 0.0.0.0:0, joined to 230.0.0.1:6666 with TTL 1
[2022.07.19-04.54.40:499][153]LogUdpMessaging: Warning: UDP messaging encountered an error. Auto repair routine started for reinitialization
[2022.07.19-04.54.41:697][146]FUdpSocketBuilder: Failed to subscribe UdpMessageMulticastSocket to multicast group 230.0.0.1 on interface 0.0.0.0
[2022.07.19-04.54.41:697][146]FUdpSocketBuilder: Failed to create and initialize socket UdpMessageMulticastSocket (last error: 0)
[2022.07.19-04.54.41:697][146]LogUdpMessaging: Warning: StartTransport failed to create multicast socket on 0.0.0.0:0, joined to 230.0.0.1:6666 with TTL 1
[2022.07.19-04.54.41:698][146]LogOnlineSession: OSS: Join session: traveling to 172.16.5.68:7777
[2022.07.19-04.54.41:700][146]LogNet: Browse: 172.16.5.68/Game/ProjectRun/Level/Entry
[2022.07.19-04.54.41:701][146]LogInit: WinSock: Socket queue. Rx: 32768 (config 32768) Tx: 32768 (config 32768)
[2022.07.19-04.54.41:701][146]LogNet: Created socket for bind address: 0.0.0.0 on port 0
[2022.07.19-04.54.41:701][146]PacketHandlerLog: Loaded PacketHandler component: Engine.EngineHandlerComponentFactory (StatelessConnectHandlerComponent)
[2022.07.19-04.54.41:701][146]LogNet: Game client on port 7777, rate 100000
[2022.07.19-04.54.41:708][154]LogUdpMessaging: Warning: UDP messaging encountered an error. Auto repair routine started for reinitialization
[2022.07.19-04.54.42:904][141]FUdpSocketBuilder: Failed to subscribe UdpMessageMulticastSocket to multicast group 230.0.0.1 on interface 0.0.0.0
[2022.07.19-04.54.42:904][141]FUdpSocketBuilder: Failed to create and initialize socket UdpMessageMulticastSocket (last error: 0)
[2022.07.19-04.54.42:904][141]LogUdpMessaging: Warning: StartTransport failed to create multicast socket on 0.0.0.0:0, joined to 230.0.0.1:6666 with TTL 1
[2022.07.19-04.54.42:907][141]LogHandshake: SendChallengeResponse. Timestamp: 15.959602, Cookie: 095077194250166237150081243130222096075005223167224211105167
[2022.07.19-04.54.42:916][149]LogUdpMessaging: Warning: UDP messaging encountered an error. Auto repair routine started for reinitialization
[2022.07.19-04.54.43:138][368]LogNet: UPendingNetGame::SendInitialJoin: Sending hello. [UNetConnection] RemoteAddr: 172.16.5.68:7777, Name: IpConnection_1, Driver: PendingNetDriver IpNetDriver_1, IsServer: NO, PC: NULL, Owner: NULL, UniqueId: INVALID
[2022.07.19-04.54.43:805][ 45]LogNet: Welcomed by server (Level: /Game/ProjectRun/Level/UEDPIE_0_Lobby, Game: /Game/ProjectRun/GameMode/Lobby/BP_LobbyGameMode.BP_LobbyGameMode_C)
[2022.07.19-04.54.43:805][ 45]LogLoad: LoadMap: 172.16.5.68/Game/ProjectRun/Level/Lobby?game=/Game/ProjectRun/GameMode/Lobby/BP_LobbyGameMode.BP_LobbyGameMode_C
[2022.07.19-04.54.43:805][ 45]LogWorld: BeginTearingDown for /Game/ProjectRun/Level/Entry
[2022.07.19-04.54.43:806][ 45]LogWorld: UWorld::CleanupWorld for Entry, bSessionEnded=true, bCleanupResources=true
[2022.07.19-04.54.43:806][ 45]LogSlate: InvalidateAllWidgets triggered.  All widgets were invalidated
[2022.07.19-04.54.43:834][ 45]LogAudio: Display: Audio Device unregistered from world 'None'.
[2022.07.19-04.54.43:835][ 45]LogUObjectHash: Compacting FUObjectHashTables data took   0.43ms
[2022.07.19-04.54.43:841][ 45]LogAudio: Display: Audio Device (ID: 1) registered with world 'Lobby'.
[2022.07.19-04.54.43:843][ 45]LogWorld: Bringing World /Game/ProjectRun/Level/Lobby.Lobby up for play (max tick rate 0) at 2022.07.19-13.54.43
[2022.07.19-04.54.43:843][ 45]LogWorld: Bringing up level for play took: 0.000177
[2022.07.19-04.54.43:843][ 45]LogLoad: Took 0.036971 seconds to LoadMap(/Game/ProjectRun/Level/Lobby)
[2022.07.19-04.54.45:117][156]FUdpSocketBuilder: Failed to subscribe UdpMessageMulticastSocket to multicast group 230.0.0.1 on interface 0.0.0.0
[2022.07.19-04.54.45:117][156]FUdpSocketBuilder: Failed to create and initialize socket UdpMessageMulticastSocket (last error: 0)
[2022.07.19-04.54.45:117][156]LogUdpMessaging: Warning: StartTransport failed to create multicast socket on 0.0.0.0:0, joined to 230.0.0.1:6666 with TTL 1
[2022.07.19-04.54.45:129][164]LogUdpMessaging: Warning: UDP messaging encountered an error. Auto repair routine started for reinitialization
[2022.07.19-04.54.46:889][905]LogWindowsDesktop: Alt-F4 pressed!
[2022.07.19-04.54.46:899][905]LogSlate: Window 'ProjectRun (64-bit Development PCD3D_SM5) ' being destroyed
[2022.07.19-04.54.46:900][905]LogWindowsTextInputMethodSystem: Display: IME system activated using TSF (Microsoft 입력기).
[2022.07.19-04.54.46:905][905]LogSlate: Updating window title bar state: overlay mode, drag disabled, window buttons hidden, title bar hidden
[2022.07.19-04.54.46:906][905]LogEngine: All Windows Closed
[2022.07.19-04.54.46:906][905]LogWindows: FPlatformMisc::RequestExit(0)
[2022.07.19-04.54.46:906][905]LogWindows: FPlatformMisc::RequestExitWithStatus(0, 0)
[2022.07.19-04.54.46:906][905]LogCore: Engine exit requested (reason: Win RequestExit)
[2022.07.19-04.54.46:906][906]LogCore: Engine exit requested (reason: EngineExit() was called; note: exit was already requested)
[2022.07.19-04.54.46:906][906]LogInit: Display: PreExit Game.
[2022.07.19-04.54.46:915][906]LogWorld: BeginTearingDown for /Game/ProjectRun/Level/Lobby
[2022.07.19-04.54.46:915][906]LogNet: World NetDriver shutdown IpNetDriver_1 [GameNetDriver]
[2022.07.19-04.54.46:915][906]LogNet: DestroyNamedNetDriver IpNetDriver_1 [GameNetDriver]
[2022.07.19-04.54.46:915][906]LogNet: UNetConnection::Close: [UNetConnection] RemoteAddr: 172.16.5.68:7777, Name: IpConnection_1, Driver: GameNetDriver IpNetDriver_1, IsServer: NO, PC: PlayerController_1, Owner: PlayerController_1, UniqueId: NULL:LeeMinSeok-5D6812E04C70EFE0CB0CE7B9A7F84679, Channels: 10, Time: 2022.07.19-04.54.46
[2022.07.19-04.54.46:915][906]LogNet: UChannel::Close: Sending CloseBunch. ChIndex == 0. Name: [UChannel] ChIndex: 0, Closing: 0 [UNetConnection] RemoteAddr: 172.16.5.68:7777, Name: IpConnection_1, Driver: GameNetDriver IpNetDriver_1, IsServer: NO, PC: PlayerController_1, Owner: PlayerController_1, UniqueId: NULL:LeeMinSeok-5D6812E04C70EFE0CB0CE7B9A7F84679
[2022.07.19-04.54.46:915][906]LogExit: GameNetDriver IpNetDriver_1 shut down
[2022.07.19-04.54.46:916][906]LogWorld: UWorld::CleanupWorld for Lobby, bSessionEnded=true, bCleanupResources=true
[2022.07.19-04.54.46:916][906]LogSlate: InvalidateAllWidgets triggered.  All widgets were invalidated
