Log file open, 07/23/22 16:07:05
LogWindows: Failed to load 'aqProf.dll' (GetLastError=126)
LogWindows: File 'aqProf.dll' does not exist
LogWindows: Failed to load 'VtuneApi.dll' (GetLastError=126)
LogWindows: File 'VtuneApi.dll' does not exist
LogWindows: Failed to load 'VtuneApi32e.dll' (GetLastError=126)
LogWindows: File 'VtuneApi32e.dll' does not exist
LogConsoleResponse: Display: Failed to find resolution value strings in scalability ini. Falling back to default.
LogConsoleResponse: Display: Failed to find resolution value strings in scalability ini. Falling back to default.
LogInit: Display: Running engine for game: ProjectRun
LogPlatformFile: Not using cached read wrapper
LogTaskGraph: Started task graph with 5 named threads and 59 total threads with 3 sets of task threads.
LogStats: Stats thread started at 0.202744
LogICUInternationalization: ICU TimeZone Detection - Raw Offset: +9:00, Platform Override: ''
LogInit: Display: Loading text-based GConfig....
LogPluginManager: Mounting plugin MeshPainting
LogPluginManager: Mounting plugin XGEController
LogPluginManager: Mounting plugin Paper2D
LogPluginManager: Mounting plugin LiveLink
LogPluginManager: Mounting plugin AISupport
LogPluginManager: Mounting plugin EnvironmentQueryEditor
LogPluginManager: Mounting plugin CameraShakePreviewer
LogPluginManager: Mounting plugin LightPropagationVolume
LogPluginManager: Mounting plugin AnimationSharing
LogPluginManager: Mounting plugin CLionSourceCodeAccess
LogPluginManager: Mounting plugin GitSourceControl
LogPluginManager: Mounting plugin KDevelopSourceCodeAccess
LogPluginManager: Mounting plugin NullSourceCodeAccess
LogPluginManager: Mounting plugin PerforceSourceControl
LogPluginManager: Mounting plugin PropertyAccessNode
LogPluginManager: Mounting plugin PluginUtils
LogPluginManager: Mounting plugin GameplayCameras
LogPluginManager: Mounting plugin RiderSourceCodeAccess
LogPluginManager: Mounting plugin TextureFormatOodle
LogPluginManager: Mounting plugin PlasticSourceControl
LogPluginManager: Mounting plugin CodeLiteSourceCodeAccess
LogPluginManager: Mounting plugin PixWinPlugin
LogPluginManager: Mounting plugin SubversionSourceControl
LogPluginManager: Mounting plugin UObjectPlugin
LogPluginManager: Mounting plugin VisualStudioSourceCodeAccess
LogPluginManager: Mounting plugin XCodeSourceCodeAccess
LogPluginManager: Mounting plugin VisualStudioCodeSourceCodeAccess
LogPluginManager: Mounting plugin AssetManagerEditor
LogPluginManager: Mounting plugin CryptoKeys
LogPluginManager: Mounting plugin OodleData
LogPluginManager: Mounting plugin OodleNetwork
LogPluginManager: Mounting plugin DataValidation
LogPluginManager: Mounting plugin GameplayTagsEditor
LogPluginManager: Mounting plugin MaterialAnalyzer
LogPluginManager: Mounting plugin CurveEditorTools
LogPluginManager: Mounting plugin MacGraphicsSwitching
LogPluginManager: Mounting plugin GeometryMode
LogPluginManager: Mounting plugin PluginBrowser
LogPluginManager: Mounting plugin MobileLauncherProfileWizard
LogPluginManager: Mounting plugin FacialAnimation
LogPluginManager: Mounting plugin SpeedTreeImporter
LogPluginManager: Mounting plugin Niagara
LogPluginManager: Mounting plugin AutomationUtils
LogPluginManager: Mounting plugin BackChannel
LogPluginManager: Mounting plugin ChaosClothEditor
LogPluginManager: Mounting plugin AlembicImporter
LogPluginManager: Mounting plugin ChaosNiagara
LogPluginManager: Mounting plugin CharacterAI
LogPluginManager: Mounting plugin ChaosCloth
LogPluginManager: Mounting plugin ChaosEditor
LogPluginManager: Mounting plugin ChaosSolverPlugin
LogPluginManager: Mounting plugin GeometryCache
LogPluginManager: Mounting plugin GeometryProcessing
LogPluginManager: Mounting plugin GeometryCollectionPlugin
LogPluginManager: Mounting plugin OpenImageDenoise
LogPluginManager: Mounting plugin MotoSynth
LogPluginManager: Mounting plugin ProxyLODPlugin
LogPluginManager: Mounting plugin PlatformCrypto
LogPluginManager: Mounting plugin PlanarCut
LogPluginManager: Mounting plugin PythonScriptPlugin
LogPluginManager: Mounting plugin SkeletalReduction
LogPluginManager: Mounting plugin MagicLeap
LogPluginManager: Mounting plugin LuminPlatformFeatures
LogPluginManager: Mounting plugin MagicLeapMedia
LogPluginManager: Mounting plugin MagicLeapLightEstimation
LogPluginManager: Mounting plugin AndroidMedia
LogPluginManager: Mounting plugin AvfMedia
LogPluginManager: Mounting plugin ImgMedia
LogPluginManager: Mounting plugin MediaCompositing
LogPluginManager: Mounting plugin MagicLeapPassableWorld
LogPluginManager: Mounting plugin MediaPlayerEditor
LogPluginManager: Mounting plugin WmfMedia
LogPluginManager: Mounting plugin MLSDK
LogPluginManager: Mounting plugin TcpMessaging
LogPluginManager: Mounting plugin WebMMedia
LogPluginManager: Mounting plugin UdpMessaging
LogPluginManager: Mounting plugin OnlineSubsystem
LogPluginManager: Mounting plugin OnlineSubsystemSteam
LogPluginManager: Mounting plugin OnlineSubsystemNull
LogPluginManager: Mounting plugin ActorLayerUtilities
LogPluginManager: Mounting plugin LauncherChunkInstaller
LogPluginManager: Mounting plugin AndroidPermission
LogPluginManager: Mounting plugin AppleMoviePlayer
LogPluginManager: Mounting plugin AudioCapture
LogPluginManager: Mounting plugin AndroidMoviePlayer
LogPluginManager: Mounting plugin AppleImageUtils
LogPluginManager: Mounting plugin AndroidDeviceProfileSelector
LogPluginManager: Mounting plugin AssetTags
LogPluginManager: Mounting plugin ArchVisCharacter
LogPluginManager: Mounting plugin CableComponent
LogPluginManager: Mounting plugin AudioSynesthesia
LogPluginManager: Mounting plugin ChunkDownloader
LogPluginManager: Mounting plugin OnlineSubsystemUtils
LogPluginManager: Mounting plugin EditableMesh
LogPluginManager: Mounting plugin CustomMeshComponent
LogPluginManager: Mounting plugin ExampleDeviceProfileSelector
LogPluginManager: Mounting plugin GoogleCloudMessaging
LogPluginManager: Mounting plugin GooglePAD
LogPluginManager: Mounting plugin LinuxDeviceProfileSelector
LogPluginManager: Mounting plugin IOSDeviceProfileSelector
LogPluginManager: Mounting plugin ActorSequence
LogPluginManager: Mounting plugin MobilePatchingUtils
LogPluginManager: Mounting plugin LevelSequenceEditor
LogPluginManager: Mounting plugin MatineeToLevelSequence
LogPluginManager: Mounting plugin LocationServicesBPLibrary
LogPluginManager: Mounting plugin OpenXR
LogPluginManager: Mounting plugin OpenXREyeTracker
LogPluginManager: Mounting plugin TemplateSequence
LogPluginManager: Mounting plugin ScreenshotTools
LogPluginManager: Mounting plugin RuntimePhysXCooking
LogPluginManager: Mounting plugin PropertyAccessEditor
LogPluginManager: Mounting plugin PostSplashScreen
LogPluginManager: Mounting plugin PhysXVehicles
LogPluginManager: Mounting plugin SoundFields
LogPluginManager: Mounting plugin OpenXRHandTracking
LogPluginManager: Mounting plugin SignificanceManager
LogPluginManager: Mounting plugin ProceduralMeshComponent
LogPluginManager: Mounting plugin Synthesis
LogPluginManager: Mounting plugin WebMMoviePlayer
LogPluginManager: Mounting plugin WindowsMoviePlayer
LogPluginManager: Mounting plugin Takes
LogPluginManager: Mounting plugin DatasmithContent
LogPluginManager: Mounting plugin VariantManagerContent
LogPluginManager: Mounting plugin ContentBrowserAssetDataSource
LogPluginManager: Mounting plugin ContentBrowserClassDataSource
LogPluginManager: Mounting plugin ContentBrowserFileDataSource
LogPluginManager: Mounting plugin OnlineSubsystemGooglePlay
LogPluginManager: Mounting plugin OnlineSubsystemIOS
LogPluginManager: Mounting plugin OculusVR
LogPluginManager: Mounting plugin SteamShared
LogPluginManager: Mounting plugin SteamVR
LogPluginManager: Mounting plugin RunCharacter
LogPluginManager: Mounting plugin AdvancedSessions
LogPluginManager: Mounting plugin AdvancedSteamSessions
PixWinPlugin: PIX capture plugin failed to initialize! Check that the process is launched from PIX.
LogInit: Using libcurl 7.55.1-DEV
LogInit:  - built for x86_64-pc-win32
LogInit:  - supports SSL with OpenSSL/1.1.1
LogInit:  - supports HTTP deflate (compression) using libz 1.2.8
LogInit:  - other features:
LogInit:      CURL_VERSION_SSL
LogInit:      CURL_VERSION_LIBZ
LogInit:      CURL_VERSION_IPV6
LogInit:      CURL_VERSION_ASYNCHDNS
LogInit:      CURL_VERSION_LARGEFILE
LogInit:      CURL_VERSION_IDN
LogInit:  CurlRequestOptions (configurable via config and command line):
LogInit:  - bVerifyPeer = true  - Libcurl will verify peer certificate
LogInit:  - bUseHttpProxy = false  - Libcurl will NOT use HTTP proxy
LogInit:  - bDontReuseConnections = false  - Libcurl will reuse connections
LogInit:  - MaxHostConnections = 16  - Libcurl will limit the number of connections to a host
LogInit:  - LocalHostAddr = Default
LogInit:  - BufferSize = 65536
LogOnline: OSS: Creating online subsystem instance for: NULL
LogInit: WinSock: version 1.1 (2.2), MaxSocks=32767, MaxUdp=65467
LogOnline: OSS: TryLoadSubsystemAndSetDefault: Loaded subsystem for module [NULL]
LogOculusPluginWrapper: OculusPlugin initialized successfully
LogHMD: Failed initializing OVRPlugin 1.59.0
LogInit: Build: ++UE4+Release-4.27-CL-18319896
LogInit: Engine Version: 4.27.2-18319896+++UE4+Release-4.27
LogInit: Compatible Engine Version: 4.27.0-17155196+++UE4+Release-4.27
LogInit: Net CL: 17155196
LogInit: OS: Windows 10 (Release 2009) (), CPU: 12th Gen Intel(R) Core(TM) i7-12700H, GPU: NVIDIA GeForce RTX 3070 Ti Laptop GPU
LogInit: Compiled (64-bit): Nov 30 2021 07:12:08
LogInit: Compiled with Visual C++: 19.24.28315.00
LogInit: Build Configuration: Development
LogInit: Branch Name: ++UE4+Release-4.27
LogInit: Command Line:  127.0.0.1:17777 -game -PIEVIACONSOLE -Multiprocess GameUserSettingsINI=C:/study/ProjectRunMergedAnim/Saved/Config/Windows/PIEGameUserSettings1.ini -MultiprocessSaveConfig -forcepassthrough -messaging -SessionName="Play in Standalone Game" -windowed -WinX=1436 -WinY=613 SAVEWINPOS=1 -ResX=640 -ResY=480
LogInit: Base Directory: C:/Program Files/Epic Games/UE_4.27/Engine/Binaries/Win64/
LogInit: Allocator: TBB
LogInit: Installed Engine Build: 1
LogDevObjectVersion: Number of dev versions registered: 29
LogDevObjectVersion:   Dev-Blueprints (B0D832E4-1F89-4F0D-ACCF-7EB736FD4AA2): 10
LogDevObjectVersion:   Dev-Build (E1C64328-A22C-4D53-A36C-8E866417BD8C): 0
LogDevObjectVersion:   Dev-Core (375EC13C-06E4-48FB-B500-84F0262A717E): 4
LogDevObjectVersion:   Dev-Editor (E4B068ED-F494-42E9-A231-DA0B2E46BB41): 40
LogDevObjectVersion:   Dev-Framework (CFFC743F-43B0-4480-9391-14DF171D2073): 37
LogDevObjectVersion:   Dev-Mobile (B02B49B5-BB20-44E9-A304-32B752E40360): 3
LogDevObjectVersion:   Dev-Networking (A4E4105C-59A1-49B5-A7C5-40C4547EDFEE): 0
LogDevObjectVersion:   Dev-Online (39C831C9-5AE6-47DC-9A44-9C173E1C8E7C): 0
LogDevObjectVersion:   Dev-Physics (78F01B33-EBEA-4F98-B9B4-84EACCB95AA2): 14
LogDevObjectVersion:   Dev-Platform (6631380F-2D4D-43E0-8009-CF276956A95A): 0
LogDevObjectVersion:   Dev-Rendering (12F88B9F-8875-4AFC-A67C-D90C383ABD29): 45
LogDevObjectVersion:   Dev-Sequencer (7B5AE74C-D270-4C10-A958-57980B212A5A): 13
LogDevObjectVersion:   Dev-VR (D7296918-1DD6-4BDD-9DE2-64A83CC13884): 3
LogDevObjectVersion:   Dev-LoadTimes (C2A15278-BFE7-4AFE-6C17-90FF531DF755): 1
LogDevObjectVersion:   Private-Geometry (6EACA3D4-40EC-4CC1-B786-8BED09428FC5): 3
LogDevObjectVersion:   Dev-AnimPhys (29E575DD-E0A3-4627-9D10-D276232CDCEA): 17
LogDevObjectVersion:   Dev-Anim (AF43A65D-7FD3-4947-9873-3E8ED9C1BB05): 15
LogDevObjectVersion:   Dev-ReflectionCapture (6B266CEC-1EC7-4B8F-A30B-E4D90942FC07): 1
LogDevObjectVersion:   Dev-Automation (0DF73D61-A23F-47EA-B727-89E90C41499A): 1
LogDevObjectVersion:   FortniteMain (601D1886-AC64-4F84-AA16-D3DE0DEAC7D6): 47
LogDevObjectVersion:   FortniteRelease (E7086368-6B23-4C58-8439-1B7016265E91): 1
LogDevObjectVersion:   Dev-Enterprise (9DFFBCD6-494F-0158-E221-12823C92A888): 10
LogDevObjectVersion:   Dev-Niagara (F2AED0AC-9AFE-416F-8664-AA7FFA26D6FC): 1
LogDevObjectVersion:   Dev-Destruction (174F1F0B-B4C6-45A5-B13F-2EE8D0FB917D): 10
LogDevObjectVersion:   Dev-Physics-Ext (35F94A83-E258-406C-A318-09F59610247C): 41
LogDevObjectVersion:   Dev-PhysicsMaterial-Chaos (B68FC16E-8B1B-42E2-B453-215C058844FE): 1
LogDevObjectVersion:   Dev-CineCamera (B2E18506-4273-CFC2-A54E-F4BB758BBA07): 1
LogDevObjectVersion:   Dev-VirtualProduction (64F58936-FD1B-42BA-BA96-7289D5D0FA4E): 1
LogDevObjectVersion:   Dev-MediaFramework (6F0ED827-A609-4895-9C91-998D90180EA4): 2
LogInit: Presizing for max 25165824 objects, including 0 objects not considered by GC, pre-allocating 0 bytes for permanent pool.
LogConfig: Applying CVar settings from Section [/Script/Engine.StreamingSettings] File [C:/study/ProjectRunMergedAnim/Saved/Config/Windows/Engine.ini]
LogConfig: Setting CVar [[s.MinBulkDataSizeForAsyncLoading:131072]]
LogConfig: Setting CVar [[s.AsyncLoadingThreadEnabled:0]]
LogConfig: Setting CVar [[s.EventDrivenLoaderEnabled:1]]
LogConfig: Setting CVar [[s.WarnIfTimeLimitExceeded:0]]
LogConfig: Setting CVar [[s.TimeLimitExceededMultiplier:1.5]]
LogConfig: Setting CVar [[s.TimeLimitExceededMinTime:0.005]]
LogConfig: Setting CVar [[s.UseBackgroundLevelStreaming:1]]
LogConfig: Setting CVar [[s.PriorityAsyncLoadingExtraTime:15.0]]
LogConfig: Setting CVar [[s.LevelStreamingActorsUpdateTimeLimit:5.0]]
LogConfig: Setting CVar [[s.PriorityLevelStreamingActorsUpdateExtraTime:5.0]]
LogConfig: Setting CVar [[s.LevelStreamingComponentsRegistrationGranularity:10]]
LogConfig: Setting CVar [[s.UnregisterComponentsTimeLimit:1.0]]
LogConfig: Setting CVar [[s.LevelStreamingComponentsUnregistrationGranularity:5]]
LogConfig: Setting CVar [[s.FlushStreamingOnExit:1]]
LogInit: Object subsystem initialized
LogConfig: Setting CVar [[con.DebugEarlyDefault:1]]
LogConfig: Setting CVar [[r.setres:1280x720]]
[2022.07.23-07.07.06:339][  0]LogConfig: Setting CVar [[con.DebugEarlyDefault:1]]
[2022.07.23-07.07.06:339][  0]LogConfig: Setting CVar [[r.setres:1280x720]]
[2022.07.23-07.07.06:339][  0]LogConfig: Applying CVar settings from Section [/Script/Engine.RendererSettings] File [C:/study/ProjectRunMergedAnim/Saved/Config/Windows/Engine.ini]
[2022.07.23-07.07.06:339][  0]LogConfig: Setting CVar [[r.GPUCrashDebugging:0]]
[2022.07.23-07.07.06:339][  0]LogConfig: Applying CVar settings from Section [/Script/Engine.RendererOverrideSettings] File [C:/study/ProjectRunMergedAnim/Saved/Config/Windows/Engine.ini]
[2022.07.23-07.07.06:339][  0]LogConfig: Applying CVar settings from Section [/Script/Engine.StreamingSettings] File [C:/study/ProjectRunMergedAnim/Saved/Config/Windows/Engine.ini]
[2022.07.23-07.07.06:339][  0]LogConfig: Setting CVar [[s.MinBulkDataSizeForAsyncLoading:131072]]
[2022.07.23-07.07.06:339][  0]LogConfig: Setting CVar [[s.AsyncLoadingThreadEnabled:0]]
[2022.07.23-07.07.06:339][  0]LogConfig: Setting CVar [[s.EventDrivenLoaderEnabled:1]]
[2022.07.23-07.07.06:339][  0]LogConfig: Setting CVar [[s.WarnIfTimeLimitExceeded:0]]
[2022.07.23-07.07.06:339][  0]LogConfig: Setting CVar [[s.TimeLimitExceededMultiplier:1.5]]
[2022.07.23-07.07.06:339][  0]LogConfig: Setting CVar [[s.TimeLimitExceededMinTime:0.005]]
[2022.07.23-07.07.06:339][  0]LogConfig: Setting CVar [[s.UseBackgroundLevelStreaming:1]]
[2022.07.23-07.07.06:339][  0]LogConfig: Setting CVar [[s.PriorityAsyncLoadingExtraTime:15.0]]
[2022.07.23-07.07.06:339][  0]LogConfig: Setting CVar [[s.LevelStreamingActorsUpdateTimeLimit:5.0]]
[2022.07.23-07.07.06:339][  0]LogConfig: Setting CVar [[s.PriorityLevelStreamingActorsUpdateExtraTime:5.0]]
[2022.07.23-07.07.06:339][  0]LogConfig: Setting CVar [[s.LevelStreamingComponentsRegistrationGranularity:10]]
[2022.07.23-07.07.06:339][  0]LogConfig: Setting CVar [[s.UnregisterComponentsTimeLimit:1.0]]
[2022.07.23-07.07.06:339][  0]LogConfig: Setting CVar [[s.LevelStreamingComponentsUnregistrationGranularity:5]]
[2022.07.23-07.07.06:339][  0]LogConfig: Setting CVar [[s.FlushStreamingOnExit:1]]
[2022.07.23-07.07.06:339][  0]LogConfig: Applying CVar settings from Section [/Script/Engine.GarbageCollectionSettings] File [C:/study/ProjectRunMergedAnim/Saved/Config/Windows/Engine.ini]
[2022.07.23-07.07.06:339][  0]LogConfig: Setting CVar [[gc.MaxObjectsNotConsideredByGC:1]]
[2022.07.23-07.07.06:339][  0]LogConfig: Setting CVar [[gc.SizeOfPermanentObjectPool:0]]
[2022.07.23-07.07.06:339][  0]LogConfig: Setting CVar [[gc.FlushStreamingOnGC:0]]
[2022.07.23-07.07.06:339][  0]LogConfig: Setting CVar [[gc.NumRetriesBeforeForcingGC:10]]
[2022.07.23-07.07.06:339][  0]LogConfig: Setting CVar [[gc.AllowParallelGC:1]]
[2022.07.23-07.07.06:339][  0]LogConfig: Setting CVar [[gc.TimeBetweenPurgingPendingKillObjects:61.1]]
[2022.07.23-07.07.06:339][  0]LogConfig: Setting CVar [[gc.MaxObjectsInEditor:25165824]]
[2022.07.23-07.07.06:339][  0]LogConfig: Setting CVar [[gc.IncrementalBeginDestroyEnabled:1]]
[2022.07.23-07.07.06:339][  0]LogConfig: Setting CVar [[gc.CreateGCClusters:1]]
[2022.07.23-07.07.06:339][  0]LogConfig: Setting CVar [[gc.MinGCClusterSize:5]]
[2022.07.23-07.07.06:339][  0]LogConfig: Setting CVar [[gc.ActorClusteringEnabled:0]]
[2022.07.23-07.07.06:339][  0]LogConfig: Setting CVar [[gc.BlueprintClusteringEnabled:0]]
[2022.07.23-07.07.06:339][  0]LogConfig: Setting CVar [[gc.UseDisregardForGCOnDedicatedServers:0]]
[2022.07.23-07.07.06:339][  0]LogConfig: Setting CVar [[gc.MultithreadedDestructionEnabled:1]]
[2022.07.23-07.07.06:339][  0]LogConfig: Applying CVar settings from Section [/Script/Engine.NetworkSettings] File [C:/study/ProjectRunMergedAnim/Saved/Config/Windows/Engine.ini]
[2022.07.23-07.07.06:339][  0]LogConfig: Applying CVar settings from Section [/Script/UnrealEd.CookerSettings] File [C:/study/ProjectRunMergedAnim/Saved/Config/Windows/Engine.ini]
[2022.07.23-07.07.06:346][  0]LogConfig: Applying CVar settings from Section [ViewDistanceQuality@3] File [C:/study/ProjectRunMergedAnim/Saved/Config/Windows/Scalability.ini]
[2022.07.23-07.07.06:346][  0]LogConfig: Setting CVar [[r.SkeletalMeshLODBias:0]]
[2022.07.23-07.07.06:346][  0]LogConfig: Setting CVar [[r.ViewDistanceScale:1.0]]
[2022.07.23-07.07.06:346][  0]LogConfig: Applying CVar settings from Section [AntiAliasingQuality@3] File [C:/study/ProjectRunMergedAnim/Saved/Config/Windows/Scalability.ini]
[2022.07.23-07.07.06:346][  0]LogConfig: Setting CVar [[r.PostProcessAAQuality:4]]
[2022.07.23-07.07.06:346][  0]LogConfig: Applying CVar settings from Section [ShadowQuality@3] File [C:/study/ProjectRunMergedAnim/Saved/Config/Windows/Scalability.ini]
[2022.07.23-07.07.06:346][  0]LogConfig: Setting CVar [[r.LightFunctionQuality:1]]
[2022.07.23-07.07.06:346][  0]LogConfig: Setting CVar [[r.ShadowQuality:5]]
[2022.07.23-07.07.06:346][  0]LogConfig: Setting CVar [[r.Shadow.CSM.MaxCascades:10]]
[2022.07.23-07.07.06:346][  0]LogConfig: Setting CVar [[r.Shadow.MaxResolution:2048]]
[2022.07.23-07.07.06:346][  0]LogConfig: Setting CVar [[r.Shadow.MaxCSMResolution:2048]]
[2022.07.23-07.07.06:346][  0]LogConfig: Setting CVar [[r.Shadow.RadiusThreshold:0.01]]
[2022.07.23-07.07.06:346][  0]LogConfig: Setting CVar [[r.Shadow.DistanceScale:1.0]]
[2022.07.23-07.07.06:346][  0]LogConfig: Setting CVar [[r.Shadow.CSM.TransitionScale:1.0]]
[2022.07.23-07.07.06:346][  0]LogConfig: Setting CVar [[r.Shadow.PreShadowResolutionFactor:1.0]]
[2022.07.23-07.07.06:346][  0]LogConfig: Setting CVar [[r.DistanceFieldShadowing:1]]
[2022.07.23-07.07.06:346][  0]LogConfig: Setting CVar [[r.DistanceFieldAO:1]]
[2022.07.23-07.07.06:346][  0]LogConfig: Setting CVar [[r.AOQuality:2]]
[2022.07.23-07.07.06:346][  0]LogConfig: Setting CVar [[r.VolumetricFog:1]]
[2022.07.23-07.07.06:346][  0]LogConfig: Setting CVar [[r.VolumetricFog.GridPixelSize:8]]
[2022.07.23-07.07.06:346][  0]LogConfig: Setting CVar [[r.VolumetricFog.GridSizeZ:128]]
[2022.07.23-07.07.06:346][  0]LogConfig: Setting CVar [[r.VolumetricFog.HistoryMissSupersampleCount:4]]
[2022.07.23-07.07.06:346][  0]LogConfig: Setting CVar [[r.LightMaxDrawDistanceScale:1]]
[2022.07.23-07.07.06:346][  0]LogConfig: Setting CVar [[r.CapsuleShadows:1]]
[2022.07.23-07.07.06:346][  0]LogConfig: Applying CVar settings from Section [PostProcessQuality@3] File [C:/study/ProjectRunMergedAnim/Saved/Config/Windows/Scalability.ini]
[2022.07.23-07.07.06:346][  0]LogConfig: Setting CVar [[r.MotionBlurQuality:4]]
[2022.07.23-07.07.06:346][  0]LogConfig: Setting CVar [[r.AmbientOcclusionMipLevelFactor:0.4]]
[2022.07.23-07.07.06:346][  0]LogConfig: Setting CVar [[r.AmbientOcclusionMaxQuality:100]]
[2022.07.23-07.07.06:346][  0]LogConfig: Setting CVar [[r.AmbientOcclusionLevels:-1]]
[2022.07.23-07.07.06:346][  0]LogConfig: Setting CVar [[r.AmbientOcclusionRadiusScale:1.0]]
[2022.07.23-07.07.06:346][  0]LogConfig: Setting CVar [[r.DepthOfFieldQuality:2]]
[2022.07.23-07.07.06:346][  0]LogConfig: Setting CVar [[r.RenderTargetPoolMin:400]]
[2022.07.23-07.07.06:346][  0]LogConfig: Setting CVar [[r.LensFlareQuality:2]]
[2022.07.23-07.07.06:346][  0]LogConfig: Setting CVar [[r.SceneColorFringeQuality:1]]
[2022.07.23-07.07.06:346][  0]LogConfig: Setting CVar [[r.EyeAdaptationQuality:2]]
[2022.07.23-07.07.06:346][  0]LogConfig: Setting CVar [[r.BloomQuality:5]]
[2022.07.23-07.07.06:346][  0]LogConfig: Setting CVar [[r.FastBlurThreshold:100]]
[2022.07.23-07.07.06:346][  0]LogConfig: Setting CVar [[r.Upscale.Quality:3]]
[2022.07.23-07.07.06:346][  0]LogConfig: Setting CVar [[r.Tonemapper.GrainQuantization:1]]
[2022.07.23-07.07.06:346][  0]LogConfig: Setting CVar [[r.LightShaftQuality:1]]
[2022.07.23-07.07.06:346][  0]LogConfig: Setting CVar [[r.Filter.SizeScale:1]]
[2022.07.23-07.07.06:346][  0]LogConfig: Setting CVar [[r.Tonemapper.Quality:5]]
[2022.07.23-07.07.06:346][  0]LogConfig: Setting CVar [[r.DOF.Gather.AccumulatorQuality:1        ; higher gathering accumulator quality]]
[2022.07.23-07.07.06:346][  0]LogConfig: Setting CVar [[r.DOF.Gather.PostfilterMethod:1          ; Median3x3 postfilering method]]
[2022.07.23-07.07.06:346][  0]LogConfig: Setting CVar [[r.DOF.Gather.EnableBokehSettings:0       ; no bokeh simulation when gathering]]
[2022.07.23-07.07.06:346][  0]LogConfig: Setting CVar [[r.DOF.Gather.RingCount:4                 ; medium number of samples when gathering]]
[2022.07.23-07.07.06:346][  0]LogConfig: Setting CVar [[r.DOF.Scatter.ForegroundCompositing:1    ; additive foreground scattering]]
[2022.07.23-07.07.06:346][  0]LogConfig: Setting CVar [[r.DOF.Scatter.BackgroundCompositing:2    ; additive background scattering]]
[2022.07.23-07.07.06:346][  0]LogConfig: Setting CVar [[r.DOF.Scatter.EnableBokehSettings:1      ; bokeh simulation when scattering]]
[2022.07.23-07.07.06:346][  0]LogConfig: Setting CVar [[r.DOF.Scatter.MaxSpriteRatio:0.1         ; only a maximum of 10% of scattered bokeh]]
[2022.07.23-07.07.06:346][  0]LogConfig: Setting CVar [[r.DOF.Recombine.Quality:1                ; cheap slight out of focus]]
[2022.07.23-07.07.06:346][  0]LogConfig: Setting CVar [[r.DOF.Recombine.EnableBokehSettings:0    ; no bokeh simulation on slight out of focus]]
[2022.07.23-07.07.06:346][  0]LogConfig: Setting CVar [[r.DOF.TemporalAAQuality:1                ; more stable temporal accumulation]]
[2022.07.23-07.07.06:346][  0]LogConfig: Setting CVar [[r.DOF.Kernel.MaxForegroundRadius:0.025]]
[2022.07.23-07.07.06:346][  0]LogConfig: Setting CVar [[r.DOF.Kernel.MaxBackgroundRadius:0.025]]
[2022.07.23-07.07.06:346][  0]LogConfig: Applying CVar settings from Section [TextureQuality@3] File [C:/study/ProjectRunMergedAnim/Saved/Config/Windows/Scalability.ini]
[2022.07.23-07.07.06:346][  0]LogConfig: Setting CVar [[r.Streaming.MipBias:0]]
[2022.07.23-07.07.06:346][  0]LogConfig: Setting CVar [[r.Streaming.AmortizeCPUToGPUCopy:0]]
[2022.07.23-07.07.06:346][  0]LogConfig: Setting CVar [[r.Streaming.MaxNumTexturesToStreamPerFrame:0]]
[2022.07.23-07.07.06:346][  0]LogConfig: Setting CVar [[r.Streaming.Boost:1]]
[2022.07.23-07.07.06:346][  0]LogConfig: Setting CVar [[r.MaxAnisotropy:8]]
[2022.07.23-07.07.06:346][  0]LogConfig: Setting CVar [[r.VT.MaxAnisotropy:8]]
[2022.07.23-07.07.06:346][  0]LogConfig: Setting CVar [[r.Streaming.LimitPoolSizeToVRAM:0]]
[2022.07.23-07.07.06:346][  0]LogConfig: Setting CVar [[r.Streaming.PoolSize:1000]]
[2022.07.23-07.07.06:346][  0]LogConfig: Setting CVar [[r.Streaming.MaxEffectiveScreenSize:0]]
[2022.07.23-07.07.06:346][  0]LogConfig: Applying CVar settings from Section [EffectsQuality@3] File [C:/study/ProjectRunMergedAnim/Saved/Config/Windows/Scalability.ini]
[2022.07.23-07.07.06:346][  0]LogConfig: Setting CVar [[r.TranslucencyLightingVolumeDim:64]]
[2022.07.23-07.07.06:346][  0]LogConfig: Setting CVar [[r.RefractionQuality:2]]
[2022.07.23-07.07.06:346][  0]LogConfig: Setting CVar [[r.SSR.Quality:3]]
[2022.07.23-07.07.06:346][  0]LogConfig: Setting CVar [[r.SSR.HalfResSceneColor:0]]
[2022.07.23-07.07.06:346][  0]LogConfig: Setting CVar [[r.SceneColorFormat:4]]
[2022.07.23-07.07.06:346][  0]LogConfig: Setting CVar [[r.DetailMode:2]]
[2022.07.23-07.07.06:346][  0]LogConfig: Setting CVar [[r.TranslucencyVolumeBlur:1]]
[2022.07.23-07.07.06:346][  0]LogConfig: Setting CVar [[r.MaterialQualityLevel:1 ; High quality]]
[2022.07.23-07.07.06:346][  0]LogConfig: Setting CVar [[r.AnisotropicMaterials:1]]
[2022.07.23-07.07.06:346][  0]LogConfig: Setting CVar [[r.SSS.Scale:1]]
[2022.07.23-07.07.06:346][  0]LogConfig: Setting CVar [[r.SSS.SampleSet:2]]
[2022.07.23-07.07.06:346][  0]LogConfig: Setting CVar [[r.SSS.Quality:1]]
[2022.07.23-07.07.06:346][  0]LogConfig: Setting CVar [[r.SSS.HalfRes:0]]
[2022.07.23-07.07.06:346][  0]LogConfig: Setting CVar [[r.SSGI.Quality:3]]
[2022.07.23-07.07.06:346][  0]LogConfig: Setting CVar [[r.EmitterSpawnRateScale:1.0]]
[2022.07.23-07.07.06:346][  0]LogConfig: Setting CVar [[r.ParticleLightQuality:2]]
[2022.07.23-07.07.06:346][  0]LogConfig: Setting CVar [[r.SkyAtmosphere.AerialPerspectiveLUT.FastApplyOnOpaque:1 ; Always have FastSkyLUT 1 in this case to avoid wrong sky]]
[2022.07.23-07.07.06:346][  0]LogConfig: Setting CVar [[r.SkyAtmosphere.AerialPerspectiveLUT.SampleCountMaxPerSlice:4]]
[2022.07.23-07.07.06:346][  0]LogConfig: Setting CVar [[r.SkyAtmosphere.AerialPerspectiveLUT.DepthResolution:16.0]]
[2022.07.23-07.07.06:346][  0]LogConfig: Setting CVar [[r.SkyAtmosphere.FastSkyLUT:1]]
[2022.07.23-07.07.06:346][  0]LogConfig: Setting CVar [[r.SkyAtmosphere.FastSkyLUT.SampleCountMin:4.0]]
[2022.07.23-07.07.06:346][  0]LogConfig: Setting CVar [[r.SkyAtmosphere.FastSkyLUT.SampleCountMax:128.0]]
[2022.07.23-07.07.06:346][  0]LogConfig: Setting CVar [[r.SkyAtmosphere.SampleCountMin:4.0]]
[2022.07.23-07.07.06:346][  0]LogConfig: Setting CVar [[r.SkyAtmosphere.SampleCountMax:128.0]]
[2022.07.23-07.07.06:346][  0]LogConfig: Setting CVar [[r.SkyAtmosphere.TransmittanceLUT.UseSmallFormat:0]]
[2022.07.23-07.07.06:346][  0]LogConfig: Setting CVar [[r.SkyAtmosphere.TransmittanceLUT.SampleCount:10.0]]
[2022.07.23-07.07.06:346][  0]LogConfig: Setting CVar [[r.SkyAtmosphere.MultiScatteringLUT.SampleCount:15.0]]
[2022.07.23-07.07.06:346][  0]LogConfig: Setting CVar [[r.SkyLight.RealTimeReflectionCapture:1]]
[2022.07.23-07.07.06:347][  0]LogConfig: Applying CVar settings from Section [FoliageQuality@3] File [C:/study/ProjectRunMergedAnim/Saved/Config/Windows/Scalability.ini]
[2022.07.23-07.07.06:347][  0]LogConfig: Setting CVar [[foliage.DensityScale:1.0]]
[2022.07.23-07.07.06:347][  0]LogConfig: Setting CVar [[grass.DensityScale:1.0]]
[2022.07.23-07.07.06:347][  0]LogConfig: Applying CVar settings from Section [ShadingQuality@3] File [C:/study/ProjectRunMergedAnim/Saved/Config/Windows/Scalability.ini]
[2022.07.23-07.07.06:347][  0]LogConfig: Setting CVar [[r.HairStrands.SkyLighting.IntegrationType:2]]
[2022.07.23-07.07.06:347][  0]LogConfig: Setting CVar [[r.HairStrands.SkyAO.SampleCount:4]]
[2022.07.23-07.07.06:347][  0]LogConfig: Setting CVar [[r.HairStrands.Visibility.MSAA.SamplePerPixel:4]]
[2022.07.23-07.07.06:347][  0]LogInit: Selected Device Profile: [Windows]
[2022.07.23-07.07.06:347][  0]LogInit: Applying CVar settings loaded from the selected device profile: [Windows]
[2022.07.23-07.07.06:347][  0]LogHAL: Display: Platform has ~ 16 GB [16831680512 / 17179869184 / 16], which maps to Larger [LargestMinGB=32, LargerMinGB=12, DefaultMinGB=8, SmallerMinGB=6, SmallestMinGB=0)
[2022.07.23-07.07.06:347][  0]LogInit: Going up to parent DeviceProfile []
[2022.07.23-07.07.06:347][  0]LogConfig: Applying CVar settings from Section [ViewDistanceQuality@3] File [C:/study/ProjectRunMergedAnim/Saved/Config/Windows/Scalability.ini]
[2022.07.23-07.07.06:347][  0]LogConfig: Setting CVar [[r.SkeletalMeshLODBias:0]]
[2022.07.23-07.07.06:347][  0]LogConfig: Setting CVar [[r.ViewDistanceScale:1.0]]
[2022.07.23-07.07.06:347][  0]LogConfig: Applying CVar settings from Section [AntiAliasingQuality@3] File [C:/study/ProjectRunMergedAnim/Saved/Config/Windows/Scalability.ini]
[2022.07.23-07.07.06:347][  0]LogConfig: Setting CVar [[r.PostProcessAAQuality:4]]
[2022.07.23-07.07.06:347][  0]LogConfig: Applying CVar settings from Section [ShadowQuality@3] File [C:/study/ProjectRunMergedAnim/Saved/Config/Windows/Scalability.ini]
[2022.07.23-07.07.06:347][  0]LogConfig: Setting CVar [[r.LightFunctionQuality:1]]
[2022.07.23-07.07.06:347][  0]LogConfig: Setting CVar [[r.ShadowQuality:5]]
[2022.07.23-07.07.06:347][  0]LogConfig: Setting CVar [[r.Shadow.CSM.MaxCascades:10]]
[2022.07.23-07.07.06:347][  0]LogConfig: Setting CVar [[r.Shadow.MaxResolution:2048]]
[2022.07.23-07.07.06:347][  0]LogConfig: Setting CVar [[r.Shadow.MaxCSMResolution:2048]]
[2022.07.23-07.07.06:347][  0]LogConfig: Setting CVar [[r.Shadow.RadiusThreshold:0.01]]
[2022.07.23-07.07.06:347][  0]LogConfig: Setting CVar [[r.Shadow.DistanceScale:1.0]]
[2022.07.23-07.07.06:347][  0]LogConfig: Setting CVar [[r.Shadow.CSM.TransitionScale:1.0]]
[2022.07.23-07.07.06:347][  0]LogConfig: Setting CVar [[r.Shadow.PreShadowResolutionFactor:1.0]]
[2022.07.23-07.07.06:347][  0]LogConfig: Setting CVar [[r.DistanceFieldShadowing:1]]
[2022.07.23-07.07.06:347][  0]LogConfig: Setting CVar [[r.DistanceFieldAO:1]]
[2022.07.23-07.07.06:347][  0]LogConfig: Setting CVar [[r.AOQuality:2]]
[2022.07.23-07.07.06:347][  0]LogConfig: Setting CVar [[r.VolumetricFog:1]]
[2022.07.23-07.07.06:347][  0]LogConfig: Setting CVar [[r.VolumetricFog.GridPixelSize:8]]
[2022.07.23-07.07.06:347][  0]LogConfig: Setting CVar [[r.VolumetricFog.GridSizeZ:128]]
[2022.07.23-07.07.06:347][  0]LogConfig: Setting CVar [[r.VolumetricFog.HistoryMissSupersampleCount:4]]
[2022.07.23-07.07.06:347][  0]LogConfig: Setting CVar [[r.LightMaxDrawDistanceScale:1]]
[2022.07.23-07.07.06:347][  0]LogConfig: Setting CVar [[r.CapsuleShadows:1]]
[2022.07.23-07.07.06:347][  0]LogConfig: Applying CVar settings from Section [PostProcessQuality@3] File [C:/study/ProjectRunMergedAnim/Saved/Config/Windows/Scalability.ini]
[2022.07.23-07.07.06:347][  0]LogConfig: Setting CVar [[r.MotionBlurQuality:4]]
[2022.07.23-07.07.06:347][  0]LogConfig: Setting CVar [[r.AmbientOcclusionMipLevelFactor:0.4]]
[2022.07.23-07.07.06:347][  0]LogConfig: Setting CVar [[r.AmbientOcclusionMaxQuality:100]]
[2022.07.23-07.07.06:347][  0]LogConfig: Setting CVar [[r.AmbientOcclusionLevels:-1]]
[2022.07.23-07.07.06:347][  0]LogConfig: Setting CVar [[r.AmbientOcclusionRadiusScale:1.0]]
[2022.07.23-07.07.06:347][  0]LogConfig: Setting CVar [[r.DepthOfFieldQuality:2]]
[2022.07.23-07.07.06:347][  0]LogConfig: Setting CVar [[r.RenderTargetPoolMin:400]]
[2022.07.23-07.07.06:347][  0]LogConfig: Setting CVar [[r.LensFlareQuality:2]]
[2022.07.23-07.07.06:347][  0]LogConfig: Setting CVar [[r.SceneColorFringeQuality:1]]
[2022.07.23-07.07.06:347][  0]LogConfig: Setting CVar [[r.EyeAdaptationQuality:2]]
[2022.07.23-07.07.06:347][  0]LogConfig: Setting CVar [[r.BloomQuality:5]]
[2022.07.23-07.07.06:347][  0]LogConfig: Setting CVar [[r.FastBlurThreshold:100]]
[2022.07.23-07.07.06:347][  0]LogConfig: Setting CVar [[r.Upscale.Quality:3]]
[2022.07.23-07.07.06:347][  0]LogConfig: Setting CVar [[r.Tonemapper.GrainQuantization:1]]
[2022.07.23-07.07.06:347][  0]LogConfig: Setting CVar [[r.LightShaftQuality:1]]
[2022.07.23-07.07.06:347][  0]LogConfig: Setting CVar [[r.Filter.SizeScale:1]]
[2022.07.23-07.07.06:347][  0]LogConfig: Setting CVar [[r.Tonemapper.Quality:5]]
[2022.07.23-07.07.06:347][  0]LogConfig: Setting CVar [[r.DOF.Gather.AccumulatorQuality:1        ; higher gathering accumulator quality]]
[2022.07.23-07.07.06:347][  0]LogConfig: Setting CVar [[r.DOF.Gather.PostfilterMethod:1          ; Median3x3 postfilering method]]
[2022.07.23-07.07.06:347][  0]LogConfig: Setting CVar [[r.DOF.Gather.EnableBokehSettings:0       ; no bokeh simulation when gathering]]
[2022.07.23-07.07.06:347][  0]LogConfig: Setting CVar [[r.DOF.Gather.RingCount:4                 ; medium number of samples when gathering]]
[2022.07.23-07.07.06:347][  0]LogConfig: Setting CVar [[r.DOF.Scatter.ForegroundCompositing:1    ; additive foreground scattering]]
[2022.07.23-07.07.06:347][  0]LogConfig: Setting CVar [[r.DOF.Scatter.BackgroundCompositing:2    ; additive background scattering]]
[2022.07.23-07.07.06:347][  0]LogConfig: Setting CVar [[r.DOF.Scatter.EnableBokehSettings:1      ; bokeh simulation when scattering]]
[2022.07.23-07.07.06:347][  0]LogConfig: Setting CVar [[r.DOF.Scatter.MaxSpriteRatio:0.1         ; only a maximum of 10% of scattered bokeh]]
[2022.07.23-07.07.06:347][  0]LogConfig: Setting CVar [[r.DOF.Recombine.Quality:1                ; cheap slight out of focus]]
[2022.07.23-07.07.06:347][  0]LogConfig: Setting CVar [[r.DOF.Recombine.EnableBokehSettings:0    ; no bokeh simulation on slight out of focus]]
[2022.07.23-07.07.06:347][  0]LogConfig: Setting CVar [[r.DOF.TemporalAAQuality:1                ; more stable temporal accumulation]]
[2022.07.23-07.07.06:347][  0]LogConfig: Setting CVar [[r.DOF.Kernel.MaxForegroundRadius:0.025]]
[2022.07.23-07.07.06:347][  0]LogConfig: Setting CVar [[r.DOF.Kernel.MaxBackgroundRadius:0.025]]
[2022.07.23-07.07.06:347][  0]LogConfig: Applying CVar settings from Section [TextureQuality@3] File [C:/study/ProjectRunMergedAnim/Saved/Config/Windows/Scalability.ini]
[2022.07.23-07.07.06:347][  0]LogConfig: Setting CVar [[r.Streaming.MipBias:0]]
[2022.07.23-07.07.06:347][  0]LogConfig: Setting CVar [[r.Streaming.AmortizeCPUToGPUCopy:0]]
[2022.07.23-07.07.06:347][  0]LogConfig: Setting CVar [[r.Streaming.MaxNumTexturesToStreamPerFrame:0]]
[2022.07.23-07.07.06:347][  0]LogConfig: Setting CVar [[r.Streaming.Boost:1]]
[2022.07.23-07.07.06:347][  0]LogConfig: Setting CVar [[r.MaxAnisotropy:8]]
[2022.07.23-07.07.06:347][  0]LogConfig: Setting CVar [[r.VT.MaxAnisotropy:8]]
[2022.07.23-07.07.06:347][  0]LogConfig: Setting CVar [[r.Streaming.LimitPoolSizeToVRAM:0]]
[2022.07.23-07.07.06:347][  0]LogConfig: Setting CVar [[r.Streaming.PoolSize:1000]]
[2022.07.23-07.07.06:347][  0]LogConfig: Setting CVar [[r.Streaming.MaxEffectiveScreenSize:0]]
[2022.07.23-07.07.06:347][  0]LogConfig: Applying CVar settings from Section [EffectsQuality@3] File [C:/study/ProjectRunMergedAnim/Saved/Config/Windows/Scalability.ini]
[2022.07.23-07.07.06:347][  0]LogConfig: Setting CVar [[r.TranslucencyLightingVolumeDim:64]]
[2022.07.23-07.07.06:347][  0]LogConfig: Setting CVar [[r.RefractionQuality:2]]
[2022.07.23-07.07.06:347][  0]LogConfig: Setting CVar [[r.SSR.Quality:3]]
[2022.07.23-07.07.06:347][  0]LogConfig: Setting CVar [[r.SSR.HalfResSceneColor:0]]
[2022.07.23-07.07.06:347][  0]LogConfig: Setting CVar [[r.SceneColorFormat:4]]
[2022.07.23-07.07.06:347][  0]LogConfig: Setting CVar [[r.DetailMode:2]]
[2022.07.23-07.07.06:347][  0]LogConfig: Setting CVar [[r.TranslucencyVolumeBlur:1]]
[2022.07.23-07.07.06:347][  0]LogConfig: Setting CVar [[r.MaterialQualityLevel:1 ; High quality]]
[2022.07.23-07.07.06:347][  0]LogConfig: Setting CVar [[r.AnisotropicMaterials:1]]
[2022.07.23-07.07.06:347][  0]LogConfig: Setting CVar [[r.SSS.Scale:1]]
[2022.07.23-07.07.06:347][  0]LogConfig: Setting CVar [[r.SSS.SampleSet:2]]
[2022.07.23-07.07.06:347][  0]LogConfig: Setting CVar [[r.SSS.Quality:1]]
[2022.07.23-07.07.06:347][  0]LogConfig: Setting CVar [[r.SSS.HalfRes:0]]
[2022.07.23-07.07.06:347][  0]LogConfig: Setting CVar [[r.SSGI.Quality:3]]
[2022.07.23-07.07.06:347][  0]LogConfig: Setting CVar [[r.EmitterSpawnRateScale:1.0]]
[2022.07.23-07.07.06:347][  0]LogConfig: Setting CVar [[r.ParticleLightQuality:2]]
[2022.07.23-07.07.06:347][  0]LogConfig: Setting CVar [[r.SkyAtmosphere.AerialPerspectiveLUT.FastApplyOnOpaque:1 ; Always have FastSkyLUT 1 in this case to avoid wrong sky]]
[2022.07.23-07.07.06:347][  0]LogConfig: Setting CVar [[r.SkyAtmosphere.AerialPerspectiveLUT.SampleCountMaxPerSlice:4]]
[2022.07.23-07.07.06:347][  0]LogConfig: Setting CVar [[r.SkyAtmosphere.AerialPerspectiveLUT.DepthResolution:16.0]]
[2022.07.23-07.07.06:347][  0]LogConfig: Setting CVar [[r.SkyAtmosphere.FastSkyLUT:1]]
[2022.07.23-07.07.06:347][  0]LogConfig: Setting CVar [[r.SkyAtmosphere.FastSkyLUT.SampleCountMin:4.0]]
[2022.07.23-07.07.06:347][  0]LogConfig: Setting CVar [[r.SkyAtmosphere.FastSkyLUT.SampleCountMax:128.0]]
[2022.07.23-07.07.06:347][  0]LogConfig: Setting CVar [[r.SkyAtmosphere.SampleCountMin:4.0]]
[2022.07.23-07.07.06:347][  0]LogConfig: Setting CVar [[r.SkyAtmosphere.SampleCountMax:128.0]]
[2022.07.23-07.07.06:347][  0]LogConfig: Setting CVar [[r.SkyAtmosphere.TransmittanceLUT.UseSmallFormat:0]]
[2022.07.23-07.07.06:347][  0]LogConfig: Setting CVar [[r.SkyAtmosphere.TransmittanceLUT.SampleCount:10.0]]
[2022.07.23-07.07.06:347][  0]LogConfig: Setting CVar [[r.SkyAtmosphere.MultiScatteringLUT.SampleCount:15.0]]
[2022.07.23-07.07.06:347][  0]LogConfig: Setting CVar [[r.SkyLight.RealTimeReflectionCapture:1]]
[2022.07.23-07.07.06:347][  0]LogConfig: Applying CVar settings from Section [FoliageQuality@3] File [C:/study/ProjectRunMergedAnim/Saved/Config/Windows/Scalability.ini]
[2022.07.23-07.07.06:347][  0]LogConfig: Setting CVar [[foliage.DensityScale:1.0]]
[2022.07.23-07.07.06:347][  0]LogConfig: Setting CVar [[grass.DensityScale:1.0]]
[2022.07.23-07.07.06:347][  0]LogConfig: Applying CVar settings from Section [ShadingQuality@3] File [C:/study/ProjectRunMergedAnim/Saved/Config/Windows/Scalability.ini]
[2022.07.23-07.07.06:347][  0]LogConfig: Setting CVar [[r.HairStrands.SkyLighting.IntegrationType:2]]
[2022.07.23-07.07.06:347][  0]LogConfig: Setting CVar [[r.HairStrands.SkyAO.SampleCount:4]]
[2022.07.23-07.07.06:347][  0]LogConfig: Setting CVar [[r.HairStrands.Visibility.MSAA.SamplePerPixel:4]]
[2022.07.23-07.07.06:347][  0]LogConfig: Applying CVar settings from Section [Startup] File [../../../Engine/Config/ConsoleVariables.ini]
[2022.07.23-07.07.06:348][  0]LogConfig: Setting CVar [[net.UseAdaptiveNetUpdateFrequency:0]]
[2022.07.23-07.07.06:348][  0]LogConfig: Setting CVar [[p.chaos.AllowCreatePhysxBodies:1]]
[2022.07.23-07.07.06:348][  0]LogConfig: Setting CVar [[fx.SkipVectorVMBackendOptimizations:1]]
[2022.07.23-07.07.06:348][  0]LogConfig: Applying CVar settings from Section [ConsoleVariables] File [C:/study/ProjectRunMergedAnim/Saved/Config/Windows/Engine.ini]
[2022.07.23-07.07.06:348][  0]LogConfig: Applying CVar settings from Section [ConsoleVariables] File [C:/study/ProjectRunMergedAnim/Saved/Config/Windows/Editor.ini]
[2022.07.23-07.07.06:348][  0]LogInit: Computer: LEEMINSEOK
[2022.07.23-07.07.06:348][  0]LogInit: User: sycym
[2022.07.23-07.07.06:348][  0]LogInit: CPU Page size=4096, Cores=14
[2022.07.23-07.07.06:348][  0]LogInit: High frequency timer resolution =10.000000 MHz
[2022.07.23-07.07.06:348][  0]LogMemory: Memory total: Physical=15.7GB (16GB approx)
[2022.07.23-07.07.06:348][  0]LogMemory: Platform Memory Stats for Windows
[2022.07.23-07.07.06:348][  0]LogMemory: Process Physical Memory: 149.40 MB used, 149.40 MB peak
[2022.07.23-07.07.06:348][  0]LogMemory: Process Virtual Memory: 132.80 MB used, 132.80 MB peak
[2022.07.23-07.07.06:348][  0]LogMemory: Physical Memory: 7459.92 MB used,  8592.02 MB free, 16051.94 MB total
[2022.07.23-07.07.06:348][  0]LogMemory: Virtual Memory: 134205376.00 MB used,  12354.53 MB free, 134217728.00 MB total
[2022.07.23-07.07.06:352][  0]LogWindows: WindowsPlatformFeatures enabled
[2022.07.23-07.07.06:393][  0]LogInit: Physics initialised using underlying interface: PhysX
[2022.07.23-07.07.06:393][  0]LogInit: Using OS detected language (ko-KR).
[2022.07.23-07.07.06:393][  0]LogInit: Using OS detected locale (ko-KR).
[2022.07.23-07.07.06:395][  0]LogTextLocalizationManager: No specific localization for 'ko-KR' exists, so the 'ko' localization will be used.
[2022.07.23-07.07.06:502][  0]LogWindowsTextInputMethodSystem: Display: IME system deactivated.
[2022.07.23-07.07.06:518][  0]LogSlate: New Slate User Created.  User Index 0, Is Virtual User: 0
[2022.07.23-07.07.06:518][  0]LogSlate: Slate User Registered.  User Index 0, Is Virtual User: 0
[2022.07.23-07.07.06:531][  0]LogD3D11RHI: Loaded GFSDK_Aftermath_Lib.x64.dll
[2022.07.23-07.07.06:536][  0]LogHMD: Failed to initialize OpenVR with code 110
[2022.07.23-07.07.06:536][  0]LogD3D11RHI: D3D11 min allowed feature level: 11_0
[2022.07.23-07.07.06:536][  0]LogD3D11RHI: D3D11 max allowed feature level: 11_0
[2022.07.23-07.07.06:536][  0]LogD3D11RHI: D3D11 adapters:
[2022.07.23-07.07.06:615][  0]LogD3D11RHI:    0. 'NVIDIA GeForce RTX 3070 Ti Laptop GPU' (Feature Level 11_0)
[2022.07.23-07.07.06:615][  0]LogD3D11RHI:       8043/0/8025 MB DedicatedVideo/DedicatedSystem/SharedSystem, Outputs:1, VendorId:0x10de
[2022.07.23-07.07.06:649][  0]LogD3D11RHI:    1. 'Intel(R) Iris(R) Xe Graphics' (Feature Level 11_0)
[2022.07.23-07.07.06:649][  0]LogD3D11RHI:       128/0/8025 MB DedicatedVideo/DedicatedSystem/SharedSystem, Outputs:0, VendorId:0x8086
[2022.07.23-07.07.06:652][  0]LogD3D11RHI:    2. 'Microsoft Basic Render Driver' (Feature Level 11_0)
[2022.07.23-07.07.06:652][  0]LogD3D11RHI:       0/0/8025 MB DedicatedVideo/DedicatedSystem/SharedSystem, Outputs:0, VendorId:0x1414
[2022.07.23-07.07.06:652][  0]LogD3D11RHI: Chosen D3D11 Adapter:
[2022.07.23-07.07.06:652][  0]LogD3D11RHI:     Description : NVIDIA GeForce RTX 3070 Ti Laptop GPU
[2022.07.23-07.07.06:652][  0]LogD3D11RHI:     VendorId    : 10de
[2022.07.23-07.07.06:652][  0]LogD3D11RHI:     DeviceId    : 24e0
[2022.07.23-07.07.06:652][  0]LogD3D11RHI:     SubSysId    : 8a14103c
[2022.07.23-07.07.06:652][  0]LogD3D11RHI:     Revision    : 00a1
[2022.07.23-07.07.06:652][  0]LogD3D11RHI:     DedicatedVideoMemory : 8433696768 bytes
[2022.07.23-07.07.06:652][  0]LogD3D11RHI:     DedicatedSystemMemory : 0 bytes
[2022.07.23-07.07.06:652][  0]LogD3D11RHI:     SharedSystemMemory : 8415840256 bytes
[2022.07.23-07.07.06:652][  0]LogD3D11RHI:     AdapterLuid : 0 69808
[2022.07.23-07.07.06:656][  0]LogD3D11RHI: Creating new Direct3DDevice
[2022.07.23-07.07.06:656][  0]LogD3D11RHI:     GPU DeviceId: 0x24e0 (for the marketing name, search the web for "GPU Device Id")
[2022.07.23-07.07.06:656][  0]LogWindows: EnumDisplayDevices:
[2022.07.23-07.07.06:656][  0]LogWindows:    0. 'Intel(R) Iris(R) Xe Graphics' (P:0 D:0)
[2022.07.23-07.07.06:656][  0]LogWindows:    1. 'Intel(R) Iris(R) Xe Graphics' (P:0 D:0)
[2022.07.23-07.07.06:656][  0]LogWindows:    2. 'Intel(R) Iris(R) Xe Graphics' (P:0 D:0)
[2022.07.23-07.07.06:656][  0]LogWindows:    3. 'Intel(R) Iris(R) Xe Graphics' (P:0 D:0)
[2022.07.23-07.07.06:657][  0]LogWindows:    4. 'NVIDIA GeForce RTX 3070 Ti Laptop GPU' (P:1 D:1)
[2022.07.23-07.07.06:657][  0]LogWindows:    5. 'NVIDIA GeForce RTX 3070 Ti Laptop GPU' (P:0 D:0)
[2022.07.23-07.07.06:657][  0]LogWindows:    6. 'NVIDIA GeForce RTX 3070 Ti Laptop GPU' (P:0 D:0)
[2022.07.23-07.07.06:657][  0]LogWindows:    7. 'NVIDIA GeForce RTX 3070 Ti Laptop GPU' (P:0 D:0)
[2022.07.23-07.07.06:657][  0]LogWindows: DebugString: PrimaryIsNotTheChoosenAdapter PrimaryIsNotTheChoosenAdapter PrimaryIsNotTheChoosenAdapter PrimaryIsNotTheChoosenAdapter FoundDriverCount:4 
[2022.07.23-07.07.06:657][  0]LogD3D11RHI:     Adapter Name: NVIDIA GeForce RTX 3070 Ti Laptop GPU
[2022.07.23-07.07.06:657][  0]LogD3D11RHI:   Driver Version: 512.78 (internal:30.0.15.1278, unified:512.78)
[2022.07.23-07.07.06:657][  0]LogD3D11RHI:      Driver Date: 5-5-2022
[2022.07.23-07.07.06:657][  0]LogRHI: Texture pool is 5630 MB (70% of 8043 MB)
[2022.07.23-07.07.06:657][  0]LogD3D11RHI: Creating D3DDevice using adapter:
[2022.07.23-07.07.06:657][  0]LogD3D11RHI:     Description : NVIDIA GeForce RTX 3070 Ti Laptop GPU
[2022.07.23-07.07.06:657][  0]LogD3D11RHI:     VendorId    : 10de
[2022.07.23-07.07.06:657][  0]LogD3D11RHI:     DeviceId    : 24e0
[2022.07.23-07.07.06:657][  0]LogD3D11RHI:     SubSysId    : 8a14103c
[2022.07.23-07.07.06:657][  0]LogD3D11RHI:     Revision    : 00a1
[2022.07.23-07.07.06:657][  0]LogD3D11RHI:     DedicatedVideoMemory : 8433696768 bytes
[2022.07.23-07.07.06:657][  0]LogD3D11RHI:     DedicatedSystemMemory : 0 bytes
[2022.07.23-07.07.06:657][  0]LogD3D11RHI:     SharedSystemMemory : 8415840256 bytes
[2022.07.23-07.07.06:657][  0]LogD3D11RHI:     AdapterLuid : 0 69808
[2022.07.23-07.07.06:704][  0]LogD3D11RHI: RHI has support for 64 bit atomics
[2022.07.23-07.07.06:704][  0]LogD3D11RHI: Async texture creation enabled
[2022.07.23-07.07.06:704][  0]LogD3D11RHI: Array index from any shader is supported
[2022.07.23-07.07.06:727][  0]LogD3D11RHI: GPU Timing Frequency: 1000.000000 (Debug: 2 2)
[2022.07.23-07.07.06:746][  0]LogRHI: GeForceNow SDK initialized: 1
[2022.07.23-07.07.06:984][  0]LogTargetPlatformManager: Display: Loaded TargetPlatform 'WindowsNoEditor'
[2022.07.23-07.07.06:989][  0]LogTargetPlatformManager: Display: Loaded TargetPlatform 'Windows'
[2022.07.23-07.07.06:993][  0]LogTargetPlatformManager: Display: Loaded TargetPlatform 'WindowsClient'
[2022.07.23-07.07.06:997][  0]LogTargetPlatformManager: Display: Loaded TargetPlatform 'WindowsServer'
[2022.07.23-07.07.06:997][  0]LogTargetPlatformManager: Display: Building Assets For Windows
[2022.07.23-07.07.07:008][  0]LogAudioDebug: Display: Lib vorbis DLL was dynamically loaded.
[2022.07.23-07.07.07:042][  0]LogTextureFormatOodle: Display: Oodle Texture 2.9.0 init RDO Off
[2022.07.23-07.07.07:087][  0]LogRendererCore: Ray tracing is disabled. Reason: r.RayTracing=0.
[2022.07.23-07.07.07:087][  0]LogShaderCompilers: Guid format shader working directory is 1 characters bigger than the processId version (../../../../../../study/ProjectRunMergedAnim/Intermediate/Shaders/WorkingDirectory/16852/).
[2022.07.23-07.07.07:087][  0]LogShaderCompilers: Cleaned the shader compiler working directory 'C:/Users/sycym/AppData/Local/Temp/UnrealShaderWorkingDir/347719EB493ABD7BB24C988A9BD409F4/'.
[2022.07.23-07.07.07:087][  0]LogShaderCompilers: Display: Using XGE Controller for Shader Compilation.
[2022.07.23-07.07.07:639][  0]LogDerivedDataCache: Display: Max Cache Size: 512 MB
[2022.07.23-07.07.07:686][  0]LogDerivedDataCache: Loaded boot cache 0.05s 94MB C:/Users/sycym/AppData/Local/UnrealEngine/4.27/DerivedDataCache/Boot.ddc.
[2022.07.23-07.07.07:686][  0]LogDerivedDataCache: Display: Loaded Boot cache: C:/Users/sycym/AppData/Local/UnrealEngine/4.27/DerivedDataCache/Boot.ddc
[2022.07.23-07.07.07:686][  0]LogDerivedDataCache: FDerivedDataBackendGraph:  Pak pak cache file ../../../../../../study/ProjectRunMergedAnim/DerivedDataCache/DDC.ddp not found, will not use a pak cache.
[2022.07.23-07.07.07:686][  0]LogDerivedDataCache: Unable to find inner node Pak for hierarchical cache Hierarchy.
[2022.07.23-07.07.07:686][  0]LogDerivedDataCache: FDerivedDataBackendGraph:  CompressedPak pak cache file ../../../../../../study/ProjectRunMergedAnim/DerivedDataCache/Compressed.ddp not found, will not use a pak cache.
[2022.07.23-07.07.07:686][  0]LogDerivedDataCache: Unable to find inner node CompressedPak for hierarchical cache Hierarchy.
[2022.07.23-07.07.07:699][  0]LogDerivedDataCache: Display: Pak cache opened for reading ../../../Engine/DerivedDataCache/Compressed.ddp.
[2022.07.23-07.07.07:699][  0]LogDerivedDataCache: FDerivedDataBackendGraph:  EnterprisePak pak cache file ../../../Enterprise/DerivedDataCache/Compressed.ddp not found, will not use a pak cache.
[2022.07.23-07.07.07:699][  0]LogDerivedDataCache: Unable to find inner node EnterprisePak for hierarchical cache Hierarchy.
[2022.07.23-07.07.07:713][  0]LogDerivedDataCache: Speed tests for C:/Users/sycym/AppData/Local/UnrealEngine/Common/DerivedDataCache took 0.01 seconds
[2022.07.23-07.07.07:713][  0]LogDerivedDataCache: Display: Performance to C:/Users/sycym/AppData/Local/UnrealEngine/Common/DerivedDataCache: Latency=0.02ms. RandomReadSpeed=1861.98MBs, RandomWriteSpeed=72.96MBs. Assigned SpeedClass 'Local'
[2022.07.23-07.07.07:713][  0]LogDerivedDataCache: Using Local data cache path C:/Users/sycym/AppData/Local/UnrealEngine/Common/DerivedDataCache: Writable
[2022.07.23-07.07.07:713][  0]LogDerivedDataCache: Shared data cache path not found in *engine.ini, will not use an Shared cache.
[2022.07.23-07.07.07:713][  0]LogDerivedDataCache: Unable to find inner node Shared for hierarchical cache Hierarchy.
[2022.07.23-07.07.07:738][  0]LogSlate: Using FreeType 2.10.0
[2022.07.23-07.07.07:738][  0]LogSlate: SlateFontServices - WITH_FREETYPE: 1, WITH_HARFBUZZ: 1
[2022.07.23-07.07.07:812][  0]LogInit: Using OS detected language (ko-KR).
[2022.07.23-07.07.07:812][  0]LogInit: Using OS detected locale (ko-KR).
[2022.07.23-07.07.07:812][  0]LogTextLocalizationManager: No localization for 'ko-KR' exists, so 'en' will be used for the language.
[2022.07.23-07.07.07:812][  0]LogTextLocalizationManager: No localization for 'ko-KR' exists, so 'en' will be used for the locale.
[2022.07.23-07.07.07:812][  0]LogSlate: FontCache flush requested. Reason: Culture for localization was changed
[2022.07.23-07.07.07:812][  0]LogSlate: FontCache flush requested. Reason: Culture for localization was changed
[2022.07.23-07.07.07:814][  0]LogAssetRegistry: FAssetRegistry took 0.0012 seconds to start up
[2022.07.23-07.07.07:929][  0]LogTextLocalizationManager: Compacting localization data took   0.00ms
[2022.07.23-07.07.07:929][  0]LogPackageLocalizationCache: Processed 28 localized package path(s) for 1 prioritized culture(s) in 0.000783 seconds
[2022.07.23-07.07.07:969][  0]LogInit: Selected Device Profile: [Windows]
[2022.07.23-07.07.07:969][  0]LogInit: Active device profile: [00000276EC396200][00000276E67B2340 49] Windows
[2022.07.23-07.07.07:969][  0]LogInit: Profiles: [00000276EC396200][00000276E67B2340 49] Windows, [00000276EC3A2200][00000276E67BA4C0 49] WindowsNoEditor, [00000276EC396800][00000276E5FEA640 49] WindowsServer, [00000276EC3A0400][00000276E5FEE7C0 49] WindowsClient, [00000276EC396E00][00000276E5FF2940 49] IOS, [00000276EC3A2900][00000276E5FF6AC0 49] iPadAir, [00000276EC396500][00000276E5FFAC40 49] iPadAir2, [00000276EC355F00][00000276E6272F00 49] IPadPro, [00000276EC356000][00000276E5FFEF40 49] iPadAir3, [00000276EC395C00][00000276E62770C0 49] iPadAir4, [00000276EC355E00][00000276E627B240 49] iPadMini2, [00000276EC395D00][00000276E627F3C0 49] iPadMini3, [00000276EC354700][00000276E67B7500 49] iPadMini4, [00000276EC395800][00000276E6283640 49] iPadMini5, [00000276EC35D500][00000276E628B880 49] iPhone6, [00000276EC35D600][00000276E62878C0 49] iPodTouch6, [00000276EC357000][00000276E6297B80 49] iPhone7, [00000276EC354100][00000276E6293BC0 49] iPodTouch7, [00000276EC35F700][00000276E629A1C0 49] iPhone5S, [00000276EC355800][00000276E629E340 49] iPhone6Plus, [00000276EC35C500][00000276E62A24C0 49] iPhone6S, [00000276EC357700][00000276E62A6640 49] iPhone6SPlus, [00000276EC35E400][00000276E62AA7C0 49] iPhone7Plus, [00000276EC357500][00000276E62AE940 49] iPhoneSE, [00000276EC35D300][00000276E62B2AC0 49] iPhone8, [00000276EC357300][00000276E62B6C40 49] iPhone8Plus, [00000276EC35EE00][00000276E62BADC0 49] iPhoneX, [00000276EC355B00][00000276E6E8CF40 49] iPhoneXS, [00000276EC35FC00][00000276E6E910C0 49] iPhoneXSMax, [00000276EC354900][00000276E6E95240 49] iPhoneXR, [00000276EC35E200][00000276E6E993C0 49] iPhone11, [00000276EC354200][00000276E6E9D540 49] iPhone11Pro, [00000276EC35CE00][00000276E6EA16C0 49] iPhone11ProMax, [00000276EC355700][00000276E628F800 49] iPhoneSE2, [00000276EC35FB00][00000276E6EA5940 49] iPhone12Mini, [00000276EC356300][00000276E6EA9A80 49] iPhone12, [00000276EC35C900][00000276E6EB1C00 49] iPhone12Pro, [00000276EC354600][00000276E6EB4200 49] iPhone12ProMax, [00000276EC35DB00][00000276E6EB8380 49] iPadPro105, [00000276EC355D00][00000276E6EBC500 49] iPadPro129, [00000276EC35EC00][00000276E6EC0680 49] iPadPro97, [00000276EC355200][00000276E6EC4800 49] iPadPro2_129, [00000276EC35C100][00000276E6EC8980 49] iPad5, [00000276EC356400][00000276E6ECCB00 49] iPad6, [00000276EC35D800][00000276E6ED0C80 49] iPad7, [00000276EC3A0E00][00000276E6ED4E00 49] iPad8, [00000276EC440700][00000276E6ED8F80 49] iPadPro11, [00000276EC3A3C00][00000276E6EDD100 49] iPadPro2_11, [00000276EC440500][00000276E6EE1280 49] iPadPro3_129, [00000276EC35FF00][00000276E6EE5400 49] iPadPro4_129, [00000276EC440E00][00000276E6EE9580 49] AppleTV, [00000276EC35E900][00000276E6EED700 49] AppleTV4K, [00000276EC3A1C00][00000276E6EF1880 49] TVOS, [00000276EC35F900][00000276E6EAD9C0 49] Mac, [00000276EC3A3700][00000276E6EF5B00 49] MacClient, [00000276EC356500][00000276E6EF80C0 49] MacNoEditor, [00000276EC3A3500][00000276E6F00240 49] MacServer, [00000276EC357A00][00000276E6F043C0 49] Linux, [00000276EC3A2600][00000276E6F08540 49] LinuxAArch64, [00000276EC355600][00000276E6F0C6C0 49] LinuxNoEditor, [00000276EC3A1200][00000276E6F10840 49] LinuxAArch64NoEditor, [00000276EC356F00][00000276E6F149C0 49] LinuxClient, [00000276EC3A3100][00000276E6F18B40 49] LinuxAArch64Client, [00000276EC356900][00000276E6F1CCC0 49] LinuxServer, [00000276EC3A3200][00000276E6F20E40 49] LinuxAArch64Server, [00000276EC354E00][00000276E6F24FC0 49] Android, [00000276EC3A1500][00000276E6F29140 49] Android_Low, [00000276EC355400][00000276E6F2D2C0 49] Android_Mid, [00000276EC3A0900][00000276E6F31440 49] Android_High, [00000276EC357E00][00000276E6F355C0 49] Android_Default, [00000276EC3A1900][00000276E6F39740 49] Android_Adreno4xx, [00000276EC354300][00000276E6F3D8C0 49] Android_Adreno5xx_Low, [00000276EC3A0B00][00000276E6F41A40 49] Android_Adreno5xx, [00000276EC357B00][00000276E6EFDB80 49] Android_Adreno6xx, [00000276EC3A0A00][00000276DF640140 49] Android_Adreno6xx_Vulkan, [00000276EC354B00][00000276DF644280 49] Android_Mali_T6xx, [00000276EC3A2E00][00000276DF6483C0 49] Android_Mali_T7xx, [00000276EC357D00][00000276DF650540 49] Android_Mali_T8xx, [00000276EC3A3900][00000276DF6546C0 49] Android_Mali_G71, [00000276EC356A00][00000276DF658840 49] Android_Mali_G72, [00000276EC3A3300][00000276DF65C9C0 49] Android_Mali_G72_Vulkan, [00000276EC357600][00000276DF660B40 49] Android_Mali_G76, [00000276EC3A2700][00000276DF664CC0 49] Android_Mali_G76_Vulkan, [00000276EC357200][00000276DF668E40 49] Android_Mali_G77, [00000276EC3A2F00][00000276D64A8FC0 49] Android_Mali_G77_Vulkan, [00000276EC356E00][00000276D64AD140 49] Android_Mali_G78, [00000276EC3A3B00][00000276D64B12C0 49] Android_Mali_G78_Vulkan, [00000276EC357100][00000276D64B5440 49] Android_Mali_G710, [00000276EC3A1400][00000276D64B95C0 49] Android_Mali_G710_Vulkan, [00000276EC355A00][00000276D64BD740 49] Android_Vulkan_SM5, [00000276EC3A2A00][00000276D64C18C0 49] Android_PowerVR_G6xxx, [00000276EC354500][00000276D64C5A40 49] Android_PowerVR_GT7xxx, [00000276EC3A3800][00000276D64C9BC0 49] Android_PowerVR_GE8xxx, [00000276EC354800][00000276DF64C180 49] Android_PowerVR_GM9xxx, [00000276EC3A0800][00000276D64CC2C0 49] Android_PowerVR_GM9xxx_Vulkan, [00000276EC355500][00000276D64D0400 49] Android_TegraK1, [00000276EC397F00][00000276D64D4540 49] Android_Unknown_Vulkan, [00000276EC35F200][00000276E6F486C0 49] Lumin, [00000276EC396C00][00000276E6F4C840 49] Lumin_Desktop, [00000276EC35CD00][00000276E6F509C0 49] HoloLens, 
[2022.07.23-07.07.08:012][  0]LogMeshReduction: Using QuadricMeshReduction for automatic static mesh reduction
[2022.07.23-07.07.08:012][  0]LogMeshReduction: Using SimplygonMeshReduction for automatic skeletal mesh reduction
[2022.07.23-07.07.08:012][  0]LogMeshReduction: Using ProxyLODMeshReduction for automatic mesh merging
[2022.07.23-07.07.08:012][  0]LogMeshReduction: No distributed automatic mesh merging module available
[2022.07.23-07.07.08:012][  0]LogMeshMerging: No distributed automatic mesh merging module available
[2022.07.23-07.07.08:090][  0]LogNetVersion: ProjectRun 1.0.0, NetCL: 17155196, EngineNetVer: 17, GameNetVer: 0 (Checksum: 340476433)
[2022.07.23-07.07.08:262][  0]LogTexture: Default maximum texture size for cubemaps generated from long-lat sources has been changed from 512 to unlimited. In order to preserve old behaiour for '/Engine/MapTemplates/Sky/DaylightAmbientCubemap.DaylightAmbientCubemap', its maximum texture size has been explicitly set to 512.
[2022.07.23-07.07.08:301][  0]LogHMD: PokeAHoleMaterial loaded successfully
[2022.07.23-07.07.08:405][  0]LogMoviePlayer: Initializing movie player
[2022.07.23-07.07.08:507][  0]LogNiagaraDebuggerClient: Niagara Debugger Client Initialized | Session: F0F0F0314B293FF32785D9A9A86F49B0 | Instance: 139F03A342F20940CC04EF831C8B9F98 (LEEMINSEOK-16852).
[2022.07.23-07.07.08:525][  0]LogCollectionManager: Loaded 0 collections in 0.001196 seconds
[2022.07.23-07.07.08:527][  0]LogFileCache: Scanning file cache for directory 'C:/study/ProjectRunMergedAnim/Saved/Collections/' took 0.00s
[2022.07.23-07.07.08:527][  0]LogFileCache: Scanning file cache for directory 'C:/study/ProjectRunMergedAnim/Content/Developers/sycym/Collections/' took 0.00s
[2022.07.23-07.07.08:527][  0]LogCollectionManager: Fixed up redirectors for 0 collections in 0.000001 seconds (updated 0 objects)
[2022.07.23-07.07.08:546][  0]LogFileCache: Scanning file cache for directory 'C:/study/ProjectRunMergedAnim/Content/Collections/' took 0.00s
[2022.07.23-07.07.08:546][  0]LogPython: Using Python 3.7.7
[2022.07.23-07.07.08:911][  0]LogTcpMessaging: Initializing TcpMessaging bridge
[2022.07.23-07.07.08:916][  0]LogUdpMessaging: Initializing bridge on interface 0.0.0.0:0 to multicast group 230.0.0.1:6666.
[2022.07.23-07.07.08:959][  0]LogSteamShared: Display: Loading Steam SDK 1.51
[2022.07.23-07.07.08:960][  0]LogSteamShared: Steam SDK Loaded!
[2022.07.23-07.07.09:018][  0]SourceControl: Source control is disabled
[2022.07.23-07.07.09:018][  0]SourceControl: Source control is disabled
[2022.07.23-07.07.09:019][  0]SourceControl: Source control is disabled
[2022.07.23-07.07.09:030][  0]LogUProjectInfo: Found projects:
[2022.07.23-07.07.09:109][  0]LogOpenImageDenoise: OIDN starting up
[2022.07.23-07.07.09:156][  0]LogAndroidPermission: UAndroidPermissionCallbackProxy::GetInstance
[2022.07.23-07.07.09:163][  0]LogAudioCaptureCore: Display: No Audio Capture implementations found. Audio input will be silent.
[2022.07.23-07.07.09:163][  0]LogAudioCaptureCore: Display: No Audio Capture implementations found. Audio input will be silent.
[2022.07.23-07.07.09:245][  0]LogOcInput: OculusInput pre-init called
[2022.07.23-07.07.09:252][  0]LogUObjectArray: 22352 objects as part of root set at end of initial load.
[2022.07.23-07.07.09:252][  0]LogUObjectAllocator: 6048224 out of 0 bytes used by permanent object pool.
[2022.07.23-07.07.09:252][  0]LogUObjectArray: CloseDisregardForGC: 0/0 objects in disregard for GC pool
[2022.07.23-07.07.09:293][  0]LogClass: Display: BoolProperty FBPSteamGroupOfficer::bIsOwner is not initialized properly. Module:AdvancedSteamSessions File:Classes/SteamRequestGroupOfficersCallbackProxy.h
[2022.07.23-07.07.09:293][  0]LogClass: Display: IntProperty FBPSteamGroupInfo::numOnline is not initialized properly. Module:AdvancedSteamSessions File:Classes/AdvancedSteamFriendsLibrary.h
[2022.07.23-07.07.09:293][  0]LogClass: Display: IntProperty FBPSteamGroupInfo::numInGame is not initialized properly. Module:AdvancedSteamSessions File:Classes/AdvancedSteamFriendsLibrary.h
[2022.07.23-07.07.09:293][  0]LogClass: Display: IntProperty FBPSteamGroupInfo::numChatting is not initialized properly. Module:AdvancedSteamSessions File:Classes/AdvancedSteamFriendsLibrary.h
[2022.07.23-07.07.09:293][  0]LogClass: Display: 4 Uninitialized script struct members found including 0 object properties
[2022.07.23-07.07.09:294][  0]LogEngine: Initializing Engine...
[2022.07.23-07.07.09:297][  0]LogHMD: Failed to enumerate extensions. Please check that you have a valid OpenXR runtime installed.
[2022.07.23-07.07.09:297][  0]LogHMD: Failed to initialize OpenVR with code 110
[2022.07.23-07.07.09:297][  0]LogMagicLeap: Warning: VR disabled because ZI is not enabled.  To enable, in the editor, Edit -> Project Settings -> Plugins -> Magic Leap Plugin -> Enable Zero Iteration
[2022.07.23-07.07.09:298][  0]LogStats: UGameplayTagsManager::InitializeManager -  0.000 s
[2022.07.23-07.07.09:371][  0]LogInit: Initializing FReadOnlyCVARCache
[2022.07.23-07.07.09:371][  0]LogAudio: Display: Initializing Audio Device Manager...
[2022.07.23-07.07.09:376][  0]LogAudio: Display: Loading Default Audio Settings Objects...
[2022.07.23-07.07.09:376][  0]LogAudio: Display: No default SoundConcurrencyObject specified (or failed to load).
[2022.07.23-07.07.09:377][  0]LogAudio: Display: Audio Device Manager Initialized
[2022.07.23-07.07.09:377][  0]LogAudio: Display: Creating Audio Device:                 Id: 1, Scope: Shared, Realtime: True
[2022.07.23-07.07.09:377][  0]LogAudioMixer: Display: Audio Mixer Platform Settings:
[2022.07.23-07.07.09:377][  0]LogAudioMixer: Display: 	Sample Rate:						  48000
[2022.07.23-07.07.09:377][  0]LogAudioMixer: Display: 	Callback Buffer Frame Size Requested: 1024
[2022.07.23-07.07.09:377][  0]LogAudioMixer: Display: 	Callback Buffer Frame Size To Use:	  1024
[2022.07.23-07.07.09:377][  0]LogAudioMixer: Display: 	Number of buffers to queue:			  2
[2022.07.23-07.07.09:377][  0]LogAudioMixer: Display: 	Max Channels (voices):				  32
[2022.07.23-07.07.09:377][  0]LogAudioMixer: Display: 	Number of Async Source Workers:		  0
[2022.07.23-07.07.09:377][  0]LogAudio: Display: AudioDevice MaxSources: 32
[2022.07.23-07.07.09:377][  0]LogAudio: Display: Audio Spatialization Plugin: None (built-in).
[2022.07.23-07.07.09:377][  0]LogAudio: Display: Audio Reverb Plugin: None (built-in).
[2022.07.23-07.07.09:377][  0]LogAudio: Display: Audio Occlusion Plugin: None (built-in).
[2022.07.23-07.07.09:377][  0]LogAudioMixer: Display: Initializing audio mixer.
[2022.07.23-07.07.09:388][  0]LogAudioMixer: Display: 0: FrontLeft
[2022.07.23-07.07.09:388][  0]LogAudioMixer: Display: 1: FrontRight
[2022.07.23-07.07.09:498][  0]LogAudioMixer: Display: Using Audio Device Speaker(Realtek(R) Audio)
[2022.07.23-07.07.09:502][  0]LogAudioMixer: Display: Initializing Sound Submixes...
[2022.07.23-07.07.09:503][  0]LogAudioMixer: Display: Creating Master Submix 'MasterSubmixDefault'
[2022.07.23-07.07.09:503][  0]LogAudioMixer: Display: Creating Master Submix 'MasterReverbSubmixDefault'
[2022.07.23-07.07.09:504][  0]LogAudioMixer: Display: Creating Master Submix 'MasterEQSubmixDefault'
[2022.07.23-07.07.09:504][  0]LogAudioMixer: FMixerPlatformXAudio2::StartAudioStream() called
[2022.07.23-07.07.09:505][  0]LogAudioMixer: Display: Output buffers initialized: Frames=1024, Channels=2, Samples=2048
[2022.07.23-07.07.09:505][  0]LogAudioMixer: Display: Starting AudioMixerPlatformInterface::RunInternal()
[2022.07.23-07.07.09:505][  0]LogAudioMixer: Display: FMixerPlatformXAudio2::SubmitBuffer() called for the first time
[2022.07.23-07.07.09:505][  0]LogInit: FAudioDevice initialized.
[2022.07.23-07.07.09:506][  0]LogNetVersion: Set ProjectVersion to 1.0.0.0. Version Checksum will be recalculated on next use.
[2022.07.23-07.07.09:506][  0]LogInit: Texture streaming: Enabled
[2022.07.23-07.07.09:560][  0]LogAudio: Display: Audio Device (ID: 1) registered with world 'Untitled'.
[2022.07.23-07.07.09:561][  0]LogSlate: Updating window title bar state: overlay mode, drag disabled, window buttons hidden, title bar hidden
[2022.07.23-07.07.09:561][  0]LogInit: Display: Game Engine Initialized.
[2022.07.23-07.07.09:562][  0]LogNiagaraEditor: GEditor isn't valid! Particle reset commands will not work for Niagara components!
[2022.07.23-07.07.09:661][  0]LogInit: Display: Starting Game.
[2022.07.23-07.07.09:661][  0]LogNet: Browse: 127.0.0.1:17777/Game/ProjectRun/Level/Entry?Name=Player
[2022.07.23-07.07.09:662][  0]LogInit: WinSock: Socket queue. Rx: 32768 (config 32768) Tx: 32768 (config 32768)
[2022.07.23-07.07.09:662][  0]LogNet: Created socket for bind address: 0.0.0.0 on port 0
[2022.07.23-07.07.09:662][  0]PacketHandlerLog: Loaded PacketHandler component: Engine.EngineHandlerComponentFactory (StatelessConnectHandlerComponent)
[2022.07.23-07.07.09:662][  0]LogNet: Game client on port 17777, rate 100000
[2022.07.23-07.07.09:725][  0]LogInit: Display: Engine is initialized. Leaving FEngineLoop::Init()
[2022.07.23-07.07.09:725][  0]LogLoad: (Engine Initialization) Total time: 4.25 seconds
[2022.07.23-07.07.09:725][  0]LogLoad: (Engine Initialization) Total Blueprint compile time: 0.00 seconds
[2022.07.23-07.07.09:728][  0]LogContentStreaming: Texture pool size now 1000 MB
[2022.07.23-07.07.09:730][  0]LogSlate: InvalidateAllWidgets triggered.  All widgets were invalidated
[2022.07.23-07.07.14:718][ 79]LogSlate: Window 'ProjectRun (64-bit Development PCD3D_SM5) ' being destroyed
[2022.07.23-07.07.14:721][ 79]LogWindowsTextInputMethodSystem: Display: IME system activated using TSF (Microsoft 입력기).
[2022.07.23-07.07.14:739][ 79]LogSlate: Updating window title bar state: overlay mode, drag disabled, window buttons hidden, title bar hidden
[2022.07.23-07.07.14:739][ 79]LogEngine: All Windows Closed
[2022.07.23-07.07.14:739][ 79]LogWindows: FPlatformMisc::RequestExit(0)
[2022.07.23-07.07.14:739][ 79]LogWindows: FPlatformMisc::RequestExitWithStatus(0, 0)
[2022.07.23-07.07.14:739][ 79]LogCore: Engine exit requested (reason: Win RequestExit)
[2022.07.23-07.07.14:739][ 80]LogCore: Engine exit requested (reason: EngineExit() was called; note: exit was already requested)
[2022.07.23-07.07.14:739][ 80]LogInit: Display: PreExit Game.
[2022.07.23-07.07.14:740][ 80]LogNet: UNetConnection::Close: [UNetConnection] RemoteAddr: 127.0.0.1:17777, Name: IpConnection_0, Driver: PendingNetDriver IpNetDriver_0, IsServer: NO, PC: NULL, Owner: NULL, UniqueId: INVALID, Channels: 2, Time: 2022.07.23-07.07.14
[2022.07.23-07.07.14:740][ 80]LogNet: UChannel::Close: Sending CloseBunch. ChIndex == 0. Name: [UChannel] ChIndex: 0, Closing: 0 [UNetConnection] RemoteAddr: 127.0.0.1:17777, Name: IpConnection_0, Driver: PendingNetDriver IpNetDriver_0, IsServer: NO, PC: NULL, Owner: NULL, UniqueId: INVALID
[2022.07.23-07.07.14:740][ 80]LogNet: DestroyNamedNetDriver IpNetDriver_0 [PendingNetDriver]
[2022.07.23-07.07.14:740][ 80]LogExit: PendingNetDriver IpNetDriver_0 shut down
[2022.07.23-07.07.14:740][ 80]LogWorld: BeginTearingDown for /Temp/Untitled_0
[2022.07.23-07.07.14:740][ 80]LogWorld: UWorld::CleanupWorld for Untitled, bSessionEnded=true, bCleanupResources=true
[2022.07.23-07.07.14:741][ 80]LogSlate: InvalidateAllWidgets triggered.  All widgets were invalidated
[2022.07.23-07.07.15:301][ 80]LogAudio: Display: Beginning Audio Device Manager Shutdown (Module: AudioMixerXAudio2)...
[2022.07.23-07.07.15:301][ 80]LogAudio: Display: Destroying 1 Remaining Audio Device(s)...
[2022.07.23-07.07.15:301][ 80]LogAudio: Display: Audio Device unregistered from world 'Untitled'.
[2022.07.23-07.07.15:301][ 80]LogAudioMixer: FMixerPlatformXAudio2::StopAudioStream() called
[2022.07.23-07.07.15:302][ 80]LogAudioMixer: FMixerPlatformXAudio2::StopAudioStream() called
[2022.07.23-07.07.15:319][ 80]LogAudio: Display: Audio Device Manager Shutdown
[2022.07.23-07.07.15:322][ 80]LogExit: Preparing to exit.
