Log file open, 07/25/22 14:29:33
LogWindows: Failed to load 'aqProf.dll' (GetLastError=126)
LogWindows: File 'aqProf.dll' does not exist
LogWindows: Failed to load 'VtuneApi.dll' (GetLastError=126)
LogWindows: File 'VtuneApi.dll' does not exist
LogWindows: Failed to load 'VtuneApi32e.dll' (GetLastError=126)
LogWindows: File 'VtuneApi32e.dll' does not exist
LogConsoleResponse: Display: Failed to find resolution value strings in scalability ini. Falling back to default.
LogConsoleResponse: Display: Failed to find resolution value strings in scalability ini. Falling back to default.
LogInit: Display: Running engine for game: ProjectRun
LogPlatformFile: Not using cached read wrapper
LogTaskGraph: Started task graph with 5 named threads and 59 total threads with 3 sets of task threads.
LogStats: Stats thread started at 0.189596
LogICUInternationalization: ICU TimeZone Detection - Raw Offset: +9:00, Platform Override: ''
LogInit: Display: Loading text-based GConfig....
LogPluginManager: Mounting plugin MeshPainting
LogPluginManager: Mounting plugin XGEController
LogPluginManager: Mounting plugin Paper2D
LogPluginManager: Mounting plugin AISupport
LogPluginManager: Mounting plugin EnvironmentQueryEditor
LogPluginManager: Mounting plugin LightPropagationVolume
LogPluginManager: Mounting plugin LiveLink
LogPluginManager: Mounting plugin OodleData
LogPluginManager: Mounting plugin GameplayCameras
LogPluginManager: Mounting plugin OodleNetwork
LogPluginManager: Mounting plugin AssetManagerEditor
LogPluginManager: Mounting plugin CurveEditorTools
LogPluginManager: Mounting plugin CryptoKeys
LogPluginManager: Mounting plugin DataValidation
LogPluginManager: Mounting plugin CameraShakePreviewer
LogPluginManager: Mounting plugin GeometryMode
LogPluginManager: Mounting plugin GameplayTagsEditor
LogPluginManager: Mounting plugin FacialAnimation
LogPluginManager: Mounting plugin PluginBrowser
LogPluginManager: Mounting plugin SpeedTreeImporter
LogPluginManager: Mounting plugin MobileLauncherProfileWizard
LogPluginManager: Mounting plugin MacGraphicsSwitching
LogPluginManager: Mounting plugin DatasmithContent
LogPluginManager: Mounting plugin AnimationSharing
LogPluginManager: Mounting plugin MaterialAnalyzer
LogPluginManager: Mounting plugin CLionSourceCodeAccess
LogPluginManager: Mounting plugin VariantManagerContent
LogPluginManager: Mounting plugin NullSourceCodeAccess
LogPluginManager: Mounting plugin CodeLiteSourceCodeAccess
LogPluginManager: Mounting plugin PixWinPlugin
LogPluginManager: Mounting plugin PerforceSourceControl
LogPluginManager: Mounting plugin KDevelopSourceCodeAccess
LogPluginManager: Mounting plugin GitSourceControl
LogPluginManager: Mounting plugin UObjectPlugin
LogPluginManager: Mounting plugin SubversionSourceControl
LogPluginManager: Mounting plugin VisualStudioCodeSourceCodeAccess
LogPluginManager: Mounting plugin PlasticSourceControl
LogPluginManager: Mounting plugin PropertyAccessNode
LogPluginManager: Mounting plugin TextureFormatOodle
LogPluginManager: Mounting plugin RiderSourceCodeAccess
LogPluginManager: Mounting plugin PluginUtils
LogPluginManager: Mounting plugin Niagara
LogPluginManager: Mounting plugin VisualStudioSourceCodeAccess
LogPluginManager: Mounting plugin AlembicImporter
LogPluginManager: Mounting plugin XCodeSourceCodeAccess
LogPluginManager: Mounting plugin ChaosCloth
LogPluginManager: Mounting plugin ChaosClothEditor
LogPluginManager: Mounting plugin ChaosEditor
LogPluginManager: Mounting plugin ChaosNiagara
LogPluginManager: Mounting plugin CharacterAI
LogPluginManager: Mounting plugin AutomationUtils
LogPluginManager: Mounting plugin BackChannel
LogPluginManager: Mounting plugin ChaosSolverPlugin
LogPluginManager: Mounting plugin MagicLeap
LogPluginManager: Mounting plugin LuminPlatformFeatures
LogPluginManager: Mounting plugin MagicLeapLightEstimation
LogPluginManager: Mounting plugin MagicLeapMedia
LogPluginManager: Mounting plugin MLSDK
LogPluginManager: Mounting plugin GeometryCollectionPlugin
LogPluginManager: Mounting plugin MagicLeapPassableWorld
LogPluginManager: Mounting plugin GeometryProcessing
LogPluginManager: Mounting plugin MotoSynth
LogPluginManager: Mounting plugin PlanarCut
LogPluginManager: Mounting plugin ProxyLODPlugin
LogPluginManager: Mounting plugin GeometryCache
LogPluginManager: Mounting plugin PythonScriptPlugin
LogPluginManager: Mounting plugin OpenImageDenoise
LogPluginManager: Mounting plugin SkeletalReduction
LogPluginManager: Mounting plugin PlatformCrypto
LogPluginManager: Mounting plugin AndroidMedia
LogPluginManager: Mounting plugin AvfMedia
LogPluginManager: Mounting plugin ImgMedia
LogPluginManager: Mounting plugin MediaCompositing
LogPluginManager: Mounting plugin MediaPlayerEditor
LogPluginManager: Mounting plugin WmfMedia
LogPluginManager: Mounting plugin WebMMedia
LogPluginManager: Mounting plugin ActorSequence
LogPluginManager: Mounting plugin TcpMessaging
LogPluginManager: Mounting plugin MatineeToLevelSequence
LogPluginManager: Mounting plugin LevelSequenceEditor
LogPluginManager: Mounting plugin TemplateSequence
LogPluginManager: Mounting plugin OnlineSubsystem
LogPluginManager: Mounting plugin OnlineSubsystemSteam
LogPluginManager: Mounting plugin UdpMessaging
LogPluginManager: Mounting plugin OnlineSubsystemNull
LogPluginManager: Mounting plugin OnlineSubsystemUtils
LogPluginManager: Mounting plugin LauncherChunkInstaller
LogPluginManager: Mounting plugin ActorLayerUtilities
LogPluginManager: Mounting plugin ScreenshotTools
LogPluginManager: Mounting plugin AndroidDeviceProfileSelector
LogPluginManager: Mounting plugin AndroidMoviePlayer
LogPluginManager: Mounting plugin AssetTags
LogPluginManager: Mounting plugin AudioCapture
LogPluginManager: Mounting plugin AppleMoviePlayer
LogPluginManager: Mounting plugin ArchVisCharacter
LogPluginManager: Mounting plugin CableComponent
LogPluginManager: Mounting plugin AudioSynesthesia
LogPluginManager: Mounting plugin CustomMeshComponent
LogPluginManager: Mounting plugin AppleImageUtils
LogPluginManager: Mounting plugin ChunkDownloader
LogPluginManager: Mounting plugin EditableMesh
LogPluginManager: Mounting plugin AndroidPermission
LogPluginManager: Mounting plugin GoogleCloudMessaging
LogPluginManager: Mounting plugin IOSDeviceProfileSelector
LogPluginManager: Mounting plugin ExampleDeviceProfileSelector
LogPluginManager: Mounting plugin LinuxDeviceProfileSelector
LogPluginManager: Mounting plugin LocationServicesBPLibrary
LogPluginManager: Mounting plugin MobilePatchingUtils
LogPluginManager: Mounting plugin GooglePAD
LogPluginManager: Mounting plugin OpenXR
LogPluginManager: Mounting plugin OpenXREyeTracker
LogPluginManager: Mounting plugin OpenXRHandTracking
LogPluginManager: Mounting plugin Takes
LogPluginManager: Mounting plugin PropertyAccessEditor
LogPluginManager: Mounting plugin RuntimePhysXCooking
LogPluginManager: Mounting plugin ProceduralMeshComponent
LogPluginManager: Mounting plugin SignificanceManager
LogPluginManager: Mounting plugin PhysXVehicles
LogPluginManager: Mounting plugin SoundFields
LogPluginManager: Mounting plugin PostSplashScreen
LogPluginManager: Mounting plugin Synthesis
LogPluginManager: Mounting plugin WindowsMoviePlayer
LogPluginManager: Mounting plugin WebMMoviePlayer
LogPluginManager: Mounting plugin ContentBrowserAssetDataSource
LogPluginManager: Mounting plugin ContentBrowserClassDataSource
LogPluginManager: Mounting plugin ContentBrowserFileDataSource
LogPluginManager: Mounting plugin OnlineSubsystemGooglePlay
LogPluginManager: Mounting plugin OnlineSubsystemIOS
LogPluginManager: Mounting plugin OculusVR
LogPluginManager: Mounting plugin SteamShared
LogPluginManager: Mounting plugin SteamVR
LogPluginManager: Mounting plugin RunCharacter
LogPluginManager: Mounting plugin AdvancedSessions
LogPluginManager: Mounting plugin AdvancedSteamSessions
PixWinPlugin: PIX capture plugin failed to initialize! Check that the process is launched from PIX.
LogInit: Using libcurl 7.55.1-DEV
LogInit:  - built for x86_64-pc-win32
LogInit:  - supports SSL with OpenSSL/1.1.1
LogInit:  - supports HTTP deflate (compression) using libz 1.2.8
LogInit:  - other features:
LogInit:      CURL_VERSION_SSL
LogInit:      CURL_VERSION_LIBZ
LogInit:      CURL_VERSION_IPV6
LogInit:      CURL_VERSION_ASYNCHDNS
LogInit:      CURL_VERSION_LARGEFILE
LogInit:      CURL_VERSION_IDN
LogInit:  CurlRequestOptions (configurable via config and command line):
LogInit:  - bVerifyPeer = true  - Libcurl will verify peer certificate
LogInit:  - bUseHttpProxy = false  - Libcurl will NOT use HTTP proxy
LogInit:  - bDontReuseConnections = false  - Libcurl will reuse connections
LogInit:  - MaxHostConnections = 16  - Libcurl will limit the number of connections to a host
LogInit:  - LocalHostAddr = Default
LogInit:  - BufferSize = 65536
LogOnline: OSS: Creating online subsystem instance for: NULL
LogInit: WinSock: version 1.1 (2.2), MaxSocks=32767, MaxUdp=65467
LogOnline: OSS: TryLoadSubsystemAndSetDefault: Loaded subsystem for module [NULL]
LogOculusPluginWrapper: OculusPlugin initialized successfully
LogHMD: Failed initializing OVRPlugin 1.59.0
LogInit: Build: ++UE4+Release-4.27-CL-18319896
LogInit: Engine Version: 4.27.2-18319896+++UE4+Release-4.27
LogInit: Compatible Engine Version: 4.27.0-17155196+++UE4+Release-4.27
LogInit: Net CL: 17155196
LogInit: OS: Windows 10 (Release 2009) (), CPU: 12th Gen Intel(R) Core(TM) i7-12700H, GPU: NVIDIA GeForce RTX 3070 Ti Laptop GPU
LogInit: Compiled (64-bit): Nov 30 2021 07:12:08
LogInit: Compiled with Visual C++: 19.24.28315.00
LogInit: Build Configuration: Development
LogInit: Branch Name: ++UE4+Release-4.27
LogInit: Command Line:  127.0.0.1:17777 -game -PIEVIACONSOLE -Multiprocess GameUserSettingsINI=C:/study/ProjectRunMergedAnim/Saved/Config/Windows/PIEGameUserSettings1.ini -MultiprocessSaveConfig -forcepassthrough -messaging -SessionName="Play in Standalone Game" -windowed -WinX=1292 -WinY=376 SAVEWINPOS=1 -ResX=640 -ResY=480
LogInit: Base Directory: C:/Program Files/Epic Games/UE_4.27/Engine/Binaries/Win64/
LogInit: Allocator: TBB
LogInit: Installed Engine Build: 1
LogDevObjectVersion: Number of dev versions registered: 29
LogDevObjectVersion:   Dev-Blueprints (B0D832E4-1F89-4F0D-ACCF-7EB736FD4AA2): 10
LogDevObjectVersion:   Dev-Build (E1C64328-A22C-4D53-A36C-8E866417BD8C): 0
LogDevObjectVersion:   Dev-Core (375EC13C-06E4-48FB-B500-84F0262A717E): 4
LogDevObjectVersion:   Dev-Editor (E4B068ED-F494-42E9-A231-DA0B2E46BB41): 40
LogDevObjectVersion:   Dev-Framework (CFFC743F-43B0-4480-9391-14DF171D2073): 37
LogDevObjectVersion:   Dev-Mobile (B02B49B5-BB20-44E9-A304-32B752E40360): 3
LogDevObjectVersion:   Dev-Networking (A4E4105C-59A1-49B5-A7C5-40C4547EDFEE): 0
LogDevObjectVersion:   Dev-Online (39C831C9-5AE6-47DC-9A44-9C173E1C8E7C): 0
LogDevObjectVersion:   Dev-Physics (78F01B33-EBEA-4F98-B9B4-84EACCB95AA2): 14
LogDevObjectVersion:   Dev-Platform (6631380F-2D4D-43E0-8009-CF276956A95A): 0
LogDevObjectVersion:   Dev-Rendering (12F88B9F-8875-4AFC-A67C-D90C383ABD29): 45
LogDevObjectVersion:   Dev-Sequencer (7B5AE74C-D270-4C10-A958-57980B212A5A): 13
LogDevObjectVersion:   Dev-VR (D7296918-1DD6-4BDD-9DE2-64A83CC13884): 3
LogDevObjectVersion:   Dev-LoadTimes (C2A15278-BFE7-4AFE-6C17-90FF531DF755): 1
LogDevObjectVersion:   Private-Geometry (6EACA3D4-40EC-4CC1-B786-8BED09428FC5): 3
LogDevObjectVersion:   Dev-AnimPhys (29E575DD-E0A3-4627-9D10-D276232CDCEA): 17
LogDevObjectVersion:   Dev-Anim (AF43A65D-7FD3-4947-9873-3E8ED9C1BB05): 15
LogDevObjectVersion:   Dev-ReflectionCapture (6B266CEC-1EC7-4B8F-A30B-E4D90942FC07): 1
LogDevObjectVersion:   Dev-Automation (0DF73D61-A23F-47EA-B727-89E90C41499A): 1
LogDevObjectVersion:   FortniteMain (601D1886-AC64-4F84-AA16-D3DE0DEAC7D6): 47
LogDevObjectVersion:   FortniteRelease (E7086368-6B23-4C58-8439-1B7016265E91): 1
LogDevObjectVersion:   Dev-Enterprise (9DFFBCD6-494F-0158-E221-12823C92A888): 10
LogDevObjectVersion:   Dev-Niagara (F2AED0AC-9AFE-416F-8664-AA7FFA26D6FC): 1
LogDevObjectVersion:   Dev-Destruction (174F1F0B-B4C6-45A5-B13F-2EE8D0FB917D): 10
LogDevObjectVersion:   Dev-Physics-Ext (35F94A83-E258-406C-A318-09F59610247C): 41
LogDevObjectVersion:   Dev-PhysicsMaterial-Chaos (B68FC16E-8B1B-42E2-B453-215C058844FE): 1
LogDevObjectVersion:   Dev-CineCamera (B2E18506-4273-CFC2-A54E-F4BB758BBA07): 1
LogDevObjectVersion:   Dev-VirtualProduction (64F58936-FD1B-42BA-BA96-7289D5D0FA4E): 1
LogDevObjectVersion:   Dev-MediaFramework (6F0ED827-A609-4895-9C91-998D90180EA4): 2
LogInit: Presizing for max 25165824 objects, including 0 objects not considered by GC, pre-allocating 0 bytes for permanent pool.
LogConfig: Applying CVar settings from Section [/Script/Engine.StreamingSettings] File [C:/study/ProjectRunMergedAnim/Saved/Config/Windows/Engine.ini]
LogConfig: Setting CVar [[s.MinBulkDataSizeForAsyncLoading:131072]]
LogConfig: Setting CVar [[s.AsyncLoadingThreadEnabled:0]]
LogConfig: Setting CVar [[s.EventDrivenLoaderEnabled:1]]
LogConfig: Setting CVar [[s.WarnIfTimeLimitExceeded:0]]
LogConfig: Setting CVar [[s.TimeLimitExceededMultiplier:1.5]]
LogConfig: Setting CVar [[s.TimeLimitExceededMinTime:0.005]]
LogConfig: Setting CVar [[s.UseBackgroundLevelStreaming:1]]
LogConfig: Setting CVar [[s.PriorityAsyncLoadingExtraTime:15.0]]
LogConfig: Setting CVar [[s.LevelStreamingActorsUpdateTimeLimit:5.0]]
LogConfig: Setting CVar [[s.PriorityLevelStreamingActorsUpdateExtraTime:5.0]]
LogConfig: Setting CVar [[s.LevelStreamingComponentsRegistrationGranularity:10]]
LogConfig: Setting CVar [[s.UnregisterComponentsTimeLimit:1.0]]
LogConfig: Setting CVar [[s.LevelStreamingComponentsUnregistrationGranularity:5]]
LogConfig: Setting CVar [[s.FlushStreamingOnExit:1]]
LogInit: Object subsystem initialized
LogConfig: Setting CVar [[con.DebugEarlyDefault:1]]
LogConfig: Setting CVar [[r.setres:1280x720]]
[2022.07.25-05.29.34:097][  0]LogConfig: Setting CVar [[con.DebugEarlyDefault:1]]
[2022.07.25-05.29.34:097][  0]LogConfig: Setting CVar [[r.setres:1280x720]]
[2022.07.25-05.29.34:097][  0]LogConfig: Applying CVar settings from Section [/Script/Engine.RendererSettings] File [C:/study/ProjectRunMergedAnim/Saved/Config/Windows/Engine.ini]
[2022.07.25-05.29.34:097][  0]LogConfig: Setting CVar [[r.GPUCrashDebugging:0]]
[2022.07.25-05.29.34:097][  0]LogConfig: Applying CVar settings from Section [/Script/Engine.RendererOverrideSettings] File [C:/study/ProjectRunMergedAnim/Saved/Config/Windows/Engine.ini]
[2022.07.25-05.29.34:097][  0]LogConfig: Applying CVar settings from Section [/Script/Engine.StreamingSettings] File [C:/study/ProjectRunMergedAnim/Saved/Config/Windows/Engine.ini]
[2022.07.25-05.29.34:097][  0]LogConfig: Setting CVar [[s.MinBulkDataSizeForAsyncLoading:131072]]
[2022.07.25-05.29.34:097][  0]LogConfig: Setting CVar [[s.AsyncLoadingThreadEnabled:0]]
[2022.07.25-05.29.34:097][  0]LogConfig: Setting CVar [[s.EventDrivenLoaderEnabled:1]]
[2022.07.25-05.29.34:097][  0]LogConfig: Setting CVar [[s.WarnIfTimeLimitExceeded:0]]
[2022.07.25-05.29.34:097][  0]LogConfig: Setting CVar [[s.TimeLimitExceededMultiplier:1.5]]
[2022.07.25-05.29.34:097][  0]LogConfig: Setting CVar [[s.TimeLimitExceededMinTime:0.005]]
[2022.07.25-05.29.34:097][  0]LogConfig: Setting CVar [[s.UseBackgroundLevelStreaming:1]]
[2022.07.25-05.29.34:097][  0]LogConfig: Setting CVar [[s.PriorityAsyncLoadingExtraTime:15.0]]
[2022.07.25-05.29.34:097][  0]LogConfig: Setting CVar [[s.LevelStreamingActorsUpdateTimeLimit:5.0]]
[2022.07.25-05.29.34:097][  0]LogConfig: Setting CVar [[s.PriorityLevelStreamingActorsUpdateExtraTime:5.0]]
[2022.07.25-05.29.34:097][  0]LogConfig: Setting CVar [[s.LevelStreamingComponentsRegistrationGranularity:10]]
[2022.07.25-05.29.34:097][  0]LogConfig: Setting CVar [[s.UnregisterComponentsTimeLimit:1.0]]
[2022.07.25-05.29.34:097][  0]LogConfig: Setting CVar [[s.LevelStreamingComponentsUnregistrationGranularity:5]]
[2022.07.25-05.29.34:097][  0]LogConfig: Setting CVar [[s.FlushStreamingOnExit:1]]
[2022.07.25-05.29.34:097][  0]LogConfig: Applying CVar settings from Section [/Script/Engine.GarbageCollectionSettings] File [C:/study/ProjectRunMergedAnim/Saved/Config/Windows/Engine.ini]
[2022.07.25-05.29.34:097][  0]LogConfig: Setting CVar [[gc.MaxObjectsNotConsideredByGC:1]]
[2022.07.25-05.29.34:097][  0]LogConfig: Setting CVar [[gc.SizeOfPermanentObjectPool:0]]
[2022.07.25-05.29.34:097][  0]LogConfig: Setting CVar [[gc.FlushStreamingOnGC:0]]
[2022.07.25-05.29.34:097][  0]LogConfig: Setting CVar [[gc.NumRetriesBeforeForcingGC:10]]
[2022.07.25-05.29.34:097][  0]LogConfig: Setting CVar [[gc.AllowParallelGC:1]]
[2022.07.25-05.29.34:097][  0]LogConfig: Setting CVar [[gc.TimeBetweenPurgingPendingKillObjects:61.1]]
[2022.07.25-05.29.34:097][  0]LogConfig: Setting CVar [[gc.MaxObjectsInEditor:25165824]]
[2022.07.25-05.29.34:097][  0]LogConfig: Setting CVar [[gc.IncrementalBeginDestroyEnabled:1]]
[2022.07.25-05.29.34:097][  0]LogConfig: Setting CVar [[gc.CreateGCClusters:1]]
[2022.07.25-05.29.34:097][  0]LogConfig: Setting CVar [[gc.MinGCClusterSize:5]]
[2022.07.25-05.29.34:097][  0]LogConfig: Setting CVar [[gc.ActorClusteringEnabled:0]]
[2022.07.25-05.29.34:097][  0]LogConfig: Setting CVar [[gc.BlueprintClusteringEnabled:0]]
[2022.07.25-05.29.34:097][  0]LogConfig: Setting CVar [[gc.UseDisregardForGCOnDedicatedServers:0]]
[2022.07.25-05.29.34:097][  0]LogConfig: Setting CVar [[gc.MultithreadedDestructionEnabled:1]]
[2022.07.25-05.29.34:097][  0]LogConfig: Applying CVar settings from Section [/Script/Engine.NetworkSettings] File [C:/study/ProjectRunMergedAnim/Saved/Config/Windows/Engine.ini]
[2022.07.25-05.29.34:097][  0]LogConfig: Applying CVar settings from Section [/Script/UnrealEd.CookerSettings] File [C:/study/ProjectRunMergedAnim/Saved/Config/Windows/Engine.ini]
[2022.07.25-05.29.34:103][  0]LogConfig: Applying CVar settings from Section [ViewDistanceQuality@3] File [C:/study/ProjectRunMergedAnim/Saved/Config/Windows/Scalability.ini]
[2022.07.25-05.29.34:103][  0]LogConfig: Setting CVar [[r.SkeletalMeshLODBias:0]]
[2022.07.25-05.29.34:103][  0]LogConfig: Setting CVar [[r.ViewDistanceScale:1.0]]
[2022.07.25-05.29.34:103][  0]LogConfig: Applying CVar settings from Section [AntiAliasingQuality@3] File [C:/study/ProjectRunMergedAnim/Saved/Config/Windows/Scalability.ini]
[2022.07.25-05.29.34:103][  0]LogConfig: Setting CVar [[r.PostProcessAAQuality:4]]
[2022.07.25-05.29.34:103][  0]LogConfig: Applying CVar settings from Section [ShadowQuality@3] File [C:/study/ProjectRunMergedAnim/Saved/Config/Windows/Scalability.ini]
[2022.07.25-05.29.34:103][  0]LogConfig: Setting CVar [[r.LightFunctionQuality:1]]
[2022.07.25-05.29.34:103][  0]LogConfig: Setting CVar [[r.ShadowQuality:5]]
[2022.07.25-05.29.34:103][  0]LogConfig: Setting CVar [[r.Shadow.CSM.MaxCascades:10]]
[2022.07.25-05.29.34:103][  0]LogConfig: Setting CVar [[r.Shadow.MaxResolution:2048]]
[2022.07.25-05.29.34:103][  0]LogConfig: Setting CVar [[r.Shadow.MaxCSMResolution:2048]]
[2022.07.25-05.29.34:103][  0]LogConfig: Setting CVar [[r.Shadow.RadiusThreshold:0.01]]
[2022.07.25-05.29.34:104][  0]LogConfig: Setting CVar [[r.Shadow.DistanceScale:1.0]]
[2022.07.25-05.29.34:104][  0]LogConfig: Setting CVar [[r.Shadow.CSM.TransitionScale:1.0]]
[2022.07.25-05.29.34:104][  0]LogConfig: Setting CVar [[r.Shadow.PreShadowResolutionFactor:1.0]]
[2022.07.25-05.29.34:104][  0]LogConfig: Setting CVar [[r.DistanceFieldShadowing:1]]
[2022.07.25-05.29.34:104][  0]LogConfig: Setting CVar [[r.DistanceFieldAO:1]]
[2022.07.25-05.29.34:104][  0]LogConfig: Setting CVar [[r.AOQuality:2]]
[2022.07.25-05.29.34:104][  0]LogConfig: Setting CVar [[r.VolumetricFog:1]]
[2022.07.25-05.29.34:104][  0]LogConfig: Setting CVar [[r.VolumetricFog.GridPixelSize:8]]
[2022.07.25-05.29.34:104][  0]LogConfig: Setting CVar [[r.VolumetricFog.GridSizeZ:128]]
[2022.07.25-05.29.34:104][  0]LogConfig: Setting CVar [[r.VolumetricFog.HistoryMissSupersampleCount:4]]
[2022.07.25-05.29.34:104][  0]LogConfig: Setting CVar [[r.LightMaxDrawDistanceScale:1]]
[2022.07.25-05.29.34:104][  0]LogConfig: Setting CVar [[r.CapsuleShadows:1]]
[2022.07.25-05.29.34:104][  0]LogConfig: Applying CVar settings from Section [PostProcessQuality@3] File [C:/study/ProjectRunMergedAnim/Saved/Config/Windows/Scalability.ini]
[2022.07.25-05.29.34:104][  0]LogConfig: Setting CVar [[r.MotionBlurQuality:4]]
[2022.07.25-05.29.34:104][  0]LogConfig: Setting CVar [[r.AmbientOcclusionMipLevelFactor:0.4]]
[2022.07.25-05.29.34:104][  0]LogConfig: Setting CVar [[r.AmbientOcclusionMaxQuality:100]]
[2022.07.25-05.29.34:104][  0]LogConfig: Setting CVar [[r.AmbientOcclusionLevels:-1]]
[2022.07.25-05.29.34:104][  0]LogConfig: Setting CVar [[r.AmbientOcclusionRadiusScale:1.0]]
[2022.07.25-05.29.34:104][  0]LogConfig: Setting CVar [[r.DepthOfFieldQuality:2]]
[2022.07.25-05.29.34:104][  0]LogConfig: Setting CVar [[r.RenderTargetPoolMin:400]]
[2022.07.25-05.29.34:104][  0]LogConfig: Setting CVar [[r.LensFlareQuality:2]]
[2022.07.25-05.29.34:104][  0]LogConfig: Setting CVar [[r.SceneColorFringeQuality:1]]
[2022.07.25-05.29.34:104][  0]LogConfig: Setting CVar [[r.EyeAdaptationQuality:2]]
[2022.07.25-05.29.34:104][  0]LogConfig: Setting CVar [[r.BloomQuality:5]]
[2022.07.25-05.29.34:104][  0]LogConfig: Setting CVar [[r.FastBlurThreshold:100]]
[2022.07.25-05.29.34:104][  0]LogConfig: Setting CVar [[r.Upscale.Quality:3]]
[2022.07.25-05.29.34:104][  0]LogConfig: Setting CVar [[r.Tonemapper.GrainQuantization:1]]
[2022.07.25-05.29.34:104][  0]LogConfig: Setting CVar [[r.LightShaftQuality:1]]
[2022.07.25-05.29.34:104][  0]LogConfig: Setting CVar [[r.Filter.SizeScale:1]]
[2022.07.25-05.29.34:104][  0]LogConfig: Setting CVar [[r.Tonemapper.Quality:5]]
[2022.07.25-05.29.34:104][  0]LogConfig: Setting CVar [[r.DOF.Gather.AccumulatorQuality:1        ; higher gathering accumulator quality]]
[2022.07.25-05.29.34:104][  0]LogConfig: Setting CVar [[r.DOF.Gather.PostfilterMethod:1          ; Median3x3 postfilering method]]
[2022.07.25-05.29.34:104][  0]LogConfig: Setting CVar [[r.DOF.Gather.EnableBokehSettings:0       ; no bokeh simulation when gathering]]
[2022.07.25-05.29.34:104][  0]LogConfig: Setting CVar [[r.DOF.Gather.RingCount:4                 ; medium number of samples when gathering]]
[2022.07.25-05.29.34:104][  0]LogConfig: Setting CVar [[r.DOF.Scatter.ForegroundCompositing:1    ; additive foreground scattering]]
[2022.07.25-05.29.34:104][  0]LogConfig: Setting CVar [[r.DOF.Scatter.BackgroundCompositing:2    ; additive background scattering]]
[2022.07.25-05.29.34:104][  0]LogConfig: Setting CVar [[r.DOF.Scatter.EnableBokehSettings:1      ; bokeh simulation when scattering]]
[2022.07.25-05.29.34:104][  0]LogConfig: Setting CVar [[r.DOF.Scatter.MaxSpriteRatio:0.1         ; only a maximum of 10% of scattered bokeh]]
[2022.07.25-05.29.34:104][  0]LogConfig: Setting CVar [[r.DOF.Recombine.Quality:1                ; cheap slight out of focus]]
[2022.07.25-05.29.34:104][  0]LogConfig: Setting CVar [[r.DOF.Recombine.EnableBokehSettings:0    ; no bokeh simulation on slight out of focus]]
[2022.07.25-05.29.34:104][  0]LogConfig: Setting CVar [[r.DOF.TemporalAAQuality:1                ; more stable temporal accumulation]]
[2022.07.25-05.29.34:104][  0]LogConfig: Setting CVar [[r.DOF.Kernel.MaxForegroundRadius:0.025]]
[2022.07.25-05.29.34:104][  0]LogConfig: Setting CVar [[r.DOF.Kernel.MaxBackgroundRadius:0.025]]
[2022.07.25-05.29.34:104][  0]LogConfig: Applying CVar settings from Section [TextureQuality@3] File [C:/study/ProjectRunMergedAnim/Saved/Config/Windows/Scalability.ini]
[2022.07.25-05.29.34:104][  0]LogConfig: Setting CVar [[r.Streaming.MipBias:0]]
[2022.07.25-05.29.34:104][  0]LogConfig: Setting CVar [[r.Streaming.AmortizeCPUToGPUCopy:0]]
[2022.07.25-05.29.34:104][  0]LogConfig: Setting CVar [[r.Streaming.MaxNumTexturesToStreamPerFrame:0]]
[2022.07.25-05.29.34:104][  0]LogConfig: Setting CVar [[r.Streaming.Boost:1]]
[2022.07.25-05.29.34:104][  0]LogConfig: Setting CVar [[r.MaxAnisotropy:8]]
[2022.07.25-05.29.34:104][  0]LogConfig: Setting CVar [[r.VT.MaxAnisotropy:8]]
[2022.07.25-05.29.34:104][  0]LogConfig: Setting CVar [[r.Streaming.LimitPoolSizeToVRAM:0]]
[2022.07.25-05.29.34:104][  0]LogConfig: Setting CVar [[r.Streaming.PoolSize:1000]]
[2022.07.25-05.29.34:104][  0]LogConfig: Setting CVar [[r.Streaming.MaxEffectiveScreenSize:0]]
[2022.07.25-05.29.34:104][  0]LogConfig: Applying CVar settings from Section [EffectsQuality@3] File [C:/study/ProjectRunMergedAnim/Saved/Config/Windows/Scalability.ini]
[2022.07.25-05.29.34:104][  0]LogConfig: Setting CVar [[r.TranslucencyLightingVolumeDim:64]]
[2022.07.25-05.29.34:104][  0]LogConfig: Setting CVar [[r.RefractionQuality:2]]
[2022.07.25-05.29.34:104][  0]LogConfig: Setting CVar [[r.SSR.Quality:3]]
[2022.07.25-05.29.34:104][  0]LogConfig: Setting CVar [[r.SSR.HalfResSceneColor:0]]
[2022.07.25-05.29.34:104][  0]LogConfig: Setting CVar [[r.SceneColorFormat:4]]
[2022.07.25-05.29.34:104][  0]LogConfig: Setting CVar [[r.DetailMode:2]]
[2022.07.25-05.29.34:104][  0]LogConfig: Setting CVar [[r.TranslucencyVolumeBlur:1]]
[2022.07.25-05.29.34:104][  0]LogConfig: Setting CVar [[r.MaterialQualityLevel:1 ; High quality]]
[2022.07.25-05.29.34:104][  0]LogConfig: Setting CVar [[r.AnisotropicMaterials:1]]
[2022.07.25-05.29.34:104][  0]LogConfig: Setting CVar [[r.SSS.Scale:1]]
[2022.07.25-05.29.34:104][  0]LogConfig: Setting CVar [[r.SSS.SampleSet:2]]
[2022.07.25-05.29.34:104][  0]LogConfig: Setting CVar [[r.SSS.Quality:1]]
[2022.07.25-05.29.34:104][  0]LogConfig: Setting CVar [[r.SSS.HalfRes:0]]
[2022.07.25-05.29.34:104][  0]LogConfig: Setting CVar [[r.SSGI.Quality:3]]
[2022.07.25-05.29.34:104][  0]LogConfig: Setting CVar [[r.EmitterSpawnRateScale:1.0]]
[2022.07.25-05.29.34:104][  0]LogConfig: Setting CVar [[r.ParticleLightQuality:2]]
[2022.07.25-05.29.34:104][  0]LogConfig: Setting CVar [[r.SkyAtmosphere.AerialPerspectiveLUT.FastApplyOnOpaque:1 ; Always have FastSkyLUT 1 in this case to avoid wrong sky]]
[2022.07.25-05.29.34:104][  0]LogConfig: Setting CVar [[r.SkyAtmosphere.AerialPerspectiveLUT.SampleCountMaxPerSlice:4]]
[2022.07.25-05.29.34:104][  0]LogConfig: Setting CVar [[r.SkyAtmosphere.AerialPerspectiveLUT.DepthResolution:16.0]]
[2022.07.25-05.29.34:104][  0]LogConfig: Setting CVar [[r.SkyAtmosphere.FastSkyLUT:1]]
[2022.07.25-05.29.34:104][  0]LogConfig: Setting CVar [[r.SkyAtmosphere.FastSkyLUT.SampleCountMin:4.0]]
[2022.07.25-05.29.34:104][  0]LogConfig: Setting CVar [[r.SkyAtmosphere.FastSkyLUT.SampleCountMax:128.0]]
[2022.07.25-05.29.34:104][  0]LogConfig: Setting CVar [[r.SkyAtmosphere.SampleCountMin:4.0]]
[2022.07.25-05.29.34:104][  0]LogConfig: Setting CVar [[r.SkyAtmosphere.SampleCountMax:128.0]]
[2022.07.25-05.29.34:104][  0]LogConfig: Setting CVar [[r.SkyAtmosphere.TransmittanceLUT.UseSmallFormat:0]]
[2022.07.25-05.29.34:104][  0]LogConfig: Setting CVar [[r.SkyAtmosphere.TransmittanceLUT.SampleCount:10.0]]
[2022.07.25-05.29.34:104][  0]LogConfig: Setting CVar [[r.SkyAtmosphere.MultiScatteringLUT.SampleCount:15.0]]
[2022.07.25-05.29.34:104][  0]LogConfig: Setting CVar [[r.SkyLight.RealTimeReflectionCapture:1]]
[2022.07.25-05.29.34:104][  0]LogConfig: Applying CVar settings from Section [FoliageQuality@3] File [C:/study/ProjectRunMergedAnim/Saved/Config/Windows/Scalability.ini]
[2022.07.25-05.29.34:104][  0]LogConfig: Setting CVar [[foliage.DensityScale:1.0]]
[2022.07.25-05.29.34:104][  0]LogConfig: Setting CVar [[grass.DensityScale:1.0]]
[2022.07.25-05.29.34:104][  0]LogConfig: Applying CVar settings from Section [ShadingQuality@3] File [C:/study/ProjectRunMergedAnim/Saved/Config/Windows/Scalability.ini]
[2022.07.25-05.29.34:104][  0]LogConfig: Setting CVar [[r.HairStrands.SkyLighting.IntegrationType:2]]
[2022.07.25-05.29.34:104][  0]LogConfig: Setting CVar [[r.HairStrands.SkyAO.SampleCount:4]]
[2022.07.25-05.29.34:104][  0]LogConfig: Setting CVar [[r.HairStrands.Visibility.MSAA.SamplePerPixel:4]]
[2022.07.25-05.29.34:104][  0]LogInit: Selected Device Profile: [Windows]
[2022.07.25-05.29.34:104][  0]LogInit: Applying CVar settings loaded from the selected device profile: [Windows]
[2022.07.25-05.29.34:104][  0]LogHAL: Display: Platform has ~ 16 GB [16831680512 / 17179869184 / 16], which maps to Larger [LargestMinGB=32, LargerMinGB=12, DefaultMinGB=8, SmallerMinGB=6, SmallestMinGB=0)
[2022.07.25-05.29.34:104][  0]LogInit: Going up to parent DeviceProfile []
[2022.07.25-05.29.34:104][  0]LogConfig: Applying CVar settings from Section [ViewDistanceQuality@3] File [C:/study/ProjectRunMergedAnim/Saved/Config/Windows/Scalability.ini]
[2022.07.25-05.29.34:104][  0]LogConfig: Setting CVar [[r.SkeletalMeshLODBias:0]]
[2022.07.25-05.29.34:104][  0]LogConfig: Setting CVar [[r.ViewDistanceScale:1.0]]
[2022.07.25-05.29.34:104][  0]LogConfig: Applying CVar settings from Section [AntiAliasingQuality@3] File [C:/study/ProjectRunMergedAnim/Saved/Config/Windows/Scalability.ini]
[2022.07.25-05.29.34:104][  0]LogConfig: Setting CVar [[r.PostProcessAAQuality:4]]
[2022.07.25-05.29.34:104][  0]LogConfig: Applying CVar settings from Section [ShadowQuality@3] File [C:/study/ProjectRunMergedAnim/Saved/Config/Windows/Scalability.ini]
[2022.07.25-05.29.34:104][  0]LogConfig: Setting CVar [[r.LightFunctionQuality:1]]
[2022.07.25-05.29.34:104][  0]LogConfig: Setting CVar [[r.ShadowQuality:5]]
[2022.07.25-05.29.34:104][  0]LogConfig: Setting CVar [[r.Shadow.CSM.MaxCascades:10]]
[2022.07.25-05.29.34:104][  0]LogConfig: Setting CVar [[r.Shadow.MaxResolution:2048]]
[2022.07.25-05.29.34:104][  0]LogConfig: Setting CVar [[r.Shadow.MaxCSMResolution:2048]]
[2022.07.25-05.29.34:105][  0]LogConfig: Setting CVar [[r.Shadow.RadiusThreshold:0.01]]
[2022.07.25-05.29.34:105][  0]LogConfig: Setting CVar [[r.Shadow.DistanceScale:1.0]]
[2022.07.25-05.29.34:105][  0]LogConfig: Setting CVar [[r.Shadow.CSM.TransitionScale:1.0]]
[2022.07.25-05.29.34:105][  0]LogConfig: Setting CVar [[r.Shadow.PreShadowResolutionFactor:1.0]]
[2022.07.25-05.29.34:105][  0]LogConfig: Setting CVar [[r.DistanceFieldShadowing:1]]
[2022.07.25-05.29.34:105][  0]LogConfig: Setting CVar [[r.DistanceFieldAO:1]]
[2022.07.25-05.29.34:105][  0]LogConfig: Setting CVar [[r.AOQuality:2]]
[2022.07.25-05.29.34:105][  0]LogConfig: Setting CVar [[r.VolumetricFog:1]]
[2022.07.25-05.29.34:105][  0]LogConfig: Setting CVar [[r.VolumetricFog.GridPixelSize:8]]
[2022.07.25-05.29.34:105][  0]LogConfig: Setting CVar [[r.VolumetricFog.GridSizeZ:128]]
[2022.07.25-05.29.34:105][  0]LogConfig: Setting CVar [[r.VolumetricFog.HistoryMissSupersampleCount:4]]
[2022.07.25-05.29.34:105][  0]LogConfig: Setting CVar [[r.LightMaxDrawDistanceScale:1]]
[2022.07.25-05.29.34:105][  0]LogConfig: Setting CVar [[r.CapsuleShadows:1]]
[2022.07.25-05.29.34:105][  0]LogConfig: Applying CVar settings from Section [PostProcessQuality@3] File [C:/study/ProjectRunMergedAnim/Saved/Config/Windows/Scalability.ini]
[2022.07.25-05.29.34:105][  0]LogConfig: Setting CVar [[r.MotionBlurQuality:4]]
[2022.07.25-05.29.34:105][  0]LogConfig: Setting CVar [[r.AmbientOcclusionMipLevelFactor:0.4]]
[2022.07.25-05.29.34:105][  0]LogConfig: Setting CVar [[r.AmbientOcclusionMaxQuality:100]]
[2022.07.25-05.29.34:105][  0]LogConfig: Setting CVar [[r.AmbientOcclusionLevels:-1]]
[2022.07.25-05.29.34:105][  0]LogConfig: Setting CVar [[r.AmbientOcclusionRadiusScale:1.0]]
[2022.07.25-05.29.34:105][  0]LogConfig: Setting CVar [[r.DepthOfFieldQuality:2]]
[2022.07.25-05.29.34:105][  0]LogConfig: Setting CVar [[r.RenderTargetPoolMin:400]]
[2022.07.25-05.29.34:105][  0]LogConfig: Setting CVar [[r.LensFlareQuality:2]]
[2022.07.25-05.29.34:105][  0]LogConfig: Setting CVar [[r.SceneColorFringeQuality:1]]
[2022.07.25-05.29.34:105][  0]LogConfig: Setting CVar [[r.EyeAdaptationQuality:2]]
[2022.07.25-05.29.34:105][  0]LogConfig: Setting CVar [[r.BloomQuality:5]]
[2022.07.25-05.29.34:105][  0]LogConfig: Setting CVar [[r.FastBlurThreshold:100]]
[2022.07.25-05.29.34:105][  0]LogConfig: Setting CVar [[r.Upscale.Quality:3]]
[2022.07.25-05.29.34:105][  0]LogConfig: Setting CVar [[r.Tonemapper.GrainQuantization:1]]
[2022.07.25-05.29.34:105][  0]LogConfig: Setting CVar [[r.LightShaftQuality:1]]
[2022.07.25-05.29.34:105][  0]LogConfig: Setting CVar [[r.Filter.SizeScale:1]]
[2022.07.25-05.29.34:105][  0]LogConfig: Setting CVar [[r.Tonemapper.Quality:5]]
[2022.07.25-05.29.34:105][  0]LogConfig: Setting CVar [[r.DOF.Gather.AccumulatorQuality:1        ; higher gathering accumulator quality]]
[2022.07.25-05.29.34:105][  0]LogConfig: Setting CVar [[r.DOF.Gather.PostfilterMethod:1          ; Median3x3 postfilering method]]
[2022.07.25-05.29.34:105][  0]LogConfig: Setting CVar [[r.DOF.Gather.EnableBokehSettings:0       ; no bokeh simulation when gathering]]
[2022.07.25-05.29.34:105][  0]LogConfig: Setting CVar [[r.DOF.Gather.RingCount:4                 ; medium number of samples when gathering]]
[2022.07.25-05.29.34:105][  0]LogConfig: Setting CVar [[r.DOF.Scatter.ForegroundCompositing:1    ; additive foreground scattering]]
[2022.07.25-05.29.34:105][  0]LogConfig: Setting CVar [[r.DOF.Scatter.BackgroundCompositing:2    ; additive background scattering]]
[2022.07.25-05.29.34:105][  0]LogConfig: Setting CVar [[r.DOF.Scatter.EnableBokehSettings:1      ; bokeh simulation when scattering]]
[2022.07.25-05.29.34:105][  0]LogConfig: Setting CVar [[r.DOF.Scatter.MaxSpriteRatio:0.1         ; only a maximum of 10% of scattered bokeh]]
[2022.07.25-05.29.34:105][  0]LogConfig: Setting CVar [[r.DOF.Recombine.Quality:1                ; cheap slight out of focus]]
[2022.07.25-05.29.34:105][  0]LogConfig: Setting CVar [[r.DOF.Recombine.EnableBokehSettings:0    ; no bokeh simulation on slight out of focus]]
[2022.07.25-05.29.34:105][  0]LogConfig: Setting CVar [[r.DOF.TemporalAAQuality:1                ; more stable temporal accumulation]]
[2022.07.25-05.29.34:105][  0]LogConfig: Setting CVar [[r.DOF.Kernel.MaxForegroundRadius:0.025]]
[2022.07.25-05.29.34:105][  0]LogConfig: Setting CVar [[r.DOF.Kernel.MaxBackgroundRadius:0.025]]
[2022.07.25-05.29.34:105][  0]LogConfig: Applying CVar settings from Section [TextureQuality@3] File [C:/study/ProjectRunMergedAnim/Saved/Config/Windows/Scalability.ini]
[2022.07.25-05.29.34:105][  0]LogConfig: Setting CVar [[r.Streaming.MipBias:0]]
[2022.07.25-05.29.34:105][  0]LogConfig: Setting CVar [[r.Streaming.AmortizeCPUToGPUCopy:0]]
[2022.07.25-05.29.34:105][  0]LogConfig: Setting CVar [[r.Streaming.MaxNumTexturesToStreamPerFrame:0]]
[2022.07.25-05.29.34:105][  0]LogConfig: Setting CVar [[r.Streaming.Boost:1]]
[2022.07.25-05.29.34:105][  0]LogConfig: Setting CVar [[r.MaxAnisotropy:8]]
[2022.07.25-05.29.34:105][  0]LogConfig: Setting CVar [[r.VT.MaxAnisotropy:8]]
[2022.07.25-05.29.34:105][  0]LogConfig: Setting CVar [[r.Streaming.LimitPoolSizeToVRAM:0]]
[2022.07.25-05.29.34:105][  0]LogConfig: Setting CVar [[r.Streaming.PoolSize:1000]]
[2022.07.25-05.29.34:105][  0]LogConfig: Setting CVar [[r.Streaming.MaxEffectiveScreenSize:0]]
[2022.07.25-05.29.34:105][  0]LogConfig: Applying CVar settings from Section [EffectsQuality@3] File [C:/study/ProjectRunMergedAnim/Saved/Config/Windows/Scalability.ini]
[2022.07.25-05.29.34:105][  0]LogConfig: Setting CVar [[r.TranslucencyLightingVolumeDim:64]]
[2022.07.25-05.29.34:105][  0]LogConfig: Setting CVar [[r.RefractionQuality:2]]
[2022.07.25-05.29.34:105][  0]LogConfig: Setting CVar [[r.SSR.Quality:3]]
[2022.07.25-05.29.34:105][  0]LogConfig: Setting CVar [[r.SSR.HalfResSceneColor:0]]
[2022.07.25-05.29.34:105][  0]LogConfig: Setting CVar [[r.SceneColorFormat:4]]
[2022.07.25-05.29.34:105][  0]LogConfig: Setting CVar [[r.DetailMode:2]]
[2022.07.25-05.29.34:105][  0]LogConfig: Setting CVar [[r.TranslucencyVolumeBlur:1]]
[2022.07.25-05.29.34:105][  0]LogConfig: Setting CVar [[r.MaterialQualityLevel:1 ; High quality]]
[2022.07.25-05.29.34:105][  0]LogConfig: Setting CVar [[r.AnisotropicMaterials:1]]
[2022.07.25-05.29.34:105][  0]LogConfig: Setting CVar [[r.SSS.Scale:1]]
[2022.07.25-05.29.34:105][  0]LogConfig: Setting CVar [[r.SSS.SampleSet:2]]
[2022.07.25-05.29.34:105][  0]LogConfig: Setting CVar [[r.SSS.Quality:1]]
[2022.07.25-05.29.34:105][  0]LogConfig: Setting CVar [[r.SSS.HalfRes:0]]
[2022.07.25-05.29.34:105][  0]LogConfig: Setting CVar [[r.SSGI.Quality:3]]
[2022.07.25-05.29.34:105][  0]LogConfig: Setting CVar [[r.EmitterSpawnRateScale:1.0]]
[2022.07.25-05.29.34:105][  0]LogConfig: Setting CVar [[r.ParticleLightQuality:2]]
[2022.07.25-05.29.34:105][  0]LogConfig: Setting CVar [[r.SkyAtmosphere.AerialPerspectiveLUT.FastApplyOnOpaque:1 ; Always have FastSkyLUT 1 in this case to avoid wrong sky]]
[2022.07.25-05.29.34:105][  0]LogConfig: Setting CVar [[r.SkyAtmosphere.AerialPerspectiveLUT.SampleCountMaxPerSlice:4]]
[2022.07.25-05.29.34:105][  0]LogConfig: Setting CVar [[r.SkyAtmosphere.AerialPerspectiveLUT.DepthResolution:16.0]]
[2022.07.25-05.29.34:105][  0]LogConfig: Setting CVar [[r.SkyAtmosphere.FastSkyLUT:1]]
[2022.07.25-05.29.34:105][  0]LogConfig: Setting CVar [[r.SkyAtmosphere.FastSkyLUT.SampleCountMin:4.0]]
[2022.07.25-05.29.34:105][  0]LogConfig: Setting CVar [[r.SkyAtmosphere.FastSkyLUT.SampleCountMax:128.0]]
[2022.07.25-05.29.34:105][  0]LogConfig: Setting CVar [[r.SkyAtmosphere.SampleCountMin:4.0]]
[2022.07.25-05.29.34:105][  0]LogConfig: Setting CVar [[r.SkyAtmosphere.SampleCountMax:128.0]]
[2022.07.25-05.29.34:105][  0]LogConfig: Setting CVar [[r.SkyAtmosphere.TransmittanceLUT.UseSmallFormat:0]]
[2022.07.25-05.29.34:105][  0]LogConfig: Setting CVar [[r.SkyAtmosphere.TransmittanceLUT.SampleCount:10.0]]
[2022.07.25-05.29.34:105][  0]LogConfig: Setting CVar [[r.SkyAtmosphere.MultiScatteringLUT.SampleCount:15.0]]
[2022.07.25-05.29.34:105][  0]LogConfig: Setting CVar [[r.SkyLight.RealTimeReflectionCapture:1]]
[2022.07.25-05.29.34:105][  0]LogConfig: Applying CVar settings from Section [FoliageQuality@3] File [C:/study/ProjectRunMergedAnim/Saved/Config/Windows/Scalability.ini]
[2022.07.25-05.29.34:105][  0]LogConfig: Setting CVar [[foliage.DensityScale:1.0]]
[2022.07.25-05.29.34:105][  0]LogConfig: Setting CVar [[grass.DensityScale:1.0]]
[2022.07.25-05.29.34:105][  0]LogConfig: Applying CVar settings from Section [ShadingQuality@3] File [C:/study/ProjectRunMergedAnim/Saved/Config/Windows/Scalability.ini]
[2022.07.25-05.29.34:105][  0]LogConfig: Setting CVar [[r.HairStrands.SkyLighting.IntegrationType:2]]
[2022.07.25-05.29.34:105][  0]LogConfig: Setting CVar [[r.HairStrands.SkyAO.SampleCount:4]]
[2022.07.25-05.29.34:105][  0]LogConfig: Setting CVar [[r.HairStrands.Visibility.MSAA.SamplePerPixel:4]]
[2022.07.25-05.29.34:105][  0]LogConfig: Applying CVar settings from Section [Startup] File [../../../Engine/Config/ConsoleVariables.ini]
[2022.07.25-05.29.34:105][  0]LogConfig: Setting CVar [[net.UseAdaptiveNetUpdateFrequency:0]]
[2022.07.25-05.29.34:105][  0]LogConfig: Setting CVar [[p.chaos.AllowCreatePhysxBodies:1]]
[2022.07.25-05.29.34:105][  0]LogConfig: Setting CVar [[fx.SkipVectorVMBackendOptimizations:1]]
[2022.07.25-05.29.34:105][  0]LogConfig: Applying CVar settings from Section [ConsoleVariables] File [C:/study/ProjectRunMergedAnim/Saved/Config/Windows/Engine.ini]
[2022.07.25-05.29.34:105][  0]LogConfig: Applying CVar settings from Section [ConsoleVariables] File [C:/study/ProjectRunMergedAnim/Saved/Config/Windows/Editor.ini]
[2022.07.25-05.29.34:105][  0]LogInit: Computer: LEEMINSEOK
[2022.07.25-05.29.34:105][  0]LogInit: User: sycym
[2022.07.25-05.29.34:105][  0]LogInit: CPU Page size=4096, Cores=14
[2022.07.25-05.29.34:105][  0]LogInit: High frequency timer resolution =10.000000 MHz
[2022.07.25-05.29.34:105][  0]LogMemory: Memory total: Physical=15.7GB (16GB approx)
[2022.07.25-05.29.34:106][  0]LogMemory: Platform Memory Stats for Windows
[2022.07.25-05.29.34:106][  0]LogMemory: Process Physical Memory: 149.36 MB used, 149.36 MB peak
[2022.07.25-05.29.34:106][  0]LogMemory: Process Virtual Memory: 132.67 MB used, 132.67 MB peak
[2022.07.25-05.29.34:106][  0]LogMemory: Physical Memory: 8651.69 MB used,  7400.25 MB free, 16051.94 MB total
[2022.07.25-05.29.34:106][  0]LogMemory: Virtual Memory: 134210928.00 MB used,  6800.12 MB free, 134217728.00 MB total
[2022.07.25-05.29.34:110][  0]LogWindows: WindowsPlatformFeatures enabled
[2022.07.25-05.29.34:148][  0]LogInit: Physics initialised using underlying interface: PhysX
[2022.07.25-05.29.34:148][  0]LogInit: Using OS detected language (ko-KR).
[2022.07.25-05.29.34:148][  0]LogInit: Using OS detected locale (ko-KR).
[2022.07.25-05.29.34:151][  0]LogTextLocalizationManager: No specific localization for 'ko-KR' exists, so the 'ko' localization will be used.
[2022.07.25-05.29.34:275][  0]LogWindowsTextInputMethodSystem: Display: IME system deactivated.
[2022.07.25-05.29.34:292][  0]LogSlate: New Slate User Created.  User Index 0, Is Virtual User: 0
[2022.07.25-05.29.34:292][  0]LogSlate: Slate User Registered.  User Index 0, Is Virtual User: 0
[2022.07.25-05.29.34:303][  0]LogD3D11RHI: Loaded GFSDK_Aftermath_Lib.x64.dll
[2022.07.25-05.29.34:307][  0]LogHMD: Failed to initialize OpenVR with code 110
[2022.07.25-05.29.34:307][  0]LogD3D11RHI: D3D11 min allowed feature level: 11_0
[2022.07.25-05.29.34:307][  0]LogD3D11RHI: D3D11 max allowed feature level: 11_0
[2022.07.25-05.29.34:307][  0]LogD3D11RHI: D3D11 adapters:
[2022.07.25-05.29.34:379][  0]LogD3D11RHI:    0. 'NVIDIA GeForce RTX 3070 Ti Laptop GPU' (Feature Level 11_0)
[2022.07.25-05.29.34:379][  0]LogD3D11RHI:       8043/0/8025 MB DedicatedVideo/DedicatedSystem/SharedSystem, Outputs:1, VendorId:0x10de
[2022.07.25-05.29.34:417][  0]LogD3D11RHI:    1. 'Intel(R) Iris(R) Xe Graphics' (Feature Level 11_0)
[2022.07.25-05.29.34:417][  0]LogD3D11RHI:       128/0/8025 MB DedicatedVideo/DedicatedSystem/SharedSystem, Outputs:0, VendorId:0x8086
[2022.07.25-05.29.34:420][  0]LogD3D11RHI:    2. 'Microsoft Basic Render Driver' (Feature Level 11_0)
[2022.07.25-05.29.34:420][  0]LogD3D11RHI:       0/0/8025 MB DedicatedVideo/DedicatedSystem/SharedSystem, Outputs:0, VendorId:0x1414
[2022.07.25-05.29.34:420][  0]LogD3D11RHI: Chosen D3D11 Adapter:
[2022.07.25-05.29.34:420][  0]LogD3D11RHI:     Description : NVIDIA GeForce RTX 3070 Ti Laptop GPU
[2022.07.25-05.29.34:420][  0]LogD3D11RHI:     VendorId    : 10de
[2022.07.25-05.29.34:420][  0]LogD3D11RHI:     DeviceId    : 24e0
[2022.07.25-05.29.34:420][  0]LogD3D11RHI:     SubSysId    : 8a14103c
[2022.07.25-05.29.34:420][  0]LogD3D11RHI:     Revision    : 00a1
[2022.07.25-05.29.34:420][  0]LogD3D11RHI:     DedicatedVideoMemory : 8433696768 bytes
[2022.07.25-05.29.34:420][  0]LogD3D11RHI:     DedicatedSystemMemory : 0 bytes
[2022.07.25-05.29.34:420][  0]LogD3D11RHI:     SharedSystemMemory : 8415840256 bytes
[2022.07.25-05.29.34:420][  0]LogD3D11RHI:     AdapterLuid : 0 72230
[2022.07.25-05.29.34:426][  0]LogD3D11RHI: Creating new Direct3DDevice
[2022.07.25-05.29.34:426][  0]LogD3D11RHI:     GPU DeviceId: 0x24e0 (for the marketing name, search the web for "GPU Device Id")
[2022.07.25-05.29.34:426][  0]LogWindows: EnumDisplayDevices:
[2022.07.25-05.29.34:426][  0]LogWindows:    0. 'Intel(R) Iris(R) Xe Graphics' (P:0 D:0)
[2022.07.25-05.29.34:426][  0]LogWindows:    1. 'Intel(R) Iris(R) Xe Graphics' (P:0 D:0)
[2022.07.25-05.29.34:426][  0]LogWindows:    2. 'Intel(R) Iris(R) Xe Graphics' (P:0 D:0)
[2022.07.25-05.29.34:426][  0]LogWindows:    3. 'Intel(R) Iris(R) Xe Graphics' (P:0 D:0)
[2022.07.25-05.29.34:426][  0]LogWindows:    4. 'NVIDIA GeForce RTX 3070 Ti Laptop GPU' (P:1 D:1)
[2022.07.25-05.29.34:427][  0]LogWindows:    5. 'NVIDIA GeForce RTX 3070 Ti Laptop GPU' (P:0 D:0)
[2022.07.25-05.29.34:427][  0]LogWindows:    6. 'NVIDIA GeForce RTX 3070 Ti Laptop GPU' (P:0 D:0)
[2022.07.25-05.29.34:427][  0]LogWindows:    7. 'NVIDIA GeForce RTX 3070 Ti Laptop GPU' (P:0 D:0)
[2022.07.25-05.29.34:427][  0]LogWindows: DebugString: PrimaryIsNotTheChoosenAdapter PrimaryIsNotTheChoosenAdapter PrimaryIsNotTheChoosenAdapter PrimaryIsNotTheChoosenAdapter FoundDriverCount:4 
[2022.07.25-05.29.34:427][  0]LogD3D11RHI:     Adapter Name: NVIDIA GeForce RTX 3070 Ti Laptop GPU
[2022.07.25-05.29.34:427][  0]LogD3D11RHI:   Driver Version: 512.78 (internal:30.0.15.1278, unified:512.78)
[2022.07.25-05.29.34:427][  0]LogD3D11RHI:      Driver Date: 5-5-2022
[2022.07.25-05.29.34:427][  0]LogRHI: Texture pool is 5630 MB (70% of 8043 MB)
[2022.07.25-05.29.34:427][  0]LogD3D11RHI: Creating D3DDevice using adapter:
[2022.07.25-05.29.34:427][  0]LogD3D11RHI:     Description : NVIDIA GeForce RTX 3070 Ti Laptop GPU
[2022.07.25-05.29.34:427][  0]LogD3D11RHI:     VendorId    : 10de
[2022.07.25-05.29.34:427][  0]LogD3D11RHI:     DeviceId    : 24e0
[2022.07.25-05.29.34:427][  0]LogD3D11RHI:     SubSysId    : 8a14103c
[2022.07.25-05.29.34:427][  0]LogD3D11RHI:     Revision    : 00a1
[2022.07.25-05.29.34:427][  0]LogD3D11RHI:     DedicatedVideoMemory : 8433696768 bytes
[2022.07.25-05.29.34:427][  0]LogD3D11RHI:     DedicatedSystemMemory : 0 bytes
[2022.07.25-05.29.34:427][  0]LogD3D11RHI:     SharedSystemMemory : 8415840256 bytes
[2022.07.25-05.29.34:427][  0]LogD3D11RHI:     AdapterLuid : 0 72230
[2022.07.25-05.29.34:479][  0]LogD3D11RHI: RHI has support for 64 bit atomics
[2022.07.25-05.29.34:479][  0]LogD3D11RHI: Async texture creation enabled
[2022.07.25-05.29.34:479][  0]LogD3D11RHI: Array index from any shader is supported
[2022.07.25-05.29.34:495][  0]LogD3D11RHI: GPU Timing Frequency: 1000.000000 (Debug: 2 1)
[2022.07.25-05.29.34:515][  0]LogRHI: GeForceNow SDK initialized: 1
[2022.07.25-05.29.34:755][  0]LogTargetPlatformManager: Display: Loaded TargetPlatform 'WindowsNoEditor'
[2022.07.25-05.29.34:760][  0]LogTargetPlatformManager: Display: Loaded TargetPlatform 'Windows'
[2022.07.25-05.29.34:766][  0]LogTargetPlatformManager: Display: Loaded TargetPlatform 'WindowsClient'
[2022.07.25-05.29.34:773][  0]LogTargetPlatformManager: Display: Loaded TargetPlatform 'WindowsServer'
[2022.07.25-05.29.34:773][  0]LogTargetPlatformManager: Display: Building Assets For Windows
[2022.07.25-05.29.34:783][  0]LogAudioDebug: Display: Lib vorbis DLL was dynamically loaded.
[2022.07.25-05.29.34:820][  0]LogTextureFormatOodle: Display: Oodle Texture 2.9.0 init RDO Off
[2022.07.25-05.29.34:854][  0]LogRendererCore: Ray tracing is disabled. Reason: r.RayTracing=0.
[2022.07.25-05.29.34:854][  0]LogShaderCompilers: Guid format shader working directory is 1 characters bigger than the processId version (../../../../../../study/ProjectRunMergedAnim/Intermediate/Shaders/WorkingDirectory/11220/).
[2022.07.25-05.29.34:855][  0]LogShaderCompilers: Cleaned the shader compiler working directory 'C:/Users/sycym/AppData/Local/Temp/UnrealShaderWorkingDir/D9564CB24C85A6693A9CD7882B505548/'.
[2022.07.25-05.29.34:855][  0]LogShaderCompilers: Display: Using XGE Controller for Shader Compilation.
[2022.07.25-05.29.35:370][  0]LogDerivedDataCache: Display: Max Cache Size: 512 MB
[2022.07.25-05.29.35:415][  0]LogDerivedDataCache: Loaded boot cache 0.04s 94MB C:/Users/sycym/AppData/Local/UnrealEngine/4.27/DerivedDataCache/Boot.ddc.
[2022.07.25-05.29.35:415][  0]LogDerivedDataCache: Display: Loaded Boot cache: C:/Users/sycym/AppData/Local/UnrealEngine/4.27/DerivedDataCache/Boot.ddc
[2022.07.25-05.29.35:415][  0]LogDerivedDataCache: FDerivedDataBackendGraph:  Pak pak cache file ../../../../../../study/ProjectRunMergedAnim/DerivedDataCache/DDC.ddp not found, will not use a pak cache.
[2022.07.25-05.29.35:415][  0]LogDerivedDataCache: Unable to find inner node Pak for hierarchical cache Hierarchy.
[2022.07.25-05.29.35:415][  0]LogDerivedDataCache: FDerivedDataBackendGraph:  CompressedPak pak cache file ../../../../../../study/ProjectRunMergedAnim/DerivedDataCache/Compressed.ddp not found, will not use a pak cache.
[2022.07.25-05.29.35:415][  0]LogDerivedDataCache: Unable to find inner node CompressedPak for hierarchical cache Hierarchy.
[2022.07.25-05.29.35:427][  0]LogDerivedDataCache: Display: Pak cache opened for reading ../../../Engine/DerivedDataCache/Compressed.ddp.
[2022.07.25-05.29.35:427][  0]LogDerivedDataCache: FDerivedDataBackendGraph:  EnterprisePak pak cache file ../../../Enterprise/DerivedDataCache/Compressed.ddp not found, will not use a pak cache.
[2022.07.25-05.29.35:427][  0]LogDerivedDataCache: Unable to find inner node EnterprisePak for hierarchical cache Hierarchy.
[2022.07.25-05.29.35:434][  0]LogDerivedDataCache: Speed tests for C:/Users/sycym/AppData/Local/UnrealEngine/Common/DerivedDataCache took 0.01 seconds
[2022.07.25-05.29.35:434][  0]LogDerivedDataCache: Display: Performance to C:/Users/sycym/AppData/Local/UnrealEngine/Common/DerivedDataCache: Latency=0.02ms. RandomReadSpeed=2004.93MBs, RandomWriteSpeed=161.23MBs. Assigned SpeedClass 'Local'
[2022.07.25-05.29.35:435][  0]LogDerivedDataCache: Using Local data cache path C:/Users/sycym/AppData/Local/UnrealEngine/Common/DerivedDataCache: Writable
[2022.07.25-05.29.35:435][  0]LogDerivedDataCache: Shared data cache path not found in *engine.ini, will not use an Shared cache.
[2022.07.25-05.29.35:435][  0]LogDerivedDataCache: Unable to find inner node Shared for hierarchical cache Hierarchy.
[2022.07.25-05.29.35:459][  0]LogSlate: Using FreeType 2.10.0
[2022.07.25-05.29.35:459][  0]LogSlate: SlateFontServices - WITH_FREETYPE: 1, WITH_HARFBUZZ: 1
[2022.07.25-05.29.35:525][  0]LogInit: Using OS detected language (ko-KR).
[2022.07.25-05.29.35:525][  0]LogInit: Using OS detected locale (ko-KR).
[2022.07.25-05.29.35:525][  0]LogTextLocalizationManager: No localization for 'ko-KR' exists, so 'en' will be used for the language.
[2022.07.25-05.29.35:525][  0]LogTextLocalizationManager: No localization for 'ko-KR' exists, so 'en' will be used for the locale.
[2022.07.25-05.29.35:525][  0]LogSlate: FontCache flush requested. Reason: Culture for localization was changed
[2022.07.25-05.29.35:525][  0]LogSlate: FontCache flush requested. Reason: Culture for localization was changed
[2022.07.25-05.29.35:527][  0]LogAssetRegistry: FAssetRegistry took 0.0012 seconds to start up
[2022.07.25-05.29.35:628][  0]LogTextLocalizationManager: Compacting localization data took   0.00ms
[2022.07.25-05.29.35:628][  0]LogPackageLocalizationCache: Processed 28 localized package path(s) for 1 prioritized culture(s) in 0.000719 seconds
[2022.07.25-05.29.35:667][  0]LogInit: Selected Device Profile: [Windows]
[2022.07.25-05.29.35:667][  0]LogInit: Active device profile: [00000237E95B7800][00000237E49ED980 49] Windows
[2022.07.25-05.29.35:667][  0]LogInit: Profiles: [00000237E95B7800][00000237E49ED980 49] Windows, [00000237E95BCA00][00000237E55D7B00 49] WindowsNoEditor, [00000237E95B4A00][00000237E55DA100 49] WindowsServer, [00000237E95BEE00][00000237E55DE280 49] WindowsClient, [00000237E95B6D00][00000237E55E2400 49] IOS, [00000237E95BD500][00000237E55E6580 49] iPadAir, [00000237E95B5300][00000237E44F4700 49] iPadAir2, [00000237E9567B00][00000237E44FC9C0 49] IPadPro, [00000237E9567C00][00000237E44F8A00 49] iPadAir3, [00000237E95B6600][00000237E4500B80 49] iPadAir4, [00000237E9564F00][00000237E4504D00 49] iPadMini2, [00000237E95B7500][00000237E4508E80 49] iPadMini3, [00000237E9566800][00000237E450D000 49] iPadMini4, [00000237E95B4E00][00000237E4511180 49] iPadMini5, [00000237E959F400][00000237E4519440 49] iPhone6, [00000237E959F500][00000237E4515480 49] iPodTouch6, [00000237E9564100][00000237E451D6C0 49] iPhone7, [00000237E9565000][00000237E55D3700 49] iPodTouch7, [00000237E959CE00][00000237E4521840 49] iPhone5S, [00000237E9566C00][00000237E45299C0 49] iPhone6Plus, [00000237E959E900][00000237E452DB40 49] iPhone6S, [00000237E9567900][00000237E4530140 49] iPhone6SPlus, [00000237E959FD00][00000237E45342C0 49] iPhone7Plus, [00000237E9567700][00000237E4538440 49] iPhoneSE, [00000237E959C500][00000237E453C5C0 49] iPhone8, [00000237E9566500][00000237E50BC740 49] iPhone8Plus, [00000237E959D900][00000237E50C08C0 49] iPhoneX, [00000237E9567D00][00000237E50C4A40 49] iPhoneXS, [00000237E959FF00][00000237E50C8BC0 49] iPhoneXSMax, [00000237E9564C00][00000237E50CCD40 49] iPhoneXR, [00000237E959F900][00000237E50D0EC0 49] iPhone11, [00000237E9567800][00000237E50D5040 49] iPhone11Pro, [00000237E959C800][00000237E50D91C0 49] iPhone11ProMax, [00000237E9564B00][00000237E50DD340 49] iPhoneSE2, [00000237E959CC00][00000237E50E14C0 49] iPhone12Mini, [00000237E9565100][00000237E50E5640 49] iPhone12, [00000237E959DE00][00000237E4525780 49] iPhone12Pro, [00000237E9566600][00000237E50E98C0 49] iPhone12ProMax, [00000237E959D200][00000237E50EDA00 49] iPadPro105, [00000237E9564E00][00000237E50F1B40 49] iPadPro129, [00000237E959EB00][00000237E50F8140 49] iPadPro97, [00000237E9567F00][00000237E50FC2C0 49] iPadPro2_129, [00000237E959CF00][00000237E5100440 49] iPad5, [00000237E9565D00][00000237E51045C0 49] iPad6, [00000237E959D500][00000237E5108740 49] iPad7, [00000237E9566D00][00000237E510C8C0 49] iPad8, [00000237E959F800][00000237E5110A40 49] iPadPro11, [00000237E9564800][00000237E5114BC0 49] iPadPro2_11, [00000237E959F000][00000237E5118D40 49] iPadPro3_129, [00000237E9564600][00000237E511CEC0 49] iPadPro4_129, [00000237E959E700][00000237E5121040 49] AppleTV, [00000237E9564500][00000237E51251C0 49] AppleTV4K, [00000237E959E300][00000237E5129340 49] TVOS, [00000237E9565500][00000237E512D4C0 49] Mac, [00000237E959C700][00000237E5131640 49] MacClient, [00000237E9565700][00000237E51357C0 49] MacNoEditor, [00000237E959EC00][00000237E50F5900 49] MacServer, [00000237E9565200][00000237E5139A40 49] Linux, [00000237E95BE500][00000237E513DB80 49] LinuxAArch64, [00000237E963D100][00000237E5140140 49] LinuxNoEditor, [00000237E95BE600][00000237E51482C0 49] LinuxAArch64NoEditor, [00000237E963D400][00000237E514C440 49] LinuxClient, [00000237E95BE300][00000237E51505C0 49] LinuxAArch64Client, [00000237E963CA00][00000237E5154740 49] LinuxServer, [00000237E95BEC00][00000237E51588C0 49] LinuxAArch64Server, [00000237E963E000][00000237E515CA40 49] Android, [00000237E95BC200][00000237E5160BC0 49] Android_Low, [00000237E963D700][00000237E5164D40 49] Android_Mid, [00000237E95BDF00][00000237E5168EC0 49] Android_High, [00000237E963DD00][00000237E516D040 49] Android_Default, [00000237E95BFD00][00000237E51711C0 49] Android_Adreno4xx, [00000237E963DF00][00000237E5175340 49] Android_Adreno5xx_Low, [00000237E95BF400][00000237E51794C0 49] Android_Adreno5xx, [00000237E963DC00][00000237E517D640 49] Android_Adreno6xx, [00000237E95BED00][00000237E51817C0 49] Android_Adreno6xx_Vulkan, [00000237E963CC00][00000237E5185940 49] Android_Mali_T6xx, [00000237E95BD300][00000237E5189AC0 49] Android_Mali_T7xx, [00000237E963EA00][00000237E5145C00 49] Android_Mali_T8xx, [00000237E95BD000][00000237E518C1C0 49] Android_Mali_G71, [00000237E963C600][00000237E5190300 49] Android_Mali_G72, [00000237E95BE800][00000237E5198480 49] Android_Mali_G72_Vulkan, [00000237E963D500][00000237E519C600 49] Android_Mali_G76, [00000237E9566700][00000237E51A0780 49] Android_Mali_G76_Vulkan, [00000237E959D100][00000237E51A4900 49] Android_Mali_G77, [00000237E9566400][00000237E51A8A80 49] Android_Mali_G77_Vulkan, [00000237E963CB00][00000237E51ACC00 49] Android_Mali_G78, [00000237E9567200][00000237E51B0D80 49] Android_Mali_G78_Vulkan, [00000237E963E400][00000237E51B4F00 49] Android_Mali_G710, [00000237E9565600][00000237E51B9080 49] Android_Mali_G710_Vulkan, [00000237E963C200][00000237E51BD200 49] Android_Vulkan_SM5, [00000237E9567A00][00000237E51C1380 49] Android_PowerVR_G6xxx, [00000237E963E700][00000237E51C5500 49] Android_PowerVR_GT7xxx, [00000237E9567500][00000237E51C9680 49] Android_PowerVR_GE8xxx, [00000237E963DA00][00000237E51CD800 49] Android_PowerVR_GM9xxx, [00000237E9565A00][00000237E51D1980 49] Android_PowerVR_GM9xxx_Vulkan, [00000237E963E300][00000237E51D5B00 49] Android_TegraK1, [00000237E9564400][00000237E51D8100 49] Android_Unknown_Vulkan, [00000237E963D000][00000237E5194240 49] Lumin, [00000237E9564A00][00000237E51DC380 49] Lumin_Desktop, [00000237E963CD00][00000237E51E04C0 49] HoloLens, 
[2022.07.25-05.29.35:707][  0]LogMeshReduction: Using QuadricMeshReduction for automatic static mesh reduction
[2022.07.25-05.29.35:707][  0]LogMeshReduction: Using SimplygonMeshReduction for automatic skeletal mesh reduction
[2022.07.25-05.29.35:707][  0]LogMeshReduction: Using ProxyLODMeshReduction for automatic mesh merging
[2022.07.25-05.29.35:707][  0]LogMeshReduction: No distributed automatic mesh merging module available
[2022.07.25-05.29.35:707][  0]LogMeshMerging: No distributed automatic mesh merging module available
[2022.07.25-05.29.35:777][  0]LogNetVersion: ProjectRun 1.0.0, NetCL: 17155196, EngineNetVer: 17, GameNetVer: 0 (Checksum: 340476433)
[2022.07.25-05.29.35:941][  0]LogTexture: Default maximum texture size for cubemaps generated from long-lat sources has been changed from 512 to unlimited. In order to preserve old behaiour for '/Engine/MapTemplates/Sky/DaylightAmbientCubemap.DaylightAmbientCubemap', its maximum texture size has been explicitly set to 512.
[2022.07.25-05.29.35:981][  0]LogHMD: PokeAHoleMaterial loaded successfully
[2022.07.25-05.29.36:083][  0]LogMoviePlayer: Initializing movie player
[2022.07.25-05.29.36:179][  0]LogNiagaraDebuggerClient: Niagara Debugger Client Initialized | Session: E83C605B42D06B6FA9D1769DDEBF15D6 | Instance: 3BDEBAD4477D4E82EDD24F844A9B6AC4 (LEEMINSEOK-11220).
[2022.07.25-05.29.36:198][  0]LogCollectionManager: Loaded 0 collections in 0.001306 seconds
[2022.07.25-05.29.36:200][  0]LogFileCache: Scanning file cache for directory 'C:/study/ProjectRunMergedAnim/Saved/Collections/' took 0.00s
[2022.07.25-05.29.36:200][  0]LogFileCache: Scanning file cache for directory 'C:/study/ProjectRunMergedAnim/Content/Developers/sycym/Collections/' took 0.00s
[2022.07.25-05.29.36:200][  0]LogFileCache: Scanning file cache for directory 'C:/study/ProjectRunMergedAnim/Content/Collections/' took 0.00s
[2022.07.25-05.29.36:200][  0]LogCollectionManager: Fixed up redirectors for 0 collections in 0.000002 seconds (updated 0 objects)
[2022.07.25-05.29.36:289][  0]LogPython: Using Python 3.7.7
[2022.07.25-05.29.36:567][  0]LogTcpMessaging: Initializing TcpMessaging bridge
[2022.07.25-05.29.36:571][  0]LogUdpMessaging: Initializing bridge on interface 0.0.0.0:0 to multicast group 230.0.0.1:6666.
[2022.07.25-05.29.36:571][  0]FUdpSocketBuilder: Failed to subscribe UdpMessageMulticastSocket to multicast group 230.0.0.1 on interface 0.0.0.0
[2022.07.25-05.29.36:571][  0]FUdpSocketBuilder: Failed to create and initialize socket UdpMessageMulticastSocket (last error: 0)
[2022.07.25-05.29.36:571][  0]LogUdpMessaging: Warning: StartTransport failed to create multicast socket on 0.0.0.0:0, joined to 230.0.0.1:6666 with TTL 1
[2022.07.25-05.29.36:605][  0]LogSteamShared: Display: Loading Steam SDK 1.51
[2022.07.25-05.29.36:606][  0]LogSteamShared: Steam SDK Loaded!
[2022.07.25-05.29.36:669][  0]SourceControl: Source control is disabled
[2022.07.25-05.29.36:669][  0]SourceControl: Source control is disabled
[2022.07.25-05.29.36:675][  0]SourceControl: Source control is disabled
[2022.07.25-05.29.36:678][  0]LogUProjectInfo: Found projects:
